2025-07-16 15:08:57,163 - trainer_0 - INFO - Started training experiment: centralized_lamb_lr0.0075_wd0.05_batch_size16384_20250716_150857
2025-07-16 15:08:57,164 - trainer_0 - INFO - Log file: centralized_lamb_lr0.0075_wd0.05_batch_size16384/centralized_lamb_lr0.0075_wd0.05_batch_size16384_20250716_150857_rank0.log
2025-07-16 15:08:57,186 - trainer_0 - INFO - Training centralized on device: cuda
2025-07-16 15:08:57,186 - trainer_0 - INFO - Optimizer: LAMB, Epochs: 150, LR: 0.0075
2025-07-16 15:08:59,778 - trainer_0 - INFO - [DEBUG] Train dataset size: 40000 | Expected batches: 3
2025-07-16 15:08:59,938 - trainer_0 - INFO - Scaled LR using sqrt mode to: 0.08485281374238571
2025-07-16 15:08:59,939 - trainer_0 - INFO - Checking if there is any checkpoint. Resuming False, Checkpoint path: checkpoint.pth
2025-07-16 15:09:22,877 - trainer_0 - INFO - Epoch 1 completed in 22.94s | Average Loss: 4.6194 | train_acc: 1.0850 | val_loss: 4.6055 | val_acc: 0.7800 | lr: 0.0042
2025-07-16 15:09:45,850 - trainer_0 - INFO - Epoch 2 completed in 22.93s | Average Loss: 4.6038 | train_acc: 1.2175 | val_loss: 4.6002 | val_acc: 1.3200 | lr: 0.0085
2025-07-16 15:10:09,101 - trainer_0 - INFO - Epoch 3 completed in 23.20s | Average Loss: 4.5505 | train_acc: 2.5225 | val_loss: 4.5791 | val_acc: 3.9200 | lr: 0.0127
2025-07-16 15:10:31,033 - trainer_0 - INFO - Epoch 4 completed in 21.87s | Average Loss: 4.4535 | train_acc: 3.9975 | val_loss: 4.4882 | val_acc: 4.9600 | lr: 0.0170
2025-07-16 15:10:54,434 - trainer_0 - INFO - Epoch 5 completed in 23.36s | Average Loss: 4.3227 | train_acc: 4.8575 | val_loss: 4.2887 | val_acc: 6.4800 | lr: 0.0212
2025-07-16 15:11:18,040 - trainer_0 - INFO - Epoch 6 completed in 23.56s | Average Loss: 4.1731 | train_acc: 6.3525 | val_loss: 4.0917 | val_acc: 8.6100 | lr: 0.0255
2025-07-16 15:11:40,520 - trainer_0 - INFO - Epoch 7 completed in 22.43s | Average Loss: 4.0158 | train_acc: 8.1000 | val_loss: 4.0448 | val_acc: 9.0900 | lr: 0.0297
2025-07-16 15:12:04,287 - trainer_0 - INFO - Epoch 8 completed in 23.72s | Average Loss: 3.8676 | train_acc: 10.1325 | val_loss: 3.9801 | val_acc: 9.8800 | lr: 0.0339
2025-07-16 15:12:27,968 - trainer_0 - INFO - Epoch 9 completed in 23.63s | Average Loss: 3.7619 | train_acc: 12.1300 | val_loss: 4.0031 | val_acc: 10.5700 | lr: 0.0382
2025-07-16 15:12:50,838 - trainer_0 - INFO - Epoch 10 completed in 22.81s | Average Loss: 3.6894 | train_acc: 13.1225 | val_loss: 3.9565 | val_acc: 10.5500 | lr: 0.0424
2025-07-16 15:13:13,561 - trainer_0 - INFO - Epoch 11 completed in 22.66s | Average Loss: 3.6074 | train_acc: 14.5150 | val_loss: 3.9629 | val_acc: 12.4000 | lr: 0.0467
2025-07-16 15:13:36,881 - trainer_0 - INFO - Epoch 12 completed in 23.27s | Average Loss: 3.5916 | train_acc: 15.2325 | val_loss: 4.0883 | val_acc: 11.9400 | lr: 0.0509
2025-07-16 15:14:00,796 - trainer_0 - INFO - Epoch 13 completed in 23.87s | Average Loss: 3.5995 | train_acc: 15.0100 | val_loss: 5.3674 | val_acc: 9.6000 | lr: 0.0552
2025-07-16 15:14:23,355 - trainer_0 - INFO - Epoch 14 completed in 22.51s | Average Loss: 3.5674 | train_acc: 15.1225 | val_loss: 5.9313 | val_acc: 7.3200 | lr: 0.0594
2025-07-16 15:14:47,319 - trainer_0 - INFO - Epoch 15 completed in 23.92s | Average Loss: 3.5221 | train_acc: 15.6550 | val_loss: 4.4745 | val_acc: 12.0700 | lr: 0.0636
2025-07-16 15:15:11,235 - trainer_0 - INFO - Epoch 16 completed in 23.87s | Average Loss: 3.5186 | train_acc: 15.4475 | val_loss: 6.3003 | val_acc: 7.7500 | lr: 0.0679
2025-07-16 15:15:34,682 - trainer_0 - INFO - Epoch 17 completed in 23.40s | Average Loss: 3.4428 | train_acc: 17.0400 | val_loss: 7.3173 | val_acc: 7.6800 | lr: 0.0721
2025-07-16 15:15:57,556 - trainer_0 - INFO - Epoch 18 completed in 22.81s | Average Loss: 3.5109 | train_acc: 16.5050 | val_loss: 5.5298 | val_acc: 10.1000 | lr: 0.0764
2025-07-16 15:16:21,608 - trainer_0 - INFO - Epoch 19 completed in 24.00s | Average Loss: 3.6476 | train_acc: 14.1450 | val_loss: 9.3546 | val_acc: 3.4500 | lr: 0.0806
2025-07-16 15:16:45,559 - trainer_0 - INFO - Epoch 20 completed in 23.90s | Average Loss: 3.6530 | train_acc: 13.3700 | val_loss: 6.3418 | val_acc: 8.9900 | lr: 0.0849
2025-07-16 15:17:08,398 - trainer_0 - INFO - Epoch 21 completed in 22.79s | Average Loss: 3.6661 | train_acc: 13.9150 | val_loss: 7.7735 | val_acc: 6.2900 | lr: 0.0848
2025-07-16 15:17:31,924 - trainer_0 - INFO - Epoch 22 completed in 23.47s | Average Loss: 3.7310 | train_acc: 12.6725 | val_loss: 8.2793 | val_acc: 5.2400 | lr: 0.0848
2025-07-16 15:17:55,401 - trainer_0 - INFO - Epoch 23 completed in 23.43s | Average Loss: 3.6151 | train_acc: 14.3150 | val_loss: 9.5149 | val_acc: 5.7000 | lr: 0.0847
2025-07-16 15:18:18,369 - trainer_0 - INFO - Epoch 24 completed in 22.92s | Average Loss: 3.6546 | train_acc: 14.1975 | val_loss: 9.1551 | val_acc: 6.1600 | lr: 0.0847
2025-07-16 15:18:40,839 - trainer_0 - INFO - Epoch 25 completed in 22.40s | Average Loss: 3.7871 | train_acc: 13.5325 | val_loss: 8.0056 | val_acc: 4.4300 | lr: 0.0845
2025-07-16 15:19:04,594 - trainer_0 - INFO - Epoch 26 completed in 23.71s | Average Loss: 3.8025 | train_acc: 10.8850 | val_loss: 7.2918 | val_acc: 6.4000 | lr: 0.0844
2025-07-16 15:19:28,313 - trainer_0 - INFO - Epoch 27 completed in 23.67s | Average Loss: 3.7969 | train_acc: 11.6550 | val_loss: 5.5965 | val_acc: 4.0900 | lr: 0.0842
2025-07-16 15:19:51,073 - trainer_0 - INFO - Epoch 28 completed in 22.71s | Average Loss: 3.9034 | train_acc: 10.1800 | val_loss: 5.3688 | val_acc: 8.1300 | lr: 0.0841
2025-07-16 15:20:14,684 - trainer_0 - INFO - Epoch 29 completed in 23.56s | Average Loss: 3.9193 | train_acc: 10.3000 | val_loss: 8.2580 | val_acc: 3.8000 | lr: 0.0839
2025-07-16 15:20:37,922 - trainer_0 - INFO - Epoch 30 completed in 23.19s | Average Loss: 3.9609 | train_acc: 9.5600 | val_loss: 8.3988 | val_acc: 3.4400 | lr: 0.0836
2025-07-16 15:21:01,016 - trainer_0 - INFO - Epoch 31 completed in 23.05s | Average Loss: 4.0274 | train_acc: 9.2425 | val_loss: 5.1034 | val_acc: 3.4600 | lr: 0.0834
2025-07-16 15:21:23,659 - trainer_0 - INFO - Epoch 32 completed in 22.58s | Average Loss: 4.0927 | train_acc: 8.0225 | val_loss: 4.2748 | val_acc: 6.0700 | lr: 0.0831
2025-07-16 15:21:47,375 - trainer_0 - INFO - Epoch 33 completed in 23.67s | Average Loss: 4.1153 | train_acc: 7.4575 | val_loss: 4.2120 | val_acc: 5.5100 | lr: 0.0828
2025-07-16 15:22:10,985 - trainer_0 - INFO - Epoch 34 completed in 23.56s | Average Loss: 4.1617 | train_acc: 7.2075 | val_loss: 4.3192 | val_acc: 4.2800 | lr: 0.0824
2025-07-16 15:22:33,395 - trainer_0 - INFO - Epoch 35 completed in 22.36s | Average Loss: 4.3238 | train_acc: 5.6025 | val_loss: 4.3408 | val_acc: 4.0900 | lr: 0.0821
2025-07-16 15:22:57,181 - trainer_0 - INFO - Epoch 36 completed in 23.74s | Average Loss: 4.2633 | train_acc: 5.2500 | val_loss: 4.4894 | val_acc: 3.1300 | lr: 0.0817
2025-07-16 15:23:20,936 - trainer_0 - INFO - Epoch 37 completed in 23.71s | Average Loss: 4.3177 | train_acc: 5.1975 | val_loss: 4.5052 | val_acc: 2.8600 | lr: 0.0813
2025-07-16 15:23:43,526 - trainer_0 - INFO - Epoch 38 completed in 22.54s | Average Loss: 4.3142 | train_acc: 5.0725 | val_loss: 4.9049 | val_acc: 2.2700 | lr: 0.0809
2025-07-16 15:24:06,789 - trainer_0 - INFO - Epoch 39 completed in 23.20s | Average Loss: 4.1553 | train_acc: 6.0425 | val_loss: 5.0321 | val_acc: 1.5000 | lr: 0.0805
2025-07-16 15:24:30,194 - trainer_0 - INFO - Epoch 40 completed in 23.35s | Average Loss: 4.0876 | train_acc: 6.3775 | val_loss: 4.8925 | val_acc: 1.5400 | lr: 0.0800
2025-07-16 15:24:53,636 - trainer_0 - INFO - Epoch 41 completed in 23.40s | Average Loss: 4.0495 | train_acc: 7.0375 | val_loss: 4.9586 | val_acc: 1.6300 | lr: 0.0795
2025-07-16 15:25:15,479 - trainer_0 - INFO - Epoch 42 completed in 21.77s | Average Loss: 4.0223 | train_acc: 6.7425 | val_loss: 5.2063 | val_acc: 1.0000 | lr: 0.0790
2025-07-16 15:25:39,023 - trainer_0 - INFO - Epoch 43 completed in 23.50s | Average Loss: 4.0454 | train_acc: 7.1700 | val_loss: 4.7803 | val_acc: 2.1500 | lr: 0.0785
2025-07-16 15:26:02,575 - trainer_0 - INFO - Epoch 44 completed in 23.50s | Average Loss: 4.0313 | train_acc: 7.2650 | val_loss: 4.8120 | val_acc: 1.7700 | lr: 0.0779
2025-07-16 15:26:25,639 - trainer_0 - INFO - Epoch 45 completed in 23.02s | Average Loss: 4.0199 | train_acc: 7.0800 | val_loss: 4.6746 | val_acc: 4.1000 | lr: 0.0773
2025-07-16 15:26:48,941 - trainer_0 - INFO - Epoch 46 completed in 23.23s | Average Loss: 4.0724 | train_acc: 7.1600 | val_loss: 4.3871 | val_acc: 3.8300 | lr: 0.0768
2025-07-16 15:27:12,666 - trainer_0 - INFO - Epoch 47 completed in 23.68s | Average Loss: 4.0209 | train_acc: 7.1500 | val_loss: 4.1772 | val_acc: 6.3200 | lr: 0.0761
2025-07-16 15:27:35,957 - trainer_0 - INFO - Epoch 48 completed in 23.25s | Average Loss: 3.9845 | train_acc: 7.6275 | val_loss: 4.1780 | val_acc: 5.4000 | lr: 0.0755
2025-07-16 15:27:58,502 - trainer_0 - INFO - Epoch 49 completed in 22.47s | Average Loss: 3.9430 | train_acc: 8.1350 | val_loss: 3.9989 | val_acc: 8.0800 | lr: 0.0749
2025-07-16 15:28:22,240 - trainer_0 - INFO - Epoch 50 completed in 23.69s | Average Loss: 3.8905 | train_acc: 9.0500 | val_loss: 3.8583 | val_acc: 9.8500 | lr: 0.0742
2025-07-16 15:28:46,023 - trainer_0 - INFO - Epoch 51 completed in 23.73s | Average Loss: 3.8746 | train_acc: 9.4375 | val_loss: 3.9035 | val_acc: 9.2900 | lr: 0.0735
2025-07-16 15:29:08,857 - trainer_0 - INFO - Epoch 52 completed in 22.79s | Average Loss: 3.8658 | train_acc: 8.9900 | val_loss: 3.7580 | val_acc: 11.3900 | lr: 0.0728
2025-07-16 15:29:32,117 - trainer_0 - INFO - Epoch 53 completed in 23.19s | Average Loss: 3.9142 | train_acc: 8.4700 | val_loss: 3.8528 | val_acc: 10.8500 | lr: 0.0721
2025-07-16 15:29:55,790 - trainer_0 - INFO - Epoch 54 completed in 23.63s | Average Loss: 3.8846 | train_acc: 8.8775 | val_loss: 3.9764 | val_acc: 8.9500 | lr: 0.0713
2025-07-16 15:30:19,680 - trainer_0 - INFO - Epoch 55 completed in 23.84s | Average Loss: 3.8623 | train_acc: 9.8925 | val_loss: 3.6759 | val_acc: 12.7600 | lr: 0.0706
2025-07-16 15:30:41,509 - trainer_0 - INFO - Epoch 56 completed in 21.77s | Average Loss: 3.8826 | train_acc: 9.5225 | val_loss: 3.8062 | val_acc: 10.5200 | lr: 0.0698
2025-07-16 15:31:05,291 - trainer_0 - INFO - Epoch 57 completed in 23.74s | Average Loss: 3.8196 | train_acc: 10.0500 | val_loss: 3.8329 | val_acc: 9.8600 | lr: 0.0690
2025-07-16 15:31:28,921 - trainer_0 - INFO - Epoch 58 completed in 23.58s | Average Loss: 3.8705 | train_acc: 9.3675 | val_loss: 3.9542 | val_acc: 8.1600 | lr: 0.0682
2025-07-16 15:31:51,889 - trainer_0 - INFO - Epoch 59 completed in 22.92s | Average Loss: 3.8401 | train_acc: 9.5075 | val_loss: 3.6783 | val_acc: 12.6300 | lr: 0.0674
2025-07-16 15:32:14,973 - trainer_0 - INFO - Epoch 60 completed in 23.02s | Average Loss: 3.8177 | train_acc: 9.7700 | val_loss: 3.7131 | val_acc: 13.1500 | lr: 0.0665
2025-07-16 15:32:38,270 - trainer_0 - INFO - Epoch 61 completed in 23.25s | Average Loss: 3.8485 | train_acc: 9.7500 | val_loss: 3.8364 | val_acc: 10.4700 | lr: 0.0657
2025-07-16 15:33:01,765 - trainer_0 - INFO - Epoch 62 completed in 23.45s | Average Loss: 3.7942 | train_acc: 10.1425 | val_loss: 3.7363 | val_acc: 11.7300 | lr: 0.0648
2025-07-16 15:33:24,172 - trainer_0 - INFO - Epoch 63 completed in 22.33s | Average Loss: 3.7532 | train_acc: 11.0925 | val_loss: 3.8859 | val_acc: 10.7800 | lr: 0.0639
2025-07-16 15:33:48,006 - trainer_0 - INFO - Epoch 64 completed in 23.79s | Average Loss: 3.7437 | train_acc: 11.4275 | val_loss: 3.9914 | val_acc: 8.4500 | lr: 0.0630
2025-07-16 15:34:11,711 - trainer_0 - INFO - Epoch 65 completed in 23.66s | Average Loss: 3.7971 | train_acc: 10.1125 | val_loss: 3.7193 | val_acc: 12.1700 | lr: 0.0621
2025-07-16 15:34:34,784 - trainer_0 - INFO - Epoch 66 completed in 23.02s | Average Loss: 3.7551 | train_acc: 10.9425 | val_loss: 3.6085 | val_acc: 13.4200 | lr: 0.0612
2025-07-16 15:34:57,595 - trainer_0 - INFO - Epoch 67 completed in 22.75s | Average Loss: 3.7304 | train_acc: 11.3800 | val_loss: 3.6023 | val_acc: 14.4300 | lr: 0.0603
2025-07-16 15:35:20,893 - trainer_0 - INFO - Epoch 68 completed in 23.25s | Average Loss: 3.7227 | train_acc: 11.1100 | val_loss: 3.6685 | val_acc: 13.2500 | lr: 0.0594
2025-07-16 15:35:43,674 - trainer_0 - INFO - Epoch 69 completed in 22.73s | Average Loss: 3.7370 | train_acc: 11.3200 | val_loss: 3.6060 | val_acc: 13.8400 | lr: 0.0584
2025-07-16 15:36:05,731 - trainer_0 - INFO - Epoch 70 completed in 21.99s | Average Loss: 3.6768 | train_acc: 12.0325 | val_loss: 3.6930 | val_acc: 12.0700 | lr: 0.0575
2025-07-16 15:36:29,043 - trainer_0 - INFO - Epoch 71 completed in 23.27s | Average Loss: 3.6686 | train_acc: 12.0650 | val_loss: 3.5035 | val_acc: 15.1300 | lr: 0.0565
2025-07-16 15:36:52,336 - trainer_0 - INFO - Epoch 72 completed in 23.24s | Average Loss: 3.6718 | train_acc: 12.3000 | val_loss: 3.6629 | val_acc: 13.1000 | lr: 0.0555
2025-07-16 15:37:14,563 - trainer_0 - INFO - Epoch 73 completed in 22.15s | Average Loss: 3.6324 | train_acc: 13.0150 | val_loss: 3.4755 | val_acc: 16.1000 | lr: 0.0546
2025-07-16 15:37:38,037 - trainer_0 - INFO - Epoch 74 completed in 23.43s | Average Loss: 3.6189 | train_acc: 13.1925 | val_loss: 3.6273 | val_acc: 14.4300 | lr: 0.0536
2025-07-16 15:38:01,550 - trainer_0 - INFO - Epoch 75 completed in 23.47s | Average Loss: 3.5946 | train_acc: 13.6925 | val_loss: 3.6537 | val_acc: 12.6000 | lr: 0.0526
2025-07-16 15:38:24,256 - trainer_0 - INFO - Epoch 76 completed in 22.66s | Average Loss: 3.5566 | train_acc: 14.2450 | val_loss: 3.4905 | val_acc: 15.4000 | lr: 0.0516
2025-07-16 15:38:47,505 - trainer_0 - INFO - Epoch 77 completed in 23.20s | Average Loss: 3.5197 | train_acc: 14.7975 | val_loss: 3.3814 | val_acc: 19.2600 | lr: 0.0506
2025-07-16 15:39:10,729 - trainer_0 - INFO - Epoch 78 completed in 23.18s | Average Loss: 3.5304 | train_acc: 13.9400 | val_loss: 3.4068 | val_acc: 16.4700 | lr: 0.0496
2025-07-16 15:39:34,102 - trainer_0 - INFO - Epoch 79 completed in 23.33s | Average Loss: 3.5462 | train_acc: 14.2425 | val_loss: 3.4087 | val_acc: 18.1100 | lr: 0.0486
2025-07-16 15:39:56,333 - trainer_0 - INFO - Epoch 80 completed in 22.17s | Average Loss: 3.5366 | train_acc: 14.1950 | val_loss: 3.6035 | val_acc: 14.8800 | lr: 0.0475
2025-07-16 15:40:19,710 - trainer_0 - INFO - Epoch 81 completed in 23.33s | Average Loss: 3.5688 | train_acc: 13.8200 | val_loss: 3.5788 | val_acc: 14.3500 | lr: 0.0465
2025-07-16 15:40:42,879 - trainer_0 - INFO - Epoch 82 completed in 23.12s | Average Loss: 3.4975 | train_acc: 14.9900 | val_loss: 3.2885 | val_acc: 19.8000 | lr: 0.0455
2025-07-16 15:41:04,737 - trainer_0 - INFO - Epoch 83 completed in 21.79s | Average Loss: 3.4395 | train_acc: 16.0375 | val_loss: 3.4601 | val_acc: 17.1100 | lr: 0.0445
2025-07-16 15:41:28,233 - trainer_0 - INFO - Epoch 84 completed in 23.45s | Average Loss: 3.4556 | train_acc: 15.7675 | val_loss: 3.4365 | val_acc: 17.2800 | lr: 0.0435
2025-07-16 15:41:51,642 - trainer_0 - INFO - Epoch 85 completed in 23.36s | Average Loss: 3.4181 | train_acc: 16.4750 | val_loss: 3.2590 | val_acc: 20.2300 | lr: 0.0424
2025-07-16 15:42:13,771 - trainer_0 - INFO - Epoch 86 completed in 22.08s | Average Loss: 3.3985 | train_acc: 16.7850 | val_loss: 3.4635 | val_acc: 18.1700 | lr: 0.0414
2025-07-16 15:42:37,405 - trainer_0 - INFO - Epoch 87 completed in 23.59s | Average Loss: 3.3952 | train_acc: 16.8225 | val_loss: 3.2125 | val_acc: 20.8100 | lr: 0.0404
2025-07-16 15:43:00,837 - trainer_0 - INFO - Epoch 88 completed in 23.39s | Average Loss: 3.3603 | train_acc: 17.5325 | val_loss: 3.2476 | val_acc: 21.1800 | lr: 0.0394
2025-07-16 15:43:23,010 - trainer_0 - INFO - Epoch 89 completed in 22.13s | Average Loss: 3.3704 | train_acc: 17.3725 | val_loss: 3.6603 | val_acc: 17.1900 | lr: 0.0383
2025-07-16 15:43:46,208 - trainer_0 - INFO - Epoch 90 completed in 23.14s | Average Loss: 3.3624 | train_acc: 17.5650 | val_loss: 3.1533 | val_acc: 23.2500 | lr: 0.0373
2025-07-16 15:44:09,555 - trainer_0 - INFO - Epoch 91 completed in 23.30s | Average Loss: 3.3283 | train_acc: 18.0125 | val_loss: 3.1804 | val_acc: 22.0500 | lr: 0.0363
2025-07-16 15:44:31,963 - trainer_0 - INFO - Epoch 92 completed in 22.36s | Average Loss: 3.2881 | train_acc: 18.9600 | val_loss: 3.0560 | val_acc: 24.0900 | lr: 0.0353
2025-07-16 15:44:54,451 - trainer_0 - INFO - Epoch 93 completed in 22.42s | Average Loss: 3.2849 | train_acc: 18.8975 | val_loss: 3.0674 | val_acc: 24.5900 | lr: 0.0343
2025-07-16 15:45:17,869 - trainer_0 - INFO - Epoch 94 completed in 23.37s | Average Loss: 3.2598 | train_acc: 19.4100 | val_loss: 3.0844 | val_acc: 24.8300 | lr: 0.0333
2025-07-16 15:45:41,060 - trainer_0 - INFO - Epoch 95 completed in 23.14s | Average Loss: 3.2128 | train_acc: 20.2600 | val_loss: 3.0272 | val_acc: 25.7600 | lr: 0.0323
2025-07-16 15:46:03,161 - trainer_0 - INFO - Epoch 96 completed in 22.03s | Average Loss: 3.2366 | train_acc: 20.0825 | val_loss: 3.1872 | val_acc: 21.6300 | lr: 0.0313
2025-07-16 15:46:26,720 - trainer_0 - INFO - Epoch 97 completed in 23.51s | Average Loss: 3.2010 | train_acc: 20.2475 | val_loss: 3.0089 | val_acc: 25.9000 | lr: 0.0303
2025-07-16 15:46:50,050 - trainer_0 - INFO - Epoch 98 completed in 23.28s | Average Loss: 3.1601 | train_acc: 20.9150 | val_loss: 2.9614 | val_acc: 26.8000 | lr: 0.0293
2025-07-16 15:47:12,360 - trainer_0 - INFO - Epoch 99 completed in 22.26s | Average Loss: 3.1538 | train_acc: 21.0775 | val_loss: 3.0279 | val_acc: 25.6200 | lr: 0.0283
2025-07-16 15:47:36,227 - trainer_0 - INFO - Epoch 100 completed in 23.82s | Average Loss: 3.1245 | train_acc: 21.8775 | val_loss: 3.0699 | val_acc: 25.3000 | lr: 0.0274
2025-07-16 15:48:00,183 - trainer_0 - INFO - Epoch 101 completed in 23.91s | Average Loss: 3.1012 | train_acc: 22.0450 | val_loss: 2.9742 | val_acc: 26.6500 | lr: 0.0264
2025-07-16 15:48:23,289 - trainer_0 - INFO - Epoch 102 completed in 23.06s | Average Loss: 3.0783 | train_acc: 22.5050 | val_loss: 3.1426 | val_acc: 23.5500 | lr: 0.0255
2025-07-16 15:48:45,963 - trainer_0 - INFO - Epoch 103 completed in 22.61s | Average Loss: 3.1021 | train_acc: 21.9925 | val_loss: 3.0197 | val_acc: 24.2100 | lr: 0.0245
2025-07-16 15:49:09,533 - trainer_0 - INFO - Epoch 104 completed in 23.52s | Average Loss: 3.0843 | train_acc: 22.8600 | val_loss: 2.9533 | val_acc: 26.8600 | lr: 0.0236
2025-07-16 15:49:33,171 - trainer_0 - INFO - Epoch 105 completed in 23.59s | Average Loss: 3.0379 | train_acc: 23.3650 | val_loss: 3.0380 | val_acc: 25.8900 | lr: 0.0227
2025-07-16 15:49:55,607 - trainer_0 - INFO - Epoch 106 completed in 22.39s | Average Loss: 3.0160 | train_acc: 23.6925 | val_loss: 2.8653 | val_acc: 28.6700 | lr: 0.0218
2025-07-16 15:50:19,529 - trainer_0 - INFO - Epoch 107 completed in 23.87s | Average Loss: 2.9880 | train_acc: 24.3900 | val_loss: 2.8948 | val_acc: 27.9800 | lr: 0.0209
2025-07-16 15:50:43,727 - trainer_0 - INFO - Epoch 108 completed in 24.15s | Average Loss: 2.9839 | train_acc: 24.3925 | val_loss: 2.7805 | val_acc: 29.0200 | lr: 0.0200
2025-07-16 15:51:06,979 - trainer_0 - INFO - Epoch 109 completed in 23.21s | Average Loss: 2.9559 | train_acc: 24.6650 | val_loss: 2.7558 | val_acc: 30.6600 | lr: 0.0192
2025-07-16 15:51:28,815 - trainer_0 - INFO - Epoch 110 completed in 21.78s | Average Loss: 2.9130 | train_acc: 25.5350 | val_loss: 2.8128 | val_acc: 28.9500 | lr: 0.0183
2025-07-16 15:51:52,704 - trainer_0 - INFO - Epoch 111 completed in 23.84s | Average Loss: 2.9388 | train_acc: 25.4950 | val_loss: 2.8320 | val_acc: 29.1600 | lr: 0.0175
2025-07-16 15:52:16,664 - trainer_0 - INFO - Epoch 112 completed in 23.91s | Average Loss: 2.9059 | train_acc: 25.9925 | val_loss: 2.7374 | val_acc: 31.1600 | lr: 0.0167
2025-07-16 15:52:39,544 - trainer_0 - INFO - Epoch 113 completed in 22.83s | Average Loss: 2.8793 | train_acc: 25.9200 | val_loss: 2.7766 | val_acc: 30.3200 | lr: 0.0159
2025-07-16 15:53:03,321 - trainer_0 - INFO - Epoch 114 completed in 23.73s | Average Loss: 2.8674 | train_acc: 26.5225 | val_loss: 2.6960 | val_acc: 31.7800 | lr: 0.0151
2025-07-16 15:53:27,231 - trainer_0 - INFO - Epoch 115 completed in 23.86s | Average Loss: 2.8597 | train_acc: 26.7350 | val_loss: 2.7424 | val_acc: 30.7100 | lr: 0.0143
2025-07-16 15:53:50,318 - trainer_0 - INFO - Epoch 116 completed in 23.04s | Average Loss: 2.8772 | train_acc: 26.4075 | val_loss: 2.7685 | val_acc: 30.9500 | lr: 0.0135
2025-07-16 15:54:12,896 - trainer_0 - INFO - Epoch 117 completed in 22.51s | Average Loss: 2.8546 | train_acc: 26.8175 | val_loss: 2.7986 | val_acc: 30.0400 | lr: 0.0128
2025-07-16 15:54:36,563 - trainer_0 - INFO - Epoch 118 completed in 23.62s | Average Loss: 2.8288 | train_acc: 27.2550 | val_loss: 2.6123 | val_acc: 33.2000 | lr: 0.0121
2025-07-16 15:55:00,346 - trainer_0 - INFO - Epoch 119 completed in 23.74s | Average Loss: 2.8153 | train_acc: 27.8225 | val_loss: 2.5496 | val_acc: 34.9100 | lr: 0.0114
2025-07-16 15:55:22,442 - trainer_0 - INFO - Epoch 120 completed in 22.05s | Average Loss: 2.7904 | train_acc: 28.2075 | val_loss: 2.6800 | val_acc: 32.4500 | lr: 0.0107
2025-07-16 15:55:45,962 - trainer_0 - INFO - Epoch 121 completed in 23.47s | Average Loss: 2.7779 | train_acc: 28.3550 | val_loss: 2.5890 | val_acc: 33.8800 | lr: 0.0100
2025-07-16 15:56:09,641 - trainer_0 - INFO - Epoch 122 completed in 23.63s | Average Loss: 2.7662 | train_acc: 28.6725 | val_loss: 2.5321 | val_acc: 35.5400 | lr: 0.0093
2025-07-16 15:56:32,247 - trainer_0 - INFO - Epoch 123 completed in 22.56s | Average Loss: 2.7550 | train_acc: 29.0775 | val_loss: 2.5380 | val_acc: 36.1200 | lr: 0.0087
2025-07-16 15:56:55,119 - trainer_0 - INFO - Epoch 124 completed in 22.80s | Average Loss: 2.7553 | train_acc: 28.5925 | val_loss: 2.5607 | val_acc: 34.2700 | lr: 0.0081
2025-07-16 15:57:18,923 - trainer_0 - INFO - Epoch 125 completed in 23.76s | Average Loss: 2.7374 | train_acc: 29.3375 | val_loss: 2.4683 | val_acc: 36.5500 | lr: 0.0075
2025-07-16 15:57:43,587 - trainer_0 - INFO - Epoch 126 completed in 24.61s | Average Loss: 2.7130 | train_acc: 29.5675 | val_loss: 2.5403 | val_acc: 35.4500 | lr: 0.0069
2025-07-16 15:58:06,986 - trainer_0 - INFO - Epoch 127 completed in 23.33s | Average Loss: 2.7007 | train_acc: 29.6950 | val_loss: 2.4605 | val_acc: 37.2100 | lr: 0.0064
2025-07-16 15:58:31,067 - trainer_0 - INFO - Epoch 128 completed in 24.03s | Average Loss: 2.7046 | train_acc: 29.9250 | val_loss: 2.4872 | val_acc: 36.6600 | lr: 0.0059
2025-07-16 15:58:55,478 - trainer_0 - INFO - Epoch 129 completed in 24.36s | Average Loss: 2.6888 | train_acc: 30.5025 | val_loss: 2.4604 | val_acc: 37.4200 | lr: 0.0053
2025-07-16 15:59:19,216 - trainer_0 - INFO - Epoch 130 completed in 23.69s | Average Loss: 2.6809 | train_acc: 30.7425 | val_loss: 2.4617 | val_acc: 36.7600 | lr: 0.0049
2025-07-16 15:59:42,360 - trainer_0 - INFO - Epoch 131 completed in 23.08s | Average Loss: 2.6808 | train_acc: 30.5550 | val_loss: 2.4308 | val_acc: 37.9600 | lr: 0.0044
2025-07-16 16:00:06,742 - trainer_0 - INFO - Epoch 132 completed in 24.34s | Average Loss: 2.6689 | train_acc: 30.3700 | val_loss: 2.4054 | val_acc: 37.9000 | lr: 0.0040
2025-07-16 16:00:31,126 - trainer_0 - INFO - Epoch 133 completed in 24.34s | Average Loss: 2.6563 | train_acc: 30.7875 | val_loss: 2.4117 | val_acc: 37.6500 | lr: 0.0035
2025-07-16 16:00:55,078 - trainer_0 - INFO - Epoch 134 completed in 23.91s | Average Loss: 2.6491 | train_acc: 31.1250 | val_loss: 2.4120 | val_acc: 37.8400 | lr: 0.0031
2025-07-16 16:01:17,761 - trainer_0 - INFO - Epoch 135 completed in 22.61s | Average Loss: 2.6537 | train_acc: 31.3800 | val_loss: 2.3806 | val_acc: 38.5400 | lr: 0.0028
2025-07-16 16:01:41,933 - trainer_0 - INFO - Epoch 136 completed in 24.12s | Average Loss: 2.6499 | train_acc: 31.0475 | val_loss: 2.3786 | val_acc: 38.7700 | lr: 0.0024
2025-07-16 16:02:05,949 - trainer_0 - INFO - Epoch 137 completed in 23.97s | Average Loss: 2.6408 | train_acc: 31.2850 | val_loss: 2.3700 | val_acc: 39.0000 | lr: 0.0021
2025-07-16 16:02:29,982 - trainer_0 - INFO - Epoch 138 completed in 23.99s | Average Loss: 2.6393 | train_acc: 31.3850 | val_loss: 2.3639 | val_acc: 38.9000 | lr: 0.0018
2025-07-16 16:02:53,081 - trainer_0 - INFO - Epoch 139 completed in 23.04s | Average Loss: 2.6269 | train_acc: 31.4150 | val_loss: 2.3568 | val_acc: 38.3800 | lr: 0.0015
2025-07-16 16:03:17,539 - trainer_0 - INFO - Epoch 140 completed in 24.41s | Average Loss: 2.6332 | train_acc: 31.4825 | val_loss: 2.3513 | val_acc: 39.2600 | lr: 0.0012
2025-07-16 16:03:41,508 - trainer_0 - INFO - Epoch 141 completed in 23.92s | Average Loss: 2.6296 | train_acc: 31.6450 | val_loss: 2.3577 | val_acc: 39.1500 | lr: 0.0010
2025-07-16 16:04:05,258 - trainer_0 - INFO - Epoch 142 completed in 23.70s | Average Loss: 2.6303 | train_acc: 31.4400 | val_loss: 2.3486 | val_acc: 39.1700 | lr: 0.0008
2025-07-16 16:04:28,352 - trainer_0 - INFO - Epoch 143 completed in 23.02s | Average Loss: 2.6273 | train_acc: 31.4650 | val_loss: 2.3414 | val_acc: 39.8600 | lr: 0.0006
2025-07-16 16:04:52,689 - trainer_0 - INFO - Epoch 144 completed in 24.29s | Average Loss: 2.6236 | train_acc: 31.6525 | val_loss: 2.3377 | val_acc: 39.1600 | lr: 0.0004
2025-07-16 16:05:16,818 - trainer_0 - INFO - Epoch 145 completed in 24.08s | Average Loss: 2.6114 | train_acc: 32.0275 | val_loss: 2.3443 | val_acc: 39.3500 | lr: 0.0003
2025-07-16 16:05:40,295 - trainer_0 - INFO - Epoch 146 completed in 23.43s | Average Loss: 2.6168 | train_acc: 32.0775 | val_loss: 2.3398 | val_acc: 39.7900 | lr: 0.0002
2025-07-16 16:06:03,515 - trainer_0 - INFO - Epoch 147 completed in 23.15s | Average Loss: 2.6224 | train_acc: 31.8075 | val_loss: 2.3357 | val_acc: 39.3300 | lr: 0.0001
2025-07-16 16:06:27,516 - trainer_0 - INFO - Epoch 148 completed in 23.95s | Average Loss: 2.6102 | train_acc: 32.0175 | val_loss: 2.3331 | val_acc: 39.2100 | lr: 0.0000
2025-07-16 16:06:51,604 - trainer_0 - INFO - Epoch 149 completed in 24.04s | Average Loss: 2.6176 | train_acc: 31.6050 | val_loss: 2.3265 | val_acc: 39.6500 | lr: 0.0000
2025-07-16 16:07:14,558 - trainer_0 - INFO - Epoch 150 completed in 22.91s | Average Loss: 2.6126 | train_acc: 31.5975 | val_loss: 2.3317 | val_acc: 39.6100 | lr: 0.0000
2025-07-16 16:07:14,618 - trainer_0 - INFO - Training completed in 3494.68 seconds.
2025-07-16 16:07:14,619 - trainer_0 - INFO - Average throughput: 1716.90 Images/sec
2025-07-16 16:07:14,619 - trainer_0 - INFO - Total processes: 1
2025-07-16 16:07:14,631 - trainer_0 - INFO - Metrics saved to centralized_lamb_lr0.0075_wd0.05_batch_size16384/centralized_lamb_lr0.0075_wd0.05_batch_size16384_20250716_150857_metrics_rank0.json
2025-07-16 16:07:14,657 - trainer_0 - INFO - Model saved to model_centralized_lamb.pth
2025-07-16 16:07:14,657 - trainer_0 - INFO - Generating training plots...
2025-07-16 16:07:17,770 - trainer_0 - INFO - Training complete. Plots generated.
