2025-06-11 20:58:15,003 - trainer_0 - INFO - Started training experiment: centralized_lamb_lr0.0075_wd0.05_batch_size16384_20250611_205814
2025-06-11 20:58:15,004 - trainer_0 - INFO - Log file: centralized_lamb_lr0.0075_wd0.05_batch_size16384/centralized_lamb_lr0.0075_wd0.05_batch_size16384_20250611_205814_rank0.log
2025-06-11 20:58:15,050 - trainer_0 - INFO - Training centralized on device: cuda
2025-06-11 20:58:15,050 - trainer_0 - INFO - Optimizer: LAMB, Epochs: 150, LR: 0.0075
2025-06-11 20:58:25,063 - trainer_0 - INFO - [DEBUG] Train dataset size: 40000 | Expected batches: 3
2025-06-11 20:58:25,336 - trainer_0 - INFO - Scaled LR using sqrt mode to: 0.08485281374238571
2025-06-11 20:58:25,336 - trainer_0 - INFO - Checking if there is any checkpoint. Resuming False, Checkpoint path: checkpoint.pth
2025-06-11 20:58:49,538 - trainer_0 - INFO - Epoch 1 completed in 24.20s | Average Loss: 4.6228 | train_acc: 0.9850 | val_loss: 4.6059 | val_acc: 1.1300 | lr: 0.0042
2025-06-11 20:59:15,466 - trainer_0 - INFO - Epoch 2 completed in 23.40s | Average Loss: 4.6092 | train_acc: 1.1275 | val_loss: 4.6012 | val_acc: 1.6800 | lr: 0.0085
2025-06-11 20:59:39,048 - trainer_0 - INFO - Epoch 3 completed in 23.54s | Average Loss: 4.5589 | train_acc: 2.7050 | val_loss: 4.5837 | val_acc: 3.3500 | lr: 0.0127
2025-06-11 21:00:01,920 - trainer_0 - INFO - Epoch 4 completed in 22.82s | Average Loss: 4.4660 | train_acc: 4.3725 | val_loss: 4.5104 | val_acc: 4.6900 | lr: 0.0170
2025-06-11 21:00:24,586 - trainer_0 - INFO - Epoch 5 completed in 22.60s | Average Loss: 4.3167 | train_acc: 5.1500 | val_loss: 4.3067 | val_acc: 7.9100 | lr: 0.0212
2025-06-11 21:00:48,118 - trainer_0 - INFO - Epoch 6 completed in 23.49s | Average Loss: 4.1574 | train_acc: 6.4775 | val_loss: 4.0948 | val_acc: 9.5000 | lr: 0.0255
2025-06-11 21:01:11,535 - trainer_0 - INFO - Epoch 7 completed in 23.37s | Average Loss: 3.9981 | train_acc: 8.5600 | val_loss: 3.9130 | val_acc: 11.0500 | lr: 0.0297
2025-06-11 21:01:33,749 - trainer_0 - INFO - Epoch 8 completed in 22.15s | Average Loss: 3.8445 | train_acc: 10.5425 | val_loss: 3.8180 | val_acc: 11.8300 | lr: 0.0339
2025-06-11 21:01:57,659 - trainer_0 - INFO - Epoch 9 completed in 23.86s | Average Loss: 3.7395 | train_acc: 12.2400 | val_loss: 3.7797 | val_acc: 12.2400 | lr: 0.0382
2025-06-11 21:02:21,184 - trainer_0 - INFO - Epoch 10 completed in 23.48s | Average Loss: 3.6424 | train_acc: 13.9675 | val_loss: 3.8183 | val_acc: 12.6800 | lr: 0.0424
2025-06-11 21:02:44,265 - trainer_0 - INFO - Epoch 11 completed in 23.04s | Average Loss: 3.5355 | train_acc: 15.4075 | val_loss: 4.0763 | val_acc: 11.7000 | lr: 0.0467
2025-06-11 21:03:07,355 - trainer_0 - INFO - Epoch 12 completed in 23.03s | Average Loss: 3.5378 | train_acc: 15.7375 | val_loss: 5.6171 | val_acc: 8.1000 | lr: 0.0509
2025-06-11 21:03:31,107 - trainer_0 - INFO - Epoch 13 completed in 23.70s | Average Loss: 3.5204 | train_acc: 16.3350 | val_loss: 5.2307 | val_acc: 8.9000 | lr: 0.0552
2025-06-11 21:03:54,481 - trainer_0 - INFO - Epoch 14 completed in 23.33s | Average Loss: 3.4935 | train_acc: 16.4650 | val_loss: 5.8007 | val_acc: 9.8500 | lr: 0.0594
2025-06-11 21:04:16,688 - trainer_0 - INFO - Epoch 15 completed in 22.14s | Average Loss: 3.4714 | train_acc: 16.9325 | val_loss: 6.7967 | val_acc: 6.4800 | lr: 0.0636
2025-06-11 21:04:40,458 - trainer_0 - INFO - Epoch 16 completed in 23.72s | Average Loss: 3.5671 | train_acc: 15.8850 | val_loss: 8.8057 | val_acc: 5.0100 | lr: 0.0679
2025-06-11 21:05:04,498 - trainer_0 - INFO - Epoch 17 completed in 23.99s | Average Loss: 3.5750 | train_acc: 14.2725 | val_loss: 6.5565 | val_acc: 6.8500 | lr: 0.0721
2025-06-11 21:05:27,457 - trainer_0 - INFO - Epoch 18 completed in 22.90s | Average Loss: 3.7128 | train_acc: 13.2275 | val_loss: 5.2172 | val_acc: 8.8900 | lr: 0.0764
2025-06-11 21:05:51,097 - trainer_0 - INFO - Epoch 19 completed in 23.58s | Average Loss: 3.6163 | train_acc: 14.3225 | val_loss: 7.8146 | val_acc: 5.9400 | lr: 0.0806
2025-06-11 21:06:15,069 - trainer_0 - INFO - Epoch 20 completed in 23.93s | Average Loss: 3.6830 | train_acc: 13.8600 | val_loss: 7.9628 | val_acc: 5.4700 | lr: 0.0849
2025-06-11 21:06:39,169 - trainer_0 - INFO - Epoch 21 completed in 24.05s | Average Loss: 3.7700 | train_acc: 12.7525 | val_loss: 9.4135 | val_acc: 4.5400 | lr: 0.0848
2025-06-11 21:07:02,364 - trainer_0 - INFO - Epoch 22 completed in 23.14s | Average Loss: 3.8011 | train_acc: 11.5750 | val_loss: 7.9731 | val_acc: 6.5100 | lr: 0.0848
2025-06-11 21:07:26,324 - trainer_0 - INFO - Epoch 23 completed in 23.91s | Average Loss: 3.7689 | train_acc: 11.6325 | val_loss: 12.0365 | val_acc: 3.2300 | lr: 0.0847
2025-06-11 21:07:50,356 - trainer_0 - INFO - Epoch 24 completed in 23.98s | Average Loss: 3.7815 | train_acc: 11.9875 | val_loss: 9.7418 | val_acc: 4.3500 | lr: 0.0847
2025-06-11 21:08:13,776 - trainer_0 - INFO - Epoch 25 completed in 23.37s | Average Loss: 3.8118 | train_acc: 11.8475 | val_loss: 8.0356 | val_acc: 4.5800 | lr: 0.0845
2025-06-11 21:08:36,424 - trainer_0 - INFO - Epoch 26 completed in 22.58s | Average Loss: 3.8561 | train_acc: 10.3425 | val_loss: 9.6406 | val_acc: 3.7500 | lr: 0.0844
2025-06-11 21:09:00,007 - trainer_0 - INFO - Epoch 27 completed in 23.54s | Average Loss: 3.8141 | train_acc: 10.5050 | val_loss: 10.4949 | val_acc: 4.3600 | lr: 0.0842
2025-06-11 21:09:23,791 - trainer_0 - INFO - Epoch 28 completed in 23.73s | Average Loss: 3.8364 | train_acc: 10.7700 | val_loss: 6.0682 | val_acc: 6.7100 | lr: 0.0841
2025-06-11 21:09:45,892 - trainer_0 - INFO - Epoch 29 completed in 22.06s | Average Loss: 3.9279 | train_acc: 10.0225 | val_loss: 7.9815 | val_acc: 4.6900 | lr: 0.0839
2025-06-11 21:10:09,509 - trainer_0 - INFO - Epoch 30 completed in 23.57s | Average Loss: 3.9874 | train_acc: 9.1575 | val_loss: 8.4940 | val_acc: 4.5000 | lr: 0.0836
2025-06-11 21:10:33,174 - trainer_0 - INFO - Epoch 31 completed in 23.62s | Average Loss: 4.0361 | train_acc: 8.1050 | val_loss: 8.5275 | val_acc: 2.6900 | lr: 0.0834
2025-06-11 21:10:56,247 - trainer_0 - INFO - Epoch 32 completed in 23.03s | Average Loss: 4.1817 | train_acc: 7.1825 | val_loss: 6.6841 | val_acc: 3.1400 | lr: 0.0831
2025-06-11 21:11:19,011 - trainer_0 - INFO - Epoch 33 completed in 22.69s | Average Loss: 4.1419 | train_acc: 6.7575 | val_loss: 4.3688 | val_acc: 6.6400 | lr: 0.0828
2025-06-11 21:11:42,788 - trainer_0 - INFO - Epoch 34 completed in 23.73s | Average Loss: 4.3528 | train_acc: 5.6250 | val_loss: 4.4863 | val_acc: 4.3100 | lr: 0.0824
2025-06-11 21:12:06,410 - trainer_0 - INFO - Epoch 35 completed in 23.57s | Average Loss: 4.3619 | train_acc: 4.9250 | val_loss: 4.6122 | val_acc: 2.5400 | lr: 0.0821
2025-06-11 21:12:28,848 - trainer_0 - INFO - Epoch 36 completed in 22.37s | Average Loss: 4.4366 | train_acc: 4.1700 | val_loss: 4.8370 | val_acc: 2.6400 | lr: 0.0817
2025-06-11 21:12:52,245 - trainer_0 - INFO - Epoch 37 completed in 23.35s | Average Loss: 4.6947 | train_acc: 3.4500 | val_loss: 4.5972 | val_acc: 2.2000 | lr: 0.0813
2025-06-11 21:13:16,194 - trainer_0 - INFO - Epoch 38 completed in 23.90s | Average Loss: 4.4349 | train_acc: 3.8275 | val_loss: 4.8765 | val_acc: 1.3500 | lr: 0.0809
2025-06-11 21:13:38,973 - trainer_0 - INFO - Epoch 39 completed in 22.73s | Average Loss: 4.3126 | train_acc: 4.4025 | val_loss: 4.6468 | val_acc: 2.9900 | lr: 0.0805
2025-06-11 21:14:02,517 - trainer_0 - INFO - Epoch 40 completed in 23.48s | Average Loss: 4.2235 | train_acc: 4.9900 | val_loss: 4.7845 | val_acc: 1.9700 | lr: 0.0800
2025-06-11 21:14:26,208 - trainer_0 - INFO - Epoch 41 completed in 23.64s | Average Loss: 4.1340 | train_acc: 6.1000 | val_loss: 4.9086 | val_acc: 1.6400 | lr: 0.0795
2025-06-11 21:14:50,242 - trainer_0 - INFO - Epoch 42 completed in 23.98s | Average Loss: 4.1511 | train_acc: 5.8825 | val_loss: 4.7146 | val_acc: 1.5000 | lr: 0.0790
2025-06-11 21:15:12,660 - trainer_0 - INFO - Epoch 43 completed in 22.35s | Average Loss: 4.1556 | train_acc: 5.8425 | val_loss: 4.4204 | val_acc: 3.8200 | lr: 0.0785
2025-06-11 21:15:36,745 - trainer_0 - INFO - Epoch 44 completed in 24.04s | Average Loss: 4.1576 | train_acc: 5.4925 | val_loss: 4.3750 | val_acc: 3.1100 | lr: 0.0779
2025-06-11 21:16:00,569 - trainer_0 - INFO - Epoch 45 completed in 23.78s | Average Loss: 4.2155 | train_acc: 5.0300 | val_loss: 4.4088 | val_acc: 3.6200 | lr: 0.0773
2025-06-11 21:16:23,424 - trainer_0 - INFO - Epoch 46 completed in 22.81s | Average Loss: 4.3694 | train_acc: 3.7575 | val_loss: 4.5086 | val_acc: 2.2400 | lr: 0.0768
2025-06-11 21:16:47,124 - trainer_0 - INFO - Epoch 47 completed in 23.65s | Average Loss: 4.3259 | train_acc: 4.2750 | val_loss: 4.3003 | val_acc: 4.4600 | lr: 0.0761
2025-06-11 21:17:10,935 - trainer_0 - INFO - Epoch 48 completed in 23.76s | Average Loss: 4.3050 | train_acc: 4.1100 | val_loss: 4.4464 | val_acc: 3.8300 | lr: 0.0755
2025-06-11 21:17:34,387 - trainer_0 - INFO - Epoch 49 completed in 23.41s | Average Loss: 4.2449 | train_acc: 4.2525 | val_loss: 4.1860 | val_acc: 5.6400 | lr: 0.0749
2025-06-11 21:17:56,749 - trainer_0 - INFO - Epoch 50 completed in 22.30s | Average Loss: 4.1768 | train_acc: 5.4725 | val_loss: 4.3964 | val_acc: 2.9000 | lr: 0.0742
2025-06-11 21:18:20,601 - trainer_0 - INFO - Epoch 51 completed in 23.81s | Average Loss: 4.1916 | train_acc: 5.0225 | val_loss: 4.6377 | val_acc: 4.7000 | lr: 0.0735
2025-06-11 21:18:44,285 - trainer_0 - INFO - Epoch 52 completed in 23.64s | Average Loss: 4.1622 | train_acc: 5.6250 | val_loss: 4.3514 | val_acc: 4.9500 | lr: 0.0728
2025-06-11 21:19:07,246 - trainer_0 - INFO - Epoch 53 completed in 22.91s | Average Loss: 4.1372 | train_acc: 5.7050 | val_loss: 4.2786 | val_acc: 4.7800 | lr: 0.0721
2025-06-11 21:19:30,221 - trainer_0 - INFO - Epoch 54 completed in 22.91s | Average Loss: 4.1201 | train_acc: 5.9200 | val_loss: 4.0862 | val_acc: 6.9800 | lr: 0.0713
2025-06-11 21:19:54,004 - trainer_0 - INFO - Epoch 55 completed in 23.74s | Average Loss: 4.1090 | train_acc: 5.9575 | val_loss: 4.1513 | val_acc: 5.5400 | lr: 0.0706
2025-06-11 21:20:16,955 - trainer_0 - INFO - Epoch 56 completed in 22.90s | Average Loss: 4.1153 | train_acc: 5.8275 | val_loss: 4.3140 | val_acc: 3.7600 | lr: 0.0698
2025-06-11 21:20:39,233 - trainer_0 - INFO - Epoch 57 completed in 22.21s | Average Loss: 4.0917 | train_acc: 6.2100 | val_loss: 3.9512 | val_acc: 7.9200 | lr: 0.0690
2025-06-11 21:21:02,715 - trainer_0 - INFO - Epoch 58 completed in 23.44s | Average Loss: 4.0612 | train_acc: 6.3275 | val_loss: 3.9970 | val_acc: 7.9900 | lr: 0.0682
2025-06-11 21:21:26,561 - trainer_0 - INFO - Epoch 59 completed in 23.80s | Average Loss: 4.0580 | train_acc: 6.5200 | val_loss: 4.0183 | val_acc: 7.1400 | lr: 0.0674
2025-06-11 21:21:49,025 - trainer_0 - INFO - Epoch 60 completed in 22.42s | Average Loss: 4.0431 | train_acc: 7.0675 | val_loss: 4.3022 | val_acc: 4.5700 | lr: 0.0665
2025-06-11 21:22:12,729 - trainer_0 - INFO - Epoch 61 completed in 23.66s | Average Loss: 4.0332 | train_acc: 6.8575 | val_loss: 4.1684 | val_acc: 6.9200 | lr: 0.0657
2025-06-11 21:22:36,513 - trainer_0 - INFO - Epoch 62 completed in 23.73s | Average Loss: 4.0700 | train_acc: 6.8700 | val_loss: 3.9217 | val_acc: 8.7100 | lr: 0.0648
2025-06-11 21:22:59,941 - trainer_0 - INFO - Epoch 63 completed in 23.38s | Average Loss: 4.0506 | train_acc: 6.6500 | val_loss: 4.0161 | val_acc: 7.3300 | lr: 0.0639
2025-06-11 21:23:22,644 - trainer_0 - INFO - Epoch 64 completed in 22.64s | Average Loss: 4.0198 | train_acc: 6.8075 | val_loss: 4.0699 | val_acc: 5.9600 | lr: 0.0630
2025-06-11 21:23:46,319 - trainer_0 - INFO - Epoch 65 completed in 23.63s | Average Loss: 3.9802 | train_acc: 7.3375 | val_loss: 4.0862 | val_acc: 6.6700 | lr: 0.0621
2025-06-11 21:24:10,253 - trainer_0 - INFO - Epoch 66 completed in 23.89s | Average Loss: 3.9568 | train_acc: 7.6100 | val_loss: 3.9195 | val_acc: 8.6200 | lr: 0.0612
2025-06-11 21:24:32,676 - trainer_0 - INFO - Epoch 67 completed in 22.36s | Average Loss: 3.9291 | train_acc: 7.8250 | val_loss: 3.9857 | val_acc: 9.0200 | lr: 0.0603
2025-06-11 21:24:56,378 - trainer_0 - INFO - Epoch 68 completed in 23.66s | Average Loss: 3.9268 | train_acc: 7.9225 | val_loss: 4.1198 | val_acc: 7.0200 | lr: 0.0594
2025-06-11 21:25:20,255 - trainer_0 - INFO - Epoch 69 completed in 23.83s | Average Loss: 3.9554 | train_acc: 8.0300 | val_loss: 3.8048 | val_acc: 11.2800 | lr: 0.0584
2025-06-11 21:25:43,814 - trainer_0 - INFO - Epoch 70 completed in 23.51s | Average Loss: 3.9092 | train_acc: 8.5350 | val_loss: 3.8339 | val_acc: 10.3700 | lr: 0.0575
2025-06-11 21:26:06,426 - trainer_0 - INFO - Epoch 71 completed in 22.55s | Average Loss: 3.8907 | train_acc: 8.7075 | val_loss: 3.7138 | val_acc: 12.3500 | lr: 0.0565
2025-06-11 21:26:30,370 - trainer_0 - INFO - Epoch 72 completed in 23.90s | Average Loss: 3.8895 | train_acc: 8.7200 | val_loss: 3.8157 | val_acc: 10.6300 | lr: 0.0555
2025-06-11 21:26:54,101 - trainer_0 - INFO - Epoch 73 completed in 23.68s | Average Loss: 3.8857 | train_acc: 8.7500 | val_loss: 3.8301 | val_acc: 10.0200 | lr: 0.0546
2025-06-11 21:27:16,696 - trainer_0 - INFO - Epoch 74 completed in 22.55s | Average Loss: 3.8755 | train_acc: 8.7400 | val_loss: 3.7673 | val_acc: 12.3800 | lr: 0.0536
2025-06-11 21:27:40,363 - trainer_0 - INFO - Epoch 75 completed in 23.62s | Average Loss: 3.8393 | train_acc: 9.5525 | val_loss: 3.7160 | val_acc: 12.4500 | lr: 0.0526
2025-06-11 21:28:04,207 - trainer_0 - INFO - Epoch 76 completed in 23.80s | Average Loss: 3.8363 | train_acc: 9.0900 | val_loss: 3.6806 | val_acc: 12.5700 | lr: 0.0516
2025-06-11 21:28:27,646 - trainer_0 - INFO - Epoch 77 completed in 23.39s | Average Loss: 3.8295 | train_acc: 9.3725 | val_loss: 3.6960 | val_acc: 12.8800 | lr: 0.0506
2025-06-11 21:28:49,909 - trainer_0 - INFO - Epoch 78 completed in 22.20s | Average Loss: 3.8462 | train_acc: 9.1450 | val_loss: 3.7744 | val_acc: 9.9800 | lr: 0.0496
2025-06-11 21:29:13,594 - trainer_0 - INFO - Epoch 79 completed in 23.64s | Average Loss: 3.8179 | train_acc: 9.7375 | val_loss: 3.6391 | val_acc: 14.3400 | lr: 0.0486
2025-06-11 21:29:37,294 - trainer_0 - INFO - Epoch 80 completed in 23.65s | Average Loss: 3.7982 | train_acc: 9.9175 | val_loss: 3.6469 | val_acc: 13.5900 | lr: 0.0475
2025-06-11 21:30:00,075 - trainer_0 - INFO - Epoch 81 completed in 22.74s | Average Loss: 3.7957 | train_acc: 9.6700 | val_loss: 3.5935 | val_acc: 13.6600 | lr: 0.0465
2025-06-11 21:30:24,021 - trainer_0 - INFO - Epoch 82 completed in 23.90s | Average Loss: 3.7888 | train_acc: 9.9625 | val_loss: 3.5861 | val_acc: 14.7900 | lr: 0.0455
2025-06-11 21:30:47,717 - trainer_0 - INFO - Epoch 83 completed in 23.65s | Average Loss: 3.7749 | train_acc: 10.2850 | val_loss: 3.6628 | val_acc: 13.4500 | lr: 0.0445
2025-06-11 21:31:10,668 - trainer_0 - INFO - Epoch 84 completed in 22.91s | Average Loss: 3.7602 | train_acc: 10.4650 | val_loss: 3.8658 | val_acc: 10.0000 | lr: 0.0435
2025-06-11 21:31:33,541 - trainer_0 - INFO - Epoch 85 completed in 22.81s | Average Loss: 3.7924 | train_acc: 9.7250 | val_loss: 3.7736 | val_acc: 11.6500 | lr: 0.0424
2025-06-11 21:31:57,434 - trainer_0 - INFO - Epoch 86 completed in 23.85s | Average Loss: 3.7699 | train_acc: 10.2150 | val_loss: 3.6600 | val_acc: 13.2700 | lr: 0.0414
2025-06-11 21:32:20,717 - trainer_0 - INFO - Epoch 87 completed in 23.24s | Average Loss: 3.7241 | train_acc: 11.0175 | val_loss: 3.5458 | val_acc: 16.4500 | lr: 0.0404
2025-06-11 21:32:43,308 - trainer_0 - INFO - Epoch 88 completed in 22.53s | Average Loss: 3.6857 | train_acc: 11.4475 | val_loss: 3.4982 | val_acc: 15.3300 | lr: 0.0394
2025-06-11 21:33:07,084 - trainer_0 - INFO - Epoch 89 completed in 23.73s | Average Loss: 3.6744 | train_acc: 11.7475 | val_loss: 3.5823 | val_acc: 15.2400 | lr: 0.0383
2025-06-11 21:33:30,788 - trainer_0 - INFO - Epoch 90 completed in 23.65s | Average Loss: 3.6733 | train_acc: 12.0000 | val_loss: 3.4824 | val_acc: 16.6500 | lr: 0.0373
2025-06-11 21:33:53,483 - trainer_0 - INFO - Epoch 91 completed in 22.65s | Average Loss: 3.6413 | train_acc: 12.1300 | val_loss: 3.4720 | val_acc: 17.1800 | lr: 0.0363
2025-06-11 21:34:16,604 - trainer_0 - INFO - Epoch 92 completed in 23.05s | Average Loss: 3.6423 | train_acc: 12.3100 | val_loss: 3.4799 | val_acc: 17.6400 | lr: 0.0353
2025-06-11 21:34:40,098 - trainer_0 - INFO - Epoch 93 completed in 23.45s | Average Loss: 3.6499 | train_acc: 12.2225 | val_loss: 3.3914 | val_acc: 18.1500 | lr: 0.0343
2025-06-11 21:35:03,293 - trainer_0 - INFO - Epoch 94 completed in 23.15s | Average Loss: 3.6412 | train_acc: 12.3200 | val_loss: 3.4409 | val_acc: 17.5800 | lr: 0.0333
2025-06-11 21:35:25,462 - trainer_0 - INFO - Epoch 95 completed in 22.10s | Average Loss: 3.6235 | train_acc: 12.4950 | val_loss: 3.3640 | val_acc: 18.6300 | lr: 0.0323
2025-06-11 21:35:49,297 - trainer_0 - INFO - Epoch 96 completed in 23.79s | Average Loss: 3.5893 | train_acc: 13.1050 | val_loss: 3.3189 | val_acc: 20.8100 | lr: 0.0313
2025-06-11 21:36:12,789 - trainer_0 - INFO - Epoch 97 completed in 23.45s | Average Loss: 3.5533 | train_acc: 13.6250 | val_loss: 3.3880 | val_acc: 18.8300 | lr: 0.0303
2025-06-11 21:36:34,669 - trainer_0 - INFO - Epoch 98 completed in 21.83s | Average Loss: 3.5632 | train_acc: 13.4675 | val_loss: 3.2673 | val_acc: 21.0700 | lr: 0.0293
2025-06-11 21:36:58,278 - trainer_0 - INFO - Epoch 99 completed in 23.56s | Average Loss: 3.5484 | train_acc: 13.8775 | val_loss: 3.3665 | val_acc: 18.6800 | lr: 0.0283
2025-06-11 21:37:22,012 - trainer_0 - INFO - Epoch 100 completed in 23.69s | Average Loss: 3.5264 | train_acc: 14.2275 | val_loss: 3.2842 | val_acc: 20.2600 | lr: 0.0274
2025-06-11 21:37:44,921 - trainer_0 - INFO - Epoch 101 completed in 22.86s | Average Loss: 3.5336 | train_acc: 14.1750 | val_loss: 3.2599 | val_acc: 20.9600 | lr: 0.0264
2025-06-11 21:38:08,415 - trainer_0 - INFO - Epoch 102 completed in 23.43s | Average Loss: 3.5088 | train_acc: 14.4975 | val_loss: 3.2946 | val_acc: 20.4100 | lr: 0.0255
2025-06-11 21:38:32,276 - trainer_0 - INFO - Epoch 103 completed in 23.82s | Average Loss: 3.4975 | train_acc: 14.8625 | val_loss: 3.3033 | val_acc: 21.1000 | lr: 0.0245
2025-06-11 21:38:56,414 - trainer_0 - INFO - Epoch 104 completed in 24.09s | Average Loss: 3.4832 | train_acc: 14.8475 | val_loss: 3.2764 | val_acc: 21.5800 | lr: 0.0236
2025-06-11 21:39:19,100 - trainer_0 - INFO - Epoch 105 completed in 22.64s | Average Loss: 3.4605 | train_acc: 15.2325 | val_loss: 3.2450 | val_acc: 21.1000 | lr: 0.0227
2025-06-11 21:39:42,814 - trainer_0 - INFO - Epoch 106 completed in 23.66s | Average Loss: 3.4449 | train_acc: 15.3550 | val_loss: 3.2063 | val_acc: 22.1600 | lr: 0.0218
2025-06-11 21:40:06,535 - trainer_0 - INFO - Epoch 107 completed in 23.67s | Average Loss: 3.4290 | train_acc: 15.8475 | val_loss: 3.1898 | val_acc: 22.5700 | lr: 0.0209
2025-06-11 21:40:29,540 - trainer_0 - INFO - Epoch 108 completed in 22.96s | Average Loss: 3.4211 | train_acc: 15.8775 | val_loss: 3.1170 | val_acc: 23.8200 | lr: 0.0200
2025-06-11 21:40:52,427 - trainer_0 - INFO - Epoch 109 completed in 22.82s | Average Loss: 3.4065 | train_acc: 16.3700 | val_loss: 3.1193 | val_acc: 23.6500 | lr: 0.0192
2025-06-11 21:41:15,924 - trainer_0 - INFO - Epoch 110 completed in 23.45s | Average Loss: 3.3934 | train_acc: 16.6650 | val_loss: 3.3592 | val_acc: 19.4900 | lr: 0.0183
2025-06-11 21:41:39,705 - trainer_0 - INFO - Epoch 111 completed in 23.74s | Average Loss: 3.3987 | train_acc: 16.3450 | val_loss: 3.1679 | val_acc: 22.6000 | lr: 0.0175
2025-06-11 21:42:02,025 - trainer_0 - INFO - Epoch 112 completed in 22.27s | Average Loss: 3.3863 | train_acc: 16.6350 | val_loss: 3.1705 | val_acc: 22.4500 | lr: 0.0167
2025-06-11 21:42:25,789 - trainer_0 - INFO - Epoch 113 completed in 23.72s | Average Loss: 3.3563 | train_acc: 16.9150 | val_loss: 3.0679 | val_acc: 24.4200 | lr: 0.0159
2025-06-11 21:42:49,791 - trainer_0 - INFO - Epoch 114 completed in 23.96s | Average Loss: 3.3460 | train_acc: 16.7575 | val_loss: 3.1638 | val_acc: 22.8900 | lr: 0.0151
2025-06-11 21:43:13,420 - trainer_0 - INFO - Epoch 115 completed in 23.58s | Average Loss: 3.3495 | train_acc: 17.2575 | val_loss: 3.0304 | val_acc: 25.4800 | lr: 0.0143
2025-06-11 21:43:36,040 - trainer_0 - INFO - Epoch 116 completed in 22.56s | Average Loss: 3.3291 | train_acc: 17.5900 | val_loss: 3.0914 | val_acc: 23.8200 | lr: 0.0135
2025-06-11 21:43:59,831 - trainer_0 - INFO - Epoch 117 completed in 23.75s | Average Loss: 3.3233 | train_acc: 17.5250 | val_loss: 3.0594 | val_acc: 23.9000 | lr: 0.0128
2025-06-11 21:44:23,561 - trainer_0 - INFO - Epoch 118 completed in 23.69s | Average Loss: 3.3244 | train_acc: 17.4850 | val_loss: 3.0425 | val_acc: 26.2200 | lr: 0.0121
2025-06-11 21:44:46,304 - trainer_0 - INFO - Epoch 119 completed in 22.69s | Average Loss: 3.2900 | train_acc: 18.0750 | val_loss: 2.9670 | val_acc: 26.2900 | lr: 0.0114
2025-06-11 21:45:09,908 - trainer_0 - INFO - Epoch 120 completed in 23.56s | Average Loss: 3.2817 | train_acc: 17.9375 | val_loss: 2.9543 | val_acc: 27.4800 | lr: 0.0107
2025-06-11 21:45:33,607 - trainer_0 - INFO - Epoch 121 completed in 23.65s | Average Loss: 3.2660 | train_acc: 18.5375 | val_loss: 3.0620 | val_acc: 25.1400 | lr: 0.0100
2025-06-11 21:45:56,832 - trainer_0 - INFO - Epoch 122 completed in 23.18s | Average Loss: 3.2652 | train_acc: 18.3700 | val_loss: 2.9396 | val_acc: 27.8000 | lr: 0.0093
2025-06-11 21:46:19,208 - trainer_0 - INFO - Epoch 123 completed in 22.31s | Average Loss: 3.2620 | train_acc: 18.7975 | val_loss: 2.9609 | val_acc: 26.7300 | lr: 0.0087
2025-06-11 21:46:42,981 - trainer_0 - INFO - Epoch 124 completed in 23.73s | Average Loss: 3.2484 | train_acc: 18.6950 | val_loss: 2.9355 | val_acc: 27.2300 | lr: 0.0081
2025-06-11 21:47:06,685 - trainer_0 - INFO - Epoch 125 completed in 23.66s | Average Loss: 3.2327 | train_acc: 18.9475 | val_loss: 2.8798 | val_acc: 28.5600 | lr: 0.0075
2025-06-11 21:47:29,056 - trainer_0 - INFO - Epoch 126 completed in 22.30s | Average Loss: 3.2206 | train_acc: 19.0325 | val_loss: 2.8851 | val_acc: 29.3600 | lr: 0.0069
2025-06-11 21:47:52,782 - trainer_0 - INFO - Epoch 127 completed in 23.68s | Average Loss: 3.2153 | train_acc: 19.3800 | val_loss: 2.8655 | val_acc: 29.6200 | lr: 0.0064
2025-06-11 21:48:16,179 - trainer_0 - INFO - Epoch 128 completed in 23.35s | Average Loss: 3.2023 | train_acc: 19.9200 | val_loss: 2.8573 | val_acc: 29.3100 | lr: 0.0059
2025-06-11 21:48:39,082 - trainer_0 - INFO - Epoch 129 completed in 22.86s | Average Loss: 3.1909 | train_acc: 19.6250 | val_loss: 2.8787 | val_acc: 28.6400 | lr: 0.0053
2025-06-11 21:49:02,373 - trainer_0 - INFO - Epoch 130 completed in 23.23s | Average Loss: 3.1904 | train_acc: 19.6300 | val_loss: 2.8301 | val_acc: 30.3000 | lr: 0.0049
2025-06-11 21:49:26,073 - trainer_0 - INFO - Epoch 131 completed in 23.65s | Average Loss: 3.1852 | train_acc: 19.8975 | val_loss: 2.8247 | val_acc: 30.1000 | lr: 0.0044
2025-06-11 21:49:49,208 - trainer_0 - INFO - Epoch 132 completed in 23.09s | Average Loss: 3.1797 | train_acc: 19.8700 | val_loss: 2.8367 | val_acc: 29.7500 | lr: 0.0040
2025-06-11 21:50:11,786 - trainer_0 - INFO - Epoch 133 completed in 22.51s | Average Loss: 3.1761 | train_acc: 19.7650 | val_loss: 2.8229 | val_acc: 29.7400 | lr: 0.0035
2025-06-11 21:50:35,825 - trainer_0 - INFO - Epoch 134 completed in 23.99s | Average Loss: 3.1705 | train_acc: 20.2200 | val_loss: 2.7962 | val_acc: 30.5500 | lr: 0.0031
2025-06-11 21:50:59,331 - trainer_0 - INFO - Epoch 135 completed in 23.46s | Average Loss: 3.1608 | train_acc: 20.2325 | val_loss: 2.7912 | val_acc: 30.3000 | lr: 0.0028
2025-06-11 21:51:22,028 - trainer_0 - INFO - Epoch 136 completed in 22.65s | Average Loss: 3.1511 | train_acc: 20.1700 | val_loss: 2.7866 | val_acc: 30.4800 | lr: 0.0024
2025-06-11 21:51:45,273 - trainer_0 - INFO - Epoch 137 completed in 23.20s | Average Loss: 3.1528 | train_acc: 20.4200 | val_loss: 2.7742 | val_acc: 31.0600 | lr: 0.0021
2025-06-11 21:52:08,711 - trainer_0 - INFO - Epoch 138 completed in 23.38s | Average Loss: 3.1591 | train_acc: 20.3925 | val_loss: 2.7810 | val_acc: 31.0200 | lr: 0.0018
2025-06-11 21:52:31,678 - trainer_0 - INFO - Epoch 139 completed in 22.92s | Average Loss: 3.1453 | train_acc: 20.5125 | val_loss: 2.7784 | val_acc: 31.1500 | lr: 0.0015
2025-06-11 21:52:54,346 - trainer_0 - INFO - Epoch 140 completed in 22.58s | Average Loss: 3.1377 | train_acc: 20.5725 | val_loss: 2.7745 | val_acc: 30.8600 | lr: 0.0012
2025-06-11 21:53:17,857 - trainer_0 - INFO - Epoch 141 completed in 23.47s | Average Loss: 3.1406 | train_acc: 20.4275 | val_loss: 2.7646 | val_acc: 30.9500 | lr: 0.0010
2025-06-11 21:53:41,466 - trainer_0 - INFO - Epoch 142 completed in 23.56s | Average Loss: 3.1481 | train_acc: 20.6225 | val_loss: 2.7578 | val_acc: 31.6200 | lr: 0.0008
2025-06-11 21:54:03,598 - trainer_0 - INFO - Epoch 143 completed in 22.07s | Average Loss: 3.1350 | train_acc: 20.8325 | val_loss: 2.7575 | val_acc: 31.4000 | lr: 0.0006
2025-06-11 21:54:27,358 - trainer_0 - INFO - Epoch 144 completed in 23.72s | Average Loss: 3.1386 | train_acc: 20.7100 | val_loss: 2.7599 | val_acc: 31.0400 | lr: 0.0004
2025-06-11 21:54:50,970 - trainer_0 - INFO - Epoch 145 completed in 23.56s | Average Loss: 3.1417 | train_acc: 20.6900 | val_loss: 2.7577 | val_acc: 31.1000 | lr: 0.0003
2025-06-11 21:55:13,652 - trainer_0 - INFO - Epoch 146 completed in 22.64s | Average Loss: 3.1426 | train_acc: 20.5500 | val_loss: 2.7543 | val_acc: 31.5400 | lr: 0.0002
2025-06-11 21:55:36,706 - trainer_0 - INFO - Epoch 147 completed in 23.00s | Average Loss: 3.1357 | train_acc: 20.7600 | val_loss: 2.7525 | val_acc: 31.2100 | lr: 0.0001
2025-06-11 21:56:00,215 - trainer_0 - INFO - Epoch 148 completed in 23.46s | Average Loss: 3.1252 | train_acc: 20.9375 | val_loss: 2.7444 | val_acc: 31.4700 | lr: 0.0000
2025-06-11 21:56:23,425 - trainer_0 - INFO - Epoch 149 completed in 23.16s | Average Loss: 3.1350 | train_acc: 20.6225 | val_loss: 2.7535 | val_acc: 30.9000 | lr: 0.0000
2025-06-11 21:56:45,773 - trainer_0 - INFO - Epoch 150 completed in 22.28s | Average Loss: 3.1465 | train_acc: 20.3950 | val_loss: 2.7527 | val_acc: 31.5600 | lr: 0.0000
2025-06-11 21:56:45,819 - trainer_0 - INFO - Training completed in 3500.48 seconds.
2025-06-11 21:56:45,819 - trainer_0 - INFO - Average throughput: 1714.05 Images/sec
2025-06-11 21:56:45,819 - trainer_0 - INFO - Total processes: 1
2025-06-11 21:56:45,831 - trainer_0 - INFO - Metrics saved to centralized_lamb_lr0.0075_wd0.05_batch_size16384/centralized_lamb_lr0.0075_wd0.05_batch_size16384_20250611_205814_metrics_rank0.json
2025-06-11 21:56:47,442 - trainer_0 - INFO - Model saved to model_centralized_lamb.pth
2025-06-11 21:56:47,442 - trainer_0 - INFO - Generating training plots...
2025-06-11 21:56:50,400 - trainer_0 - INFO - Training complete. Plots generated.
