2025-08-23 14:42:34,746 - client_100 - INFO - Started training for Client 100
2025-08-23 14:42:34,746 - client_100 - INFO - Log file: logs/localSGD_lenet5_seq_cifar100_w2_20250823_144234_client100.log
2025-08-23 14:42:34,747 - client_100 - INFO - Simulating LocalSGD training with 2 clients (sequential execution)
2025-08-23 14:42:34,747 - client_100 - INFO - Device: cuda
2025-08-23 14:42:34,747 - client_100 - INFO - Config: batch_size=128, lr=0.05, epochs=150, tau=32
2025-08-23 14:42:52,028 - client_100 - INFO - [INFO] Total train set size: 40000
2025-08-23 14:42:52,200 - client_100 - INFO - --- Round 1/4 (tau = 32) ---
2025-08-23 14:43:01,749 - client_100 - INFO - [Client 0] Completed local epoch 1/32 | Final Loss: 4.1480 | Final Train Acc: 6.66%
2025-08-23 14:43:20,722 - client_100 - INFO - [Client 0] Completed local epoch 2/32 | Final Loss: 3.8140 | Final Train Acc: 10.85%
2025-08-23 14:43:38,652 - client_100 - INFO - [Client 0] Completed local epoch 3/32 | Final Loss: 3.5973 | Final Train Acc: 13.91%
2025-08-23 14:43:57,610 - client_100 - INFO - [Client 0] Completed local epoch 4/32 | Final Loss: 3.4012 | Final Train Acc: 17.23%
2025-08-23 14:44:16,141 - client_100 - INFO - [Client 0] Completed local epoch 5/32 | Final Loss: 3.2491 | Final Train Acc: 19.82%
2025-08-23 14:44:33,785 - client_100 - INFO - [Client 0] Completed local epoch 6/32 | Final Loss: 3.1262 | Final Train Acc: 22.20%
2025-08-23 14:44:52,530 - client_100 - INFO - [Client 0] Completed local epoch 7/32 | Final Loss: 3.0269 | Final Train Acc: 24.19%
2025-08-23 14:45:11,402 - client_100 - INFO - [Client 0] Completed local epoch 8/32 | Final Loss: 2.9415 | Final Train Acc: 26.07%
2025-08-23 14:45:29,046 - client_100 - INFO - [Client 0] Completed local epoch 9/32 | Final Loss: 2.8551 | Final Train Acc: 27.23%
2025-08-23 14:45:47,598 - client_100 - INFO - [Client 0] Completed local epoch 10/32 | Final Loss: 2.7923 | Final Train Acc: 28.48%
2025-08-23 14:46:06,755 - client_100 - INFO - [Client 0] Completed local epoch 11/32 | Final Loss: 2.7273 | Final Train Acc: 30.05%
2025-08-23 14:46:24,242 - client_100 - INFO - [Client 0] Completed local epoch 12/32 | Final Loss: 2.6550 | Final Train Acc: 31.77%
2025-08-23 14:46:42,402 - client_100 - INFO - [Client 0] Completed local epoch 13/32 | Final Loss: 2.6043 | Final Train Acc: 32.35%
2025-08-23 14:47:01,607 - client_100 - INFO - [Client 0] Completed local epoch 14/32 | Final Loss: 2.5649 | Final Train Acc: 33.26%
2025-08-23 14:47:19,459 - client_100 - INFO - [Client 0] Completed local epoch 15/32 | Final Loss: 2.5199 | Final Train Acc: 34.21%
2025-08-23 14:47:37,244 - client_100 - INFO - [Client 0] Completed local epoch 16/32 | Final Loss: 2.4830 | Final Train Acc: 34.91%
2025-08-23 14:47:56,712 - client_100 - INFO - [Client 0] Completed local epoch 17/32 | Final Loss: 2.4355 | Final Train Acc: 36.10%
2025-08-23 14:48:14,747 - client_100 - INFO - [Client 0] Completed local epoch 18/32 | Final Loss: 2.4021 | Final Train Acc: 36.77%
2025-08-23 14:48:32,752 - client_100 - INFO - [Client 0] Completed local epoch 19/32 | Final Loss: 2.3636 | Final Train Acc: 37.59%
2025-08-23 14:48:52,268 - client_100 - INFO - [Client 0] Completed local epoch 20/32 | Final Loss: 2.3209 | Final Train Acc: 38.45%
2025-08-23 14:49:10,286 - client_100 - INFO - [Client 0] Completed local epoch 21/32 | Final Loss: 2.2929 | Final Train Acc: 39.09%
2025-08-23 14:49:28,302 - client_100 - INFO - [Client 0] Completed local epoch 22/32 | Final Loss: 2.2698 | Final Train Acc: 39.77%
2025-08-23 14:49:47,953 - client_100 - INFO - [Client 0] Completed local epoch 23/32 | Final Loss: 2.2522 | Final Train Acc: 40.01%
2025-08-23 14:50:05,979 - client_100 - INFO - [Client 0] Completed local epoch 24/32 | Final Loss: 2.1979 | Final Train Acc: 40.96%
2025-08-23 14:50:24,205 - client_100 - INFO - [Client 0] Completed local epoch 25/32 | Final Loss: 2.2026 | Final Train Acc: 41.16%
2025-08-23 14:50:43,728 - client_100 - INFO - [Client 0] Completed local epoch 26/32 | Final Loss: 2.1820 | Final Train Acc: 41.41%
2025-08-23 14:51:01,623 - client_100 - INFO - [Client 0] Completed local epoch 27/32 | Final Loss: 2.1544 | Final Train Acc: 41.97%
2025-08-23 14:51:19,326 - client_100 - INFO - [Client 0] Completed local epoch 28/32 | Final Loss: 2.1221 | Final Train Acc: 43.09%
2025-08-23 14:51:38,749 - client_100 - INFO - [Client 0] Completed local epoch 29/32 | Final Loss: 2.1017 | Final Train Acc: 43.22%
2025-08-23 14:51:56,817 - client_100 - INFO - [Client 0] Completed local epoch 30/32 | Final Loss: 2.0846 | Final Train Acc: 43.60%
2025-08-23 14:52:14,822 - client_100 - INFO - [Client 0] Completed local epoch 31/32 | Final Loss: 2.0727 | Final Train Acc: 43.50%
2025-08-23 14:52:34,459 - client_100 - INFO - [Client 0] Completed local epoch 32/32 | Final Loss: 2.0407 | Final Train Acc: 45.05%
2025-08-23 14:52:52,294 - client_100 - INFO - [Client 1] Completed local epoch 1/32 | Final Loss: 4.1396 | Final Train Acc: 6.88%
2025-08-23 14:53:10,080 - client_100 - INFO - [Client 1] Completed local epoch 2/32 | Final Loss: 3.8018 | Final Train Acc: 10.86%
2025-08-23 14:53:29,966 - client_100 - INFO - [Client 1] Completed local epoch 3/32 | Final Loss: 3.5688 | Final Train Acc: 14.51%
2025-08-23 14:53:47,820 - client_100 - INFO - [Client 1] Completed local epoch 4/32 | Final Loss: 3.3769 | Final Train Acc: 17.66%
2025-08-23 14:54:05,466 - client_100 - INFO - [Client 1] Completed local epoch 5/32 | Final Loss: 3.2146 | Final Train Acc: 20.37%
2025-08-23 14:54:25,113 - client_100 - INFO - [Client 1] Completed local epoch 6/32 | Final Loss: 3.1201 | Final Train Acc: 22.18%
2025-08-23 14:54:43,318 - client_100 - INFO - [Client 1] Completed local epoch 7/32 | Final Loss: 3.0147 | Final Train Acc: 24.11%
2025-08-23 14:55:01,466 - client_100 - INFO - [Client 1] Completed local epoch 8/32 | Final Loss: 2.9241 | Final Train Acc: 25.96%
2025-08-23 14:55:21,209 - client_100 - INFO - [Client 1] Completed local epoch 9/32 | Final Loss: 2.8591 | Final Train Acc: 27.30%
2025-08-23 14:55:39,141 - client_100 - INFO - [Client 1] Completed local epoch 10/32 | Final Loss: 2.7793 | Final Train Acc: 28.64%
2025-08-23 14:55:57,221 - client_100 - INFO - [Client 1] Completed local epoch 11/32 | Final Loss: 2.7228 | Final Train Acc: 30.07%
2025-08-23 14:56:16,799 - client_100 - INFO - [Client 1] Completed local epoch 12/32 | Final Loss: 2.6535 | Final Train Acc: 31.75%
2025-08-23 14:56:34,589 - client_100 - INFO - [Client 1] Completed local epoch 13/32 | Final Loss: 2.5989 | Final Train Acc: 32.34%
2025-08-23 14:56:52,678 - client_100 - INFO - [Client 1] Completed local epoch 14/32 | Final Loss: 2.5517 | Final Train Acc: 33.74%
2025-08-23 14:57:12,438 - client_100 - INFO - [Client 1] Completed local epoch 15/32 | Final Loss: 2.5008 | Final Train Acc: 34.38%
2025-08-23 14:57:30,459 - client_100 - INFO - [Client 1] Completed local epoch 16/32 | Final Loss: 2.4694 | Final Train Acc: 35.38%
2025-08-23 14:57:48,602 - client_100 - INFO - [Client 1] Completed local epoch 17/32 | Final Loss: 2.4335 | Final Train Acc: 36.34%
2025-08-23 14:58:08,274 - client_100 - INFO - [Client 1] Completed local epoch 18/32 | Final Loss: 2.3978 | Final Train Acc: 37.16%
2025-08-23 14:58:26,284 - client_100 - INFO - [Client 1] Completed local epoch 19/32 | Final Loss: 2.3685 | Final Train Acc: 37.58%
2025-08-23 14:58:44,527 - client_100 - INFO - [Client 1] Completed local epoch 20/32 | Final Loss: 2.3143 | Final Train Acc: 38.90%
2025-08-23 14:59:03,999 - client_100 - INFO - [Client 1] Completed local epoch 21/32 | Final Loss: 2.2874 | Final Train Acc: 39.30%
2025-08-23 14:59:22,101 - client_100 - INFO - [Client 1] Completed local epoch 22/32 | Final Loss: 2.2721 | Final Train Acc: 39.67%
2025-08-23 14:59:39,894 - client_100 - INFO - [Client 1] Completed local epoch 23/32 | Final Loss: 2.2416 | Final Train Acc: 40.30%
2025-08-23 14:59:59,492 - client_100 - INFO - [Client 1] Completed local epoch 24/32 | Final Loss: 2.1989 | Final Train Acc: 41.19%
2025-08-23 15:00:17,463 - client_100 - INFO - [Client 1] Completed local epoch 25/32 | Final Loss: 2.1779 | Final Train Acc: 41.34%
2025-08-23 15:00:35,152 - client_100 - INFO - [Client 1] Completed local epoch 26/32 | Final Loss: 2.1678 | Final Train Acc: 42.22%
2025-08-23 15:00:54,815 - client_100 - INFO - [Client 1] Completed local epoch 27/32 | Final Loss: 2.1228 | Final Train Acc: 42.85%
2025-08-23 15:01:12,874 - client_100 - INFO - [Client 1] Completed local epoch 28/32 | Final Loss: 2.1087 | Final Train Acc: 43.41%
2025-08-23 15:01:30,517 - client_100 - INFO - [Client 1] Completed local epoch 29/32 | Final Loss: 2.0943 | Final Train Acc: 43.57%
2025-08-23 15:01:49,908 - client_100 - INFO - [Client 1] Completed local epoch 30/32 | Final Loss: 2.0690 | Final Train Acc: 44.19%
2025-08-23 15:02:08,009 - client_100 - INFO - [Client 1] Completed local epoch 31/32 | Final Loss: 2.0569 | Final Train Acc: 44.42%
2025-08-23 15:02:25,699 - client_100 - INFO - [Client 1] Completed local epoch 32/32 | Final Loss: 2.0486 | Final Train Acc: 44.52%
2025-08-23 15:02:37,638 - client_100 - INFO - --- Round 2/4 (tau = 32) ---
2025-08-23 15:02:46,486 - client_100 - INFO - [Client 0] Completed local epoch 1/32 | Final Loss: 2.6812 | Final Train Acc: 31.30%
2025-08-23 15:03:04,414 - client_100 - INFO - [Client 0] Completed local epoch 2/32 | Final Loss: 2.4493 | Final Train Acc: 35.56%
2025-08-23 15:03:22,591 - client_100 - INFO - [Client 0] Completed local epoch 3/32 | Final Loss: 2.3354 | Final Train Acc: 38.07%
2025-08-23 15:03:42,053 - client_100 - INFO - [Client 0] Completed local epoch 4/32 | Final Loss: 2.2744 | Final Train Acc: 39.87%
2025-08-23 15:04:00,020 - client_100 - INFO - [Client 0] Completed local epoch 5/32 | Final Loss: 2.2012 | Final Train Acc: 41.27%
2025-08-23 15:04:18,128 - client_100 - INFO - [Client 0] Completed local epoch 6/32 | Final Loss: 2.1350 | Final Train Acc: 42.55%
2025-08-23 15:04:37,817 - client_100 - INFO - [Client 0] Completed local epoch 7/32 | Final Loss: 2.1075 | Final Train Acc: 43.12%
2025-08-23 15:04:55,982 - client_100 - INFO - [Client 0] Completed local epoch 8/32 | Final Loss: 2.0600 | Final Train Acc: 44.60%
2025-08-23 15:05:14,395 - client_100 - INFO - [Client 0] Completed local epoch 9/32 | Final Loss: 2.0269 | Final Train Acc: 45.10%
2025-08-23 15:05:34,226 - client_100 - INFO - [Client 0] Completed local epoch 10/32 | Final Loss: 1.9970 | Final Train Acc: 45.57%
2025-08-23 15:05:52,143 - client_100 - INFO - [Client 0] Completed local epoch 11/32 | Final Loss: 1.9758 | Final Train Acc: 46.35%
2025-08-23 15:06:10,807 - client_100 - INFO - [Client 0] Completed local epoch 12/32 | Final Loss: 1.9334 | Final Train Acc: 47.38%
2025-08-23 15:06:30,193 - client_100 - INFO - [Client 0] Completed local epoch 13/32 | Final Loss: 1.9159 | Final Train Acc: 47.50%
2025-08-23 15:06:48,062 - client_100 - INFO - [Client 0] Completed local epoch 14/32 | Final Loss: 1.9038 | Final Train Acc: 47.94%
2025-08-23 15:07:07,049 - client_100 - INFO - [Client 0] Completed local epoch 15/32 | Final Loss: 1.8629 | Final Train Acc: 49.00%
2025-08-23 15:07:26,199 - client_100 - INFO - [Client 0] Completed local epoch 16/32 | Final Loss: 1.8602 | Final Train Acc: 48.96%
2025-08-23 15:07:43,859 - client_100 - INFO - [Client 0] Completed local epoch 17/32 | Final Loss: 1.8298 | Final Train Acc: 49.77%
2025-08-23 15:08:02,444 - client_100 - INFO - [Client 0] Completed local epoch 18/32 | Final Loss: 1.8184 | Final Train Acc: 50.02%
2025-08-23 15:08:21,291 - client_100 - INFO - [Client 0] Completed local epoch 19/32 | Final Loss: 1.8101 | Final Train Acc: 50.02%
2025-08-23 15:08:38,913 - client_100 - INFO - [Client 0] Completed local epoch 20/32 | Final Loss: 1.8009 | Final Train Acc: 50.07%
2025-08-23 15:08:57,557 - client_100 - INFO - [Client 0] Completed local epoch 21/32 | Final Loss: 1.7788 | Final Train Acc: 50.60%
2025-08-23 15:09:16,799 - client_100 - INFO - [Client 0] Completed local epoch 22/32 | Final Loss: 1.7570 | Final Train Acc: 51.27%
2025-08-23 15:09:34,840 - client_100 - INFO - [Client 0] Completed local epoch 23/32 | Final Loss: 1.7239 | Final Train Acc: 52.15%
2025-08-23 15:09:53,291 - client_100 - INFO - [Client 0] Completed local epoch 24/32 | Final Loss: 1.7315 | Final Train Acc: 51.88%
2025-08-23 15:10:12,421 - client_100 - INFO - [Client 0] Completed local epoch 25/32 | Final Loss: 1.7153 | Final Train Acc: 52.12%
2025-08-23 15:10:30,529 - client_100 - INFO - [Client 0] Completed local epoch 26/32 | Final Loss: 1.7098 | Final Train Acc: 52.52%
2025-08-23 15:10:48,865 - client_100 - INFO - [Client 0] Completed local epoch 27/32 | Final Loss: 1.7059 | Final Train Acc: 52.38%
2025-08-23 15:11:08,093 - client_100 - INFO - [Client 0] Completed local epoch 28/32 | Final Loss: 1.6763 | Final Train Acc: 52.85%
2025-08-23 15:11:25,958 - client_100 - INFO - [Client 0] Completed local epoch 29/32 | Final Loss: 1.6800 | Final Train Acc: 52.92%
2025-08-23 15:11:44,162 - client_100 - INFO - [Client 0] Completed local epoch 30/32 | Final Loss: 1.6736 | Final Train Acc: 53.06%
2025-08-23 15:12:03,528 - client_100 - INFO - [Client 0] Completed local epoch 31/32 | Final Loss: 1.6498 | Final Train Acc: 54.05%
2025-08-23 15:12:21,587 - client_100 - INFO - [Client 0] Completed local epoch 32/32 | Final Loss: 1.6596 | Final Train Acc: 53.33%
2025-08-23 15:12:39,930 - client_100 - INFO - [Client 1] Completed local epoch 1/32 | Final Loss: 2.6397 | Final Train Acc: 31.59%
2025-08-23 15:12:59,729 - client_100 - INFO - [Client 1] Completed local epoch 2/32 | Final Loss: 2.4203 | Final Train Acc: 36.32%
2025-08-23 15:13:17,826 - client_100 - INFO - [Client 1] Completed local epoch 3/32 | Final Loss: 2.3303 | Final Train Acc: 37.83%
2025-08-23 15:13:36,302 - client_100 - INFO - [Client 1] Completed local epoch 4/32 | Final Loss: 2.2307 | Final Train Acc: 40.44%
2025-08-23 15:13:55,768 - client_100 - INFO - [Client 1] Completed local epoch 5/32 | Final Loss: 2.1777 | Final Train Acc: 41.78%
2025-08-23 15:14:13,662 - client_100 - INFO - [Client 1] Completed local epoch 6/32 | Final Loss: 2.1367 | Final Train Acc: 42.41%
2025-08-23 15:14:31,567 - client_100 - INFO - [Client 1] Completed local epoch 7/32 | Final Loss: 2.0908 | Final Train Acc: 43.57%
2025-08-23 15:14:51,288 - client_100 - INFO - [Client 1] Completed local epoch 8/32 | Final Loss: 2.0449 | Final Train Acc: 44.43%
2025-08-23 15:15:09,280 - client_100 - INFO - [Client 1] Completed local epoch 9/32 | Final Loss: 2.0178 | Final Train Acc: 45.26%
2025-08-23 15:15:27,012 - client_100 - INFO - [Client 1] Completed local epoch 10/32 | Final Loss: 1.9803 | Final Train Acc: 46.24%
2025-08-23 15:15:46,904 - client_100 - INFO - [Client 1] Completed local epoch 11/32 | Final Loss: 1.9336 | Final Train Acc: 47.36%
2025-08-23 15:16:05,086 - client_100 - INFO - [Client 1] Completed local epoch 12/32 | Final Loss: 1.9367 | Final Train Acc: 46.77%
2025-08-23 15:16:22,891 - client_100 - INFO - [Client 1] Completed local epoch 13/32 | Final Loss: 1.9005 | Final Train Acc: 48.15%
2025-08-23 15:16:42,489 - client_100 - INFO - [Client 1] Completed local epoch 14/32 | Final Loss: 1.8582 | Final Train Acc: 48.78%
2025-08-23 15:17:00,416 - client_100 - INFO - [Client 1] Completed local epoch 15/32 | Final Loss: 1.8632 | Final Train Acc: 48.88%
2025-08-23 15:17:18,277 - client_100 - INFO - [Client 1] Completed local epoch 16/32 | Final Loss: 1.8565 | Final Train Acc: 49.09%
2025-08-23 15:17:37,979 - client_100 - INFO - [Client 1] Completed local epoch 17/32 | Final Loss: 1.8229 | Final Train Acc: 50.03%
2025-08-23 15:17:55,990 - client_100 - INFO - [Client 1] Completed local epoch 18/32 | Final Loss: 1.8212 | Final Train Acc: 49.81%
2025-08-23 15:18:13,969 - client_100 - INFO - [Client 1] Completed local epoch 19/32 | Final Loss: 1.7882 | Final Train Acc: 50.41%
2025-08-23 15:18:33,674 - client_100 - INFO - [Client 1] Completed local epoch 20/32 | Final Loss: 1.7809 | Final Train Acc: 50.73%
2025-08-23 15:18:51,873 - client_100 - INFO - [Client 1] Completed local epoch 21/32 | Final Loss: 1.7712 | Final Train Acc: 50.78%
2025-08-23 15:19:09,556 - client_100 - INFO - [Client 1] Completed local epoch 22/32 | Final Loss: 1.7550 | Final Train Acc: 51.20%
2025-08-23 15:19:28,997 - client_100 - INFO - [Client 1] Completed local epoch 23/32 | Final Loss: 1.7545 | Final Train Acc: 51.23%
2025-08-23 15:19:47,038 - client_100 - INFO - [Client 1] Completed local epoch 24/32 | Final Loss: 1.7442 | Final Train Acc: 51.97%
2025-08-23 15:20:04,633 - client_100 - INFO - [Client 1] Completed local epoch 25/32 | Final Loss: 1.7024 | Final Train Acc: 52.49%
2025-08-23 15:20:23,917 - client_100 - INFO - [Client 1] Completed local epoch 26/32 | Final Loss: 1.6828 | Final Train Acc: 53.08%
2025-08-23 15:20:42,486 - client_100 - INFO - [Client 1] Completed local epoch 27/32 | Final Loss: 1.6915 | Final Train Acc: 52.74%
2025-08-23 15:21:00,468 - client_100 - INFO - [Client 1] Completed local epoch 28/32 | Final Loss: 1.6836 | Final Train Acc: 53.16%
2025-08-23 15:21:19,771 - client_100 - INFO - [Client 1] Completed local epoch 29/32 | Final Loss: 1.6641 | Final Train Acc: 53.38%
2025-08-23 15:21:38,359 - client_100 - INFO - [Client 1] Completed local epoch 30/32 | Final Loss: 1.6658 | Final Train Acc: 53.38%
2025-08-23 15:21:56,194 - client_100 - INFO - [Client 1] Completed local epoch 31/32 | Final Loss: 1.6506 | Final Train Acc: 53.62%
2025-08-23 15:22:15,610 - client_100 - INFO - [Client 1] Completed local epoch 32/32 | Final Loss: 1.6244 | Final Train Acc: 54.06%
2025-08-23 15:22:26,596 - client_100 - INFO - --- Round 3/4 (tau = 32) ---
2025-08-23 15:22:35,078 - client_100 - INFO - [Client 0] Completed local epoch 1/32 | Final Loss: 1.9970 | Final Train Acc: 46.29%
2025-08-23 15:22:53,370 - client_100 - INFO - [Client 0] Completed local epoch 2/32 | Final Loss: 1.9319 | Final Train Acc: 47.36%
2025-08-23 15:23:13,637 - client_100 - INFO - [Client 0] Completed local epoch 3/32 | Final Loss: 1.8901 | Final Train Acc: 48.61%
2025-08-23 15:23:31,717 - client_100 - INFO - [Client 0] Completed local epoch 4/32 | Final Loss: 1.8453 | Final Train Acc: 48.81%
2025-08-23 15:23:50,131 - client_100 - INFO - [Client 0] Completed local epoch 5/32 | Final Loss: 1.8167 | Final Train Acc: 50.30%
2025-08-23 15:24:09,942 - client_100 - INFO - [Client 0] Completed local epoch 6/32 | Final Loss: 1.7996 | Final Train Acc: 50.60%
2025-08-23 15:24:28,017 - client_100 - INFO - [Client 0] Completed local epoch 7/32 | Final Loss: 1.8017 | Final Train Acc: 50.35%
2025-08-23 15:24:45,865 - client_100 - INFO - [Client 0] Completed local epoch 8/32 | Final Loss: 1.7734 | Final Train Acc: 51.05%
2025-08-23 15:25:05,521 - client_100 - INFO - [Client 0] Completed local epoch 9/32 | Final Loss: 1.7353 | Final Train Acc: 51.80%
2025-08-23 15:25:23,542 - client_100 - INFO - [Client 0] Completed local epoch 10/32 | Final Loss: 1.7214 | Final Train Acc: 52.12%
2025-08-23 15:25:41,667 - client_100 - INFO - [Client 0] Completed local epoch 11/32 | Final Loss: 1.7206 | Final Train Acc: 52.21%
2025-08-23 15:26:01,488 - client_100 - INFO - [Client 0] Completed local epoch 12/32 | Final Loss: 1.7059 | Final Train Acc: 52.05%
2025-08-23 15:26:19,754 - client_100 - INFO - [Client 0] Completed local epoch 13/32 | Final Loss: 1.6718 | Final Train Acc: 52.98%
2025-08-23 15:26:37,612 - client_100 - INFO - [Client 0] Completed local epoch 14/32 | Final Loss: 1.6708 | Final Train Acc: 53.40%
2025-08-23 15:26:57,495 - client_100 - INFO - [Client 0] Completed local epoch 15/32 | Final Loss: 1.6523 | Final Train Acc: 53.62%
2025-08-23 15:27:15,851 - client_100 - INFO - [Client 0] Completed local epoch 16/32 | Final Loss: 1.6460 | Final Train Acc: 53.95%
2025-08-23 15:27:33,597 - client_100 - INFO - [Client 0] Completed local epoch 17/32 | Final Loss: 1.6359 | Final Train Acc: 53.83%
2025-08-23 15:27:53,304 - client_100 - INFO - [Client 0] Completed local epoch 18/32 | Final Loss: 1.6236 | Final Train Acc: 54.30%
2025-08-23 15:28:11,675 - client_100 - INFO - [Client 0] Completed local epoch 19/32 | Final Loss: 1.6138 | Final Train Acc: 54.38%
2025-08-23 15:28:29,383 - client_100 - INFO - [Client 0] Completed local epoch 20/32 | Final Loss: 1.6084 | Final Train Acc: 54.29%
2025-08-23 15:28:49,012 - client_100 - INFO - [Client 0] Completed local epoch 21/32 | Final Loss: 1.6127 | Final Train Acc: 54.56%
2025-08-23 15:29:07,184 - client_100 - INFO - [Client 0] Completed local epoch 22/32 | Final Loss: 1.5903 | Final Train Acc: 55.48%
2025-08-23 15:29:24,944 - client_100 - INFO - [Client 0] Completed local epoch 23/32 | Final Loss: 1.5796 | Final Train Acc: 55.41%
2025-08-23 15:29:44,833 - client_100 - INFO - [Client 0] Completed local epoch 24/32 | Final Loss: 1.5636 | Final Train Acc: 55.78%
2025-08-23 15:30:03,390 - client_100 - INFO - [Client 0] Completed local epoch 25/32 | Final Loss: 1.5736 | Final Train Acc: 55.58%
2025-08-23 15:30:21,277 - client_100 - INFO - [Client 0] Completed local epoch 26/32 | Final Loss: 1.5651 | Final Train Acc: 55.34%
2025-08-23 15:30:40,819 - client_100 - INFO - [Client 0] Completed local epoch 27/32 | Final Loss: 1.5588 | Final Train Acc: 56.01%
2025-08-23 15:30:59,141 - client_100 - INFO - [Client 0] Completed local epoch 28/32 | Final Loss: 1.5403 | Final Train Acc: 56.21%
2025-08-23 15:31:17,424 - client_100 - INFO - [Client 0] Completed local epoch 29/32 | Final Loss: 1.5446 | Final Train Acc: 56.59%
2025-08-23 15:31:37,147 - client_100 - INFO - [Client 0] Completed local epoch 30/32 | Final Loss: 1.5330 | Final Train Acc: 56.09%
2025-08-23 15:31:55,610 - client_100 - INFO - [Client 0] Completed local epoch 31/32 | Final Loss: 1.5387 | Final Train Acc: 56.77%
2025-08-23 15:32:13,419 - client_100 - INFO - [Client 0] Completed local epoch 32/32 | Final Loss: 1.5226 | Final Train Acc: 56.95%
2025-08-23 15:32:32,999 - client_100 - INFO - [Client 1] Completed local epoch 1/32 | Final Loss: 1.9700 | Final Train Acc: 46.72%
2025-08-23 15:32:51,478 - client_100 - INFO - [Client 1] Completed local epoch 2/32 | Final Loss: 1.9071 | Final Train Acc: 47.52%
2025-08-23 15:33:09,215 - client_100 - INFO - [Client 1] Completed local epoch 3/32 | Final Loss: 1.8828 | Final Train Acc: 48.38%
2025-08-23 15:33:28,484 - client_100 - INFO - [Client 1] Completed local epoch 4/32 | Final Loss: 1.8469 | Final Train Acc: 49.24%
2025-08-23 15:33:46,764 - client_100 - INFO - [Client 1] Completed local epoch 5/32 | Final Loss: 1.8242 | Final Train Acc: 49.78%
2025-08-23 15:34:04,344 - client_100 - INFO - [Client 1] Completed local epoch 6/32 | Final Loss: 1.7949 | Final Train Acc: 50.58%
2025-08-23 15:34:23,517 - client_100 - INFO - [Client 1] Completed local epoch 7/32 | Final Loss: 1.7674 | Final Train Acc: 51.33%
2025-08-23 15:34:41,903 - client_100 - INFO - [Client 1] Completed local epoch 8/32 | Final Loss: 1.7490 | Final Train Acc: 51.38%
2025-08-23 15:34:59,966 - client_100 - INFO - [Client 1] Completed local epoch 9/32 | Final Loss: 1.7347 | Final Train Acc: 51.69%
2025-08-23 15:35:18,994 - client_100 - INFO - [Client 1] Completed local epoch 10/32 | Final Loss: 1.7148 | Final Train Acc: 52.24%
2025-08-23 15:35:37,602 - client_100 - INFO - [Client 1] Completed local epoch 11/32 | Final Loss: 1.7001 | Final Train Acc: 52.52%
2025-08-23 15:35:55,333 - client_100 - INFO - [Client 1] Completed local epoch 12/32 | Final Loss: 1.6872 | Final Train Acc: 52.75%
2025-08-23 15:36:14,037 - client_100 - INFO - [Client 1] Completed local epoch 13/32 | Final Loss: 1.6481 | Final Train Acc: 54.03%
2025-08-23 15:36:32,964 - client_100 - INFO - [Client 1] Completed local epoch 14/32 | Final Loss: 1.6434 | Final Train Acc: 53.65%
2025-08-23 15:36:50,847 - client_100 - INFO - [Client 1] Completed local epoch 15/32 | Final Loss: 1.6351 | Final Train Acc: 54.10%
2025-08-23 15:37:10,017 - client_100 - INFO - [Client 1] Completed local epoch 16/32 | Final Loss: 1.6270 | Final Train Acc: 54.10%
2025-08-23 15:37:28,436 - client_100 - INFO - [Client 1] Completed local epoch 17/32 | Final Loss: 1.6233 | Final Train Acc: 54.66%
2025-08-23 15:37:46,210 - client_100 - INFO - [Client 1] Completed local epoch 18/32 | Final Loss: 1.6223 | Final Train Acc: 54.47%
2025-08-23 15:38:05,283 - client_100 - INFO - [Client 1] Completed local epoch 19/32 | Final Loss: 1.6053 | Final Train Acc: 54.73%
2025-08-23 15:38:24,216 - client_100 - INFO - [Client 1] Completed local epoch 20/32 | Final Loss: 1.5922 | Final Train Acc: 54.86%
2025-08-23 15:38:42,111 - client_100 - INFO - [Client 1] Completed local epoch 21/32 | Final Loss: 1.6010 | Final Train Acc: 54.84%
2025-08-23 15:39:01,390 - client_100 - INFO - [Client 1] Completed local epoch 22/32 | Final Loss: 1.5961 | Final Train Acc: 54.72%
2025-08-23 15:39:20,133 - client_100 - INFO - [Client 1] Completed local epoch 23/32 | Final Loss: 1.5647 | Final Train Acc: 55.94%
2025-08-23 15:39:38,031 - client_100 - INFO - [Client 1] Completed local epoch 24/32 | Final Loss: 1.5598 | Final Train Acc: 56.17%
2025-08-23 15:39:57,729 - client_100 - INFO - [Client 1] Completed local epoch 25/32 | Final Loss: 1.5595 | Final Train Acc: 56.10%
2025-08-23 15:40:16,462 - client_100 - INFO - [Client 1] Completed local epoch 26/32 | Final Loss: 1.5568 | Final Train Acc: 55.66%
2025-08-23 15:40:34,608 - client_100 - INFO - [Client 1] Completed local epoch 27/32 | Final Loss: 1.5531 | Final Train Acc: 56.01%
2025-08-23 15:40:54,419 - client_100 - INFO - [Client 1] Completed local epoch 28/32 | Final Loss: 1.5317 | Final Train Acc: 57.02%
2025-08-23 15:41:13,006 - client_100 - INFO - [Client 1] Completed local epoch 29/32 | Final Loss: 1.5354 | Final Train Acc: 56.62%
2025-08-23 15:41:31,177 - client_100 - INFO - [Client 1] Completed local epoch 30/32 | Final Loss: 1.5308 | Final Train Acc: 56.33%
2025-08-23 15:41:51,067 - client_100 - INFO - [Client 1] Completed local epoch 31/32 | Final Loss: 1.5073 | Final Train Acc: 56.94%
2025-08-23 15:42:09,431 - client_100 - INFO - [Client 1] Completed local epoch 32/32 | Final Loss: 1.5111 | Final Train Acc: 56.46%
2025-08-23 15:42:21,094 - client_100 - INFO - --- Round 4/4 (tau = 32) ---
2025-08-23 15:42:29,055 - client_100 - INFO - [Client 0] Completed local epoch 1/32 | Final Loss: 1.7809 | Final Train Acc: 50.81%
2025-08-23 15:42:48,457 - client_100 - INFO - [Client 0] Completed local epoch 2/32 | Final Loss: 1.7466 | Final Train Acc: 51.80%
2025-08-23 15:43:06,343 - client_100 - INFO - [Client 0] Completed local epoch 3/32 | Final Loss: 1.7051 | Final Train Acc: 52.73%
2025-08-23 15:43:24,482 - client_100 - INFO - [Client 0] Completed local epoch 4/32 | Final Loss: 1.6961 | Final Train Acc: 53.13%
2025-08-23 15:43:44,026 - client_100 - INFO - [Client 0] Completed local epoch 5/32 | Final Loss: 1.6781 | Final Train Acc: 52.94%
2025-08-23 15:44:02,019 - client_100 - INFO - [Client 0] Completed local epoch 6/32 | Final Loss: 1.6604 | Final Train Acc: 53.64%
2025-08-23 15:44:20,187 - client_100 - INFO - [Client 0] Completed local epoch 7/32 | Final Loss: 1.6630 | Final Train Acc: 53.34%
2025-08-23 15:44:39,505 - client_100 - INFO - [Client 0] Completed local epoch 8/32 | Final Loss: 1.6258 | Final Train Acc: 54.66%
2025-08-23 15:44:57,638 - client_100 - INFO - [Client 0] Completed local epoch 9/32 | Final Loss: 1.6350 | Final Train Acc: 54.09%
2025-08-23 15:45:15,715 - client_100 - INFO - [Client 0] Completed local epoch 10/32 | Final Loss: 1.5803 | Final Train Acc: 55.28%
2025-08-23 15:45:35,695 - client_100 - INFO - [Client 0] Completed local epoch 11/32 | Final Loss: 1.6203 | Final Train Acc: 54.26%
2025-08-23 15:45:53,730 - client_100 - INFO - [Client 0] Completed local epoch 12/32 | Final Loss: 1.5776 | Final Train Acc: 55.49%
2025-08-23 15:46:12,171 - client_100 - INFO - [Client 0] Completed local epoch 13/32 | Final Loss: 1.5770 | Final Train Acc: 55.50%
2025-08-23 15:46:31,885 - client_100 - INFO - [Client 0] Completed local epoch 14/32 | Final Loss: 1.5720 | Final Train Acc: 55.58%
2025-08-23 15:46:50,128 - client_100 - INFO - [Client 0] Completed local epoch 15/32 | Final Loss: 1.5502 | Final Train Acc: 56.44%
2025-08-23 15:47:09,053 - client_100 - INFO - [Client 0] Completed local epoch 16/32 | Final Loss: 1.5442 | Final Train Acc: 55.95%
2025-08-23 15:47:28,232 - client_100 - INFO - [Client 0] Completed local epoch 17/32 | Final Loss: 1.5509 | Final Train Acc: 56.23%
2025-08-23 15:47:46,127 - client_100 - INFO - [Client 0] Completed local epoch 18/32 | Final Loss: 1.5368 | Final Train Acc: 56.45%
2025-08-23 15:48:04,900 - client_100 - INFO - [Client 0] Completed local epoch 19/32 | Final Loss: 1.5315 | Final Train Acc: 56.73%
2025-08-23 15:48:24,194 - client_100 - INFO - [Client 0] Completed local epoch 20/32 | Final Loss: 1.5117 | Final Train Acc: 56.84%
2025-08-23 15:48:42,232 - client_100 - INFO - [Client 0] Completed local epoch 21/32 | Final Loss: 1.5183 | Final Train Acc: 56.98%
2025-08-23 15:49:00,979 - client_100 - INFO - [Client 0] Completed local epoch 22/32 | Final Loss: 1.5209 | Final Train Acc: 56.88%
2025-08-23 15:49:19,871 - client_100 - INFO - [Client 0] Completed local epoch 23/32 | Final Loss: 1.5228 | Final Train Acc: 57.05%
2025-08-23 15:49:37,639 - client_100 - INFO - [Client 0] Completed local epoch 24/32 | Final Loss: 1.4962 | Final Train Acc: 57.37%
2025-08-23 15:49:55,931 - client_100 - INFO - [Client 0] Completed local epoch 25/32 | Final Loss: 1.4897 | Final Train Acc: 57.66%
2025-08-23 15:50:15,356 - client_100 - INFO - [Client 0] Completed local epoch 26/32 | Final Loss: 1.4925 | Final Train Acc: 57.57%
2025-08-23 15:50:33,536 - client_100 - INFO - [Client 0] Completed local epoch 27/32 | Final Loss: 1.4923 | Final Train Acc: 57.57%
2025-08-23 15:50:51,779 - client_100 - INFO - [Client 0] Completed local epoch 28/32 | Final Loss: 1.4991 | Final Train Acc: 57.16%
2025-08-23 15:51:11,569 - client_100 - INFO - [Client 0] Completed local epoch 29/32 | Final Loss: 1.4678 | Final Train Acc: 57.97%
2025-08-23 15:51:29,565 - client_100 - INFO - [Client 0] Completed local epoch 30/32 | Final Loss: 1.4687 | Final Train Acc: 57.77%
2025-08-23 15:51:48,142 - client_100 - INFO - [Client 0] Completed local epoch 31/32 | Final Loss: 1.4660 | Final Train Acc: 58.26%
2025-08-23 15:52:07,950 - client_100 - INFO - [Client 0] Completed local epoch 32/32 | Final Loss: 1.4733 | Final Train Acc: 58.17%
2025-08-23 15:52:25,761 - client_100 - INFO - [Client 1] Completed local epoch 1/32 | Final Loss: 1.7457 | Final Train Acc: 51.81%
2025-08-23 15:52:43,743 - client_100 - INFO - [Client 1] Completed local epoch 2/32 | Final Loss: 1.7390 | Final Train Acc: 51.82%
2025-08-23 15:53:03,101 - client_100 - INFO - [Client 1] Completed local epoch 3/32 | Final Loss: 1.6877 | Final Train Acc: 52.54%
2025-08-23 15:53:21,019 - client_100 - INFO - [Client 1] Completed local epoch 4/32 | Final Loss: 1.6738 | Final Train Acc: 53.21%
2025-08-23 15:53:39,220 - client_100 - INFO - [Client 1] Completed local epoch 5/32 | Final Loss: 1.6565 | Final Train Acc: 53.62%
2025-08-23 15:53:58,895 - client_100 - INFO - [Client 1] Completed local epoch 6/32 | Final Loss: 1.6461 | Final Train Acc: 54.10%
2025-08-23 15:54:16,852 - client_100 - INFO - [Client 1] Completed local epoch 7/32 | Final Loss: 1.6336 | Final Train Acc: 54.29%
2025-08-23 15:54:34,475 - client_100 - INFO - [Client 1] Completed local epoch 8/32 | Final Loss: 1.6213 | Final Train Acc: 54.41%
2025-08-23 15:54:54,297 - client_100 - INFO - [Client 1] Completed local epoch 9/32 | Final Loss: 1.6268 | Final Train Acc: 54.33%
2025-08-23 15:55:12,599 - client_100 - INFO - [Client 1] Completed local epoch 10/32 | Final Loss: 1.5861 | Final Train Acc: 54.70%
2025-08-23 15:55:30,939 - client_100 - INFO - [Client 1] Completed local epoch 11/32 | Final Loss: 1.5823 | Final Train Acc: 55.53%
2025-08-23 15:55:50,559 - client_100 - INFO - [Client 1] Completed local epoch 12/32 | Final Loss: 1.5709 | Final Train Acc: 55.32%
2025-08-23 15:56:08,795 - client_100 - INFO - [Client 1] Completed local epoch 13/32 | Final Loss: 1.5719 | Final Train Acc: 55.52%
2025-08-23 15:56:26,822 - client_100 - INFO - [Client 1] Completed local epoch 14/32 | Final Loss: 1.5492 | Final Train Acc: 56.32%
2025-08-23 15:56:46,320 - client_100 - INFO - [Client 1] Completed local epoch 15/32 | Final Loss: 1.5439 | Final Train Acc: 56.13%
2025-08-23 15:57:04,363 - client_100 - INFO - [Client 1] Completed local epoch 16/32 | Final Loss: 1.5393 | Final Train Acc: 56.48%
2025-08-23 15:57:22,303 - client_100 - INFO - [Client 1] Completed local epoch 17/32 | Final Loss: 1.5327 | Final Train Acc: 56.62%
2025-08-23 15:57:42,145 - client_100 - INFO - [Client 1] Completed local epoch 18/32 | Final Loss: 1.5170 | Final Train Acc: 56.84%
2025-08-23 15:58:00,048 - client_100 - INFO - [Client 1] Completed local epoch 19/32 | Final Loss: 1.5106 | Final Train Acc: 57.09%
2025-08-23 15:58:17,782 - client_100 - INFO - [Client 1] Completed local epoch 20/32 | Final Loss: 1.5099 | Final Train Acc: 57.16%
2025-08-23 15:58:37,502 - client_100 - INFO - [Client 1] Completed local epoch 21/32 | Final Loss: 1.4890 | Final Train Acc: 57.80%
2025-08-23 15:58:55,500 - client_100 - INFO - [Client 1] Completed local epoch 22/32 | Final Loss: 1.4873 | Final Train Acc: 57.51%
2025-08-23 15:59:13,330 - client_100 - INFO - [Client 1] Completed local epoch 23/32 | Final Loss: 1.4924 | Final Train Acc: 57.38%
2025-08-23 15:59:32,890 - client_100 - INFO - [Client 1] Completed local epoch 24/32 | Final Loss: 1.4963 | Final Train Acc: 57.18%
2025-08-23 15:59:51,206 - client_100 - INFO - [Client 1] Completed local epoch 25/32 | Final Loss: 1.4857 | Final Train Acc: 58.00%
2025-08-23 16:00:09,106 - client_100 - INFO - [Client 1] Completed local epoch 26/32 | Final Loss: 1.4792 | Final Train Acc: 57.54%
2025-08-23 16:00:28,991 - client_100 - INFO - [Client 1] Completed local epoch 27/32 | Final Loss: 1.4606 | Final Train Acc: 58.02%
2025-08-23 16:00:47,333 - client_100 - INFO - [Client 1] Completed local epoch 28/32 | Final Loss: 1.4662 | Final Train Acc: 58.38%
2025-08-23 16:01:05,209 - client_100 - INFO - [Client 1] Completed local epoch 29/32 | Final Loss: 1.4641 | Final Train Acc: 58.42%
2025-08-23 16:01:25,114 - client_100 - INFO - [Client 1] Completed local epoch 30/32 | Final Loss: 1.4604 | Final Train Acc: 58.54%
2025-08-23 16:01:43,550 - client_100 - INFO - [Client 1] Completed local epoch 31/32 | Final Loss: 1.4509 | Final Train Acc: 58.25%
2025-08-23 16:02:01,724 - client_100 - INFO - [Client 1] Completed local epoch 32/32 | Final Loss: 1.4413 | Final Train Acc: 58.67%
2025-08-23 16:02:13,932 - client_100 - INFO - --- Final round (tau = 22) ---
