2025-08-23 15:19:01,191 - client_100 - INFO - Started training for Client 100
2025-08-23 15:19:01,191 - client_100 - INFO - Log file: logs/localSGD_lenet5_seq_cifar100_w2_20250823_151901_client100.log
2025-08-23 15:19:01,191 - client_100 - INFO - Simulating LocalSGD training with 2 clients (sequential execution)
2025-08-23 15:19:01,191 - client_100 - INFO - Device: cuda
2025-08-23 15:19:01,191 - client_100 - INFO - Config: batch_size=128, lr=0.05, epochs=150, tau=16
2025-08-23 15:19:03,100 - client_100 - INFO - [INFO] Total train set size: 40000
2025-08-23 15:19:03,250 - client_100 - INFO - --- Round 1/9 (tau = 16) ---
2025-08-23 15:19:07,934 - client_100 - INFO - [Client 0] Completed local epoch 1/16 | Final Loss: 4.2660 | Final Train Acc: 5.59%
2025-08-23 15:19:20,653 - client_100 - INFO - [Client 0] Completed local epoch 2/16 | Final Loss: 3.7937 | Final Train Acc: 11.18%
2025-08-23 15:19:33,191 - client_100 - INFO - [Client 0] Completed local epoch 3/16 | Final Loss: 3.5945 | Final Train Acc: 14.53%
2025-08-23 15:19:45,777 - client_100 - INFO - [Client 0] Completed local epoch 4/16 | Final Loss: 3.4570 | Final Train Acc: 16.75%
2025-08-23 15:19:58,370 - client_100 - INFO - [Client 0] Completed local epoch 5/16 | Final Loss: 3.3101 | Final Train Acc: 18.98%
2025-08-23 15:20:10,922 - client_100 - INFO - [Client 0] Completed local epoch 6/16 | Final Loss: 3.0985 | Final Train Acc: 23.05%
2025-08-23 15:20:23,350 - client_100 - INFO - [Client 0] Completed local epoch 7/16 | Final Loss: 2.9337 | Final Train Acc: 26.20%
2025-08-23 15:20:35,831 - client_100 - INFO - [Client 0] Completed local epoch 8/16 | Final Loss: 2.8189 | Final Train Acc: 28.20%
2025-08-23 15:20:48,504 - client_100 - INFO - [Client 0] Completed local epoch 9/16 | Final Loss: 2.7289 | Final Train Acc: 29.91%
2025-08-23 15:21:01,459 - client_100 - INFO - [Client 0] Completed local epoch 10/16 | Final Loss: 2.6318 | Final Train Acc: 32.02%
2025-08-23 15:21:15,192 - client_100 - INFO - [Client 0] Completed local epoch 11/16 | Final Loss: 2.5749 | Final Train Acc: 32.78%
2025-08-23 15:21:28,297 - client_100 - INFO - [Client 0] Completed local epoch 12/16 | Final Loss: 2.5200 | Final Train Acc: 34.19%
2025-08-23 15:21:42,000 - client_100 - INFO - [Client 0] Completed local epoch 13/16 | Final Loss: 2.4526 | Final Train Acc: 35.60%
2025-08-23 15:21:56,059 - client_100 - INFO - [Client 0] Completed local epoch 14/16 | Final Loss: 2.4128 | Final Train Acc: 36.98%
2025-08-23 15:22:10,063 - client_100 - INFO - [Client 0] Completed local epoch 15/16 | Final Loss: 2.3509 | Final Train Acc: 37.70%
2025-08-23 15:22:23,980 - client_100 - INFO - [Client 0] Completed local epoch 16/16 | Final Loss: 2.3020 | Final Train Acc: 38.70%
2025-08-23 15:22:37,478 - client_100 - INFO - [Client 1] Completed local epoch 1/16 | Final Loss: 4.2641 | Final Train Acc: 5.64%
2025-08-23 15:22:50,223 - client_100 - INFO - [Client 1] Completed local epoch 2/16 | Final Loss: 3.7724 | Final Train Acc: 11.47%
2025-08-23 15:23:02,893 - client_100 - INFO - [Client 1] Completed local epoch 3/16 | Final Loss: 3.5581 | Final Train Acc: 14.54%
2025-08-23 15:23:15,659 - client_100 - INFO - [Client 1] Completed local epoch 4/16 | Final Loss: 3.4262 | Final Train Acc: 16.80%
2025-08-23 15:23:28,609 - client_100 - INFO - [Client 1] Completed local epoch 5/16 | Final Loss: 3.2919 | Final Train Acc: 19.23%
2025-08-23 15:23:41,394 - client_100 - INFO - [Client 1] Completed local epoch 6/16 | Final Loss: 3.0865 | Final Train Acc: 23.09%
2025-08-23 15:23:53,749 - client_100 - INFO - [Client 1] Completed local epoch 7/16 | Final Loss: 2.9198 | Final Train Acc: 25.79%
2025-08-23 15:24:06,139 - client_100 - INFO - [Client 1] Completed local epoch 8/16 | Final Loss: 2.7928 | Final Train Acc: 28.77%
2025-08-23 15:24:18,821 - client_100 - INFO - [Client 1] Completed local epoch 9/16 | Final Loss: 2.7032 | Final Train Acc: 30.71%
2025-08-23 15:24:31,425 - client_100 - INFO - [Client 1] Completed local epoch 10/16 | Final Loss: 2.6176 | Final Train Acc: 32.49%
2025-08-23 15:24:44,070 - client_100 - INFO - [Client 1] Completed local epoch 11/16 | Final Loss: 2.5367 | Final Train Acc: 33.89%
2025-08-23 15:24:56,494 - client_100 - INFO - [Client 1] Completed local epoch 12/16 | Final Loss: 2.4933 | Final Train Acc: 34.96%
2025-08-23 15:25:09,098 - client_100 - INFO - [Client 1] Completed local epoch 13/16 | Final Loss: 2.4383 | Final Train Acc: 36.14%
2025-08-23 15:25:21,453 - client_100 - INFO - [Client 1] Completed local epoch 14/16 | Final Loss: 2.3832 | Final Train Acc: 37.24%
2025-08-23 15:25:33,971 - client_100 - INFO - [Client 1] Completed local epoch 15/16 | Final Loss: 2.3460 | Final Train Acc: 38.47%
2025-08-23 15:25:46,526 - client_100 - INFO - [Client 1] Completed local epoch 16/16 | Final Loss: 2.2877 | Final Train Acc: 39.43%
2025-08-23 15:25:54,881 - client_100 - INFO - --- Round 2/9 (tau = 16) ---
2025-08-23 15:25:59,333 - client_100 - INFO - [Client 0] Completed local epoch 1/16 | Final Loss: 2.3839 | Final Train Acc: 37.80%
2025-08-23 15:26:11,934 - client_100 - INFO - [Client 0] Completed local epoch 2/16 | Final Loss: 2.2859 | Final Train Acc: 39.49%
2025-08-23 15:26:24,415 - client_100 - INFO - [Client 0] Completed local epoch 3/16 | Final Loss: 2.3009 | Final Train Acc: 39.16%
2025-08-23 15:26:36,913 - client_100 - INFO - [Client 0] Completed local epoch 4/16 | Final Loss: 2.3194 | Final Train Acc: 38.63%
2025-08-23 15:26:49,413 - client_100 - INFO - [Client 0] Completed local epoch 5/16 | Final Loss: 2.3510 | Final Train Acc: 37.60%
2025-08-23 15:27:01,857 - client_100 - INFO - [Client 0] Completed local epoch 6/16 | Final Loss: 2.2994 | Final Train Acc: 39.01%
2025-08-23 15:27:14,237 - client_100 - INFO - [Client 0] Completed local epoch 7/16 | Final Loss: 2.2421 | Final Train Acc: 40.41%
2025-08-23 15:27:26,655 - client_100 - INFO - [Client 0] Completed local epoch 8/16 | Final Loss: 2.1945 | Final Train Acc: 41.73%
2025-08-23 15:27:39,423 - client_100 - INFO - [Client 0] Completed local epoch 9/16 | Final Loss: 2.1612 | Final Train Acc: 41.69%
2025-08-23 15:27:51,967 - client_100 - INFO - [Client 0] Completed local epoch 10/16 | Final Loss: 2.1173 | Final Train Acc: 42.99%
2025-08-23 15:28:04,472 - client_100 - INFO - [Client 0] Completed local epoch 11/16 | Final Loss: 2.0850 | Final Train Acc: 43.92%
2025-08-23 15:28:16,865 - client_100 - INFO - [Client 0] Completed local epoch 12/16 | Final Loss: 2.0504 | Final Train Acc: 44.52%
2025-08-23 15:28:29,508 - client_100 - INFO - [Client 0] Completed local epoch 13/16 | Final Loss: 2.0020 | Final Train Acc: 45.38%
2025-08-23 15:28:41,997 - client_100 - INFO - [Client 0] Completed local epoch 14/16 | Final Loss: 1.9999 | Final Train Acc: 45.17%
2025-08-23 15:28:54,710 - client_100 - INFO - [Client 0] Completed local epoch 15/16 | Final Loss: 1.9756 | Final Train Acc: 45.99%
2025-08-23 15:29:08,679 - client_100 - INFO - [Client 0] Completed local epoch 16/16 | Final Loss: 1.9285 | Final Train Acc: 47.34%
2025-08-23 15:29:21,847 - client_100 - INFO - [Client 1] Completed local epoch 1/16 | Final Loss: 2.3693 | Final Train Acc: 38.21%
2025-08-23 15:29:35,592 - client_100 - INFO - [Client 1] Completed local epoch 2/16 | Final Loss: 2.2794 | Final Train Acc: 39.52%
2025-08-23 15:29:49,401 - client_100 - INFO - [Client 1] Completed local epoch 3/16 | Final Loss: 2.2969 | Final Train Acc: 39.14%
2025-08-23 15:30:02,828 - client_100 - INFO - [Client 1] Completed local epoch 4/16 | Final Loss: 2.3281 | Final Train Acc: 38.58%
2025-08-23 15:30:16,171 - client_100 - INFO - [Client 1] Completed local epoch 5/16 | Final Loss: 2.3309 | Final Train Acc: 38.22%
2025-08-23 15:30:29,299 - client_100 - INFO - [Client 1] Completed local epoch 6/16 | Final Loss: 2.2850 | Final Train Acc: 39.17%
2025-08-23 15:30:42,157 - client_100 - INFO - [Client 1] Completed local epoch 7/16 | Final Loss: 2.2263 | Final Train Acc: 41.19%
2025-08-23 15:30:54,989 - client_100 - INFO - [Client 1] Completed local epoch 8/16 | Final Loss: 2.1885 | Final Train Acc: 41.48%
2025-08-23 15:31:08,025 - client_100 - INFO - [Client 1] Completed local epoch 9/16 | Final Loss: 2.1481 | Final Train Acc: 42.53%
2025-08-23 15:31:20,815 - client_100 - INFO - [Client 1] Completed local epoch 10/16 | Final Loss: 2.1020 | Final Train Acc: 43.38%
2025-08-23 15:31:33,556 - client_100 - INFO - [Client 1] Completed local epoch 11/16 | Final Loss: 2.0828 | Final Train Acc: 43.55%
2025-08-23 15:31:46,037 - client_100 - INFO - [Client 1] Completed local epoch 12/16 | Final Loss: 2.0396 | Final Train Acc: 44.76%
2025-08-23 15:31:58,717 - client_100 - INFO - [Client 1] Completed local epoch 13/16 | Final Loss: 2.0179 | Final Train Acc: 45.20%
2025-08-23 15:32:11,158 - client_100 - INFO - [Client 1] Completed local epoch 14/16 | Final Loss: 1.9870 | Final Train Acc: 46.06%
2025-08-23 15:32:23,664 - client_100 - INFO - [Client 1] Completed local epoch 15/16 | Final Loss: 1.9490 | Final Train Acc: 46.89%
2025-08-23 15:32:36,256 - client_100 - INFO - [Client 1] Completed local epoch 16/16 | Final Loss: 1.9213 | Final Train Acc: 47.40%
2025-08-23 15:32:44,704 - client_100 - INFO - --- Round 3/9 (tau = 16) ---
2025-08-23 15:32:49,158 - client_100 - INFO - [Client 0] Completed local epoch 1/16 | Final Loss: 1.8399 | Final Train Acc: 49.87%
2025-08-23 15:33:01,663 - client_100 - INFO - [Client 0] Completed local epoch 2/16 | Final Loss: 1.8131 | Final Train Acc: 50.11%
2025-08-23 15:33:14,093 - client_100 - INFO - [Client 0] Completed local epoch 3/16 | Final Loss: 1.8543 | Final Train Acc: 48.49%
2025-08-23 15:33:26,574 - client_100 - INFO - [Client 0] Completed local epoch 4/16 | Final Loss: 1.8994 | Final Train Acc: 47.84%
2025-08-23 15:33:39,241 - client_100 - INFO - [Client 0] Completed local epoch 5/16 | Final Loss: 1.9714 | Final Train Acc: 46.46%
2025-08-23 15:33:51,772 - client_100 - INFO - [Client 0] Completed local epoch 6/16 | Final Loss: 1.9635 | Final Train Acc: 46.46%
2025-08-23 15:34:04,291 - client_100 - INFO - [Client 0] Completed local epoch 7/16 | Final Loss: 1.9174 | Final Train Acc: 47.70%
2025-08-23 15:34:16,893 - client_100 - INFO - [Client 0] Completed local epoch 8/16 | Final Loss: 1.8996 | Final Train Acc: 47.77%
2025-08-23 15:34:29,507 - client_100 - INFO - [Client 0] Completed local epoch 9/16 | Final Loss: 1.8727 | Final Train Acc: 48.49%
2025-08-23 15:34:42,114 - client_100 - INFO - [Client 0] Completed local epoch 10/16 | Final Loss: 1.8673 | Final Train Acc: 48.15%
2025-08-23 15:34:54,608 - client_100 - INFO - [Client 0] Completed local epoch 11/16 | Final Loss: 1.8503 | Final Train Acc: 49.10%
2025-08-23 15:35:07,161 - client_100 - INFO - [Client 0] Completed local epoch 12/16 | Final Loss: 1.8323 | Final Train Acc: 49.61%
2025-08-23 15:35:19,736 - client_100 - INFO - [Client 0] Completed local epoch 13/16 | Final Loss: 1.7800 | Final Train Acc: 50.38%
2025-08-23 15:35:32,196 - client_100 - INFO - [Client 0] Completed local epoch 14/16 | Final Loss: 1.7770 | Final Train Acc: 50.65%
2025-08-23 15:35:44,689 - client_100 - INFO - [Client 0] Completed local epoch 15/16 | Final Loss: 1.7699 | Final Train Acc: 51.14%
2025-08-23 15:35:57,177 - client_100 - INFO - [Client 0] Completed local epoch 16/16 | Final Loss: 1.7473 | Final Train Acc: 51.62%
2025-08-23 15:36:09,709 - client_100 - INFO - [Client 1] Completed local epoch 1/16 | Final Loss: 1.8132 | Final Train Acc: 50.79%
2025-08-23 15:36:22,288 - client_100 - INFO - [Client 1] Completed local epoch 2/16 | Final Loss: 1.8124 | Final Train Acc: 50.13%
2025-08-23 15:36:34,918 - client_100 - INFO - [Client 1] Completed local epoch 3/16 | Final Loss: 1.8315 | Final Train Acc: 49.78%
2025-08-23 15:36:47,756 - client_100 - INFO - [Client 1] Completed local epoch 4/16 | Final Loss: 1.8978 | Final Train Acc: 48.34%
2025-08-23 15:37:00,499 - client_100 - INFO - [Client 1] Completed local epoch 5/16 | Final Loss: 1.9565 | Final Train Acc: 46.59%
2025-08-23 15:37:13,213 - client_100 - INFO - [Client 1] Completed local epoch 6/16 | Final Loss: 1.9418 | Final Train Acc: 46.99%
2025-08-23 15:37:25,793 - client_100 - INFO - [Client 1] Completed local epoch 7/16 | Final Loss: 1.9147 | Final Train Acc: 47.61%
2025-08-23 15:37:38,479 - client_100 - INFO - [Client 1] Completed local epoch 8/16 | Final Loss: 1.8924 | Final Train Acc: 47.99%
2025-08-23 15:37:51,242 - client_100 - INFO - [Client 1] Completed local epoch 9/16 | Final Loss: 1.8624 | Final Train Acc: 48.41%
2025-08-23 15:38:04,076 - client_100 - INFO - [Client 1] Completed local epoch 10/16 | Final Loss: 1.8502 | Final Train Acc: 48.84%
2025-08-23 15:38:18,134 - client_100 - INFO - [Client 1] Completed local epoch 11/16 | Final Loss: 1.8206 | Final Train Acc: 49.88%
2025-08-23 15:38:31,210 - client_100 - INFO - [Client 1] Completed local epoch 12/16 | Final Loss: 1.8034 | Final Train Acc: 50.26%
2025-08-23 15:38:44,820 - client_100 - INFO - [Client 1] Completed local epoch 13/16 | Final Loss: 1.7588 | Final Train Acc: 51.25%
2025-08-23 15:38:58,617 - client_100 - INFO - [Client 1] Completed local epoch 14/16 | Final Loss: 1.7698 | Final Train Acc: 50.83%
2025-08-23 15:39:12,384 - client_100 - INFO - [Client 1] Completed local epoch 15/16 | Final Loss: 1.7518 | Final Train Acc: 51.43%
2025-08-23 15:39:26,032 - client_100 - INFO - [Client 1] Completed local epoch 16/16 | Final Loss: 1.7436 | Final Train Acc: 51.44%
2025-08-23 15:39:34,992 - client_100 - INFO - --- Round 4/9 (tau = 16) ---
2025-08-23 15:39:39,643 - client_100 - INFO - [Client 0] Completed local epoch 1/16 | Final Loss: 1.6287 | Final Train Acc: 54.96%
2025-08-23 15:39:52,758 - client_100 - INFO - [Client 0] Completed local epoch 2/16 | Final Loss: 1.6208 | Final Train Acc: 54.87%
2025-08-23 15:40:05,682 - client_100 - INFO - [Client 0] Completed local epoch 3/16 | Final Loss: 1.6703 | Final Train Acc: 53.52%
2025-08-23 15:40:18,614 - client_100 - INFO - [Client 0] Completed local epoch 4/16 | Final Loss: 1.7193 | Final Train Acc: 52.08%
2025-08-23 15:40:31,503 - client_100 - INFO - [Client 0] Completed local epoch 5/16 | Final Loss: 1.7953 | Final Train Acc: 49.80%
2025-08-23 15:40:44,368 - client_100 - INFO - [Client 0] Completed local epoch 6/16 | Final Loss: 1.8080 | Final Train Acc: 49.82%
2025-08-23 15:40:56,937 - client_100 - INFO - [Client 0] Completed local epoch 7/16 | Final Loss: 1.7789 | Final Train Acc: 50.65%
2025-08-23 15:41:09,519 - client_100 - INFO - [Client 0] Completed local epoch 8/16 | Final Loss: 1.7527 | Final Train Acc: 50.83%
2025-08-23 15:41:21,976 - client_100 - INFO - [Client 0] Completed local epoch 9/16 | Final Loss: 1.7562 | Final Train Acc: 51.34%
2025-08-23 15:41:34,512 - client_100 - INFO - [Client 0] Completed local epoch 10/16 | Final Loss: 1.7130 | Final Train Acc: 52.17%
2025-08-23 15:41:47,087 - client_100 - INFO - [Client 0] Completed local epoch 11/16 | Final Loss: 1.7207 | Final Train Acc: 51.95%
2025-08-23 15:41:59,554 - client_100 - INFO - [Client 0] Completed local epoch 12/16 | Final Loss: 1.7035 | Final Train Acc: 52.22%
2025-08-23 15:42:12,080 - client_100 - INFO - [Client 0] Completed local epoch 13/16 | Final Loss: 1.6896 | Final Train Acc: 52.70%
2025-08-23 15:42:24,622 - client_100 - INFO - [Client 0] Completed local epoch 14/16 | Final Loss: 1.6642 | Final Train Acc: 53.22%
2025-08-23 15:42:37,267 - client_100 - INFO - [Client 0] Completed local epoch 15/16 | Final Loss: 1.6642 | Final Train Acc: 53.62%
2025-08-23 15:42:49,886 - client_100 - INFO - [Client 0] Completed local epoch 16/16 | Final Loss: 1.6525 | Final Train Acc: 53.58%
2025-08-23 15:43:02,462 - client_100 - INFO - [Client 1] Completed local epoch 1/16 | Final Loss: 1.6121 | Final Train Acc: 55.30%
2025-08-23 15:43:15,036 - client_100 - INFO - [Client 1] Completed local epoch 2/16 | Final Loss: 1.6052 | Final Train Acc: 55.60%
2025-08-23 15:43:27,543 - client_100 - INFO - [Client 1] Completed local epoch 3/16 | Final Loss: 1.6429 | Final Train Acc: 54.30%
2025-08-23 15:43:40,150 - client_100 - INFO - [Client 1] Completed local epoch 4/16 | Final Loss: 1.7292 | Final Train Acc: 52.05%
2025-08-23 15:43:52,703 - client_100 - INFO - [Client 1] Completed local epoch 5/16 | Final Loss: 1.7893 | Final Train Acc: 50.28%
2025-08-23 15:44:05,284 - client_100 - INFO - [Client 1] Completed local epoch 6/16 | Final Loss: 1.7938 | Final Train Acc: 50.35%
2025-08-23 15:44:17,867 - client_100 - INFO - [Client 1] Completed local epoch 7/16 | Final Loss: 1.7584 | Final Train Acc: 51.28%
2025-08-23 15:44:30,492 - client_100 - INFO - [Client 1] Completed local epoch 8/16 | Final Loss: 1.7392 | Final Train Acc: 51.55%
2025-08-23 15:44:43,051 - client_100 - INFO - [Client 1] Completed local epoch 9/16 | Final Loss: 1.7279 | Final Train Acc: 52.04%
2025-08-23 15:44:55,602 - client_100 - INFO - [Client 1] Completed local epoch 10/16 | Final Loss: 1.7157 | Final Train Acc: 52.33%
2025-08-23 15:45:08,192 - client_100 - INFO - [Client 1] Completed local epoch 11/16 | Final Loss: 1.7142 | Final Train Acc: 52.13%
2025-08-23 15:45:20,881 - client_100 - INFO - [Client 1] Completed local epoch 12/16 | Final Loss: 1.6920 | Final Train Acc: 53.08%
2025-08-23 15:45:33,468 - client_100 - INFO - [Client 1] Completed local epoch 13/16 | Final Loss: 1.6824 | Final Train Acc: 53.27%
2025-08-23 15:45:46,021 - client_100 - INFO - [Client 1] Completed local epoch 14/16 | Final Loss: 1.6551 | Final Train Acc: 53.85%
2025-08-23 15:45:58,575 - client_100 - INFO - [Client 1] Completed local epoch 15/16 | Final Loss: 1.6446 | Final Train Acc: 53.55%
2025-08-23 15:46:11,590 - client_100 - INFO - [Client 1] Completed local epoch 16/16 | Final Loss: 1.6365 | Final Train Acc: 54.13%
2025-08-23 15:46:21,047 - client_100 - INFO - --- Round 5/9 (tau = 16) ---
2025-08-23 15:46:25,581 - client_100 - INFO - [Client 0] Completed local epoch 1/16 | Final Loss: 1.5324 | Final Train Acc: 56.93%
2025-08-23 15:46:38,882 - client_100 - INFO - [Client 0] Completed local epoch 2/16 | Final Loss: 1.5185 | Final Train Acc: 57.29%
2025-08-23 15:46:52,575 - client_100 - INFO - [Client 0] Completed local epoch 3/16 | Final Loss: 1.5665 | Final Train Acc: 55.85%
2025-08-23 15:47:06,313 - client_100 - INFO - [Client 0] Completed local epoch 4/16 | Final Loss: 1.6344 | Final Train Acc: 54.10%
2025-08-23 15:47:19,844 - client_100 - INFO - [Client 0] Completed local epoch 5/16 | Final Loss: 1.7287 | Final Train Acc: 51.71%
2025-08-23 15:47:33,248 - client_100 - INFO - [Client 0] Completed local epoch 6/16 | Final Loss: 1.7248 | Final Train Acc: 51.75%
2025-08-23 15:47:46,101 - client_100 - INFO - [Client 0] Completed local epoch 7/16 | Final Loss: 1.7061 | Final Train Acc: 52.34%
2025-08-23 15:47:59,057 - client_100 - INFO - [Client 0] Completed local epoch 8/16 | Final Loss: 1.6962 | Final Train Acc: 52.65%
2025-08-23 15:48:12,003 - client_100 - INFO - [Client 0] Completed local epoch 9/16 | Final Loss: 1.6690 | Final Train Acc: 53.25%
2025-08-23 15:48:24,991 - client_100 - INFO - [Client 0] Completed local epoch 10/16 | Final Loss: 1.6604 | Final Train Acc: 53.63%
2025-08-23 15:48:37,991 - client_100 - INFO - [Client 0] Completed local epoch 11/16 | Final Loss: 1.6313 | Final Train Acc: 53.98%
2025-08-23 15:48:50,864 - client_100 - INFO - [Client 0] Completed local epoch 12/16 | Final Loss: 1.6265 | Final Train Acc: 54.19%
2025-08-23 15:49:03,360 - client_100 - INFO - [Client 0] Completed local epoch 13/16 | Final Loss: 1.6347 | Final Train Acc: 54.06%
2025-08-23 15:49:15,713 - client_100 - INFO - [Client 0] Completed local epoch 14/16 | Final Loss: 1.6019 | Final Train Acc: 54.84%
2025-08-23 15:49:28,276 - client_100 - INFO - [Client 0] Completed local epoch 15/16 | Final Loss: 1.5820 | Final Train Acc: 55.40%
2025-08-23 15:49:40,770 - client_100 - INFO - [Client 0] Completed local epoch 16/16 | Final Loss: 1.5666 | Final Train Acc: 55.71%
2025-08-23 15:49:53,228 - client_100 - INFO - [Client 1] Completed local epoch 1/16 | Final Loss: 1.5160 | Final Train Acc: 57.71%
2025-08-23 15:50:05,495 - client_100 - INFO - [Client 1] Completed local epoch 2/16 | Final Loss: 1.5020 | Final Train Acc: 57.59%
2025-08-23 15:50:17,867 - client_100 - INFO - [Client 1] Completed local epoch 3/16 | Final Loss: 1.5534 | Final Train Acc: 56.38%
2025-08-23 15:50:30,248 - client_100 - INFO - [Client 1] Completed local epoch 4/16 | Final Loss: 1.6200 | Final Train Acc: 54.80%
2025-08-23 15:50:42,606 - client_100 - INFO - [Client 1] Completed local epoch 5/16 | Final Loss: 1.6936 | Final Train Acc: 52.63%
2025-08-23 15:50:54,878 - client_100 - INFO - [Client 1] Completed local epoch 6/16 | Final Loss: 1.6987 | Final Train Acc: 52.40%
2025-08-23 15:51:07,201 - client_100 - INFO - [Client 1] Completed local epoch 7/16 | Final Loss: 1.6810 | Final Train Acc: 53.04%
2025-08-23 15:51:19,488 - client_100 - INFO - [Client 1] Completed local epoch 8/16 | Final Loss: 1.6685 | Final Train Acc: 53.27%
2025-08-23 15:51:31,830 - client_100 - INFO - [Client 1] Completed local epoch 9/16 | Final Loss: 1.6589 | Final Train Acc: 53.34%
2025-08-23 15:51:44,382 - client_100 - INFO - [Client 1] Completed local epoch 10/16 | Final Loss: 1.6363 | Final Train Acc: 54.16%
2025-08-23 15:51:56,624 - client_100 - INFO - [Client 1] Completed local epoch 11/16 | Final Loss: 1.6261 | Final Train Acc: 54.50%
2025-08-23 15:52:08,972 - client_100 - INFO - [Client 1] Completed local epoch 12/16 | Final Loss: 1.6259 | Final Train Acc: 54.31%
2025-08-23 15:52:21,465 - client_100 - INFO - [Client 1] Completed local epoch 13/16 | Final Loss: 1.5985 | Final Train Acc: 55.02%
2025-08-23 15:52:33,773 - client_100 - INFO - [Client 1] Completed local epoch 14/16 | Final Loss: 1.5980 | Final Train Acc: 54.70%
2025-08-23 15:52:46,110 - client_100 - INFO - [Client 1] Completed local epoch 15/16 | Final Loss: 1.5732 | Final Train Acc: 55.99%
2025-08-23 15:52:58,575 - client_100 - INFO - [Client 1] Completed local epoch 16/16 | Final Loss: 1.5666 | Final Train Acc: 55.80%
2025-08-23 15:53:06,691 - client_100 - INFO - --- Round 6/9 (tau = 16) ---
2025-08-23 15:53:11,036 - client_100 - INFO - [Client 0] Completed local epoch 1/16 | Final Loss: 1.4670 | Final Train Acc: 58.41%
2025-08-23 15:53:23,453 - client_100 - INFO - [Client 0] Completed local epoch 2/16 | Final Loss: 1.4542 | Final Train Acc: 58.89%
2025-08-23 15:53:35,815 - client_100 - INFO - [Client 0] Completed local epoch 3/16 | Final Loss: 1.4928 | Final Train Acc: 57.65%
2025-08-23 15:53:48,187 - client_100 - INFO - [Client 0] Completed local epoch 4/16 | Final Loss: 1.5572 | Final Train Acc: 56.10%
2025-08-23 15:54:00,635 - client_100 - INFO - [Client 0] Completed local epoch 5/16 | Final Loss: 1.6573 | Final Train Acc: 53.53%
2025-08-23 15:54:14,485 - client_100 - INFO - [Client 0] Completed local epoch 6/16 | Final Loss: 1.6699 | Final Train Acc: 52.92%
2025-08-23 15:54:27,457 - client_100 - INFO - [Client 0] Completed local epoch 7/16 | Final Loss: 1.6484 | Final Train Acc: 53.79%
2025-08-23 15:54:40,952 - client_100 - INFO - [Client 0] Completed local epoch 8/16 | Final Loss: 1.6405 | Final Train Acc: 53.77%
2025-08-23 15:54:54,513 - client_100 - INFO - [Client 0] Completed local epoch 9/16 | Final Loss: 1.6065 | Final Train Acc: 54.87%
2025-08-23 15:55:07,892 - client_100 - INFO - [Client 0] Completed local epoch 10/16 | Final Loss: 1.6068 | Final Train Acc: 54.92%
2025-08-23 15:55:21,046 - client_100 - INFO - [Client 0] Completed local epoch 11/16 | Final Loss: 1.6038 | Final Train Acc: 54.55%
2025-08-23 15:55:33,983 - client_100 - INFO - [Client 0] Completed local epoch 12/16 | Final Loss: 1.5784 | Final Train Acc: 55.73%
2025-08-23 15:55:46,663 - client_100 - INFO - [Client 0] Completed local epoch 13/16 | Final Loss: 1.5628 | Final Train Acc: 55.62%
2025-08-23 15:55:59,430 - client_100 - INFO - [Client 0] Completed local epoch 14/16 | Final Loss: 1.5503 | Final Train Acc: 56.30%
2025-08-23 15:56:12,112 - client_100 - INFO - [Client 0] Completed local epoch 15/16 | Final Loss: 1.5433 | Final Train Acc: 56.20%
2025-08-23 15:56:24,694 - client_100 - INFO - [Client 0] Completed local epoch 16/16 | Final Loss: 1.5449 | Final Train Acc: 56.29%
2025-08-23 15:56:37,426 - client_100 - INFO - [Client 1] Completed local epoch 1/16 | Final Loss: 1.4517 | Final Train Acc: 58.97%
2025-08-23 15:56:49,972 - client_100 - INFO - [Client 1] Completed local epoch 2/16 | Final Loss: 1.4268 | Final Train Acc: 59.49%
2025-08-23 15:57:02,351 - client_100 - INFO - [Client 1] Completed local epoch 3/16 | Final Loss: 1.4830 | Final Train Acc: 57.92%
2025-08-23 15:57:14,658 - client_100 - INFO - [Client 1] Completed local epoch 4/16 | Final Loss: 1.5570 | Final Train Acc: 56.17%
2025-08-23 15:57:27,142 - client_100 - INFO - [Client 1] Completed local epoch 5/16 | Final Loss: 1.6346 | Final Train Acc: 54.27%
2025-08-23 15:57:39,515 - client_100 - INFO - [Client 1] Completed local epoch 6/16 | Final Loss: 1.6412 | Final Train Acc: 54.12%
2025-08-23 15:57:51,699 - client_100 - INFO - [Client 1] Completed local epoch 7/16 | Final Loss: 1.6388 | Final Train Acc: 53.53%
2025-08-23 15:58:04,051 - client_100 - INFO - [Client 1] Completed local epoch 8/16 | Final Loss: 1.6247 | Final Train Acc: 53.84%
2025-08-23 15:58:16,278 - client_100 - INFO - [Client 1] Completed local epoch 9/16 | Final Loss: 1.6015 | Final Train Acc: 54.80%
2025-08-23 15:58:28,784 - client_100 - INFO - [Client 1] Completed local epoch 10/16 | Final Loss: 1.5892 | Final Train Acc: 55.16%
2025-08-23 15:58:41,364 - client_100 - INFO - [Client 1] Completed local epoch 11/16 | Final Loss: 1.5566 | Final Train Acc: 56.15%
2025-08-23 15:58:53,845 - client_100 - INFO - [Client 1] Completed local epoch 12/16 | Final Loss: 1.5764 | Final Train Acc: 55.66%
2025-08-23 15:59:06,078 - client_100 - INFO - [Client 1] Completed local epoch 13/16 | Final Loss: 1.5675 | Final Train Acc: 55.48%
2025-08-23 15:59:18,324 - client_100 - INFO - [Client 1] Completed local epoch 14/16 | Final Loss: 1.5510 | Final Train Acc: 56.23%
2025-08-23 15:59:30,690 - client_100 - INFO - [Client 1] Completed local epoch 15/16 | Final Loss: 1.5119 | Final Train Acc: 57.28%
2025-08-23 15:59:43,080 - client_100 - INFO - [Client 1] Completed local epoch 16/16 | Final Loss: 1.5278 | Final Train Acc: 56.37%
2025-08-23 15:59:51,148 - client_100 - INFO - --- Round 7/9 (tau = 16) ---
2025-08-23 15:59:55,347 - client_100 - INFO - [Client 0] Completed local epoch 1/16 | Final Loss: 1.4137 | Final Train Acc: 59.92%
2025-08-23 16:00:07,707 - client_100 - INFO - [Client 0] Completed local epoch 2/16 | Final Loss: 1.4069 | Final Train Acc: 60.31%
2025-08-23 16:00:20,030 - client_100 - INFO - [Client 0] Completed local epoch 3/16 | Final Loss: 1.4387 | Final Train Acc: 59.16%
2025-08-23 16:00:32,377 - client_100 - INFO - [Client 0] Completed local epoch 4/16 | Final Loss: 1.5230 | Final Train Acc: 56.70%
2025-08-23 16:00:44,602 - client_100 - INFO - [Client 0] Completed local epoch 5/16 | Final Loss: 1.5997 | Final Train Acc: 55.22%
2025-08-23 16:00:56,976 - client_100 - INFO - [Client 0] Completed local epoch 6/16 | Final Loss: 1.6229 | Final Train Acc: 54.52%
2025-08-23 16:01:09,438 - client_100 - INFO - [Client 0] Completed local epoch 7/16 | Final Loss: 1.5988 | Final Train Acc: 54.81%
2025-08-23 16:01:21,827 - client_100 - INFO - [Client 0] Completed local epoch 8/16 | Final Loss: 1.5901 | Final Train Acc: 55.10%
2025-08-23 16:01:34,252 - client_100 - INFO - [Client 0] Completed local epoch 9/16 | Final Loss: 1.5584 | Final Train Acc: 56.41%
2025-08-23 16:01:46,719 - client_100 - INFO - [Client 0] Completed local epoch 10/16 | Final Loss: 1.5773 | Final Train Acc: 55.11%
2025-08-23 16:01:59,390 - client_100 - INFO - [Client 0] Completed local epoch 11/16 | Final Loss: 1.5622 | Final Train Acc: 55.90%
2025-08-23 16:02:11,803 - client_100 - INFO - [Client 0] Completed local epoch 12/16 | Final Loss: 1.5382 | Final Train Acc: 56.56%
2025-08-23 16:02:24,292 - client_100 - INFO - [Client 0] Completed local epoch 13/16 | Final Loss: 1.5352 | Final Train Acc: 56.49%
2025-08-23 16:02:36,816 - client_100 - INFO - [Client 0] Completed local epoch 14/16 | Final Loss: 1.5239 | Final Train Acc: 56.45%
2025-08-23 16:02:49,577 - client_100 - INFO - [Client 0] Completed local epoch 15/16 | Final Loss: 1.5250 | Final Train Acc: 56.88%
2025-08-23 16:03:02,163 - client_100 - INFO - [Client 0] Completed local epoch 16/16 | Final Loss: 1.5010 | Final Train Acc: 57.58%
2025-08-23 16:03:15,835 - client_100 - INFO - [Client 1] Completed local epoch 1/16 | Final Loss: 1.4052 | Final Train Acc: 60.51%
2025-08-23 16:03:28,904 - client_100 - INFO - [Client 1] Completed local epoch 2/16 | Final Loss: 1.3795 | Final Train Acc: 61.02%
2025-08-23 16:03:42,267 - client_100 - INFO - [Client 1] Completed local epoch 3/16 | Final Loss: 1.4377 | Final Train Acc: 59.38%
2025-08-23 16:03:56,249 - client_100 - INFO - [Client 1] Completed local epoch 4/16 | Final Loss: 1.5121 | Final Train Acc: 57.16%
2025-08-23 16:04:10,395 - client_100 - INFO - [Client 1] Completed local epoch 5/16 | Final Loss: 1.6101 | Final Train Acc: 55.01%
2025-08-23 16:04:24,322 - client_100 - INFO - [Client 1] Completed local epoch 6/16 | Final Loss: 1.6053 | Final Train Acc: 55.19%
2025-08-23 16:04:38,015 - client_100 - INFO - [Client 1] Completed local epoch 7/16 | Final Loss: 1.5890 | Final Train Acc: 54.80%
2025-08-23 16:04:50,924 - client_100 - INFO - [Client 1] Completed local epoch 8/16 | Final Loss: 1.5940 | Final Train Acc: 55.12%
2025-08-23 16:05:03,666 - client_100 - INFO - [Client 1] Completed local epoch 9/16 | Final Loss: 1.5672 | Final Train Acc: 56.13%
2025-08-23 16:05:16,499 - client_100 - INFO - [Client 1] Completed local epoch 10/16 | Final Loss: 1.5617 | Final Train Acc: 55.81%
2025-08-23 16:05:29,464 - client_100 - INFO - [Client 1] Completed local epoch 11/16 | Final Loss: 1.5197 | Final Train Acc: 56.62%
2025-08-23 16:05:42,270 - client_100 - INFO - [Client 1] Completed local epoch 12/16 | Final Loss: 1.5488 | Final Train Acc: 56.40%
2025-08-23 16:05:54,858 - client_100 - INFO - [Client 1] Completed local epoch 13/16 | Final Loss: 1.5268 | Final Train Acc: 56.34%
2025-08-23 16:06:07,379 - client_100 - INFO - [Client 1] Completed local epoch 14/16 | Final Loss: 1.5229 | Final Train Acc: 56.70%
2025-08-23 16:06:19,916 - client_100 - INFO - [Client 1] Completed local epoch 15/16 | Final Loss: 1.5146 | Final Train Acc: 57.16%
2025-08-23 16:06:32,436 - client_100 - INFO - [Client 1] Completed local epoch 16/16 | Final Loss: 1.5003 | Final Train Acc: 57.17%
2025-08-23 16:06:40,775 - client_100 - INFO - --- Round 8/9 (tau = 16) ---
2025-08-23 16:06:45,122 - client_100 - INFO - [Client 0] Completed local epoch 1/16 | Final Loss: 1.3772 | Final Train Acc: 60.73%
2025-08-23 16:06:57,636 - client_100 - INFO - [Client 0] Completed local epoch 2/16 | Final Loss: 1.3788 | Final Train Acc: 60.46%
2025-08-23 16:07:10,125 - client_100 - INFO - [Client 0] Completed local epoch 3/16 | Final Loss: 1.4059 | Final Train Acc: 59.69%
2025-08-23 16:07:22,626 - client_100 - INFO - [Client 0] Completed local epoch 4/16 | Final Loss: 1.4860 | Final Train Acc: 57.91%
2025-08-23 16:07:35,246 - client_100 - INFO - [Client 0] Completed local epoch 5/16 | Final Loss: 1.5821 | Final Train Acc: 55.88%
2025-08-23 16:07:47,890 - client_100 - INFO - [Client 0] Completed local epoch 6/16 | Final Loss: 1.5873 | Final Train Acc: 55.30%
2025-08-23 16:08:00,394 - client_100 - INFO - [Client 0] Completed local epoch 7/16 | Final Loss: 1.5851 | Final Train Acc: 55.26%
2025-08-23 16:08:12,972 - client_100 - INFO - [Client 0] Completed local epoch 8/16 | Final Loss: 1.5582 | Final Train Acc: 56.06%
2025-08-23 16:08:25,563 - client_100 - INFO - [Client 0] Completed local epoch 9/16 | Final Loss: 1.5551 | Final Train Acc: 55.72%
2025-08-23 16:08:38,110 - client_100 - INFO - [Client 0] Completed local epoch 10/16 | Final Loss: 1.5457 | Final Train Acc: 56.21%
2025-08-23 16:08:50,653 - client_100 - INFO - [Client 0] Completed local epoch 11/16 | Final Loss: 1.5247 | Final Train Acc: 56.95%
2025-08-23 16:09:03,253 - client_100 - INFO - [Client 0] Completed local epoch 12/16 | Final Loss: 1.5206 | Final Train Acc: 56.84%
2025-08-23 16:09:15,821 - client_100 - INFO - [Client 0] Completed local epoch 13/16 | Final Loss: 1.5225 | Final Train Acc: 56.92%
2025-08-23 16:09:28,403 - client_100 - INFO - [Client 0] Completed local epoch 14/16 | Final Loss: 1.5148 | Final Train Acc: 57.19%
2025-08-23 16:09:40,943 - client_100 - INFO - [Client 0] Completed local epoch 15/16 | Final Loss: 1.4932 | Final Train Acc: 57.39%
2025-08-23 16:09:53,491 - client_100 - INFO - [Client 0] Completed local epoch 16/16 | Final Loss: 1.4794 | Final Train Acc: 57.87%
2025-08-23 16:10:06,016 - client_100 - INFO - [Client 1] Completed local epoch 1/16 | Final Loss: 1.3656 | Final Train Acc: 61.26%
2025-08-23 16:10:18,527 - client_100 - INFO - [Client 1] Completed local epoch 2/16 | Final Loss: 1.3550 | Final Train Acc: 61.47%
2025-08-23 16:10:31,212 - client_100 - INFO - [Client 1] Completed local epoch 3/16 | Final Loss: 1.4051 | Final Train Acc: 60.23%
2025-08-23 16:10:43,715 - client_100 - INFO - [Client 1] Completed local epoch 4/16 | Final Loss: 1.4670 | Final Train Acc: 58.70%
2025-08-23 16:10:56,152 - client_100 - INFO - [Client 1] Completed local epoch 5/16 | Final Loss: 1.5592 | Final Train Acc: 56.09%
2025-08-23 16:11:10,280 - client_100 - INFO - [Client 1] Completed local epoch 6/16 | Final Loss: 1.5655 | Final Train Acc: 55.65%
2025-08-23 16:11:23,371 - client_100 - INFO - [Client 1] Completed local epoch 7/16 | Final Loss: 1.5606 | Final Train Acc: 55.74%
2025-08-23 16:11:36,852 - client_100 - INFO - [Client 1] Completed local epoch 8/16 | Final Loss: 1.5467 | Final Train Acc: 56.02%
2025-08-23 16:11:50,798 - client_100 - INFO - [Client 1] Completed local epoch 9/16 | Final Loss: 1.5305 | Final Train Acc: 56.38%
2025-08-23 16:12:04,329 - client_100 - INFO - [Client 1] Completed local epoch 10/16 | Final Loss: 1.5372 | Final Train Acc: 56.35%
2025-08-23 16:12:17,807 - client_100 - INFO - [Client 1] Completed local epoch 11/16 | Final Loss: 1.5346 | Final Train Acc: 56.98%
2025-08-23 16:12:31,121 - client_100 - INFO - [Client 1] Completed local epoch 12/16 | Final Loss: 1.5000 | Final Train Acc: 57.29%
2025-08-23 16:12:44,140 - client_100 - INFO - [Client 1] Completed local epoch 13/16 | Final Loss: 1.4992 | Final Train Acc: 57.32%
2025-08-23 16:12:57,201 - client_100 - INFO - [Client 1] Completed local epoch 14/16 | Final Loss: 1.4882 | Final Train Acc: 57.34%
2025-08-23 16:13:10,112 - client_100 - INFO - [Client 1] Completed local epoch 15/16 | Final Loss: 1.4672 | Final Train Acc: 58.03%
2025-08-23 16:13:23,116 - client_100 - INFO - [Client 1] Completed local epoch 16/16 | Final Loss: 1.4540 | Final Train Acc: 58.48%
2025-08-23 16:13:31,716 - client_100 - INFO - --- Round 9/9 (tau = 16) ---
2025-08-23 16:13:36,191 - client_100 - INFO - [Client 0] Completed local epoch 1/16 | Final Loss: 1.3586 | Final Train Acc: 61.39%
2025-08-23 16:13:48,978 - client_100 - INFO - [Client 0] Completed local epoch 2/16 | Final Loss: 1.3485 | Final Train Acc: 61.51%
2025-08-23 16:14:01,707 - client_100 - INFO - [Client 0] Completed local epoch 3/16 | Final Loss: 1.3867 | Final Train Acc: 60.64%
2025-08-23 16:14:14,425 - client_100 - INFO - [Client 0] Completed local epoch 4/16 | Final Loss: 1.4753 | Final Train Acc: 58.26%
2025-08-23 16:14:27,080 - client_100 - INFO - [Client 0] Completed local epoch 5/16 | Final Loss: 1.5805 | Final Train Acc: 55.45%
2025-08-23 16:14:39,894 - client_100 - INFO - [Client 0] Completed local epoch 6/16 | Final Loss: 1.5529 | Final Train Acc: 56.52%
2025-08-23 16:14:52,428 - client_100 - INFO - [Client 0] Completed local epoch 7/16 | Final Loss: 1.5620 | Final Train Acc: 55.81%
2025-08-23 16:15:04,977 - client_100 - INFO - [Client 0] Completed local epoch 8/16 | Final Loss: 1.5455 | Final Train Acc: 56.44%
2025-08-23 16:15:17,335 - client_100 - INFO - [Client 0] Completed local epoch 9/16 | Final Loss: 1.5143 | Final Train Acc: 57.15%
2025-08-23 16:15:29,872 - client_100 - INFO - [Client 0] Completed local epoch 10/16 | Final Loss: 1.5178 | Final Train Acc: 56.73%
2025-08-23 16:15:42,405 - client_100 - INFO - [Client 0] Completed local epoch 11/16 | Final Loss: 1.5034 | Final Train Acc: 57.28%
2025-08-23 16:15:54,932 - client_100 - INFO - [Client 0] Completed local epoch 12/16 | Final Loss: 1.4953 | Final Train Acc: 57.33%
2025-08-23 16:16:07,493 - client_100 - INFO - [Client 0] Completed local epoch 13/16 | Final Loss: 1.4864 | Final Train Acc: 57.72%
2025-08-23 16:16:19,904 - client_100 - INFO - [Client 0] Completed local epoch 14/16 | Final Loss: 1.4968 | Final Train Acc: 57.52%
2025-08-23 16:16:32,337 - client_100 - INFO - [Client 0] Completed local epoch 15/16 | Final Loss: 1.4893 | Final Train Acc: 57.55%
2025-08-23 16:16:44,878 - client_100 - INFO - [Client 0] Completed local epoch 16/16 | Final Loss: 1.4694 | Final Train Acc: 57.73%
2025-08-23 16:16:57,463 - client_100 - INFO - [Client 1] Completed local epoch 1/16 | Final Loss: 1.3409 | Final Train Acc: 61.58%
2025-08-23 16:17:10,161 - client_100 - INFO - [Client 1] Completed local epoch 2/16 | Final Loss: 1.3165 | Final Train Acc: 62.13%
2025-08-23 16:17:22,850 - client_100 - INFO - [Client 1] Completed local epoch 3/16 | Final Loss: 1.3785 | Final Train Acc: 60.45%
2025-08-23 16:17:35,552 - client_100 - INFO - [Client 1] Completed local epoch 4/16 | Final Loss: 1.4504 | Final Train Acc: 58.79%
2025-08-23 16:17:48,104 - client_100 - INFO - [Client 1] Completed local epoch 5/16 | Final Loss: 1.5552 | Final Train Acc: 56.10%
2025-08-23 16:18:00,596 - client_100 - INFO - [Client 1] Completed local epoch 6/16 | Final Loss: 1.5475 | Final Train Acc: 56.43%
2025-08-23 16:18:13,064 - client_100 - INFO - [Client 1] Completed local epoch 7/16 | Final Loss: 1.5397 | Final Train Acc: 56.14%
2025-08-23 16:18:25,489 - client_100 - INFO - [Client 1] Completed local epoch 8/16 | Final Loss: 1.5336 | Final Train Acc: 56.60%
2025-08-23 16:18:37,951 - client_100 - INFO - [Client 1] Completed local epoch 9/16 | Final Loss: 1.5116 | Final Train Acc: 57.05%
2025-08-23 16:18:50,614 - client_100 - INFO - [Client 1] Completed local epoch 10/16 | Final Loss: 1.5144 | Final Train Acc: 57.21%
2025-08-23 16:19:04,297 - client_100 - INFO - [Client 1] Completed local epoch 11/16 | Final Loss: 1.4900 | Final Train Acc: 57.12%
2025-08-23 16:19:17,451 - client_100 - INFO - [Client 1] Completed local epoch 12/16 | Final Loss: 1.4892 | Final Train Acc: 57.25%
2025-08-23 16:19:30,881 - client_100 - INFO - [Client 1] Completed local epoch 13/16 | Final Loss: 1.4733 | Final Train Acc: 58.03%
2025-08-23 16:19:44,688 - client_100 - INFO - [Client 1] Completed local epoch 14/16 | Final Loss: 1.4508 | Final Train Acc: 58.27%
2025-08-23 16:19:58,600 - client_100 - INFO - [Client 1] Completed local epoch 15/16 | Final Loss: 1.4466 | Final Train Acc: 58.66%
2025-08-23 16:20:12,298 - client_100 - INFO - [Client 1] Completed local epoch 16/16 | Final Loss: 1.4680 | Final Train Acc: 57.98%
2025-08-23 16:20:21,269 - client_100 - INFO - --- Final round (tau = 6) ---
