2025-08-23 13:50:45,250 - client_100 - INFO - Started training for Client 100
2025-08-23 13:50:45,252 - client_100 - INFO - Log file: logs/localSGD_lenet5_seq_cifar100_w2_20250823_135045_client100.log
2025-08-23 13:50:45,252 - client_100 - INFO - Simulating LocalSGD training with 2 clients (sequential execution)
2025-08-23 13:50:45,253 - client_100 - INFO - Device: cuda
2025-08-23 13:50:45,253 - client_100 - INFO - Config: batch_size=128, lr=0.05, epochs=150, tau=8
2025-08-23 13:51:05,880 - client_100 - INFO - [INFO] Total train set size: 40000
2025-08-23 13:51:06,067 - client_100 - INFO - --- Round 1/18 (tau = 8) ---
2025-08-23 13:51:16,596 - client_100 - INFO - [Client 0] Completed local epoch 1/8 | Final Loss: 4.2405 | Final Train Acc: 5.56%
2025-08-23 13:51:34,976 - client_100 - INFO - [Client 0] Completed local epoch 2/8 | Final Loss: 3.8024 | Final Train Acc: 10.60%
2025-08-23 13:51:52,237 - client_100 - INFO - [Client 0] Completed local epoch 3/8 | Final Loss: 3.5904 | Final Train Acc: 14.54%
2025-08-23 13:52:11,039 - client_100 - INFO - [Client 0] Completed local epoch 4/8 | Final Loss: 3.4559 | Final Train Acc: 16.66%
2025-08-23 13:52:28,970 - client_100 - INFO - [Client 0] Completed local epoch 5/8 | Final Loss: 3.3288 | Final Train Acc: 18.58%
2025-08-23 13:52:46,219 - client_100 - INFO - [Client 0] Completed local epoch 6/8 | Final Loss: 3.1153 | Final Train Acc: 22.43%
2025-08-23 13:53:04,309 - client_100 - INFO - [Client 0] Completed local epoch 7/8 | Final Loss: 2.9554 | Final Train Acc: 25.60%
2025-08-23 13:53:23,271 - client_100 - INFO - [Client 0] Completed local epoch 8/8 | Final Loss: 2.8461 | Final Train Acc: 27.52%
2025-08-23 13:53:40,911 - client_100 - INFO - [Client 1] Completed local epoch 1/8 | Final Loss: 4.2375 | Final Train Acc: 5.79%
2025-08-23 13:53:58,806 - client_100 - INFO - [Client 1] Completed local epoch 2/8 | Final Loss: 3.7783 | Final Train Acc: 11.07%
2025-08-23 13:54:18,033 - client_100 - INFO - [Client 1] Completed local epoch 3/8 | Final Loss: 3.5640 | Final Train Acc: 14.69%
2025-08-23 13:54:35,777 - client_100 - INFO - [Client 1] Completed local epoch 4/8 | Final Loss: 3.4248 | Final Train Acc: 16.70%
2025-08-23 13:54:53,453 - client_100 - INFO - [Client 1] Completed local epoch 5/8 | Final Loss: 3.2866 | Final Train Acc: 19.32%
2025-08-23 13:55:12,788 - client_100 - INFO - [Client 1] Completed local epoch 6/8 | Final Loss: 3.0775 | Final Train Acc: 23.02%
2025-08-23 13:55:30,739 - client_100 - INFO - [Client 1] Completed local epoch 7/8 | Final Loss: 2.9081 | Final Train Acc: 26.20%
2025-08-23 13:55:48,186 - client_100 - INFO - [Client 1] Completed local epoch 8/8 | Final Loss: 2.7942 | Final Train Acc: 28.59%
2025-08-23 13:55:58,569 - client_100 - INFO - --- Round 2/18 (tau = 8) ---
2025-08-23 13:56:06,930 - client_100 - INFO - [Client 0] Completed local epoch 1/8 | Final Loss: 2.7113 | Final Train Acc: 30.83%
2025-08-23 13:56:25,011 - client_100 - INFO - [Client 0] Completed local epoch 2/8 | Final Loss: 2.6287 | Final Train Acc: 32.19%
2025-08-23 13:56:42,308 - client_100 - INFO - [Client 0] Completed local epoch 3/8 | Final Loss: 2.6186 | Final Train Acc: 32.43%
2025-08-23 13:57:00,107 - client_100 - INFO - [Client 0] Completed local epoch 4/8 | Final Loss: 2.6311 | Final Train Acc: 32.07%
2025-08-23 13:57:18,971 - client_100 - INFO - [Client 0] Completed local epoch 5/8 | Final Loss: 2.6252 | Final Train Acc: 31.98%
2025-08-23 13:57:36,819 - client_100 - INFO - [Client 0] Completed local epoch 6/8 | Final Loss: 2.5447 | Final Train Acc: 33.67%
2025-08-23 13:57:54,328 - client_100 - INFO - [Client 0] Completed local epoch 7/8 | Final Loss: 2.4554 | Final Train Acc: 35.22%
2025-08-23 13:58:13,695 - client_100 - INFO - [Client 0] Completed local epoch 8/8 | Final Loss: 2.4028 | Final Train Acc: 36.82%
2025-08-23 13:58:31,789 - client_100 - INFO - [Client 1] Completed local epoch 1/8 | Final Loss: 2.7111 | Final Train Acc: 30.55%
2025-08-23 13:58:49,334 - client_100 - INFO - [Client 1] Completed local epoch 2/8 | Final Loss: 2.6142 | Final Train Acc: 32.02%
2025-08-23 13:59:08,558 - client_100 - INFO - [Client 1] Completed local epoch 3/8 | Final Loss: 2.6168 | Final Train Acc: 32.23%
2025-08-23 13:59:26,542 - client_100 - INFO - [Client 1] Completed local epoch 4/8 | Final Loss: 2.6268 | Final Train Acc: 31.99%
2025-08-23 13:59:44,017 - client_100 - INFO - [Client 1] Completed local epoch 5/8 | Final Loss: 2.6083 | Final Train Acc: 32.39%
2025-08-23 14:00:02,243 - client_100 - INFO - [Client 1] Completed local epoch 6/8 | Final Loss: 2.5325 | Final Train Acc: 33.88%
2025-08-23 14:00:20,784 - client_100 - INFO - [Client 1] Completed local epoch 7/8 | Final Loss: 2.4459 | Final Train Acc: 35.70%
2025-08-23 14:00:38,080 - client_100 - INFO - [Client 1] Completed local epoch 8/8 | Final Loss: 2.3827 | Final Train Acc: 37.33%
2025-08-23 14:00:48,369 - client_100 - INFO - --- Round 3/18 (tau = 8) ---
2025-08-23 14:00:55,817 - client_100 - INFO - [Client 0] Completed local epoch 1/8 | Final Loss: 2.1684 | Final Train Acc: 42.17%
2025-08-23 14:01:14,990 - client_100 - INFO - [Client 0] Completed local epoch 2/8 | Final Loss: 2.1596 | Final Train Acc: 42.28%
2025-08-23 14:01:32,814 - client_100 - INFO - [Client 0] Completed local epoch 3/8 | Final Loss: 2.2012 | Final Train Acc: 41.51%
2025-08-23 14:01:50,465 - client_100 - INFO - [Client 0] Completed local epoch 4/8 | Final Loss: 2.2393 | Final Train Acc: 40.62%
2025-08-23 14:02:09,672 - client_100 - INFO - [Client 0] Completed local epoch 5/8 | Final Loss: 2.2994 | Final Train Acc: 38.77%
2025-08-23 14:02:27,685 - client_100 - INFO - [Client 0] Completed local epoch 6/8 | Final Loss: 2.2456 | Final Train Acc: 39.74%
2025-08-23 14:02:45,122 - client_100 - INFO - [Client 0] Completed local epoch 7/8 | Final Loss: 2.2025 | Final Train Acc: 40.69%
2025-08-23 14:03:04,300 - client_100 - INFO - [Client 0] Completed local epoch 8/8 | Final Loss: 2.1676 | Final Train Acc: 42.10%
2025-08-23 14:03:22,144 - client_100 - INFO - [Client 1] Completed local epoch 1/8 | Final Loss: 2.1770 | Final Train Acc: 42.05%
2025-08-23 14:03:39,494 - client_100 - INFO - [Client 1] Completed local epoch 2/8 | Final Loss: 2.1458 | Final Train Acc: 42.27%
2025-08-23 14:03:57,764 - client_100 - INFO - [Client 1] Completed local epoch 3/8 | Final Loss: 2.1970 | Final Train Acc: 41.30%
2025-08-23 14:04:16,309 - client_100 - INFO - [Client 1] Completed local epoch 4/8 | Final Loss: 2.2232 | Final Train Acc: 40.88%
2025-08-23 14:04:33,622 - client_100 - INFO - [Client 1] Completed local epoch 5/8 | Final Loss: 2.2869 | Final Train Acc: 39.22%
2025-08-23 14:04:51,692 - client_100 - INFO - [Client 1] Completed local epoch 6/8 | Final Loss: 2.2368 | Final Train Acc: 39.99%
2025-08-23 14:05:10,584 - client_100 - INFO - [Client 1] Completed local epoch 7/8 | Final Loss: 2.2001 | Final Train Acc: 41.59%
2025-08-23 14:05:28,156 - client_100 - INFO - [Client 1] Completed local epoch 8/8 | Final Loss: 2.1557 | Final Train Acc: 42.20%
2025-08-23 14:05:38,647 - client_100 - INFO - --- Round 4/18 (tau = 8) ---
2025-08-23 14:05:45,705 - client_100 - INFO - [Client 0] Completed local epoch 1/8 | Final Loss: 1.9498 | Final Train Acc: 47.31%
2025-08-23 14:06:05,312 - client_100 - INFO - [Client 0] Completed local epoch 2/8 | Final Loss: 1.9447 | Final Train Acc: 47.39%
2025-08-23 14:06:23,115 - client_100 - INFO - [Client 0] Completed local epoch 3/8 | Final Loss: 1.9806 | Final Train Acc: 46.13%
2025-08-23 14:06:40,599 - client_100 - INFO - [Client 0] Completed local epoch 4/8 | Final Loss: 2.0489 | Final Train Acc: 44.88%
2025-08-23 14:06:59,852 - client_100 - INFO - [Client 0] Completed local epoch 5/8 | Final Loss: 2.1024 | Final Train Acc: 43.34%
2025-08-23 14:07:18,060 - client_100 - INFO - [Client 0] Completed local epoch 6/8 | Final Loss: 2.0854 | Final Train Acc: 44.08%
2025-08-23 14:07:35,630 - client_100 - INFO - [Client 0] Completed local epoch 7/8 | Final Loss: 2.0363 | Final Train Acc: 45.11%
2025-08-23 14:07:54,422 - client_100 - INFO - [Client 0] Completed local epoch 8/8 | Final Loss: 2.0197 | Final Train Acc: 45.13%
2025-08-23 14:08:13,034 - client_100 - INFO - [Client 1] Completed local epoch 1/8 | Final Loss: 1.9161 | Final Train Acc: 48.27%
2025-08-23 14:08:30,614 - client_100 - INFO - [Client 1] Completed local epoch 2/8 | Final Loss: 1.9252 | Final Train Acc: 47.48%
2025-08-23 14:08:48,838 - client_100 - INFO - [Client 1] Completed local epoch 3/8 | Final Loss: 1.9530 | Final Train Acc: 46.81%
2025-08-23 14:09:07,661 - client_100 - INFO - [Client 1] Completed local epoch 4/8 | Final Loss: 2.0142 | Final Train Acc: 45.45%
2025-08-23 14:09:25,086 - client_100 - INFO - [Client 1] Completed local epoch 5/8 | Final Loss: 2.0885 | Final Train Acc: 43.27%
2025-08-23 14:09:42,693 - client_100 - INFO - [Client 1] Completed local epoch 6/8 | Final Loss: 2.0456 | Final Train Acc: 44.48%
2025-08-23 14:10:01,789 - client_100 - INFO - [Client 1] Completed local epoch 7/8 | Final Loss: 2.0264 | Final Train Acc: 44.99%
2025-08-23 14:10:19,363 - client_100 - INFO - [Client 1] Completed local epoch 8/8 | Final Loss: 1.9949 | Final Train Acc: 45.62%
2025-08-23 14:10:29,640 - client_100 - INFO - --- Round 5/18 (tau = 8) ---
2025-08-23 14:10:36,633 - client_100 - INFO - [Client 0] Completed local epoch 1/8 | Final Loss: 1.7958 | Final Train Acc: 50.76%
2025-08-23 14:10:55,224 - client_100 - INFO - [Client 0] Completed local epoch 2/8 | Final Loss: 1.7986 | Final Train Acc: 50.55%
2025-08-23 14:11:13,290 - client_100 - INFO - [Client 0] Completed local epoch 3/8 | Final Loss: 1.8400 | Final Train Acc: 49.83%
2025-08-23 14:11:30,533 - client_100 - INFO - [Client 0] Completed local epoch 4/8 | Final Loss: 1.9113 | Final Train Acc: 47.70%
2025-08-23 14:11:48,512 - client_100 - INFO - [Client 0] Completed local epoch 5/8 | Final Loss: 1.9884 | Final Train Acc: 45.28%
2025-08-23 14:12:07,545 - client_100 - INFO - [Client 0] Completed local epoch 6/8 | Final Loss: 1.9584 | Final Train Acc: 46.69%
2025-08-23 14:12:25,132 - client_100 - INFO - [Client 0] Completed local epoch 7/8 | Final Loss: 1.9493 | Final Train Acc: 46.83%
2025-08-23 14:12:42,473 - client_100 - INFO - [Client 0] Completed local epoch 8/8 | Final Loss: 1.9186 | Final Train Acc: 47.46%
2025-08-23 14:13:01,591 - client_100 - INFO - [Client 1] Completed local epoch 1/8 | Final Loss: 1.7758 | Final Train Acc: 50.99%
2025-08-23 14:13:19,522 - client_100 - INFO - [Client 1] Completed local epoch 2/8 | Final Loss: 1.7786 | Final Train Acc: 50.91%
2025-08-23 14:13:36,850 - client_100 - INFO - [Client 1] Completed local epoch 3/8 | Final Loss: 1.8119 | Final Train Acc: 50.07%
2025-08-23 14:13:55,475 - client_100 - INFO - [Client 1] Completed local epoch 4/8 | Final Loss: 1.8912 | Final Train Acc: 47.96%
2025-08-23 14:14:13,548 - client_100 - INFO - [Client 1] Completed local epoch 5/8 | Final Loss: 1.9526 | Final Train Acc: 47.09%
2025-08-23 14:14:30,869 - client_100 - INFO - [Client 1] Completed local epoch 6/8 | Final Loss: 1.9457 | Final Train Acc: 46.93%
2025-08-23 14:14:48,693 - client_100 - INFO - [Client 1] Completed local epoch 7/8 | Final Loss: 1.9185 | Final Train Acc: 47.37%
2025-08-23 14:15:07,560 - client_100 - INFO - [Client 1] Completed local epoch 8/8 | Final Loss: 1.8983 | Final Train Acc: 48.19%
2025-08-23 14:15:17,328 - client_100 - INFO - --- Round 6/18 (tau = 8) ---
2025-08-23 14:15:25,121 - client_100 - INFO - [Client 0] Completed local epoch 1/8 | Final Loss: 1.6956 | Final Train Acc: 53.80%
2025-08-23 14:15:42,463 - client_100 - INFO - [Client 0] Completed local epoch 2/8 | Final Loss: 1.6966 | Final Train Acc: 53.12%
2025-08-23 14:16:01,398 - client_100 - INFO - [Client 0] Completed local epoch 3/8 | Final Loss: 1.7439 | Final Train Acc: 52.09%
2025-08-23 14:16:19,324 - client_100 - INFO - [Client 0] Completed local epoch 4/8 | Final Loss: 1.8279 | Final Train Acc: 49.81%
2025-08-23 14:16:36,851 - client_100 - INFO - [Client 0] Completed local epoch 5/8 | Final Loss: 1.8888 | Final Train Acc: 48.58%
2025-08-23 14:16:55,369 - client_100 - INFO - [Client 0] Completed local epoch 6/8 | Final Loss: 1.8865 | Final Train Acc: 48.28%
2025-08-23 14:17:13,714 - client_100 - INFO - [Client 0] Completed local epoch 7/8 | Final Loss: 1.8705 | Final Train Acc: 48.42%
2025-08-23 14:17:30,882 - client_100 - INFO - [Client 0] Completed local epoch 8/8 | Final Loss: 1.8350 | Final Train Acc: 49.67%
2025-08-23 14:17:48,520 - client_100 - INFO - [Client 1] Completed local epoch 1/8 | Final Loss: 1.6806 | Final Train Acc: 53.66%
2025-08-23 14:18:07,617 - client_100 - INFO - [Client 1] Completed local epoch 2/8 | Final Loss: 1.6749 | Final Train Acc: 53.77%
2025-08-23 14:18:25,472 - client_100 - INFO - [Client 1] Completed local epoch 3/8 | Final Loss: 1.7333 | Final Train Acc: 52.15%
2025-08-23 14:18:42,878 - client_100 - INFO - [Client 1] Completed local epoch 4/8 | Final Loss: 1.7997 | Final Train Acc: 50.30%
2025-08-23 14:19:01,882 - client_100 - INFO - [Client 1] Completed local epoch 5/8 | Final Loss: 1.8610 | Final Train Acc: 48.45%
2025-08-23 14:19:20,075 - client_100 - INFO - [Client 1] Completed local epoch 6/8 | Final Loss: 1.8695 | Final Train Acc: 48.60%
2025-08-23 14:19:37,888 - client_100 - INFO - [Client 1] Completed local epoch 7/8 | Final Loss: 1.8360 | Final Train Acc: 49.60%
2025-08-23 14:19:56,849 - client_100 - INFO - [Client 1] Completed local epoch 8/8 | Final Loss: 1.8107 | Final Train Acc: 49.92%
2025-08-23 14:20:06,776 - client_100 - INFO - --- Round 7/18 (tau = 8) ---
2025-08-23 14:20:15,546 - client_100 - INFO - [Client 0] Completed local epoch 1/8 | Final Loss: 1.6246 | Final Train Acc: 54.68%
2025-08-23 14:20:33,260 - client_100 - INFO - [Client 0] Completed local epoch 2/8 | Final Loss: 1.6078 | Final Train Acc: 55.38%
2025-08-23 14:20:51,705 - client_100 - INFO - [Client 0] Completed local epoch 3/8 | Final Loss: 1.6741 | Final Train Acc: 53.52%
2025-08-23 14:21:10,705 - client_100 - INFO - [Client 0] Completed local epoch 4/8 | Final Loss: 1.7501 | Final Train Acc: 51.48%
2025-08-23 14:21:28,408 - client_100 - INFO - [Client 0] Completed local epoch 5/8 | Final Loss: 1.8273 | Final Train Acc: 49.50%
2025-08-23 14:21:45,861 - client_100 - INFO - [Client 0] Completed local epoch 6/8 | Final Loss: 1.8284 | Final Train Acc: 49.49%
2025-08-23 14:22:05,254 - client_100 - INFO - [Client 0] Completed local epoch 7/8 | Final Loss: 1.7971 | Final Train Acc: 50.13%
2025-08-23 14:22:23,433 - client_100 - INFO - [Client 0] Completed local epoch 8/8 | Final Loss: 1.7779 | Final Train Acc: 50.59%
2025-08-23 14:22:41,222 - client_100 - INFO - [Client 1] Completed local epoch 1/8 | Final Loss: 1.5985 | Final Train Acc: 55.75%
2025-08-23 14:23:00,343 - client_100 - INFO - [Client 1] Completed local epoch 2/8 | Final Loss: 1.5952 | Final Train Acc: 55.48%
2025-08-23 14:23:18,777 - client_100 - INFO - [Client 1] Completed local epoch 3/8 | Final Loss: 1.6476 | Final Train Acc: 54.26%
2025-08-23 14:23:36,605 - client_100 - INFO - [Client 1] Completed local epoch 4/8 | Final Loss: 1.7281 | Final Train Acc: 52.05%
2025-08-23 14:23:55,560 - client_100 - INFO - [Client 1] Completed local epoch 5/8 | Final Loss: 1.8018 | Final Train Acc: 49.94%
2025-08-23 14:24:14,379 - client_100 - INFO - [Client 1] Completed local epoch 6/8 | Final Loss: 1.8053 | Final Train Acc: 50.16%
2025-08-23 14:24:32,371 - client_100 - INFO - [Client 1] Completed local epoch 7/8 | Final Loss: 1.7853 | Final Train Acc: 50.63%
2025-08-23 14:24:51,450 - client_100 - INFO - [Client 1] Completed local epoch 8/8 | Final Loss: 1.7629 | Final Train Acc: 50.62%
2025-08-23 14:25:01,896 - client_100 - INFO - --- Round 8/18 (tau = 8) ---
2025-08-23 14:25:11,050 - client_100 - INFO - [Client 0] Completed local epoch 1/8 | Final Loss: 1.5666 | Final Train Acc: 56.40%
2025-08-23 14:25:29,000 - client_100 - INFO - [Client 0] Completed local epoch 2/8 | Final Loss: 1.5532 | Final Train Acc: 56.34%
2025-08-23 14:25:48,132 - client_100 - INFO - [Client 0] Completed local epoch 3/8 | Final Loss: 1.6117 | Final Train Acc: 55.15%
2025-08-23 14:26:07,078 - client_100 - INFO - [Client 0] Completed local epoch 4/8 | Final Loss: 1.6971 | Final Train Acc: 52.83%
2025-08-23 14:26:24,894 - client_100 - INFO - [Client 0] Completed local epoch 5/8 | Final Loss: 1.7718 | Final Train Acc: 50.74%
2025-08-23 14:26:43,813 - client_100 - INFO - [Client 0] Completed local epoch 6/8 | Final Loss: 1.7782 | Final Train Acc: 50.61%
2025-08-23 14:27:02,876 - client_100 - INFO - [Client 0] Completed local epoch 7/8 | Final Loss: 1.7458 | Final Train Acc: 51.85%
2025-08-23 14:27:20,875 - client_100 - INFO - [Client 0] Completed local epoch 8/8 | Final Loss: 1.7626 | Final Train Acc: 51.04%
2025-08-23 14:27:39,446 - client_100 - INFO - [Client 1] Completed local epoch 1/8 | Final Loss: 1.5460 | Final Train Acc: 56.24%
2025-08-23 14:27:58,705 - client_100 - INFO - [Client 1] Completed local epoch 2/8 | Final Loss: 1.5439 | Final Train Acc: 56.80%
2025-08-23 14:28:16,691 - client_100 - INFO - [Client 1] Completed local epoch 3/8 | Final Loss: 1.6012 | Final Train Acc: 55.22%
2025-08-23 14:28:34,688 - client_100 - INFO - [Client 1] Completed local epoch 4/8 | Final Loss: 1.6831 | Final Train Acc: 53.35%
2025-08-23 14:28:54,332 - client_100 - INFO - [Client 1] Completed local epoch 5/8 | Final Loss: 1.7740 | Final Train Acc: 50.85%
2025-08-23 14:29:12,467 - client_100 - INFO - [Client 1] Completed local epoch 6/8 | Final Loss: 1.7509 | Final Train Acc: 51.84%
2025-08-23 14:29:30,364 - client_100 - INFO - [Client 1] Completed local epoch 7/8 | Final Loss: 1.7231 | Final Train Acc: 52.23%
2025-08-23 14:29:50,185 - client_100 - INFO - [Client 1] Completed local epoch 8/8 | Final Loss: 1.7220 | Final Train Acc: 52.26%
2025-08-23 14:30:00,007 - client_100 - INFO - --- Round 9/18 (tau = 8) ---
2025-08-23 14:30:08,372 - client_100 - INFO - [Client 0] Completed local epoch 1/8 | Final Loss: 1.5223 | Final Train Acc: 57.30%
2025-08-23 14:30:26,151 - client_100 - INFO - [Client 0] Completed local epoch 2/8 | Final Loss: 1.5184 | Final Train Acc: 57.09%
2025-08-23 14:30:45,952 - client_100 - INFO - [Client 0] Completed local epoch 3/8 | Final Loss: 1.5693 | Final Train Acc: 55.97%
2025-08-23 14:31:04,091 - client_100 - INFO - [Client 0] Completed local epoch 4/8 | Final Loss: 1.6418 | Final Train Acc: 54.03%
2025-08-23 14:31:21,877 - client_100 - INFO - [Client 0] Completed local epoch 5/8 | Final Loss: 1.7499 | Final Train Acc: 51.62%
2025-08-23 14:31:41,428 - client_100 - INFO - [Client 0] Completed local epoch 6/8 | Final Loss: 1.7371 | Final Train Acc: 51.55%
2025-08-23 14:31:59,810 - client_100 - INFO - [Client 0] Completed local epoch 7/8 | Final Loss: 1.7423 | Final Train Acc: 51.85%
2025-08-23 14:32:17,601 - client_100 - INFO - [Client 0] Completed local epoch 8/8 | Final Loss: 1.7064 | Final Train Acc: 52.77%
2025-08-23 14:32:36,897 - client_100 - INFO - [Client 1] Completed local epoch 1/8 | Final Loss: 1.5030 | Final Train Acc: 57.60%
2025-08-23 14:32:55,457 - client_100 - INFO - [Client 1] Completed local epoch 2/8 | Final Loss: 1.5061 | Final Train Acc: 57.57%
2025-08-23 14:33:13,349 - client_100 - INFO - [Client 1] Completed local epoch 3/8 | Final Loss: 1.5474 | Final Train Acc: 56.49%
2025-08-23 14:33:32,691 - client_100 - INFO - [Client 1] Completed local epoch 4/8 | Final Loss: 1.6230 | Final Train Acc: 54.43%
2025-08-23 14:33:51,377 - client_100 - INFO - [Client 1] Completed local epoch 5/8 | Final Loss: 1.7267 | Final Train Acc: 51.88%
2025-08-23 14:34:09,215 - client_100 - INFO - [Client 1] Completed local epoch 6/8 | Final Loss: 1.7215 | Final Train Acc: 51.83%
2025-08-23 14:34:28,344 - client_100 - INFO - [Client 1] Completed local epoch 7/8 | Final Loss: 1.7028 | Final Train Acc: 52.67%
2025-08-23 14:34:47,114 - client_100 - INFO - [Client 1] Completed local epoch 8/8 | Final Loss: 1.6815 | Final Train Acc: 52.84%
2025-08-23 14:34:57,610 - client_100 - INFO - --- Round 10/18 (tau = 8) ---
2025-08-23 14:35:04,842 - client_100 - INFO - [Client 0] Completed local epoch 1/8 | Final Loss: 1.4931 | Final Train Acc: 57.91%
2025-08-23 14:35:23,897 - client_100 - INFO - [Client 0] Completed local epoch 2/8 | Final Loss: 1.4716 | Final Train Acc: 58.61%
2025-08-23 14:35:42,763 - client_100 - INFO - [Client 0] Completed local epoch 3/8 | Final Loss: 1.5300 | Final Train Acc: 56.81%
2025-08-23 14:36:00,452 - client_100 - INFO - [Client 0] Completed local epoch 4/8 | Final Loss: 1.6011 | Final Train Acc: 54.72%
2025-08-23 14:36:18,483 - client_100 - INFO - [Client 0] Completed local epoch 5/8 | Final Loss: 1.7146 | Final Train Acc: 52.05%
2025-08-23 14:36:37,472 - client_100 - INFO - [Client 0] Completed local epoch 6/8 | Final Loss: 1.7028 | Final Train Acc: 52.06%
2025-08-23 14:36:55,416 - client_100 - INFO - [Client 0] Completed local epoch 7/8 | Final Loss: 1.6939 | Final Train Acc: 52.73%
2025-08-23 14:37:13,112 - client_100 - INFO - [Client 0] Completed local epoch 8/8 | Final Loss: 1.6799 | Final Train Acc: 53.21%
2025-08-23 14:37:32,838 - client_100 - INFO - [Client 1] Completed local epoch 1/8 | Final Loss: 1.4695 | Final Train Acc: 58.77%
2025-08-23 14:37:51,114 - client_100 - INFO - [Client 1] Completed local epoch 2/8 | Final Loss: 1.4606 | Final Train Acc: 58.69%
2025-08-23 14:38:08,745 - client_100 - INFO - [Client 1] Completed local epoch 3/8 | Final Loss: 1.5113 | Final Train Acc: 57.40%
2025-08-23 14:38:28,412 - client_100 - INFO - [Client 1] Completed local epoch 4/8 | Final Loss: 1.5983 | Final Train Acc: 54.94%
2025-08-23 14:38:46,706 - client_100 - INFO - [Client 1] Completed local epoch 5/8 | Final Loss: 1.6999 | Final Train Acc: 52.51%
2025-08-23 14:39:04,502 - client_100 - INFO - [Client 1] Completed local epoch 6/8 | Final Loss: 1.6817 | Final Train Acc: 52.95%
2025-08-23 14:39:23,509 - client_100 - INFO - [Client 1] Completed local epoch 7/8 | Final Loss: 1.6623 | Final Train Acc: 53.33%
2025-08-23 14:39:42,192 - client_100 - INFO - [Client 1] Completed local epoch 8/8 | Final Loss: 1.6680 | Final Train Acc: 53.19%
2025-08-23 14:39:52,450 - client_100 - INFO - --- Round 11/18 (tau = 8) ---
2025-08-23 14:39:59,901 - client_100 - INFO - [Client 0] Completed local epoch 1/8 | Final Loss: 1.4548 | Final Train Acc: 59.17%
2025-08-23 14:40:17,924 - client_100 - INFO - [Client 0] Completed local epoch 2/8 | Final Loss: 1.4519 | Final Train Acc: 58.94%
2025-08-23 14:40:37,383 - client_100 - INFO - [Client 0] Completed local epoch 3/8 | Final Loss: 1.5141 | Final Train Acc: 57.27%
2025-08-23 14:40:55,355 - client_100 - INFO - [Client 0] Completed local epoch 4/8 | Final Loss: 1.5946 | Final Train Acc: 54.98%
2025-08-23 14:41:12,980 - client_100 - INFO - [Client 0] Completed local epoch 5/8 | Final Loss: 1.6589 | Final Train Acc: 53.29%
2025-08-23 14:41:32,594 - client_100 - INFO - [Client 0] Completed local epoch 6/8 | Final Loss: 1.6754 | Final Train Acc: 53.15%
2025-08-23 14:41:50,464 - client_100 - INFO - [Client 0] Completed local epoch 7/8 | Final Loss: 1.6583 | Final Train Acc: 53.74%
2025-08-23 14:42:08,229 - client_100 - INFO - [Client 0] Completed local epoch 8/8 | Final Loss: 1.6628 | Final Train Acc: 53.58%
2025-08-23 14:42:27,885 - client_100 - INFO - [Client 1] Completed local epoch 1/8 | Final Loss: 1.4261 | Final Train Acc: 59.81%
2025-08-23 14:42:45,998 - client_100 - INFO - [Client 1] Completed local epoch 2/8 | Final Loss: 1.4384 | Final Train Acc: 59.62%
2025-08-23 14:43:03,591 - client_100 - INFO - [Client 1] Completed local epoch 3/8 | Final Loss: 1.4764 | Final Train Acc: 58.03%
2025-08-23 14:43:23,044 - client_100 - INFO - [Client 1] Completed local epoch 4/8 | Final Loss: 1.5722 | Final Train Acc: 55.91%
2025-08-23 14:43:41,436 - client_100 - INFO - [Client 1] Completed local epoch 5/8 | Final Loss: 1.6786 | Final Train Acc: 52.95%
2025-08-23 14:43:59,157 - client_100 - INFO - [Client 1] Completed local epoch 6/8 | Final Loss: 1.6669 | Final Train Acc: 53.42%
2025-08-23 14:44:19,366 - client_100 - INFO - [Client 1] Completed local epoch 7/8 | Final Loss: 1.6482 | Final Train Acc: 54.02%
2025-08-23 14:44:37,894 - client_100 - INFO - [Client 1] Completed local epoch 8/8 | Final Loss: 1.6311 | Final Train Acc: 54.02%
2025-08-23 14:44:48,510 - client_100 - INFO - --- Round 12/18 (tau = 8) ---
2025-08-23 14:44:55,870 - client_100 - INFO - [Client 0] Completed local epoch 1/8 | Final Loss: 1.4254 | Final Train Acc: 60.12%
2025-08-23 14:45:14,920 - client_100 - INFO - [Client 0] Completed local epoch 2/8 | Final Loss: 1.4271 | Final Train Acc: 59.79%
2025-08-23 14:45:33,488 - client_100 - INFO - [Client 0] Completed local epoch 3/8 | Final Loss: 1.4593 | Final Train Acc: 58.80%
2025-08-23 14:45:51,296 - client_100 - INFO - [Client 0] Completed local epoch 4/8 | Final Loss: 1.5682 | Final Train Acc: 55.73%
2025-08-23 14:46:09,732 - client_100 - INFO - [Client 0] Completed local epoch 5/8 | Final Loss: 1.6581 | Final Train Acc: 53.60%
2025-08-23 14:46:29,064 - client_100 - INFO - [Client 0] Completed local epoch 6/8 | Final Loss: 1.6515 | Final Train Acc: 53.68%
2025-08-23 14:46:46,983 - client_100 - INFO - [Client 0] Completed local epoch 7/8 | Final Loss: 1.6602 | Final Train Acc: 53.76%
2025-08-23 14:47:05,338 - client_100 - INFO - [Client 0] Completed local epoch 8/8 | Final Loss: 1.6465 | Final Train Acc: 53.98%
2025-08-23 14:47:24,803 - client_100 - INFO - [Client 1] Completed local epoch 1/8 | Final Loss: 1.4050 | Final Train Acc: 60.31%
2025-08-23 14:47:42,745 - client_100 - INFO - [Client 1] Completed local epoch 2/8 | Final Loss: 1.3930 | Final Train Acc: 60.30%
2025-08-23 14:48:00,913 - client_100 - INFO - [Client 1] Completed local epoch 3/8 | Final Loss: 1.4581 | Final Train Acc: 58.65%
2025-08-23 14:48:20,653 - client_100 - INFO - [Client 1] Completed local epoch 4/8 | Final Loss: 1.5361 | Final Train Acc: 56.99%
2025-08-23 14:48:38,780 - client_100 - INFO - [Client 1] Completed local epoch 5/8 | Final Loss: 1.6430 | Final Train Acc: 53.80%
2025-08-23 14:48:55,952 - client_100 - INFO - [Client 1] Completed local epoch 6/8 | Final Loss: 1.6362 | Final Train Acc: 54.40%
2025-08-23 14:49:15,194 - client_100 - INFO - [Client 1] Completed local epoch 7/8 | Final Loss: 1.6472 | Final Train Acc: 53.62%
2025-08-23 14:49:33,753 - client_100 - INFO - [Client 1] Completed local epoch 8/8 | Final Loss: 1.6231 | Final Train Acc: 54.31%
2025-08-23 14:49:44,233 - client_100 - INFO - --- Round 13/18 (tau = 8) ---
2025-08-23 14:49:51,456 - client_100 - INFO - [Client 0] Completed local epoch 1/8 | Final Loss: 1.4027 | Final Train Acc: 60.52%
2025-08-23 14:50:10,878 - client_100 - INFO - [Client 0] Completed local epoch 2/8 | Final Loss: 1.4082 | Final Train Acc: 60.34%
2025-08-23 14:50:29,109 - client_100 - INFO - [Client 0] Completed local epoch 3/8 | Final Loss: 1.4621 | Final Train Acc: 58.85%
2025-08-23 14:50:46,991 - client_100 - INFO - [Client 0] Completed local epoch 4/8 | Final Loss: 1.5379 | Final Train Acc: 56.57%
2025-08-23 14:51:06,193 - client_100 - INFO - [Client 0] Completed local epoch 5/8 | Final Loss: 1.6571 | Final Train Acc: 53.71%
2025-08-23 14:51:24,753 - client_100 - INFO - [Client 0] Completed local epoch 6/8 | Final Loss: 1.6339 | Final Train Acc: 54.31%
2025-08-23 14:51:42,620 - client_100 - INFO - [Client 0] Completed local epoch 7/8 | Final Loss: 1.6279 | Final Train Acc: 54.59%
2025-08-23 14:52:01,666 - client_100 - INFO - [Client 0] Completed local epoch 8/8 | Final Loss: 1.6012 | Final Train Acc: 54.87%
2025-08-23 14:52:20,542 - client_100 - INFO - [Client 1] Completed local epoch 1/8 | Final Loss: 1.3713 | Final Train Acc: 61.06%
2025-08-23 14:52:38,461 - client_100 - INFO - [Client 1] Completed local epoch 2/8 | Final Loss: 1.3918 | Final Train Acc: 59.99%
2025-08-23 14:52:57,109 - client_100 - INFO - [Client 1] Completed local epoch 3/8 | Final Loss: 1.4247 | Final Train Acc: 59.29%
2025-08-23 14:53:16,203 - client_100 - INFO - [Client 1] Completed local epoch 4/8 | Final Loss: 1.5291 | Final Train Acc: 56.89%
2025-08-23 14:53:34,102 - client_100 - INFO - [Client 1] Completed local epoch 5/8 | Final Loss: 1.6018 | Final Train Acc: 55.08%
2025-08-23 14:53:52,055 - client_100 - INFO - [Client 1] Completed local epoch 6/8 | Final Loss: 1.6477 | Final Train Acc: 53.67%
2025-08-23 14:54:11,189 - client_100 - INFO - [Client 1] Completed local epoch 7/8 | Final Loss: 1.6330 | Final Train Acc: 54.32%
2025-08-23 14:54:28,734 - client_100 - INFO - [Client 1] Completed local epoch 8/8 | Final Loss: 1.5907 | Final Train Acc: 55.34%
2025-08-23 14:54:39,016 - client_100 - INFO - --- Round 14/18 (tau = 8) ---
2025-08-23 14:54:46,177 - client_100 - INFO - [Client 0] Completed local epoch 1/8 | Final Loss: 1.3807 | Final Train Acc: 60.78%
2025-08-23 14:55:05,491 - client_100 - INFO - [Client 0] Completed local epoch 2/8 | Final Loss: 1.3706 | Final Train Acc: 61.45%
2025-08-23 14:55:23,394 - client_100 - INFO - [Client 0] Completed local epoch 3/8 | Final Loss: 1.4282 | Final Train Acc: 59.53%
2025-08-23 14:55:41,044 - client_100 - INFO - [Client 0] Completed local epoch 4/8 | Final Loss: 1.5204 | Final Train Acc: 56.57%
2025-08-23 14:56:00,015 - client_100 - INFO - [Client 0] Completed local epoch 5/8 | Final Loss: 1.6240 | Final Train Acc: 54.10%
2025-08-23 14:56:18,971 - client_100 - INFO - [Client 0] Completed local epoch 6/8 | Final Loss: 1.6394 | Final Train Acc: 54.05%
2025-08-23 14:56:36,699 - client_100 - INFO - [Client 0] Completed local epoch 7/8 | Final Loss: 1.6108 | Final Train Acc: 54.76%
2025-08-23 14:56:55,267 - client_100 - INFO - [Client 0] Completed local epoch 8/8 | Final Loss: 1.6033 | Final Train Acc: 54.86%
2025-08-23 14:57:14,445 - client_100 - INFO - [Client 1] Completed local epoch 1/8 | Final Loss: 1.3644 | Final Train Acc: 61.37%
2025-08-23 14:57:32,242 - client_100 - INFO - [Client 1] Completed local epoch 2/8 | Final Loss: 1.3699 | Final Train Acc: 60.56%
2025-08-23 14:57:50,413 - client_100 - INFO - [Client 1] Completed local epoch 3/8 | Final Loss: 1.4298 | Final Train Acc: 59.28%
2025-08-23 14:58:10,168 - client_100 - INFO - [Client 1] Completed local epoch 4/8 | Final Loss: 1.5117 | Final Train Acc: 57.35%
2025-08-23 14:58:28,033 - client_100 - INFO - [Client 1] Completed local epoch 5/8 | Final Loss: 1.5998 | Final Train Acc: 55.01%
2025-08-23 14:58:45,701 - client_100 - INFO - [Client 1] Completed local epoch 6/8 | Final Loss: 1.5924 | Final Train Acc: 55.31%
2025-08-23 14:59:05,171 - client_100 - INFO - [Client 1] Completed local epoch 7/8 | Final Loss: 1.5959 | Final Train Acc: 54.67%
2025-08-23 14:59:23,312 - client_100 - INFO - [Client 1] Completed local epoch 8/8 | Final Loss: 1.5843 | Final Train Acc: 55.11%
2025-08-23 14:59:33,861 - client_100 - INFO - --- Round 15/18 (tau = 8) ---
2025-08-23 14:59:41,313 - client_100 - INFO - [Client 0] Completed local epoch 1/8 | Final Loss: 1.3794 | Final Train Acc: 60.98%
2025-08-23 15:00:00,705 - client_100 - INFO - [Client 0] Completed local epoch 2/8 | Final Loss: 1.3784 | Final Train Acc: 61.06%
2025-08-23 15:00:19,067 - client_100 - INFO - [Client 0] Completed local epoch 3/8 | Final Loss: 1.4151 | Final Train Acc: 59.41%
2025-08-23 15:00:36,606 - client_100 - INFO - [Client 0] Completed local epoch 4/8 | Final Loss: 1.5243 | Final Train Acc: 56.74%
2025-08-23 15:00:56,154 - client_100 - INFO - [Client 0] Completed local epoch 5/8 | Final Loss: 1.6167 | Final Train Acc: 54.28%
2025-08-23 15:01:14,593 - client_100 - INFO - [Client 0] Completed local epoch 6/8 | Final Loss: 1.6155 | Final Train Acc: 54.37%
2025-08-23 15:01:32,044 - client_100 - INFO - [Client 0] Completed local epoch 7/8 | Final Loss: 1.6099 | Final Train Acc: 54.77%
2025-08-23 15:01:50,932 - client_100 - INFO - [Client 0] Completed local epoch 8/8 | Final Loss: 1.5859 | Final Train Acc: 55.52%
2025-08-23 15:02:09,551 - client_100 - INFO - [Client 1] Completed local epoch 1/8 | Final Loss: 1.3630 | Final Train Acc: 61.13%
2025-08-23 15:02:27,086 - client_100 - INFO - [Client 1] Completed local epoch 2/8 | Final Loss: 1.3561 | Final Train Acc: 61.56%
2025-08-23 15:02:45,771 - client_100 - INFO - [Client 1] Completed local epoch 3/8 | Final Loss: 1.3967 | Final Train Acc: 60.30%
2025-08-23 15:03:04,415 - client_100 - INFO - [Client 1] Completed local epoch 4/8 | Final Loss: 1.4887 | Final Train Acc: 57.72%
2025-08-23 15:03:22,197 - client_100 - INFO - [Client 1] Completed local epoch 5/8 | Final Loss: 1.6046 | Final Train Acc: 54.79%
2025-08-23 15:03:40,497 - client_100 - INFO - [Client 1] Completed local epoch 6/8 | Final Loss: 1.6154 | Final Train Acc: 54.55%
2025-08-23 15:03:59,893 - client_100 - INFO - [Client 1] Completed local epoch 7/8 | Final Loss: 1.5794 | Final Train Acc: 55.45%
2025-08-23 15:04:18,001 - client_100 - INFO - [Client 1] Completed local epoch 8/8 | Final Loss: 1.5759 | Final Train Acc: 55.73%
2025-08-23 15:04:28,531 - client_100 - INFO - --- Round 16/18 (tau = 8) ---
2025-08-23 15:04:36,041 - client_100 - INFO - [Client 0] Completed local epoch 1/8 | Final Loss: 1.3518 | Final Train Acc: 61.55%
2025-08-23 15:04:55,800 - client_100 - INFO - [Client 0] Completed local epoch 2/8 | Final Loss: 1.3612 | Final Train Acc: 61.11%
2025-08-23 15:05:13,917 - client_100 - INFO - [Client 0] Completed local epoch 3/8 | Final Loss: 1.3920 | Final Train Acc: 60.36%
2025-08-23 15:05:31,540 - client_100 - INFO - [Client 0] Completed local epoch 4/8 | Final Loss: 1.4989 | Final Train Acc: 57.26%
2025-08-23 15:05:51,144 - client_100 - INFO - [Client 0] Completed local epoch 5/8 | Final Loss: 1.6016 | Final Train Acc: 54.84%
2025-08-23 15:06:09,312 - client_100 - INFO - [Client 0] Completed local epoch 6/8 | Final Loss: 1.6031 | Final Train Acc: 55.09%
2025-08-23 15:06:27,040 - client_100 - INFO - [Client 0] Completed local epoch 7/8 | Final Loss: 1.5815 | Final Train Acc: 55.30%
2025-08-23 15:06:46,557 - client_100 - INFO - [Client 0] Completed local epoch 8/8 | Final Loss: 1.5931 | Final Train Acc: 55.38%
2025-08-23 15:07:04,965 - client_100 - INFO - [Client 1] Completed local epoch 1/8 | Final Loss: 1.3543 | Final Train Acc: 61.64%
2025-08-23 15:07:22,688 - client_100 - INFO - [Client 1] Completed local epoch 2/8 | Final Loss: 1.3380 | Final Train Acc: 61.84%
2025-08-23 15:07:41,399 - client_100 - INFO - [Client 1] Completed local epoch 3/8 | Final Loss: 1.3898 | Final Train Acc: 60.22%
2025-08-23 15:08:00,264 - client_100 - INFO - [Client 1] Completed local epoch 4/8 | Final Loss: 1.4988 | Final Train Acc: 57.41%
2025-08-23 15:08:18,268 - client_100 - INFO - [Client 1] Completed local epoch 5/8 | Final Loss: 1.5854 | Final Train Acc: 55.41%
2025-08-23 15:08:37,151 - client_100 - INFO - [Client 1] Completed local epoch 6/8 | Final Loss: 1.5961 | Final Train Acc: 55.02%
2025-08-23 15:08:56,341 - client_100 - INFO - [Client 1] Completed local epoch 7/8 | Final Loss: 1.5627 | Final Train Acc: 55.91%
2025-08-23 15:09:14,179 - client_100 - INFO - [Client 1] Completed local epoch 8/8 | Final Loss: 1.5659 | Final Train Acc: 55.84%
2025-08-23 15:09:24,809 - client_100 - INFO - --- Round 17/18 (tau = 8) ---
2025-08-23 15:09:32,948 - client_100 - INFO - [Client 0] Completed local epoch 1/8 | Final Loss: 1.3425 | Final Train Acc: 62.22%
2025-08-23 15:09:52,543 - client_100 - INFO - [Client 0] Completed local epoch 2/8 | Final Loss: 1.3519 | Final Train Acc: 61.65%
2025-08-23 15:10:10,696 - client_100 - INFO - [Client 0] Completed local epoch 3/8 | Final Loss: 1.4024 | Final Train Acc: 60.00%
2025-08-23 15:10:29,140 - client_100 - INFO - [Client 0] Completed local epoch 4/8 | Final Loss: 1.4866 | Final Train Acc: 57.89%
2025-08-23 15:10:48,916 - client_100 - INFO - [Client 0] Completed local epoch 5/8 | Final Loss: 1.6006 | Final Train Acc: 54.78%
2025-08-23 15:11:06,986 - client_100 - INFO - [Client 0] Completed local epoch 6/8 | Final Loss: 1.5913 | Final Train Acc: 55.37%
2025-08-23 15:11:24,929 - client_100 - INFO - [Client 0] Completed local epoch 7/8 | Final Loss: 1.5929 | Final Train Acc: 55.13%
2025-08-23 15:11:44,773 - client_100 - INFO - [Client 0] Completed local epoch 8/8 | Final Loss: 1.5744 | Final Train Acc: 55.62%
2025-08-23 15:12:02,867 - client_100 - INFO - [Client 1] Completed local epoch 1/8 | Final Loss: 1.3373 | Final Train Acc: 62.10%
2025-08-23 15:12:20,574 - client_100 - INFO - [Client 1] Completed local epoch 2/8 | Final Loss: 1.3270 | Final Train Acc: 62.12%
2025-08-23 15:12:40,149 - client_100 - INFO - [Client 1] Completed local epoch 3/8 | Final Loss: 1.3805 | Final Train Acc: 60.55%
2025-08-23 15:12:58,377 - client_100 - INFO - [Client 1] Completed local epoch 4/8 | Final Loss: 1.4740 | Final Train Acc: 58.41%
2025-08-23 15:13:16,193 - client_100 - INFO - [Client 1] Completed local epoch 5/8 | Final Loss: 1.5752 | Final Train Acc: 54.85%
2025-08-23 15:13:35,735 - client_100 - INFO - [Client 1] Completed local epoch 6/8 | Final Loss: 1.5554 | Final Train Acc: 55.76%
2025-08-23 15:13:54,092 - client_100 - INFO - [Client 1] Completed local epoch 7/8 | Final Loss: 1.5625 | Final Train Acc: 55.81%
2025-08-23 15:14:11,745 - client_100 - INFO - [Client 1] Completed local epoch 8/8 | Final Loss: 1.5381 | Final Train Acc: 56.13%
2025-08-23 15:14:22,276 - client_100 - INFO - --- Round 18/18 (tau = 8) ---
2025-08-23 15:14:31,057 - client_100 - INFO - [Client 0] Completed local epoch 1/8 | Final Loss: 1.3372 | Final Train Acc: 62.40%
2025-08-23 15:14:49,776 - client_100 - INFO - [Client 0] Completed local epoch 2/8 | Final Loss: 1.3376 | Final Train Acc: 61.97%
2025-08-23 15:15:07,553 - client_100 - INFO - [Client 0] Completed local epoch 3/8 | Final Loss: 1.3887 | Final Train Acc: 60.35%
2025-08-23 15:15:26,401 - client_100 - INFO - [Client 0] Completed local epoch 4/8 | Final Loss: 1.4694 | Final Train Acc: 58.30%
2025-08-23 15:15:45,224 - client_100 - INFO - [Client 0] Completed local epoch 5/8 | Final Loss: 1.5825 | Final Train Acc: 55.04%
2025-08-23 15:16:02,873 - client_100 - INFO - [Client 0] Completed local epoch 6/8 | Final Loss: 1.5950 | Final Train Acc: 54.65%
2025-08-23 15:16:20,943 - client_100 - INFO - [Client 0] Completed local epoch 7/8 | Final Loss: 1.5692 | Final Train Acc: 55.62%
2025-08-23 15:16:40,483 - client_100 - INFO - [Client 0] Completed local epoch 8/8 | Final Loss: 1.5635 | Final Train Acc: 55.51%
2025-08-23 15:16:58,535 - client_100 - INFO - [Client 1] Completed local epoch 1/8 | Final Loss: 1.3285 | Final Train Acc: 62.15%
2025-08-23 15:17:15,971 - client_100 - INFO - [Client 1] Completed local epoch 2/8 | Final Loss: 1.3184 | Final Train Acc: 61.95%
2025-08-23 15:17:35,318 - client_100 - INFO - [Client 1] Completed local epoch 3/8 | Final Loss: 1.3751 | Final Train Acc: 60.41%
2025-08-23 15:17:53,431 - client_100 - INFO - [Client 1] Completed local epoch 4/8 | Final Loss: 1.4482 | Final Train Acc: 58.67%
2025-08-23 15:18:11,191 - client_100 - INFO - [Client 1] Completed local epoch 5/8 | Final Loss: 1.5590 | Final Train Acc: 55.93%
2025-08-23 15:18:30,446 - client_100 - INFO - [Client 1] Completed local epoch 6/8 | Final Loss: 1.5741 | Final Train Acc: 55.63%
2025-08-23 15:18:48,534 - client_100 - INFO - [Client 1] Completed local epoch 7/8 | Final Loss: 1.5639 | Final Train Acc: 55.69%
2025-08-23 15:19:06,085 - client_100 - INFO - [Client 1] Completed local epoch 8/8 | Final Loss: 1.5389 | Final Train Acc: 56.37%
2025-08-23 15:19:16,399 - client_100 - INFO - --- Final round (tau = 6) ---
