2025-08-23 16:51:10,419 - client_100 - INFO - Started training for Client 100
2025-08-23 16:51:10,421 - client_100 - INFO - Log file: logs/localSGD_lenet5_seq_cifar100_w4_20250823_165110_client100.log
2025-08-23 16:51:10,421 - client_100 - INFO - Simulating LocalSGD training with 4 clients (sequential execution)
2025-08-23 16:51:10,421 - client_100 - INFO - Device: cpu
2025-08-23 16:51:10,422 - client_100 - INFO - Config: batch_size=128, lr=0.05, epochs=150, tau=4
2025-08-23 16:51:20,034 - client_100 - INFO - [INFO] Total train set size: 40000
2025-08-23 16:51:20,054 - client_100 - INFO - --- Round 1/37 (tau = 4) ---
2025-08-23 16:51:54,499 - client_100 - INFO - [Client 0] Completed local epoch 1/4 | Final Loss: 4.4359 | Final Train Acc: 3.46%
2025-08-23 16:52:44,252 - client_100 - INFO - [Client 0] Completed local epoch 2/4 | Final Loss: 4.0084 | Final Train Acc: 8.59%
2025-08-23 16:53:35,913 - client_100 - INFO - [Client 0] Completed local epoch 3/4 | Final Loss: 3.8271 | Final Train Acc: 10.28%
2025-08-23 16:54:25,902 - client_100 - INFO - [Client 0] Completed local epoch 4/4 | Final Loss: 3.7302 | Final Train Acc: 12.10%
2025-08-23 16:55:22,066 - client_100 - INFO - [Client 1] Completed local epoch 1/4 | Final Loss: 4.4230 | Final Train Acc: 3.79%
2025-08-23 16:56:12,583 - client_100 - INFO - [Client 1] Completed local epoch 2/4 | Final Loss: 4.0193 | Final Train Acc: 7.84%
2025-08-23 16:57:04,076 - client_100 - INFO - [Client 1] Completed local epoch 3/4 | Final Loss: 3.8420 | Final Train Acc: 10.30%
2025-08-23 16:57:55,428 - client_100 - INFO - [Client 1] Completed local epoch 4/4 | Final Loss: 3.7416 | Final Train Acc: 12.39%
2025-08-23 16:58:45,301 - client_100 - INFO - [Client 2] Completed local epoch 1/4 | Final Loss: 4.4387 | Final Train Acc: 3.85%
2025-08-23 16:59:37,089 - client_100 - INFO - [Client 2] Completed local epoch 2/4 | Final Loss: 4.0363 | Final Train Acc: 7.89%
2025-08-23 17:00:27,047 - client_100 - INFO - [Client 2] Completed local epoch 3/4 | Final Loss: 3.8129 | Final Train Acc: 10.63%
2025-08-23 17:01:18,688 - client_100 - INFO - [Client 2] Completed local epoch 4/4 | Final Loss: 3.7226 | Final Train Acc: 12.08%
2025-08-23 17:02:08,813 - client_100 - INFO - [Client 3] Completed local epoch 1/4 | Final Loss: 4.4148 | Final Train Acc: 4.13%
2025-08-23 17:03:00,516 - client_100 - INFO - [Client 3] Completed local epoch 2/4 | Final Loss: 4.0193 | Final Train Acc: 8.21%
2025-08-23 17:03:51,530 - client_100 - INFO - [Client 3] Completed local epoch 3/4 | Final Loss: 3.8333 | Final Train Acc: 10.42%
2025-08-23 17:04:43,205 - client_100 - INFO - [Client 3] Completed local epoch 4/4 | Final Loss: 3.7493 | Final Train Acc: 12.25%
2025-08-23 17:05:06,655 - client_100 - INFO - --- Round 2/37 (tau = 4) ---
2025-08-23 17:05:38,912 - client_100 - INFO - [Client 0] Completed local epoch 1/4 | Final Loss: 3.5135 | Final Train Acc: 16.39%
2025-08-23 17:06:29,436 - client_100 - INFO - [Client 0] Completed local epoch 2/4 | Final Loss: 3.4093 | Final Train Acc: 17.42%
2025-08-23 17:07:21,217 - client_100 - INFO - [Client 0] Completed local epoch 3/4 | Final Loss: 3.3993 | Final Train Acc: 17.13%
2025-08-23 17:08:11,435 - client_100 - INFO - [Client 0] Completed local epoch 4/4 | Final Loss: 3.3784 | Final Train Acc: 17.75%
2025-08-23 17:09:03,455 - client_100 - INFO - [Client 1] Completed local epoch 1/4 | Final Loss: 3.5170 | Final Train Acc: 16.42%
2025-08-23 17:09:54,253 - client_100 - INFO - [Client 1] Completed local epoch 2/4 | Final Loss: 3.4099 | Final Train Acc: 17.53%
2025-08-23 17:10:45,120 - client_100 - INFO - [Client 1] Completed local epoch 3/4 | Final Loss: 3.3863 | Final Train Acc: 17.36%
2025-08-23 17:11:36,519 - client_100 - INFO - [Client 1] Completed local epoch 4/4 | Final Loss: 3.3877 | Final Train Acc: 17.51%
2025-08-23 17:12:26,773 - client_100 - INFO - [Client 2] Completed local epoch 1/4 | Final Loss: 3.4959 | Final Train Acc: 16.55%
2025-08-23 17:13:18,662 - client_100 - INFO - [Client 2] Completed local epoch 2/4 | Final Loss: 3.3798 | Final Train Acc: 17.39%
2025-08-23 17:14:08,995 - client_100 - INFO - [Client 2] Completed local epoch 3/4 | Final Loss: 3.3863 | Final Train Acc: 16.81%
2025-08-23 17:15:00,972 - client_100 - INFO - [Client 2] Completed local epoch 4/4 | Final Loss: 3.3716 | Final Train Acc: 17.37%
2025-08-23 17:15:51,199 - client_100 - INFO - [Client 3] Completed local epoch 1/4 | Final Loss: 3.4973 | Final Train Acc: 16.38%
2025-08-23 17:16:44,182 - client_100 - INFO - [Client 3] Completed local epoch 2/4 | Final Loss: 3.3953 | Final Train Acc: 17.27%
2025-08-23 17:17:34,802 - client_100 - INFO - [Client 3] Completed local epoch 3/4 | Final Loss: 3.3775 | Final Train Acc: 17.99%
2025-08-23 17:18:26,109 - client_100 - INFO - [Client 3] Completed local epoch 4/4 | Final Loss: 3.3506 | Final Train Acc: 18.47%
2025-08-23 17:18:45,645 - client_100 - INFO - --- Round 3/37 (tau = 4) ---
2025-08-23 17:19:17,640 - client_100 - INFO - [Client 0] Completed local epoch 1/4 | Final Loss: 3.0618 | Final Train Acc: 23.88%
2025-08-23 17:20:07,661 - client_100 - INFO - [Client 0] Completed local epoch 2/4 | Final Loss: 3.0466 | Final Train Acc: 23.82%
2025-08-23 17:20:58,966 - client_100 - INFO - [Client 0] Completed local epoch 3/4 | Final Loss: 3.0974 | Final Train Acc: 22.89%
2025-08-23 17:21:49,039 - client_100 - INFO - [Client 0] Completed local epoch 4/4 | Final Loss: 3.1132 | Final Train Acc: 22.01%
2025-08-23 17:22:40,661 - client_100 - INFO - [Client 1] Completed local epoch 1/4 | Final Loss: 3.0766 | Final Train Acc: 23.35%
2025-08-23 17:23:30,775 - client_100 - INFO - [Client 1] Completed local epoch 2/4 | Final Loss: 3.0700 | Final Train Acc: 22.97%
2025-08-23 17:24:22,409 - client_100 - INFO - [Client 1] Completed local epoch 3/4 | Final Loss: 3.0964 | Final Train Acc: 22.31%
2025-08-23 17:25:13,261 - client_100 - INFO - [Client 1] Completed local epoch 4/4 | Final Loss: 3.1205 | Final Train Acc: 21.88%
2025-08-23 17:26:04,662 - client_100 - INFO - [Client 2] Completed local epoch 1/4 | Final Loss: 3.0426 | Final Train Acc: 23.91%
2025-08-23 17:26:56,581 - client_100 - INFO - [Client 2] Completed local epoch 2/4 | Final Loss: 3.0366 | Final Train Acc: 23.88%
2025-08-23 17:27:47,890 - client_100 - INFO - [Client 2] Completed local epoch 3/4 | Final Loss: 3.0621 | Final Train Acc: 23.52%
2025-08-23 17:28:40,086 - client_100 - INFO - [Client 2] Completed local epoch 4/4 | Final Loss: 3.0781 | Final Train Acc: 23.00%
2025-08-23 17:29:33,851 - client_100 - INFO - [Client 3] Completed local epoch 1/4 | Final Loss: 3.0463 | Final Train Acc: 24.31%
2025-08-23 17:30:27,467 - client_100 - INFO - [Client 3] Completed local epoch 2/4 | Final Loss: 3.0355 | Final Train Acc: 23.76%
2025-08-23 17:31:21,163 - client_100 - INFO - [Client 3] Completed local epoch 3/4 | Final Loss: 3.0737 | Final Train Acc: 23.10%
2025-08-23 17:32:12,394 - client_100 - INFO - [Client 3] Completed local epoch 4/4 | Final Loss: 3.1012 | Final Train Acc: 22.41%
2025-08-23 17:32:32,990 - client_100 - INFO - --- Round 4/37 (tau = 4) ---
2025-08-23 17:33:04,961 - client_100 - INFO - [Client 0] Completed local epoch 1/4 | Final Loss: 2.8140 | Final Train Acc: 29.02%
2025-08-23 17:33:56,398 - client_100 - INFO - [Client 0] Completed local epoch 2/4 | Final Loss: 2.8030 | Final Train Acc: 28.44%
2025-08-23 17:34:46,497 - client_100 - INFO - [Client 0] Completed local epoch 3/4 | Final Loss: 2.8729 | Final Train Acc: 27.40%
2025-08-23 17:35:38,094 - client_100 - INFO - [Client 0] Completed local epoch 4/4 | Final Loss: 2.9057 | Final Train Acc: 25.88%
2025-08-23 17:36:28,175 - client_100 - INFO - [Client 1] Completed local epoch 1/4 | Final Loss: 2.8107 | Final Train Acc: 28.58%
2025-08-23 17:37:19,698 - client_100 - INFO - [Client 1] Completed local epoch 2/4 | Final Loss: 2.8292 | Final Train Acc: 27.76%
2025-08-23 17:38:10,011 - client_100 - INFO - [Client 1] Completed local epoch 3/4 | Final Loss: 2.8850 | Final Train Acc: 26.12%
2025-08-23 17:39:01,749 - client_100 - INFO - [Client 1] Completed local epoch 4/4 | Final Loss: 2.9388 | Final Train Acc: 25.08%
2025-08-23 17:39:52,420 - client_100 - INFO - [Client 2] Completed local epoch 1/4 | Final Loss: 2.8033 | Final Train Acc: 28.69%
2025-08-23 17:40:43,901 - client_100 - INFO - [Client 2] Completed local epoch 2/4 | Final Loss: 2.8163 | Final Train Acc: 28.26%
2025-08-23 17:41:35,343 - client_100 - INFO - [Client 2] Completed local epoch 3/4 | Final Loss: 2.8605 | Final Train Acc: 26.76%
2025-08-23 17:42:25,701 - client_100 - INFO - [Client 2] Completed local epoch 4/4 | Final Loss: 2.9033 | Final Train Acc: 25.77%
2025-08-23 17:43:17,629 - client_100 - INFO - [Client 3] Completed local epoch 1/4 | Final Loss: 2.7928 | Final Train Acc: 28.75%
2025-08-23 17:44:07,902 - client_100 - INFO - [Client 3] Completed local epoch 2/4 | Final Loss: 2.8357 | Final Train Acc: 27.86%
2025-08-23 17:44:59,927 - client_100 - INFO - [Client 3] Completed local epoch 3/4 | Final Loss: 2.8469 | Final Train Acc: 27.36%
2025-08-23 17:45:50,179 - client_100 - INFO - [Client 3] Completed local epoch 4/4 | Final Loss: 2.9042 | Final Train Acc: 26.35%
2025-08-23 17:46:10,723 - client_100 - INFO - --- Round 5/37 (tau = 4) ---
2025-08-23 17:46:41,821 - client_100 - INFO - [Client 0] Completed local epoch 1/4 | Final Loss: 2.6428 | Final Train Acc: 32.26%
2025-08-23 17:47:33,860 - client_100 - INFO - [Client 0] Completed local epoch 2/4 | Final Loss: 2.6458 | Final Train Acc: 31.89%
2025-08-23 17:48:24,277 - client_100 - INFO - [Client 0] Completed local epoch 3/4 | Final Loss: 2.7010 | Final Train Acc: 31.11%
2025-08-23 17:49:15,900 - client_100 - INFO - [Client 0] Completed local epoch 4/4 | Final Loss: 2.7603 | Final Train Acc: 29.35%
2025-08-23 17:50:05,950 - client_100 - INFO - [Client 1] Completed local epoch 1/4 | Final Loss: 2.6437 | Final Train Acc: 32.46%
2025-08-23 17:50:58,266 - client_100 - INFO - [Client 1] Completed local epoch 2/4 | Final Loss: 2.6805 | Final Train Acc: 31.06%
2025-08-23 17:51:49,139 - client_100 - INFO - [Client 1] Completed local epoch 3/4 | Final Loss: 2.7234 | Final Train Acc: 29.68%
2025-08-23 17:52:40,737 - client_100 - INFO - [Client 1] Completed local epoch 4/4 | Final Loss: 2.7973 | Final Train Acc: 28.40%
2025-08-23 17:53:32,354 - client_100 - INFO - [Client 2] Completed local epoch 1/4 | Final Loss: 2.6296 | Final Train Acc: 32.54%
2025-08-23 17:54:22,668 - client_100 - INFO - [Client 2] Completed local epoch 2/4 | Final Loss: 2.6311 | Final Train Acc: 32.07%
2025-08-23 17:55:14,420 - client_100 - INFO - [Client 2] Completed local epoch 3/4 | Final Loss: 2.6948 | Final Train Acc: 30.36%
2025-08-23 17:56:04,896 - client_100 - INFO - [Client 2] Completed local epoch 4/4 | Final Loss: 2.7406 | Final Train Acc: 28.78%
2025-08-23 17:56:57,194 - client_100 - INFO - [Client 3] Completed local epoch 1/4 | Final Loss: 2.6197 | Final Train Acc: 32.80%
2025-08-23 17:57:48,382 - client_100 - INFO - [Client 3] Completed local epoch 2/4 | Final Loss: 2.6350 | Final Train Acc: 31.99%
2025-08-23 17:58:39,444 - client_100 - INFO - [Client 3] Completed local epoch 3/4 | Final Loss: 2.6821 | Final Train Acc: 30.78%
2025-08-23 17:59:31,627 - client_100 - INFO - [Client 3] Completed local epoch 4/4 | Final Loss: 2.7456 | Final Train Acc: 28.99%
2025-08-23 17:59:50,890 - client_100 - INFO - --- Round 6/37 (tau = 4) ---
2025-08-23 18:00:21,990 - client_100 - INFO - [Client 0] Completed local epoch 1/4 | Final Loss: 2.5029 | Final Train Acc: 35.74%
2025-08-23 18:01:13,887 - client_100 - INFO - [Client 0] Completed local epoch 2/4 | Final Loss: 2.5133 | Final Train Acc: 35.17%
2025-08-23 18:02:04,566 - client_100 - INFO - [Client 0] Completed local epoch 3/4 | Final Loss: 2.5531 | Final Train Acc: 33.93%
2025-08-23 18:02:56,458 - client_100 - INFO - [Client 0] Completed local epoch 4/4 | Final Loss: 2.6125 | Final Train Acc: 31.99%
2025-08-23 18:03:47,568 - client_100 - INFO - [Client 1] Completed local epoch 1/4 | Final Loss: 2.5382 | Final Train Acc: 34.02%
2025-08-23 18:04:38,881 - client_100 - INFO - [Client 1] Completed local epoch 2/4 | Final Loss: 2.5346 | Final Train Acc: 34.68%
2025-08-23 18:05:30,663 - client_100 - INFO - [Client 1] Completed local epoch 3/4 | Final Loss: 2.5943 | Final Train Acc: 32.47%
2025-08-23 18:06:20,973 - client_100 - INFO - [Client 1] Completed local epoch 4/4 | Final Loss: 2.6438 | Final Train Acc: 31.78%
2025-08-23 18:07:12,993 - client_100 - INFO - [Client 2] Completed local epoch 1/4 | Final Loss: 2.4864 | Final Train Acc: 35.02%
2025-08-23 18:08:03,700 - client_100 - INFO - [Client 2] Completed local epoch 2/4 | Final Loss: 2.4946 | Final Train Acc: 34.77%
2025-08-23 18:08:55,735 - client_100 - INFO - [Client 2] Completed local epoch 3/4 | Final Loss: 2.5607 | Final Train Acc: 33.11%
2025-08-23 18:09:47,093 - client_100 - INFO - [Client 2] Completed local epoch 4/4 | Final Loss: 2.6406 | Final Train Acc: 31.99%
2025-08-23 18:10:38,208 - client_100 - INFO - [Client 3] Completed local epoch 1/4 | Final Loss: 2.4839 | Final Train Acc: 35.41%
2025-08-23 18:11:30,295 - client_100 - INFO - [Client 3] Completed local epoch 2/4 | Final Loss: 2.4891 | Final Train Acc: 34.48%
2025-08-23 18:12:20,962 - client_100 - INFO - [Client 3] Completed local epoch 3/4 | Final Loss: 2.5643 | Final Train Acc: 33.36%
2025-08-23 18:13:13,422 - client_100 - INFO - [Client 3] Completed local epoch 4/4 | Final Loss: 2.6384 | Final Train Acc: 31.47%
2025-08-23 18:13:32,714 - client_100 - INFO - --- Round 7/37 (tau = 4) ---
2025-08-23 18:14:04,734 - client_100 - INFO - [Client 0] Completed local epoch 1/4 | Final Loss: 2.3894 | Final Train Acc: 38.02%
2025-08-23 18:14:56,153 - client_100 - INFO - [Client 0] Completed local epoch 2/4 | Final Loss: 2.4066 | Final Train Acc: 37.47%
2025-08-23 18:15:48,098 - client_100 - INFO - [Client 0] Completed local epoch 3/4 | Final Loss: 2.4623 | Final Train Acc: 35.23%
2025-08-23 18:16:38,629 - client_100 - INFO - [Client 0] Completed local epoch 4/4 | Final Loss: 2.5359 | Final Train Acc: 33.37%
2025-08-23 18:17:30,682 - client_100 - INFO - [Client 1] Completed local epoch 1/4 | Final Loss: 2.4135 | Final Train Acc: 36.47%
2025-08-23 18:18:21,202 - client_100 - INFO - [Client 1] Completed local epoch 2/4 | Final Loss: 2.4363 | Final Train Acc: 36.45%
2025-08-23 18:19:13,731 - client_100 - INFO - [Client 1] Completed local epoch 3/4 | Final Loss: 2.4830 | Final Train Acc: 34.67%
2025-08-23 18:20:05,219 - client_100 - INFO - [Client 1] Completed local epoch 4/4 | Final Loss: 2.5564 | Final Train Acc: 32.56%
2025-08-23 18:20:56,385 - client_100 - INFO - [Client 2] Completed local epoch 1/4 | Final Loss: 2.3881 | Final Train Acc: 37.55%
2025-08-23 18:21:48,010 - client_100 - INFO - [Client 2] Completed local epoch 2/4 | Final Loss: 2.3947 | Final Train Acc: 37.09%
2025-08-23 18:22:38,548 - client_100 - INFO - [Client 2] Completed local epoch 3/4 | Final Loss: 2.4621 | Final Train Acc: 35.07%
2025-08-23 18:23:30,685 - client_100 - INFO - [Client 2] Completed local epoch 4/4 | Final Loss: 2.5100 | Final Train Acc: 34.09%
2025-08-23 18:24:20,694 - client_100 - INFO - [Client 3] Completed local epoch 1/4 | Final Loss: 2.3716 | Final Train Acc: 37.98%
2025-08-23 18:25:12,773 - client_100 - INFO - [Client 3] Completed local epoch 2/4 | Final Loss: 2.3992 | Final Train Acc: 37.01%
2025-08-23 18:26:03,651 - client_100 - INFO - [Client 3] Completed local epoch 3/4 | Final Loss: 2.4504 | Final Train Acc: 36.11%
2025-08-23 18:26:54,730 - client_100 - INFO - [Client 3] Completed local epoch 4/4 | Final Loss: 2.5000 | Final Train Acc: 34.07%
2025-08-23 18:27:14,686 - client_100 - INFO - --- Round 8/37 (tau = 4) ---
2025-08-23 18:27:46,633 - client_100 - INFO - [Client 0] Completed local epoch 1/4 | Final Loss: 2.2880 | Final Train Acc: 40.36%
2025-08-23 18:28:37,138 - client_100 - INFO - [Client 0] Completed local epoch 2/4 | Final Loss: 2.3091 | Final Train Acc: 39.07%
2025-08-23 18:29:28,999 - client_100 - INFO - [Client 0] Completed local epoch 3/4 | Final Loss: 2.3688 | Final Train Acc: 37.87%
2025-08-23 18:30:19,084 - client_100 - INFO - [Client 0] Completed local epoch 4/4 | Final Loss: 2.4406 | Final Train Acc: 36.58%
2025-08-23 18:31:11,227 - client_100 - INFO - [Client 1] Completed local epoch 1/4 | Final Loss: 2.3108 | Final Train Acc: 38.80%
2025-08-23 18:32:02,180 - client_100 - INFO - [Client 1] Completed local epoch 2/4 | Final Loss: 2.3544 | Final Train Acc: 37.89%
2025-08-23 18:32:53,882 - client_100 - INFO - [Client 1] Completed local epoch 3/4 | Final Loss: 2.4114 | Final Train Acc: 36.47%
2025-08-23 18:33:45,375 - client_100 - INFO - [Client 1] Completed local epoch 4/4 | Final Loss: 2.4483 | Final Train Acc: 35.47%
2025-08-23 18:34:36,486 - client_100 - INFO - [Client 2] Completed local epoch 1/4 | Final Loss: 2.2792 | Final Train Acc: 39.81%
2025-08-23 18:35:28,335 - client_100 - INFO - [Client 2] Completed local epoch 2/4 | Final Loss: 2.3017 | Final Train Acc: 38.71%
2025-08-23 18:36:19,006 - client_100 - INFO - [Client 2] Completed local epoch 3/4 | Final Loss: 2.3719 | Final Train Acc: 37.19%
2025-08-23 18:37:11,062 - client_100 - INFO - [Client 2] Completed local epoch 4/4 | Final Loss: 2.4389 | Final Train Acc: 35.49%
2025-08-23 18:38:02,069 - client_100 - INFO - [Client 3] Completed local epoch 1/4 | Final Loss: 2.2693 | Final Train Acc: 40.30%
2025-08-23 18:38:53,314 - client_100 - INFO - [Client 3] Completed local epoch 2/4 | Final Loss: 2.2965 | Final Train Acc: 39.12%
2025-08-23 18:39:45,169 - client_100 - INFO - [Client 3] Completed local epoch 3/4 | Final Loss: 2.3352 | Final Train Acc: 38.32%
2025-08-23 18:40:35,560 - client_100 - INFO - [Client 3] Completed local epoch 4/4 | Final Loss: 2.4208 | Final Train Acc: 36.99%
2025-08-23 18:40:56,184 - client_100 - INFO - --- Round 9/37 (tau = 4) ---
2025-08-23 18:41:27,665 - client_100 - INFO - [Client 0] Completed local epoch 1/4 | Final Loss: 2.1967 | Final Train Acc: 42.06%
2025-08-23 18:42:18,058 - client_100 - INFO - [Client 0] Completed local epoch 2/4 | Final Loss: 2.2324 | Final Train Acc: 40.78%
2025-08-23 18:43:10,338 - client_100 - INFO - [Client 0] Completed local epoch 3/4 | Final Loss: 2.2818 | Final Train Acc: 39.55%
2025-08-23 18:44:01,022 - client_100 - INFO - [Client 0] Completed local epoch 4/4 | Final Loss: 2.3470 | Final Train Acc: 37.66%
2025-08-23 18:44:53,252 - client_100 - INFO - [Client 1] Completed local epoch 1/4 | Final Loss: 2.2135 | Final Train Acc: 41.81%
2025-08-23 18:45:45,268 - client_100 - INFO - [Client 1] Completed local epoch 2/4 | Final Loss: 2.2453 | Final Train Acc: 40.82%
2025-08-23 18:46:35,819 - client_100 - INFO - [Client 1] Completed local epoch 3/4 | Final Loss: 2.3119 | Final Train Acc: 38.53%
2025-08-23 18:47:27,630 - client_100 - INFO - [Client 1] Completed local epoch 4/4 | Final Loss: 2.3865 | Final Train Acc: 36.35%
2025-08-23 18:48:18,022 - client_100 - INFO - [Client 2] Completed local epoch 1/4 | Final Loss: 2.2050 | Final Train Acc: 41.53%
2025-08-23 18:49:09,923 - client_100 - INFO - [Client 2] Completed local epoch 2/4 | Final Loss: 2.2419 | Final Train Acc: 40.80%
2025-08-23 18:50:00,819 - client_100 - INFO - [Client 2] Completed local epoch 3/4 | Final Loss: 2.3112 | Final Train Acc: 38.15%
2025-08-23 18:50:52,300 - client_100 - INFO - [Client 2] Completed local epoch 4/4 | Final Loss: 2.3547 | Final Train Acc: 37.65%
2025-08-23 18:51:44,401 - client_100 - INFO - [Client 3] Completed local epoch 1/4 | Final Loss: 2.2006 | Final Train Acc: 41.17%
2025-08-23 18:52:35,248 - client_100 - INFO - [Client 3] Completed local epoch 2/4 | Final Loss: 2.2324 | Final Train Acc: 40.48%
2025-08-23 18:53:27,172 - client_100 - INFO - [Client 3] Completed local epoch 3/4 | Final Loss: 2.2791 | Final Train Acc: 39.14%
2025-08-23 18:54:17,097 - client_100 - INFO - [Client 3] Completed local epoch 4/4 | Final Loss: 2.3528 | Final Train Acc: 37.96%
2025-08-23 18:54:37,997 - client_100 - INFO - --- Round 10/37 (tau = 4) ---
2025-08-23 18:55:09,057 - client_100 - INFO - [Client 0] Completed local epoch 1/4 | Final Loss: 2.1305 | Final Train Acc: 43.41%
2025-08-23 18:55:59,663 - client_100 - INFO - [Client 0] Completed local epoch 2/4 | Final Loss: 2.1502 | Final Train Acc: 42.91%
2025-08-23 18:56:51,270 - client_100 - INFO - [Client 0] Completed local epoch 3/4 | Final Loss: 2.2007 | Final Train Acc: 41.46%
2025-08-23 18:57:42,703 - client_100 - INFO - [Client 0] Completed local epoch 4/4 | Final Loss: 2.2586 | Final Train Acc: 39.90%
2025-08-23 18:58:32,779 - client_100 - INFO - [Client 1] Completed local epoch 1/4 | Final Loss: 2.1504 | Final Train Acc: 43.00%
2025-08-23 18:59:24,413 - client_100 - INFO - [Client 1] Completed local epoch 2/4 | Final Loss: 2.1872 | Final Train Acc: 41.38%
2025-08-23 19:00:14,346 - client_100 - INFO - [Client 1] Completed local epoch 3/4 | Final Loss: 2.2366 | Final Train Acc: 40.48%
2025-08-23 19:01:06,099 - client_100 - INFO - [Client 1] Completed local epoch 4/4 | Final Loss: 2.3335 | Final Train Acc: 38.30%
2025-08-23 19:01:56,610 - client_100 - INFO - [Client 2] Completed local epoch 1/4 | Final Loss: 2.1126 | Final Train Acc: 43.01%
2025-08-23 19:02:48,326 - client_100 - INFO - [Client 2] Completed local epoch 2/4 | Final Loss: 2.1537 | Final Train Acc: 42.62%
2025-08-23 19:03:39,564 - client_100 - INFO - [Client 2] Completed local epoch 3/4 | Final Loss: 2.1918 | Final Train Acc: 41.43%
2025-08-23 19:04:30,505 - client_100 - INFO - [Client 2] Completed local epoch 4/4 | Final Loss: 2.3036 | Final Train Acc: 38.29%
2025-08-23 19:05:22,429 - client_100 - INFO - [Client 3] Completed local epoch 1/4 | Final Loss: 2.1197 | Final Train Acc: 43.34%
2025-08-23 19:06:12,703 - client_100 - INFO - [Client 3] Completed local epoch 2/4 | Final Loss: 2.1592 | Final Train Acc: 42.50%
2025-08-23 19:07:04,700 - client_100 - INFO - [Client 3] Completed local epoch 3/4 | Final Loss: 2.1782 | Final Train Acc: 41.21%
2025-08-23 19:07:54,898 - client_100 - INFO - [Client 3] Completed local epoch 4/4 | Final Loss: 2.2799 | Final Train Acc: 39.13%
2025-08-23 19:08:15,590 - client_100 - INFO - --- Round 11/37 (tau = 4) ---
2025-08-23 19:08:46,728 - client_100 - INFO - [Client 0] Completed local epoch 1/4 | Final Loss: 2.0537 | Final Train Acc: 44.95%
2025-08-23 19:09:36,952 - client_100 - INFO - [Client 0] Completed local epoch 2/4 | Final Loss: 2.0979 | Final Train Acc: 43.81%
2025-08-23 19:10:28,161 - client_100 - INFO - [Client 0] Completed local epoch 3/4 | Final Loss: 2.1463 | Final Train Acc: 42.17%
2025-08-23 19:11:19,378 - client_100 - INFO - [Client 0] Completed local epoch 4/4 | Final Loss: 2.1971 | Final Train Acc: 41.57%
2025-08-23 19:12:09,891 - client_100 - INFO - [Client 1] Completed local epoch 1/4 | Final Loss: 2.0885 | Final Train Acc: 44.27%
2025-08-23 19:13:01,574 - client_100 - INFO - [Client 1] Completed local epoch 2/4 | Final Loss: 2.1269 | Final Train Acc: 43.25%
2025-08-23 19:13:51,564 - client_100 - INFO - [Client 1] Completed local epoch 3/4 | Final Loss: 2.1878 | Final Train Acc: 41.14%
2025-08-23 19:14:42,953 - client_100 - INFO - [Client 1] Completed local epoch 4/4 | Final Loss: 2.2459 | Final Train Acc: 39.50%
2025-08-23 19:15:33,287 - client_100 - INFO - [Client 2] Completed local epoch 1/4 | Final Loss: 2.0495 | Final Train Acc: 45.08%
2025-08-23 19:16:24,998 - client_100 - INFO - [Client 2] Completed local epoch 2/4 | Final Loss: 2.0899 | Final Train Acc: 43.72%
2025-08-23 19:17:15,308 - client_100 - INFO - [Client 2] Completed local epoch 3/4 | Final Loss: 2.1377 | Final Train Acc: 42.33%
2025-08-23 19:18:07,049 - client_100 - INFO - [Client 2] Completed local epoch 4/4 | Final Loss: 2.2308 | Final Train Acc: 40.27%
2025-08-23 19:18:58,245 - client_100 - INFO - [Client 3] Completed local epoch 1/4 | Final Loss: 2.0600 | Final Train Acc: 45.46%
2025-08-23 19:19:48,959 - client_100 - INFO - [Client 3] Completed local epoch 2/4 | Final Loss: 2.0847 | Final Train Acc: 44.05%
2025-08-23 19:20:40,679 - client_100 - INFO - [Client 3] Completed local epoch 3/4 | Final Loss: 2.1541 | Final Train Acc: 42.23%
2025-08-23 19:21:30,884 - client_100 - INFO - [Client 3] Completed local epoch 4/4 | Final Loss: 2.2384 | Final Train Acc: 40.27%
2025-08-23 19:21:51,564 - client_100 - INFO - --- Round 12/37 (tau = 4) ---
2025-08-23 19:22:22,704 - client_100 - INFO - [Client 0] Completed local epoch 1/4 | Final Loss: 2.0107 | Final Train Acc: 46.12%
2025-08-23 19:23:13,191 - client_100 - INFO - [Client 0] Completed local epoch 2/4 | Final Loss: 2.0332 | Final Train Acc: 44.89%
2025-08-23 19:24:05,248 - client_100 - INFO - [Client 0] Completed local epoch 3/4 | Final Loss: 2.1065 | Final Train Acc: 43.46%
2025-08-23 19:24:56,447 - client_100 - INFO - [Client 0] Completed local epoch 4/4 | Final Loss: 2.1790 | Final Train Acc: 41.56%
2025-08-23 19:25:47,352 - client_100 - INFO - [Client 1] Completed local epoch 1/4 | Final Loss: 2.0414 | Final Train Acc: 45.48%
2025-08-23 19:26:38,916 - client_100 - INFO - [Client 1] Completed local epoch 2/4 | Final Loss: 2.0829 | Final Train Acc: 43.99%
2025-08-23 19:27:29,420 - client_100 - INFO - [Client 1] Completed local epoch 3/4 | Final Loss: 2.1469 | Final Train Acc: 42.34%
2025-08-23 19:28:20,823 - client_100 - INFO - [Client 1] Completed local epoch 4/4 | Final Loss: 2.2066 | Final Train Acc: 40.32%
2025-08-23 19:29:11,163 - client_100 - INFO - [Client 2] Completed local epoch 1/4 | Final Loss: 2.0032 | Final Train Acc: 45.64%
2025-08-23 19:30:02,926 - client_100 - INFO - [Client 2] Completed local epoch 2/4 | Final Loss: 2.0242 | Final Train Acc: 44.84%
2025-08-23 19:30:53,285 - client_100 - INFO - [Client 2] Completed local epoch 3/4 | Final Loss: 2.0967 | Final Train Acc: 43.34%
2025-08-23 19:31:45,107 - client_100 - INFO - [Client 2] Completed local epoch 4/4 | Final Loss: 2.1832 | Final Train Acc: 41.15%
2025-08-23 19:32:35,952 - client_100 - INFO - [Client 3] Completed local epoch 1/4 | Final Loss: 2.0240 | Final Train Acc: 45.26%
2025-08-23 19:33:26,964 - client_100 - INFO - [Client 3] Completed local epoch 2/4 | Final Loss: 2.0267 | Final Train Acc: 45.73%
2025-08-23 19:34:18,170 - client_100 - INFO - [Client 3] Completed local epoch 3/4 | Final Loss: 2.0833 | Final Train Acc: 43.57%
2025-08-23 19:35:08,761 - client_100 - INFO - [Client 3] Completed local epoch 4/4 | Final Loss: 2.1433 | Final Train Acc: 42.48%
2025-08-23 19:35:28,719 - client_100 - INFO - --- Round 13/37 (tau = 4) ---
2025-08-23 19:36:00,235 - client_100 - INFO - [Client 0] Completed local epoch 1/4 | Final Loss: 1.9547 | Final Train Acc: 47.14%
2025-08-23 19:36:50,505 - client_100 - INFO - [Client 0] Completed local epoch 2/4 | Final Loss: 1.9771 | Final Train Acc: 46.38%
2025-08-23 19:37:42,053 - client_100 - INFO - [Client 0] Completed local epoch 3/4 | Final Loss: 2.0488 | Final Train Acc: 44.33%
2025-08-23 19:38:31,964 - client_100 - INFO - [Client 0] Completed local epoch 4/4 | Final Loss: 2.1442 | Final Train Acc: 42.58%
2025-08-23 19:39:23,778 - client_100 - INFO - [Client 1] Completed local epoch 1/4 | Final Loss: 1.9849 | Final Train Acc: 46.77%
2025-08-23 19:40:14,659 - client_100 - INFO - [Client 1] Completed local epoch 2/4 | Final Loss: 2.0182 | Final Train Acc: 45.95%
2025-08-23 19:41:05,888 - client_100 - INFO - [Client 1] Completed local epoch 3/4 | Final Loss: 2.0963 | Final Train Acc: 43.45%
2025-08-23 19:41:57,357 - client_100 - INFO - [Client 1] Completed local epoch 4/4 | Final Loss: 2.1470 | Final Train Acc: 41.89%
2025-08-23 19:42:47,591 - client_100 - INFO - [Client 2] Completed local epoch 1/4 | Final Loss: 1.9449 | Final Train Acc: 46.54%
2025-08-23 19:43:39,326 - client_100 - INFO - [Client 2] Completed local epoch 2/4 | Final Loss: 1.9790 | Final Train Acc: 46.46%
2025-08-23 19:44:29,576 - client_100 - INFO - [Client 2] Completed local epoch 3/4 | Final Loss: 2.0613 | Final Train Acc: 44.03%
2025-08-23 19:45:21,527 - client_100 - INFO - [Client 2] Completed local epoch 4/4 | Final Loss: 2.1639 | Final Train Acc: 41.62%
2025-08-23 19:46:12,027 - client_100 - INFO - [Client 3] Completed local epoch 1/4 | Final Loss: 1.9485 | Final Train Acc: 47.29%
2025-08-23 19:47:03,836 - client_100 - INFO - [Client 3] Completed local epoch 2/4 | Final Loss: 1.9676 | Final Train Acc: 46.84%
2025-08-23 19:47:54,809 - client_100 - INFO - [Client 3] Completed local epoch 3/4 | Final Loss: 2.0510 | Final Train Acc: 44.27%
2025-08-23 19:48:45,350 - client_100 - INFO - [Client 3] Completed local epoch 4/4 | Final Loss: 2.1542 | Final Train Acc: 42.30%
2025-08-23 19:49:05,030 - client_100 - INFO - --- Round 14/37 (tau = 4) ---
2025-08-23 19:49:36,712 - client_100 - INFO - [Client 0] Completed local epoch 1/4 | Final Loss: 1.9266 | Final Train Acc: 47.89%
2025-08-23 19:50:26,985 - client_100 - INFO - [Client 0] Completed local epoch 2/4 | Final Loss: 1.9583 | Final Train Acc: 46.49%
2025-08-23 19:51:18,423 - client_100 - INFO - [Client 0] Completed local epoch 3/4 | Final Loss: 2.0063 | Final Train Acc: 45.43%
2025-08-23 19:52:08,439 - client_100 - INFO - [Client 0] Completed local epoch 4/4 | Final Loss: 2.0968 | Final Train Acc: 43.99%
2025-08-23 19:53:00,377 - client_100 - INFO - [Client 1] Completed local epoch 1/4 | Final Loss: 1.9389 | Final Train Acc: 47.85%
2025-08-23 19:53:50,854 - client_100 - INFO - [Client 1] Completed local epoch 2/4 | Final Loss: 1.9754 | Final Train Acc: 46.38%
2025-08-23 19:54:42,436 - client_100 - INFO - [Client 1] Completed local epoch 3/4 | Final Loss: 2.0240 | Final Train Acc: 44.98%
2025-08-23 19:55:33,067 - client_100 - INFO - [Client 1] Completed local epoch 4/4 | Final Loss: 2.1424 | Final Train Acc: 42.15%
2025-08-23 19:56:24,069 - client_100 - INFO - [Client 2] Completed local epoch 1/4 | Final Loss: 1.9177 | Final Train Acc: 47.94%
2025-08-23 19:57:15,618 - client_100 - INFO - [Client 2] Completed local epoch 2/4 | Final Loss: 1.9509 | Final Train Acc: 46.35%
2025-08-23 19:58:05,559 - client_100 - INFO - [Client 2] Completed local epoch 3/4 | Final Loss: 1.9970 | Final Train Acc: 45.37%
2025-08-23 19:58:57,203 - client_100 - INFO - [Client 2] Completed local epoch 4/4 | Final Loss: 2.0872 | Final Train Acc: 43.08%
2025-08-23 19:59:47,296 - client_100 - INFO - [Client 3] Completed local epoch 1/4 | Final Loss: 1.9174 | Final Train Acc: 47.72%
2025-08-23 20:00:39,370 - client_100 - INFO - [Client 3] Completed local epoch 2/4 | Final Loss: 1.9482 | Final Train Acc: 47.02%
2025-08-23 20:01:29,813 - client_100 - INFO - [Client 3] Completed local epoch 3/4 | Final Loss: 1.9937 | Final Train Acc: 45.51%
2025-08-23 20:02:21,162 - client_100 - INFO - [Client 3] Completed local epoch 4/4 | Final Loss: 2.0749 | Final Train Acc: 43.97%
2025-08-23 20:02:40,335 - client_100 - INFO - --- Round 15/37 (tau = 4) ---
2025-08-23 20:03:12,199 - client_100 - INFO - [Client 0] Completed local epoch 1/4 | Final Loss: 1.8690 | Final Train Acc: 49.17%
2025-08-23 20:04:03,189 - client_100 - INFO - [Client 0] Completed local epoch 2/4 | Final Loss: 1.8973 | Final Train Acc: 48.39%
2025-08-23 20:04:54,729 - client_100 - INFO - [Client 0] Completed local epoch 3/4 | Final Loss: 1.9622 | Final Train Acc: 45.80%
2025-08-23 20:05:45,416 - client_100 - INFO - [Client 0] Completed local epoch 4/4 | Final Loss: 2.0552 | Final Train Acc: 44.03%
2025-08-23 20:06:37,509 - client_100 - INFO - [Client 1] Completed local epoch 1/4 | Final Loss: 1.8956 | Final Train Acc: 49.15%
2025-08-23 20:07:27,880 - client_100 - INFO - [Client 1] Completed local epoch 2/4 | Final Loss: 1.9314 | Final Train Acc: 47.37%
2025-08-23 20:08:19,994 - client_100 - INFO - [Client 1] Completed local epoch 3/4 | Final Loss: 2.0152 | Final Train Acc: 44.97%
2025-08-23 20:09:11,277 - client_100 - INFO - [Client 1] Completed local epoch 4/4 | Final Loss: 2.0863 | Final Train Acc: 42.93%
2025-08-23 20:10:01,908 - client_100 - INFO - [Client 2] Completed local epoch 1/4 | Final Loss: 1.8757 | Final Train Acc: 49.74%
2025-08-23 20:10:53,661 - client_100 - INFO - [Client 2] Completed local epoch 2/4 | Final Loss: 1.8813 | Final Train Acc: 48.77%
2025-08-23 20:11:43,808 - client_100 - INFO - [Client 2] Completed local epoch 3/4 | Final Loss: 1.9632 | Final Train Acc: 46.07%
2025-08-23 20:12:35,567 - client_100 - INFO - [Client 2] Completed local epoch 4/4 | Final Loss: 2.0435 | Final Train Acc: 44.32%
2025-08-23 20:13:25,807 - client_100 - INFO - [Client 3] Completed local epoch 1/4 | Final Loss: 1.8632 | Final Train Acc: 48.92%
2025-08-23 20:14:17,621 - client_100 - INFO - [Client 3] Completed local epoch 2/4 | Final Loss: 1.8743 | Final Train Acc: 48.44%
2025-08-23 20:15:08,275 - client_100 - INFO - [Client 3] Completed local epoch 3/4 | Final Loss: 1.9784 | Final Train Acc: 46.31%
2025-08-23 20:15:59,530 - client_100 - INFO - [Client 3] Completed local epoch 4/4 | Final Loss: 2.0365 | Final Train Acc: 44.91%
2025-08-23 20:16:18,888 - client_100 - INFO - --- Round 16/37 (tau = 4) ---
2025-08-23 20:16:51,310 - client_100 - INFO - [Client 0] Completed local epoch 1/4 | Final Loss: 1.8396 | Final Train Acc: 49.91%
2025-08-23 20:17:41,196 - client_100 - INFO - [Client 0] Completed local epoch 2/4 | Final Loss: 1.8562 | Final Train Acc: 49.18%
2025-08-23 20:18:32,543 - client_100 - INFO - [Client 0] Completed local epoch 3/4 | Final Loss: 1.9372 | Final Train Acc: 47.07%
2025-08-23 20:19:22,551 - client_100 - INFO - [Client 0] Completed local epoch 4/4 | Final Loss: 2.0293 | Final Train Acc: 44.88%
2025-08-23 20:20:14,313 - client_100 - INFO - [Client 1] Completed local epoch 1/4 | Final Loss: 1.8540 | Final Train Acc: 49.55%
2025-08-23 20:21:04,764 - client_100 - INFO - [Client 1] Completed local epoch 2/4 | Final Loss: 1.8790 | Final Train Acc: 48.46%
2025-08-23 20:21:56,517 - client_100 - INFO - [Client 1] Completed local epoch 3/4 | Final Loss: 1.9545 | Final Train Acc: 47.16%
2025-08-23 20:22:46,976 - client_100 - INFO - [Client 1] Completed local epoch 4/4 | Final Loss: 2.0505 | Final Train Acc: 43.94%
2025-08-23 20:23:38,397 - client_100 - INFO - [Client 2] Completed local epoch 1/4 | Final Loss: 1.8272 | Final Train Acc: 49.87%
2025-08-23 20:24:29,205 - client_100 - INFO - [Client 2] Completed local epoch 2/4 | Final Loss: 1.8519 | Final Train Acc: 49.09%
2025-08-23 20:25:19,979 - client_100 - INFO - [Client 2] Completed local epoch 3/4 | Final Loss: 1.9247 | Final Train Acc: 46.93%
2025-08-23 20:26:11,165 - client_100 - INFO - [Client 2] Completed local epoch 4/4 | Final Loss: 1.9850 | Final Train Acc: 45.34%
2025-08-23 20:27:01,483 - client_100 - INFO - [Client 3] Completed local epoch 1/4 | Final Loss: 1.8210 | Final Train Acc: 50.29%
2025-08-23 20:27:53,071 - client_100 - INFO - [Client 3] Completed local epoch 2/4 | Final Loss: 1.8694 | Final Train Acc: 48.93%
2025-08-23 20:28:43,174 - client_100 - INFO - [Client 3] Completed local epoch 3/4 | Final Loss: 1.9050 | Final Train Acc: 47.72%
2025-08-23 20:29:34,846 - client_100 - INFO - [Client 3] Completed local epoch 4/4 | Final Loss: 2.0233 | Final Train Acc: 43.95%
2025-08-23 20:29:53,926 - client_100 - INFO - --- Round 17/37 (tau = 4) ---
2025-08-23 20:30:24,769 - client_100 - INFO - [Client 0] Completed local epoch 1/4 | Final Loss: 1.7943 | Final Train Acc: 50.95%
2025-08-23 20:31:16,682 - client_100 - INFO - [Client 0] Completed local epoch 2/4 | Final Loss: 1.8240 | Final Train Acc: 50.39%
2025-08-23 20:32:07,324 - client_100 - INFO - [Client 0] Completed local epoch 3/4 | Final Loss: 1.8768 | Final Train Acc: 48.63%
2025-08-23 20:32:58,497 - client_100 - INFO - [Client 0] Completed local epoch 4/4 | Final Loss: 1.9711 | Final Train Acc: 46.00%
2025-08-23 20:33:49,293 - client_100 - INFO - [Client 1] Completed local epoch 1/4 | Final Loss: 1.8218 | Final Train Acc: 50.04%
2025-08-23 20:34:39,854 - client_100 - INFO - [Client 1] Completed local epoch 2/4 | Final Loss: 1.8325 | Final Train Acc: 50.08%
2025-08-23 20:35:31,277 - client_100 - INFO - [Client 1] Completed local epoch 3/4 | Final Loss: 1.9365 | Final Train Acc: 47.49%
2025-08-23 20:36:21,433 - client_100 - INFO - [Client 1] Completed local epoch 4/4 | Final Loss: 2.0607 | Final Train Acc: 44.18%
2025-08-23 20:37:13,336 - client_100 - INFO - [Client 2] Completed local epoch 1/4 | Final Loss: 1.7960 | Final Train Acc: 50.57%
2025-08-23 20:38:03,423 - client_100 - INFO - [Client 2] Completed local epoch 2/4 | Final Loss: 1.8282 | Final Train Acc: 49.59%
2025-08-23 20:38:54,859 - client_100 - INFO - [Client 2] Completed local epoch 3/4 | Final Loss: 1.9236 | Final Train Acc: 47.28%
2025-08-23 20:39:44,848 - client_100 - INFO - [Client 2] Completed local epoch 4/4 | Final Loss: 1.9657 | Final Train Acc: 46.51%
2025-08-23 20:40:36,261 - client_100 - INFO - [Client 3] Completed local epoch 1/4 | Final Loss: 1.7923 | Final Train Acc: 51.14%
2025-08-23 20:41:26,635 - client_100 - INFO - [Client 3] Completed local epoch 2/4 | Final Loss: 1.8195 | Final Train Acc: 49.93%
2025-08-23 20:42:17,854 - client_100 - INFO - [Client 3] Completed local epoch 3/4 | Final Loss: 1.8875 | Final Train Acc: 48.54%
2025-08-23 20:43:09,367 - client_100 - INFO - [Client 3] Completed local epoch 4/4 | Final Loss: 1.9937 | Final Train Acc: 45.23%
2025-08-23 20:43:28,780 - client_100 - INFO - --- Round 18/37 (tau = 4) ---
2025-08-23 20:43:59,834 - client_100 - INFO - [Client 0] Completed local epoch 1/4 | Final Loss: 1.7672 | Final Train Acc: 51.49%
2025-08-23 20:44:51,520 - client_100 - INFO - [Client 0] Completed local epoch 2/4 | Final Loss: 1.7929 | Final Train Acc: 50.71%
2025-08-23 20:45:41,798 - client_100 - INFO - [Client 0] Completed local epoch 3/4 | Final Loss: 1.8791 | Final Train Acc: 48.25%
2025-08-23 20:46:33,531 - client_100 - INFO - [Client 0] Completed local epoch 4/4 | Final Loss: 1.9599 | Final Train Acc: 46.82%
2025-08-23 20:47:23,780 - client_100 - INFO - [Client 1] Completed local epoch 1/4 | Final Loss: 1.8006 | Final Train Acc: 50.38%
2025-08-23 20:48:15,718 - client_100 - INFO - [Client 1] Completed local epoch 2/4 | Final Loss: 1.8302 | Final Train Acc: 50.35%
2025-08-23 20:49:06,499 - client_100 - INFO - [Client 1] Completed local epoch 3/4 | Final Loss: 1.8688 | Final Train Acc: 48.76%
2025-08-23 20:49:57,501 - client_100 - INFO - [Client 1] Completed local epoch 4/4 | Final Loss: 1.9733 | Final Train Acc: 45.73%
2025-08-23 20:50:49,233 - client_100 - INFO - [Client 2] Completed local epoch 1/4 | Final Loss: 1.7588 | Final Train Acc: 52.14%
2025-08-23 20:51:39,534 - client_100 - INFO - [Client 2] Completed local epoch 2/4 | Final Loss: 1.7723 | Final Train Acc: 51.06%
2025-08-23 20:52:31,195 - client_100 - INFO - [Client 2] Completed local epoch 3/4 | Final Loss: 1.8428 | Final Train Acc: 49.67%
2025-08-23 20:53:21,344 - client_100 - INFO - [Client 2] Completed local epoch 4/4 | Final Loss: 1.9958 | Final Train Acc: 44.70%
2025-08-23 20:54:12,848 - client_100 - INFO - [Client 3] Completed local epoch 1/4 | Final Loss: 1.7599 | Final Train Acc: 51.84%
2025-08-23 20:55:02,982 - client_100 - INFO - [Client 3] Completed local epoch 2/4 | Final Loss: 1.7861 | Final Train Acc: 50.88%
2025-08-23 20:55:54,865 - client_100 - INFO - [Client 3] Completed local epoch 3/4 | Final Loss: 1.8847 | Final Train Acc: 48.79%
2025-08-23 20:56:45,883 - client_100 - INFO - [Client 3] Completed local epoch 4/4 | Final Loss: 1.9298 | Final Train Acc: 46.72%
2025-08-23 20:57:06,046 - client_100 - INFO - --- Round 19/37 (tau = 4) ---
2025-08-23 20:57:37,279 - client_100 - INFO - [Client 0] Completed local epoch 1/4 | Final Loss: 1.7160 | Final Train Acc: 52.96%
2025-08-23 20:58:29,031 - client_100 - INFO - [Client 0] Completed local epoch 2/4 | Final Loss: 1.7526 | Final Train Acc: 52.04%
2025-08-23 20:59:19,424 - client_100 - INFO - [Client 0] Completed local epoch 3/4 | Final Loss: 1.8164 | Final Train Acc: 49.93%
2025-08-23 21:00:11,241 - client_100 - INFO - [Client 0] Completed local epoch 4/4 | Final Loss: 1.9056 | Final Train Acc: 47.82%
2025-08-23 21:01:01,759 - client_100 - INFO - [Client 1] Completed local epoch 1/4 | Final Loss: 1.7635 | Final Train Acc: 51.28%
2025-08-23 21:01:53,972 - client_100 - INFO - [Client 1] Completed local epoch 2/4 | Final Loss: 1.7769 | Final Train Acc: 51.02%
2025-08-23 21:02:45,680 - client_100 - INFO - [Client 1] Completed local epoch 3/4 | Final Loss: 1.8398 | Final Train Acc: 49.03%
2025-08-23 21:03:36,765 - client_100 - INFO - [Client 1] Completed local epoch 4/4 | Final Loss: 1.9426 | Final Train Acc: 47.60%
2025-08-23 21:04:30,065 - client_100 - INFO - [Client 2] Completed local epoch 1/4 | Final Loss: 1.7304 | Final Train Acc: 52.68%
2025-08-23 21:05:23,541 - client_100 - INFO - [Client 2] Completed local epoch 2/4 | Final Loss: 1.7541 | Final Train Acc: 51.77%
2025-08-23 21:06:16,063 - client_100 - INFO - [Client 2] Completed local epoch 3/4 | Final Loss: 1.8424 | Final Train Acc: 49.58%
2025-08-23 21:07:09,036 - client_100 - INFO - [Client 2] Completed local epoch 4/4 | Final Loss: 1.9216 | Final Train Acc: 47.26%
2025-08-23 21:08:00,173 - client_100 - INFO - [Client 3] Completed local epoch 1/4 | Final Loss: 1.7325 | Final Train Acc: 52.86%
2025-08-23 21:08:53,357 - client_100 - INFO - [Client 3] Completed local epoch 2/4 | Final Loss: 1.7497 | Final Train Acc: 52.04%
2025-08-23 21:09:45,251 - client_100 - INFO - [Client 3] Completed local epoch 3/4 | Final Loss: 1.8287 | Final Train Acc: 49.95%
2025-08-23 21:10:36,401 - client_100 - INFO - [Client 3] Completed local epoch 4/4 | Final Loss: 1.9434 | Final Train Acc: 46.82%
2025-08-23 21:10:56,955 - client_100 - INFO - --- Round 20/37 (tau = 4) ---
2025-08-23 21:11:28,619 - client_100 - INFO - [Client 0] Completed local epoch 1/4 | Final Loss: 1.7115 | Final Train Acc: 52.76%
2025-08-23 21:12:19,567 - client_100 - INFO - [Client 0] Completed local epoch 2/4 | Final Loss: 1.7034 | Final Train Acc: 52.99%
2025-08-23 21:13:14,324 - client_100 - INFO - [Client 0] Completed local epoch 3/4 | Final Loss: 1.8114 | Final Train Acc: 49.94%
2025-08-23 21:14:07,154 - client_100 - INFO - [Client 0] Completed local epoch 4/4 | Final Loss: 1.8791 | Final Train Acc: 48.57%
2025-08-23 21:14:57,488 - client_100 - INFO - [Client 1] Completed local epoch 1/4 | Final Loss: 1.7327 | Final Train Acc: 52.45%
2025-08-23 21:15:49,318 - client_100 - INFO - [Client 1] Completed local epoch 2/4 | Final Loss: 1.7463 | Final Train Acc: 52.31%
2025-08-23 21:16:40,088 - client_100 - INFO - [Client 1] Completed local epoch 3/4 | Final Loss: 1.8213 | Final Train Acc: 49.96%
2025-08-23 21:17:31,896 - client_100 - INFO - [Client 1] Completed local epoch 4/4 | Final Loss: 1.9314 | Final Train Acc: 46.89%
2025-08-23 21:18:23,477 - client_100 - INFO - [Client 2] Completed local epoch 1/4 | Final Loss: 1.6895 | Final Train Acc: 52.99%
2025-08-23 21:19:14,670 - client_100 - INFO - [Client 2] Completed local epoch 2/4 | Final Loss: 1.7077 | Final Train Acc: 52.61%
2025-08-23 21:20:06,585 - client_100 - INFO - [Client 2] Completed local epoch 3/4 | Final Loss: 1.8008 | Final Train Acc: 50.36%
2025-08-23 21:20:57,240 - client_100 - INFO - [Client 2] Completed local epoch 4/4 | Final Loss: 1.8825 | Final Train Acc: 47.77%
2025-08-23 21:21:49,258 - client_100 - INFO - [Client 3] Completed local epoch 1/4 | Final Loss: 1.6932 | Final Train Acc: 52.95%
2025-08-23 21:22:40,281 - client_100 - INFO - [Client 3] Completed local epoch 2/4 | Final Loss: 1.7424 | Final Train Acc: 51.58%
2025-08-23 21:23:32,084 - client_100 - INFO - [Client 3] Completed local epoch 3/4 | Final Loss: 1.8043 | Final Train Acc: 50.16%
2025-08-23 21:24:24,123 - client_100 - INFO - [Client 3] Completed local epoch 4/4 | Final Loss: 1.9406 | Final Train Acc: 45.97%
2025-08-23 21:24:43,413 - client_100 - INFO - --- Round 21/37 (tau = 4) ---
2025-08-23 21:25:14,893 - client_100 - INFO - [Client 0] Completed local epoch 1/4 | Final Loss: 1.6714 | Final Train Acc: 53.95%
2025-08-23 21:26:06,565 - client_100 - INFO - [Client 0] Completed local epoch 2/4 | Final Loss: 1.7182 | Final Train Acc: 52.18%
2025-08-23 21:26:56,687 - client_100 - INFO - [Client 0] Completed local epoch 3/4 | Final Loss: 1.7670 | Final Train Acc: 51.01%
2025-08-23 21:27:48,506 - client_100 - INFO - [Client 0] Completed local epoch 4/4 | Final Loss: 1.8660 | Final Train Acc: 48.55%
2025-08-23 21:28:39,227 - client_100 - INFO - [Client 1] Completed local epoch 1/4 | Final Loss: 1.7001 | Final Train Acc: 53.34%
2025-08-23 21:29:31,648 - client_100 - INFO - [Client 1] Completed local epoch 2/4 | Final Loss: 1.7306 | Final Train Acc: 51.84%
2025-08-23 21:30:23,229 - client_100 - INFO - [Client 1] Completed local epoch 3/4 | Final Loss: 1.7862 | Final Train Acc: 50.76%
2025-08-23 21:31:13,439 - client_100 - INFO - [Client 1] Completed local epoch 4/4 | Final Loss: 1.9151 | Final Train Acc: 46.90%
2025-08-23 21:32:05,503 - client_100 - INFO - [Client 2] Completed local epoch 1/4 | Final Loss: 1.6764 | Final Train Acc: 53.54%
2025-08-23 21:32:56,287 - client_100 - INFO - [Client 2] Completed local epoch 2/4 | Final Loss: 1.6802 | Final Train Acc: 52.55%
2025-08-23 21:33:48,461 - client_100 - INFO - [Client 2] Completed local epoch 3/4 | Final Loss: 1.7691 | Final Train Acc: 50.58%
2025-08-23 21:34:44,341 - client_100 - INFO - [Client 2] Completed local epoch 4/4 | Final Loss: 1.8742 | Final Train Acc: 48.03%
2025-08-23 21:35:35,206 - client_100 - INFO - [Client 3] Completed local epoch 1/4 | Final Loss: 1.6769 | Final Train Acc: 53.49%
2025-08-23 21:36:27,587 - client_100 - INFO - [Client 3] Completed local epoch 2/4 | Final Loss: 1.6870 | Final Train Acc: 53.35%
2025-08-23 21:37:18,926 - client_100 - INFO - [Client 3] Completed local epoch 3/4 | Final Loss: 1.7709 | Final Train Acc: 51.31%
2025-08-23 21:38:10,787 - client_100 - INFO - [Client 3] Completed local epoch 4/4 | Final Loss: 1.8609 | Final Train Acc: 49.09%
2025-08-23 21:38:30,586 - client_100 - INFO - --- Round 22/37 (tau = 4) ---
2025-08-23 21:39:02,818 - client_100 - INFO - [Client 0] Completed local epoch 1/4 | Final Loss: 1.6525 | Final Train Acc: 54.37%
2025-08-23 21:39:53,150 - client_100 - INFO - [Client 0] Completed local epoch 2/4 | Final Loss: 1.6574 | Final Train Acc: 54.17%
2025-08-23 21:40:45,104 - client_100 - INFO - [Client 0] Completed local epoch 3/4 | Final Loss: 1.7526 | Final Train Acc: 51.44%
2025-08-23 21:41:35,823 - client_100 - INFO - [Client 0] Completed local epoch 4/4 | Final Loss: 1.8794 | Final Train Acc: 48.26%
2025-08-23 21:42:27,815 - client_100 - INFO - [Client 1] Completed local epoch 1/4 | Final Loss: 1.6692 | Final Train Acc: 53.86%
2025-08-23 21:43:19,691 - client_100 - INFO - [Client 1] Completed local epoch 2/4 | Final Loss: 1.6956 | Final Train Acc: 52.95%
2025-08-23 21:44:10,539 - client_100 - INFO - [Client 1] Completed local epoch 3/4 | Final Loss: 1.7617 | Final Train Acc: 51.24%
2025-08-23 21:45:02,520 - client_100 - INFO - [Client 1] Completed local epoch 4/4 | Final Loss: 1.8760 | Final Train Acc: 48.19%
2025-08-23 21:45:53,236 - client_100 - INFO - [Client 2] Completed local epoch 1/4 | Final Loss: 1.6467 | Final Train Acc: 54.68%
2025-08-23 21:46:45,381 - client_100 - INFO - [Client 2] Completed local epoch 2/4 | Final Loss: 1.6729 | Final Train Acc: 52.87%
2025-08-23 21:47:36,833 - client_100 - INFO - [Client 2] Completed local epoch 3/4 | Final Loss: 1.7548 | Final Train Acc: 51.03%
2025-08-23 21:48:27,912 - client_100 - INFO - [Client 2] Completed local epoch 4/4 | Final Loss: 1.8216 | Final Train Acc: 48.92%
2025-08-23 21:49:20,137 - client_100 - INFO - [Client 3] Completed local epoch 1/4 | Final Loss: 1.6593 | Final Train Acc: 54.14%
2025-08-23 21:50:10,635 - client_100 - INFO - [Client 3] Completed local epoch 2/4 | Final Loss: 1.6732 | Final Train Acc: 53.72%
2025-08-23 21:51:02,838 - client_100 - INFO - [Client 3] Completed local epoch 3/4 | Final Loss: 1.7396 | Final Train Acc: 51.33%
2025-08-23 21:51:53,755 - client_100 - INFO - [Client 3] Completed local epoch 4/4 | Final Loss: 1.8884 | Final Train Acc: 47.85%
2025-08-23 21:52:14,508 - client_100 - INFO - --- Round 23/37 (tau = 4) ---
2025-08-23 21:52:45,727 - client_100 - INFO - [Client 0] Completed local epoch 1/4 | Final Loss: 1.6262 | Final Train Acc: 54.71%
2025-08-23 21:53:37,517 - client_100 - INFO - [Client 0] Completed local epoch 2/4 | Final Loss: 1.6687 | Final Train Acc: 54.03%
2025-08-23 21:54:27,812 - client_100 - INFO - [Client 0] Completed local epoch 3/4 | Final Loss: 1.6978 | Final Train Acc: 52.90%
2025-08-23 21:55:19,733 - client_100 - INFO - [Client 0] Completed local epoch 4/4 | Final Loss: 1.8157 | Final Train Acc: 49.37%
2025-08-23 21:56:10,277 - client_100 - INFO - [Client 1] Completed local epoch 1/4 | Final Loss: 1.6652 | Final Train Acc: 54.10%
2025-08-23 21:57:02,529 - client_100 - INFO - [Client 1] Completed local epoch 2/4 | Final Loss: 1.6875 | Final Train Acc: 52.90%
2025-08-23 21:57:53,490 - client_100 - INFO - [Client 1] Completed local epoch 3/4 | Final Loss: 1.7569 | Final Train Acc: 51.47%
2025-08-23 21:58:44,586 - client_100 - INFO - [Client 1] Completed local epoch 4/4 | Final Loss: 1.8353 | Final Train Acc: 49.17%
2025-08-23 21:59:36,353 - client_100 - INFO - [Client 2] Completed local epoch 1/4 | Final Loss: 1.6316 | Final Train Acc: 54.48%
2025-08-23 22:00:26,711 - client_100 - INFO - [Client 2] Completed local epoch 2/4 | Final Loss: 1.6438 | Final Train Acc: 53.88%
2025-08-23 22:01:18,682 - client_100 - INFO - [Client 2] Completed local epoch 3/4 | Final Loss: 1.7458 | Final Train Acc: 51.20%
2025-08-23 22:02:09,138 - client_100 - INFO - [Client 2] Completed local epoch 4/4 | Final Loss: 1.7948 | Final Train Acc: 50.36%
2025-08-23 22:03:01,322 - client_100 - INFO - [Client 3] Completed local epoch 1/4 | Final Loss: 1.6167 | Final Train Acc: 55.45%
2025-08-23 22:03:52,610 - client_100 - INFO - [Client 3] Completed local epoch 2/4 | Final Loss: 1.6446 | Final Train Acc: 53.86%
2025-08-23 22:04:43,931 - client_100 - INFO - [Client 3] Completed local epoch 3/4 | Final Loss: 1.7298 | Final Train Acc: 51.81%
2025-08-23 22:05:36,246 - client_100 - INFO - [Client 3] Completed local epoch 4/4 | Final Loss: 1.8200 | Final Train Acc: 49.91%
2025-08-23 22:05:55,617 - client_100 - INFO - --- Round 24/37 (tau = 4) ---
2025-08-23 22:06:26,997 - client_100 - INFO - [Client 0] Completed local epoch 1/4 | Final Loss: 1.6067 | Final Train Acc: 55.49%
2025-08-23 22:07:19,081 - client_100 - INFO - [Client 0] Completed local epoch 2/4 | Final Loss: 1.6179 | Final Train Acc: 55.12%
2025-08-23 22:08:09,822 - client_100 - INFO - [Client 0] Completed local epoch 3/4 | Final Loss: 1.6906 | Final Train Acc: 52.51%
2025-08-23 22:09:01,424 - client_100 - INFO - [Client 0] Completed local epoch 4/4 | Final Loss: 1.8045 | Final Train Acc: 49.76%
2025-08-23 22:09:53,168 - client_100 - INFO - [Client 1] Completed local epoch 1/4 | Final Loss: 1.6359 | Final Train Acc: 54.71%
2025-08-23 22:10:43,911 - client_100 - INFO - [Client 1] Completed local epoch 2/4 | Final Loss: 1.6551 | Final Train Acc: 53.77%
2025-08-23 22:11:35,689 - client_100 - INFO - [Client 1] Completed local epoch 3/4 | Final Loss: 1.7731 | Final Train Acc: 50.75%
2025-08-23 22:12:26,228 - client_100 - INFO - [Client 1] Completed local epoch 4/4 | Final Loss: 1.7954 | Final Train Acc: 50.29%
2025-08-23 22:13:18,369 - client_100 - INFO - [Client 2] Completed local epoch 1/4 | Final Loss: 1.5936 | Final Train Acc: 55.45%
2025-08-23 22:14:09,048 - client_100 - INFO - [Client 2] Completed local epoch 2/4 | Final Loss: 1.6118 | Final Train Acc: 55.17%
2025-08-23 22:15:00,711 - client_100 - INFO - [Client 2] Completed local epoch 3/4 | Final Loss: 1.7043 | Final Train Acc: 52.04%
2025-08-23 22:15:52,748 - client_100 - INFO - [Client 2] Completed local epoch 4/4 | Final Loss: 1.7942 | Final Train Acc: 49.87%
2025-08-23 22:16:43,268 - client_100 - INFO - [Client 3] Completed local epoch 1/4 | Final Loss: 1.6096 | Final Train Acc: 55.53%
2025-08-23 22:17:35,191 - client_100 - INFO - [Client 3] Completed local epoch 2/4 | Final Loss: 1.6296 | Final Train Acc: 54.24%
2025-08-23 22:18:25,817 - client_100 - INFO - [Client 3] Completed local epoch 3/4 | Final Loss: 1.7101 | Final Train Acc: 52.38%
2025-08-23 22:19:17,890 - client_100 - INFO - [Client 3] Completed local epoch 4/4 | Final Loss: 1.8329 | Final Train Acc: 48.93%
2025-08-23 22:19:37,029 - client_100 - INFO - --- Round 25/37 (tau = 4) ---
2025-08-23 22:20:08,456 - client_100 - INFO - [Client 0] Completed local epoch 1/4 | Final Loss: 1.5905 | Final Train Acc: 55.99%
2025-08-23 22:21:00,056 - client_100 - INFO - [Client 0] Completed local epoch 2/4 | Final Loss: 1.5954 | Final Train Acc: 55.42%
2025-08-23 22:21:51,639 - client_100 - INFO - [Client 0] Completed local epoch 3/4 | Final Loss: 1.6864 | Final Train Acc: 52.13%
2025-08-23 22:22:42,436 - client_100 - INFO - [Client 0] Completed local epoch 4/4 | Final Loss: 1.7708 | Final Train Acc: 50.79%
2025-08-23 22:23:34,360 - client_100 - INFO - [Client 1] Completed local epoch 1/4 | Final Loss: 1.6138 | Final Train Acc: 55.34%
2025-08-23 22:24:24,803 - client_100 - INFO - [Client 1] Completed local epoch 2/4 | Final Loss: 1.6483 | Final Train Acc: 54.56%
2025-08-23 22:25:17,041 - client_100 - INFO - [Client 1] Completed local epoch 3/4 | Final Loss: 1.7403 | Final Train Acc: 51.68%
2025-08-23 22:26:07,893 - client_100 - INFO - [Client 1] Completed local epoch 4/4 | Final Loss: 1.8441 | Final Train Acc: 48.98%
2025-08-23 22:26:59,442 - client_100 - INFO - [Client 2] Completed local epoch 1/4 | Final Loss: 1.5830 | Final Train Acc: 55.90%
2025-08-23 22:27:51,421 - client_100 - INFO - [Client 2] Completed local epoch 2/4 | Final Loss: 1.6069 | Final Train Acc: 55.08%
2025-08-23 22:28:41,905 - client_100 - INFO - [Client 2] Completed local epoch 3/4 | Final Loss: 1.6686 | Final Train Acc: 53.22%
2025-08-23 22:29:34,139 - client_100 - INFO - [Client 2] Completed local epoch 4/4 | Final Loss: 1.7826 | Final Train Acc: 49.80%
2025-08-23 22:30:24,532 - client_100 - INFO - [Client 3] Completed local epoch 1/4 | Final Loss: 1.5826 | Final Train Acc: 56.09%
2025-08-23 22:31:16,591 - client_100 - INFO - [Client 3] Completed local epoch 2/4 | Final Loss: 1.6086 | Final Train Acc: 54.42%
2025-08-23 22:32:07,696 - client_100 - INFO - [Client 3] Completed local epoch 3/4 | Final Loss: 1.6866 | Final Train Acc: 52.74%
2025-08-23 22:32:59,178 - client_100 - INFO - [Client 3] Completed local epoch 4/4 | Final Loss: 1.7701 | Final Train Acc: 49.87%
2025-08-23 22:33:19,028 - client_100 - INFO - --- Round 26/37 (tau = 4) ---
2025-08-23 22:33:51,230 - client_100 - INFO - [Client 0] Completed local epoch 1/4 | Final Loss: 1.5698 | Final Train Acc: 56.07%
2025-08-23 22:34:41,749 - client_100 - INFO - [Client 0] Completed local epoch 2/4 | Final Loss: 1.5815 | Final Train Acc: 55.76%
2025-08-23 22:35:33,951 - client_100 - INFO - [Client 0] Completed local epoch 3/4 | Final Loss: 1.6531 | Final Train Acc: 53.59%
2025-08-23 22:36:24,667 - client_100 - INFO - [Client 0] Completed local epoch 4/4 | Final Loss: 1.7770 | Final Train Acc: 50.94%
2025-08-23 22:37:16,475 - client_100 - INFO - [Client 1] Completed local epoch 1/4 | Final Loss: 1.6012 | Final Train Acc: 55.52%
2025-08-23 22:38:08,423 - client_100 - INFO - [Client 1] Completed local epoch 2/4 | Final Loss: 1.6212 | Final Train Acc: 54.85%
2025-08-23 22:38:58,816 - client_100 - INFO - [Client 1] Completed local epoch 3/4 | Final Loss: 1.7044 | Final Train Acc: 51.94%
2025-08-23 22:39:50,804 - client_100 - INFO - [Client 1] Completed local epoch 4/4 | Final Loss: 1.7959 | Final Train Acc: 49.88%
2025-08-23 22:40:41,315 - client_100 - INFO - [Client 2] Completed local epoch 1/4 | Final Loss: 1.5503 | Final Train Acc: 56.72%
2025-08-23 22:41:33,578 - client_100 - INFO - [Client 2] Completed local epoch 2/4 | Final Loss: 1.5837 | Final Train Acc: 55.37%
2025-08-23 22:42:24,808 - client_100 - INFO - [Client 2] Completed local epoch 3/4 | Final Loss: 1.6580 | Final Train Acc: 53.75%
2025-08-23 22:43:15,743 - client_100 - INFO - [Client 2] Completed local epoch 4/4 | Final Loss: 1.7837 | Final Train Acc: 50.07%
2025-08-23 22:44:07,328 - client_100 - INFO - [Client 3] Completed local epoch 1/4 | Final Loss: 1.5578 | Final Train Acc: 56.42%
2025-08-23 22:44:57,816 - client_100 - INFO - [Client 3] Completed local epoch 2/4 | Final Loss: 1.5851 | Final Train Acc: 55.39%
2025-08-23 22:45:49,396 - client_100 - INFO - [Client 3] Completed local epoch 3/4 | Final Loss: 1.6699 | Final Train Acc: 53.03%
2025-08-23 22:46:40,023 - client_100 - INFO - [Client 3] Completed local epoch 4/4 | Final Loss: 1.7449 | Final Train Acc: 51.51%
2025-08-23 22:47:00,961 - client_100 - INFO - --- Round 27/37 (tau = 4) ---
2025-08-23 22:47:32,264 - client_100 - INFO - [Client 0] Completed local epoch 1/4 | Final Loss: 1.5556 | Final Train Acc: 56.05%
2025-08-23 22:48:23,482 - client_100 - INFO - [Client 0] Completed local epoch 2/4 | Final Loss: 1.5729 | Final Train Acc: 56.35%
2025-08-23 22:49:14,351 - client_100 - INFO - [Client 0] Completed local epoch 3/4 | Final Loss: 1.6495 | Final Train Acc: 53.68%
2025-08-23 22:50:05,960 - client_100 - INFO - [Client 0] Completed local epoch 4/4 | Final Loss: 1.7362 | Final Train Acc: 51.19%
2025-08-23 22:50:56,257 - client_100 - INFO - [Client 1] Completed local epoch 1/4 | Final Loss: 1.5657 | Final Train Acc: 56.63%
2025-08-23 22:51:47,914 - client_100 - INFO - [Client 1] Completed local epoch 2/4 | Final Loss: 1.6087 | Final Train Acc: 55.13%
2025-08-23 22:52:38,421 - client_100 - INFO - [Client 1] Completed local epoch 3/4 | Final Loss: 1.6861 | Final Train Acc: 52.79%
2025-08-23 22:53:30,257 - client_100 - INFO - [Client 1] Completed local epoch 4/4 | Final Loss: 1.7856 | Final Train Acc: 50.25%
2025-08-23 22:54:20,860 - client_100 - INFO - [Client 2] Completed local epoch 1/4 | Final Loss: 1.5477 | Final Train Acc: 56.50%
2025-08-23 22:55:12,471 - client_100 - INFO - [Client 2] Completed local epoch 2/4 | Final Loss: 1.5596 | Final Train Acc: 56.52%
2025-08-23 22:56:04,042 - client_100 - INFO - [Client 2] Completed local epoch 3/4 | Final Loss: 1.6465 | Final Train Acc: 53.42%
2025-08-23 22:56:54,518 - client_100 - INFO - [Client 2] Completed local epoch 4/4 | Final Loss: 1.7653 | Final Train Acc: 50.18%
2025-08-23 22:57:46,509 - client_100 - INFO - [Client 3] Completed local epoch 1/4 | Final Loss: 1.5519 | Final Train Acc: 56.64%
2025-08-23 22:58:37,112 - client_100 - INFO - [Client 3] Completed local epoch 2/4 | Final Loss: 1.5558 | Final Train Acc: 56.53%
2025-08-23 22:59:29,034 - client_100 - INFO - [Client 3] Completed local epoch 3/4 | Final Loss: 1.6378 | Final Train Acc: 54.08%
2025-08-23 23:00:19,545 - client_100 - INFO - [Client 3] Completed local epoch 4/4 | Final Loss: 1.7233 | Final Train Acc: 52.23%
2025-08-23 23:00:40,013 - client_100 - INFO - --- Round 28/37 (tau = 4) ---
2025-08-23 23:01:11,417 - client_100 - INFO - [Client 0] Completed local epoch 1/4 | Final Loss: 1.5524 | Final Train Acc: 56.20%
2025-08-23 23:02:03,568 - client_100 - INFO - [Client 0] Completed local epoch 2/4 | Final Loss: 1.5502 | Final Train Acc: 56.14%
2025-08-23 23:02:54,024 - client_100 - INFO - [Client 0] Completed local epoch 3/4 | Final Loss: 1.6390 | Final Train Acc: 54.16%
2025-08-23 23:03:45,621 - client_100 - INFO - [Client 0] Completed local epoch 4/4 | Final Loss: 1.7463 | Final Train Acc: 51.59%
2025-08-23 23:04:36,277 - client_100 - INFO - [Client 1] Completed local epoch 1/4 | Final Loss: 1.5648 | Final Train Acc: 56.17%
2025-08-23 23:05:28,591 - client_100 - INFO - [Client 1] Completed local epoch 2/4 | Final Loss: 1.6026 | Final Train Acc: 55.28%
2025-08-23 23:06:20,009 - client_100 - INFO - [Client 1] Completed local epoch 3/4 | Final Loss: 1.6524 | Final Train Acc: 53.94%
2025-08-23 23:07:11,313 - client_100 - INFO - [Client 1] Completed local epoch 4/4 | Final Loss: 1.7734 | Final Train Acc: 50.47%
2025-08-23 23:08:03,182 - client_100 - INFO - [Client 2] Completed local epoch 1/4 | Final Loss: 1.5218 | Final Train Acc: 57.73%
2025-08-23 23:08:53,825 - client_100 - INFO - [Client 2] Completed local epoch 2/4 | Final Loss: 1.5651 | Final Train Acc: 56.05%
2025-08-23 23:09:45,453 - client_100 - INFO - [Client 2] Completed local epoch 3/4 | Final Loss: 1.6027 | Final Train Acc: 55.05%
2025-08-23 23:10:35,752 - client_100 - INFO - [Client 2] Completed local epoch 4/4 | Final Loss: 1.7466 | Final Train Acc: 51.26%
2025-08-23 23:11:27,644 - client_100 - INFO - [Client 3] Completed local epoch 1/4 | Final Loss: 1.5326 | Final Train Acc: 56.85%
2025-08-23 23:12:18,969 - client_100 - INFO - [Client 3] Completed local epoch 2/4 | Final Loss: 1.5529 | Final Train Acc: 56.49%
2025-08-23 23:13:09,981 - client_100 - INFO - [Client 3] Completed local epoch 3/4 | Final Loss: 1.6215 | Final Train Acc: 54.48%
2025-08-23 23:14:01,868 - client_100 - INFO - [Client 3] Completed local epoch 4/4 | Final Loss: 1.7380 | Final Train Acc: 51.15%
2025-08-23 23:14:21,326 - client_100 - INFO - --- Round 29/37 (tau = 4) ---
2025-08-23 23:14:52,735 - client_100 - INFO - [Client 0] Completed local epoch 1/4 | Final Loss: 1.5135 | Final Train Acc: 57.90%
2025-08-23 23:15:44,470 - client_100 - INFO - [Client 0] Completed local epoch 2/4 | Final Loss: 1.5439 | Final Train Acc: 56.52%
2025-08-23 23:16:34,759 - client_100 - INFO - [Client 0] Completed local epoch 3/4 | Final Loss: 1.6252 | Final Train Acc: 53.96%
2025-08-23 23:17:26,945 - client_100 - INFO - [Client 0] Completed local epoch 4/4 | Final Loss: 1.7367 | Final Train Acc: 51.43%
2025-08-23 23:18:18,421 - client_100 - INFO - [Client 1] Completed local epoch 1/4 | Final Loss: 1.5356 | Final Train Acc: 57.57%
2025-08-23 23:19:09,742 - client_100 - INFO - [Client 1] Completed local epoch 2/4 | Final Loss: 1.5752 | Final Train Acc: 55.58%
2025-08-23 23:20:01,663 - client_100 - INFO - [Client 1] Completed local epoch 3/4 | Final Loss: 1.6414 | Final Train Acc: 54.14%
2025-08-23 23:20:52,169 - client_100 - INFO - [Client 1] Completed local epoch 4/4 | Final Loss: 1.7731 | Final Train Acc: 50.48%
2025-08-23 23:21:44,172 - client_100 - INFO - [Client 2] Completed local epoch 1/4 | Final Loss: 1.5066 | Final Train Acc: 57.79%
2025-08-23 23:22:34,924 - client_100 - INFO - [Client 2] Completed local epoch 2/4 | Final Loss: 1.5332 | Final Train Acc: 56.41%
2025-08-23 23:23:26,479 - client_100 - INFO - [Client 2] Completed local epoch 3/4 | Final Loss: 1.6145 | Final Train Acc: 53.96%
2025-08-23 23:24:18,203 - client_100 - INFO - [Client 2] Completed local epoch 4/4 | Final Loss: 1.7009 | Final Train Acc: 52.14%
2025-08-23 23:25:09,054 - client_100 - INFO - [Client 3] Completed local epoch 1/4 | Final Loss: 1.5125 | Final Train Acc: 57.61%
2025-08-23 23:26:01,385 - client_100 - INFO - [Client 3] Completed local epoch 2/4 | Final Loss: 1.5258 | Final Train Acc: 56.27%
2025-08-23 23:26:52,262 - client_100 - INFO - [Client 3] Completed local epoch 3/4 | Final Loss: 1.6004 | Final Train Acc: 55.52%
2025-08-23 23:27:44,204 - client_100 - INFO - [Client 3] Completed local epoch 4/4 | Final Loss: 1.7265 | Final Train Acc: 51.96%
2025-08-23 23:28:03,467 - client_100 - INFO - --- Round 30/37 (tau = 4) ---
2025-08-23 23:28:35,583 - client_100 - INFO - [Client 0] Completed local epoch 1/4 | Final Loss: 1.4961 | Final Train Acc: 58.31%
2025-08-23 23:29:26,415 - client_100 - INFO - [Client 0] Completed local epoch 2/4 | Final Loss: 1.5344 | Final Train Acc: 56.89%
2025-08-23 23:30:18,388 - client_100 - INFO - [Client 0] Completed local epoch 3/4 | Final Loss: 1.5937 | Final Train Acc: 54.94%
2025-08-23 23:31:08,840 - client_100 - INFO - [Client 0] Completed local epoch 4/4 | Final Loss: 1.7352 | Final Train Acc: 50.99%
2025-08-23 23:32:00,857 - client_100 - INFO - [Client 1] Completed local epoch 1/4 | Final Loss: 1.5355 | Final Train Acc: 56.95%
2025-08-23 23:32:51,505 - client_100 - INFO - [Client 1] Completed local epoch 2/4 | Final Loss: 1.5670 | Final Train Acc: 55.93%
2025-08-23 23:33:44,494 - client_100 - INFO - [Client 1] Completed local epoch 3/4 | Final Loss: 1.6183 | Final Train Acc: 54.32%
2025-08-23 23:34:36,293 - client_100 - INFO - [Client 1] Completed local epoch 4/4 | Final Loss: 1.7523 | Final Train Acc: 51.03%
2025-08-23 23:35:26,732 - client_100 - INFO - [Client 2] Completed local epoch 1/4 | Final Loss: 1.4925 | Final Train Acc: 58.02%
2025-08-23 23:36:18,436 - client_100 - INFO - [Client 2] Completed local epoch 2/4 | Final Loss: 1.5129 | Final Train Acc: 57.01%
2025-08-23 23:37:08,931 - client_100 - INFO - [Client 2] Completed local epoch 3/4 | Final Loss: 1.5895 | Final Train Acc: 54.26%
2025-08-23 23:38:00,988 - client_100 - INFO - [Client 2] Completed local epoch 4/4 | Final Loss: 1.6951 | Final Train Acc: 52.06%
2025-08-23 23:38:51,832 - client_100 - INFO - [Client 3] Completed local epoch 1/4 | Final Loss: 1.4919 | Final Train Acc: 57.72%
2025-08-23 23:39:43,231 - client_100 - INFO - [Client 3] Completed local epoch 2/4 | Final Loss: 1.5228 | Final Train Acc: 57.39%
2025-08-23 23:40:35,109 - client_100 - INFO - [Client 3] Completed local epoch 3/4 | Final Loss: 1.5711 | Final Train Acc: 56.11%
2025-08-23 23:41:25,868 - client_100 - INFO - [Client 3] Completed local epoch 4/4 | Final Loss: 1.7262 | Final Train Acc: 51.30%
2025-08-23 23:41:46,403 - client_100 - INFO - --- Round 31/37 (tau = 4) ---
2025-08-23 23:42:18,019 - client_100 - INFO - [Client 0] Completed local epoch 1/4 | Final Loss: 1.4845 | Final Train Acc: 58.64%
2025-08-23 23:43:08,413 - client_100 - INFO - [Client 0] Completed local epoch 2/4 | Final Loss: 1.5153 | Final Train Acc: 57.44%
2025-08-23 23:44:00,193 - client_100 - INFO - [Client 0] Completed local epoch 3/4 | Final Loss: 1.5935 | Final Train Acc: 55.09%
2025-08-23 23:44:50,734 - client_100 - INFO - [Client 0] Completed local epoch 4/4 | Final Loss: 1.6621 | Final Train Acc: 53.40%
2025-08-23 23:45:42,617 - client_100 - INFO - [Client 1] Completed local epoch 1/4 | Final Loss: 1.5003 | Final Train Acc: 57.57%
2025-08-23 23:46:34,436 - client_100 - INFO - [Client 1] Completed local epoch 2/4 | Final Loss: 1.5317 | Final Train Acc: 56.59%
2025-08-23 23:47:24,844 - client_100 - INFO - [Client 1] Completed local epoch 3/4 | Final Loss: 1.6100 | Final Train Acc: 54.66%
2025-08-23 23:48:17,856 - client_100 - INFO - [Client 1] Completed local epoch 4/4 | Final Loss: 1.7333 | Final Train Acc: 51.42%
2025-08-23 23:49:09,545 - client_100 - INFO - [Client 2] Completed local epoch 1/4 | Final Loss: 1.4772 | Final Train Acc: 57.97%
2025-08-23 23:50:01,527 - client_100 - INFO - [Client 2] Completed local epoch 2/4 | Final Loss: 1.5022 | Final Train Acc: 57.45%
2025-08-23 23:50:53,418 - client_100 - INFO - [Client 2] Completed local epoch 3/4 | Final Loss: 1.5838 | Final Train Acc: 55.18%
2025-08-23 23:51:43,836 - client_100 - INFO - [Client 2] Completed local epoch 4/4 | Final Loss: 1.6927 | Final Train Acc: 52.27%
2025-08-23 23:52:35,702 - client_100 - INFO - [Client 3] Completed local epoch 1/4 | Final Loss: 1.4837 | Final Train Acc: 57.97%
2025-08-23 23:53:26,332 - client_100 - INFO - [Client 3] Completed local epoch 2/4 | Final Loss: 1.5113 | Final Train Acc: 57.58%
2025-08-23 23:54:18,351 - client_100 - INFO - [Client 3] Completed local epoch 3/4 | Final Loss: 1.5670 | Final Train Acc: 55.66%
2025-08-23 23:55:09,932 - client_100 - INFO - [Client 3] Completed local epoch 4/4 | Final Loss: 1.6832 | Final Train Acc: 52.87%
2025-08-23 23:55:29,760 - client_100 - INFO - --- Round 32/37 (tau = 4) ---
2025-08-23 23:56:03,040 - client_100 - INFO - [Client 0] Completed local epoch 1/4 | Final Loss: 1.4602 | Final Train Acc: 59.60%
2025-08-23 23:56:54,999 - client_100 - INFO - [Client 0] Completed local epoch 2/4 | Final Loss: 1.4994 | Final Train Acc: 58.10%
2025-08-23 23:57:45,702 - client_100 - INFO - [Client 0] Completed local epoch 3/4 | Final Loss: 1.5727 | Final Train Acc: 55.71%
2025-08-23 23:58:37,715 - client_100 - INFO - [Client 0] Completed local epoch 4/4 | Final Loss: 1.6868 | Final Train Acc: 52.67%
2025-08-23 23:59:29,103 - client_100 - INFO - [Client 1] Completed local epoch 1/4 | Final Loss: 1.5058 | Final Train Acc: 58.12%
2025-08-24 00:00:20,446 - client_100 - INFO - [Client 1] Completed local epoch 2/4 | Final Loss: 1.5375 | Final Train Acc: 56.49%
2025-08-24 00:01:12,649 - client_100 - INFO - [Client 1] Completed local epoch 3/4 | Final Loss: 1.6099 | Final Train Acc: 54.68%
2025-08-24 00:02:03,174 - client_100 - INFO - [Client 1] Completed local epoch 4/4 | Final Loss: 1.6945 | Final Train Acc: 52.16%
2025-08-24 00:02:55,462 - client_100 - INFO - [Client 2] Completed local epoch 1/4 | Final Loss: 1.4679 | Final Train Acc: 59.00%
2025-08-24 00:03:46,467 - client_100 - INFO - [Client 2] Completed local epoch 2/4 | Final Loss: 1.4837 | Final Train Acc: 57.89%
2025-08-24 00:04:38,569 - client_100 - INFO - [Client 2] Completed local epoch 3/4 | Final Loss: 1.5848 | Final Train Acc: 55.16%
2025-08-24 00:05:30,898 - client_100 - INFO - [Client 2] Completed local epoch 4/4 | Final Loss: 1.7042 | Final Train Acc: 52.03%
2025-08-24 00:06:21,585 - client_100 - INFO - [Client 3] Completed local epoch 1/4 | Final Loss: 1.4739 | Final Train Acc: 58.52%
2025-08-24 00:07:13,941 - client_100 - INFO - [Client 3] Completed local epoch 2/4 | Final Loss: 1.4949 | Final Train Acc: 57.67%
2025-08-24 00:08:05,050 - client_100 - INFO - [Client 3] Completed local epoch 3/4 | Final Loss: 1.5706 | Final Train Acc: 55.63%
2025-08-24 00:08:57,455 - client_100 - INFO - [Client 3] Completed local epoch 4/4 | Final Loss: 1.6931 | Final Train Acc: 52.42%
2025-08-24 00:09:17,486 - client_100 - INFO - --- Round 33/37 (tau = 4) ---
2025-08-24 00:09:50,176 - client_100 - INFO - [Client 0] Completed local epoch 1/4 | Final Loss: 1.4776 | Final Train Acc: 58.73%
2025-08-24 00:10:41,065 - client_100 - INFO - [Client 0] Completed local epoch 2/4 | Final Loss: 1.4661 | Final Train Acc: 58.41%
2025-08-24 00:11:33,044 - client_100 - INFO - [Client 0] Completed local epoch 3/4 | Final Loss: 1.5497 | Final Train Acc: 56.11%
2025-08-24 00:12:24,079 - client_100 - INFO - [Client 0] Completed local epoch 4/4 | Final Loss: 1.6855 | Final Train Acc: 52.34%
2025-08-24 00:13:16,331 - client_100 - INFO - [Client 1] Completed local epoch 1/4 | Final Loss: 1.4705 | Final Train Acc: 58.52%
2025-08-24 00:14:08,137 - client_100 - INFO - [Client 1] Completed local epoch 2/4 | Final Loss: 1.5082 | Final Train Acc: 57.56%
2025-08-24 00:14:58,608 - client_100 - INFO - [Client 1] Completed local epoch 3/4 | Final Loss: 1.6238 | Final Train Acc: 54.40%
2025-08-24 00:15:50,503 - client_100 - INFO - [Client 1] Completed local epoch 4/4 | Final Loss: 1.7247 | Final Train Acc: 51.44%
2025-08-24 00:16:40,967 - client_100 - INFO - [Client 2] Completed local epoch 1/4 | Final Loss: 1.4513 | Final Train Acc: 58.91%
2025-08-24 00:17:33,362 - client_100 - INFO - [Client 2] Completed local epoch 2/4 | Final Loss: 1.4877 | Final Train Acc: 57.62%
2025-08-24 00:18:24,710 - client_100 - INFO - [Client 2] Completed local epoch 3/4 | Final Loss: 1.5187 | Final Train Acc: 56.75%
2025-08-24 00:19:15,999 - client_100 - INFO - [Client 2] Completed local epoch 4/4 | Final Loss: 1.6722 | Final Train Acc: 52.49%
2025-08-24 00:20:07,904 - client_100 - INFO - [Client 3] Completed local epoch 1/4 | Final Loss: 1.4632 | Final Train Acc: 58.55%
2025-08-24 00:20:58,220 - client_100 - INFO - [Client 3] Completed local epoch 2/4 | Final Loss: 1.4802 | Final Train Acc: 57.89%
2025-08-24 00:21:50,317 - client_100 - INFO - [Client 3] Completed local epoch 3/4 | Final Loss: 1.5843 | Final Train Acc: 54.86%
2025-08-24 00:22:41,254 - client_100 - INFO - [Client 3] Completed local epoch 4/4 | Final Loss: 1.6467 | Final Train Acc: 53.51%
2025-08-24 00:23:01,759 - client_100 - INFO - --- Round 34/37 (tau = 4) ---
2025-08-24 00:23:33,272 - client_100 - INFO - [Client 0] Completed local epoch 1/4 | Final Loss: 1.4487 | Final Train Acc: 59.14%
2025-08-24 00:24:25,525 - client_100 - INFO - [Client 0] Completed local epoch 2/4 | Final Loss: 1.4642 | Final Train Acc: 58.26%
2025-08-24 00:25:16,303 - client_100 - INFO - [Client 0] Completed local epoch 3/4 | Final Loss: 1.5413 | Final Train Acc: 56.78%
2025-08-24 00:26:08,291 - client_100 - INFO - [Client 0] Completed local epoch 4/4 | Final Loss: 1.6472 | Final Train Acc: 53.55%
2025-08-24 00:26:59,073 - client_100 - INFO - [Client 1] Completed local epoch 1/4 | Final Loss: 1.4595 | Final Train Acc: 58.61%
2025-08-24 00:27:51,294 - client_100 - INFO - [Client 1] Completed local epoch 2/4 | Final Loss: 1.4885 | Final Train Acc: 57.92%
2025-08-24 00:28:43,237 - client_100 - INFO - [Client 1] Completed local epoch 3/4 | Final Loss: 1.5820 | Final Train Acc: 55.31%
2025-08-24 00:29:33,694 - client_100 - INFO - [Client 1] Completed local epoch 4/4 | Final Loss: 1.6650 | Final Train Acc: 53.66%
2025-08-24 00:30:25,865 - client_100 - INFO - [Client 2] Completed local epoch 1/4 | Final Loss: 1.4498 | Final Train Acc: 59.13%
2025-08-24 00:31:16,225 - client_100 - INFO - [Client 2] Completed local epoch 2/4 | Final Loss: 1.4851 | Final Train Acc: 58.34%
2025-08-24 00:32:08,264 - client_100 - INFO - [Client 2] Completed local epoch 3/4 | Final Loss: 1.5242 | Final Train Acc: 57.41%
2025-08-24 00:32:59,310 - client_100 - INFO - [Client 2] Completed local epoch 4/4 | Final Loss: 1.6646 | Final Train Acc: 53.34%
2025-08-24 00:33:50,340 - client_100 - INFO - [Client 3] Completed local epoch 1/4 | Final Loss: 1.4418 | Final Train Acc: 59.75%
2025-08-24 00:34:41,916 - client_100 - INFO - [Client 3] Completed local epoch 2/4 | Final Loss: 1.4790 | Final Train Acc: 57.79%
2025-08-24 00:35:32,313 - client_100 - INFO - [Client 3] Completed local epoch 3/4 | Final Loss: 1.5631 | Final Train Acc: 56.06%
2025-08-24 00:36:23,912 - client_100 - INFO - [Client 3] Completed local epoch 4/4 | Final Loss: 1.6738 | Final Train Acc: 53.07%
2025-08-24 00:36:43,135 - client_100 - INFO - --- Round 35/37 (tau = 4) ---
2025-08-24 00:37:14,619 - client_100 - INFO - [Client 0] Completed local epoch 1/4 | Final Loss: 1.4390 | Final Train Acc: 59.26%
2025-08-24 00:38:06,400 - client_100 - INFO - [Client 0] Completed local epoch 2/4 | Final Loss: 1.4612 | Final Train Acc: 58.52%
2025-08-24 00:38:57,311 - client_100 - INFO - [Client 0] Completed local epoch 3/4 | Final Loss: 1.5466 | Final Train Acc: 55.46%
2025-08-24 00:39:48,514 - client_100 - INFO - [Client 0] Completed local epoch 4/4 | Final Loss: 1.6790 | Final Train Acc: 52.77%
2025-08-24 00:40:40,650 - client_100 - INFO - [Client 1] Completed local epoch 1/4 | Final Loss: 1.4519 | Final Train Acc: 58.56%
2025-08-24 00:41:31,773 - client_100 - INFO - [Client 1] Completed local epoch 2/4 | Final Loss: 1.4912 | Final Train Acc: 57.89%
2025-08-24 00:42:23,872 - client_100 - INFO - [Client 1] Completed local epoch 3/4 | Final Loss: 1.5619 | Final Train Acc: 56.21%
2025-08-24 00:43:14,424 - client_100 - INFO - [Client 1] Completed local epoch 4/4 | Final Loss: 1.6780 | Final Train Acc: 53.21%
2025-08-24 00:44:06,088 - client_100 - INFO - [Client 2] Completed local epoch 1/4 | Final Loss: 1.4188 | Final Train Acc: 59.74%
2025-08-24 00:44:57,362 - client_100 - INFO - [Client 2] Completed local epoch 2/4 | Final Loss: 1.4579 | Final Train Acc: 58.94%
2025-08-24 00:45:48,250 - client_100 - INFO - [Client 2] Completed local epoch 3/4 | Final Loss: 1.5209 | Final Train Acc: 56.77%
2025-08-24 00:46:39,947 - client_100 - INFO - [Client 2] Completed local epoch 4/4 | Final Loss: 1.6198 | Final Train Acc: 54.42%
2025-08-24 00:47:30,353 - client_100 - INFO - [Client 3] Completed local epoch 1/4 | Final Loss: 1.4377 | Final Train Acc: 59.50%
2025-08-24 00:48:22,216 - client_100 - INFO - [Client 3] Completed local epoch 2/4 | Final Loss: 1.4581 | Final Train Acc: 59.10%
2025-08-24 00:49:12,505 - client_100 - INFO - [Client 3] Completed local epoch 3/4 | Final Loss: 1.5114 | Final Train Acc: 57.28%
2025-08-24 00:50:04,523 - client_100 - INFO - [Client 3] Completed local epoch 4/4 | Final Loss: 1.6231 | Final Train Acc: 53.78%
2025-08-24 00:50:23,595 - client_100 - INFO - --- Round 36/37 (tau = 4) ---
2025-08-24 00:50:55,325 - client_100 - INFO - [Client 0] Completed local epoch 1/4 | Final Loss: 1.4350 | Final Train Acc: 59.61%
2025-08-24 00:51:46,259 - client_100 - INFO - [Client 0] Completed local epoch 2/4 | Final Loss: 1.4353 | Final Train Acc: 59.15%
2025-08-24 00:52:38,079 - client_100 - INFO - [Client 0] Completed local epoch 3/4 | Final Loss: 1.5068 | Final Train Acc: 57.44%
2025-08-24 00:53:28,594 - client_100 - INFO - [Client 0] Completed local epoch 4/4 | Final Loss: 1.6036 | Final Train Acc: 54.34%
2025-08-24 00:54:20,410 - client_100 - INFO - [Client 1] Completed local epoch 1/4 | Final Loss: 1.4417 | Final Train Acc: 58.81%
2025-08-24 00:55:10,749 - client_100 - INFO - [Client 1] Completed local epoch 2/4 | Final Loss: 1.4636 | Final Train Acc: 58.64%
2025-08-24 00:56:02,704 - client_100 - INFO - [Client 1] Completed local epoch 3/4 | Final Loss: 1.5213 | Final Train Acc: 57.15%
2025-08-24 00:56:53,266 - client_100 - INFO - [Client 1] Completed local epoch 4/4 | Final Loss: 1.6989 | Final Train Acc: 52.40%
2025-08-24 00:57:45,223 - client_100 - INFO - [Client 2] Completed local epoch 1/4 | Final Loss: 1.4031 | Final Train Acc: 60.10%
2025-08-24 00:58:37,003 - client_100 - INFO - [Client 2] Completed local epoch 2/4 | Final Loss: 1.4401 | Final Train Acc: 59.41%
2025-08-24 00:59:27,577 - client_100 - INFO - [Client 2] Completed local epoch 3/4 | Final Loss: 1.5100 | Final Train Acc: 57.07%
2025-08-24 01:00:19,430 - client_100 - INFO - [Client 2] Completed local epoch 4/4 | Final Loss: 1.6882 | Final Train Acc: 53.04%
2025-08-24 01:01:09,974 - client_100 - INFO - [Client 3] Completed local epoch 1/4 | Final Loss: 1.4471 | Final Train Acc: 59.35%
2025-08-24 01:02:01,822 - client_100 - INFO - [Client 3] Completed local epoch 2/4 | Final Loss: 1.4460 | Final Train Acc: 59.13%
2025-08-24 01:02:52,918 - client_100 - INFO - [Client 3] Completed local epoch 3/4 | Final Loss: 1.5184 | Final Train Acc: 56.77%
2025-08-24 01:03:43,960 - client_100 - INFO - [Client 3] Completed local epoch 4/4 | Final Loss: 1.6269 | Final Train Acc: 54.59%
2025-08-24 01:04:03,598 - client_100 - INFO - --- Round 37/37 (tau = 4) ---
2025-08-24 01:04:35,551 - client_100 - INFO - [Client 0] Completed local epoch 1/4 | Final Loss: 1.4129 | Final Train Acc: 60.01%
2025-08-24 01:05:25,763 - client_100 - INFO - [Client 0] Completed local epoch 2/4 | Final Loss: 1.4406 | Final Train Acc: 59.14%
2025-08-24 01:06:17,220 - client_100 - INFO - [Client 0] Completed local epoch 3/4 | Final Loss: 1.5529 | Final Train Acc: 56.60%
2025-08-24 01:07:07,680 - client_100 - INFO - [Client 0] Completed local epoch 4/4 | Final Loss: 1.6167 | Final Train Acc: 54.40%
2025-08-24 01:07:59,635 - client_100 - INFO - [Client 1] Completed local epoch 1/4 | Final Loss: 1.4314 | Final Train Acc: 59.36%
2025-08-24 01:08:50,366 - client_100 - INFO - [Client 1] Completed local epoch 2/4 | Final Loss: 1.4581 | Final Train Acc: 58.24%
2025-08-24 01:09:41,654 - client_100 - INFO - [Client 1] Completed local epoch 3/4 | Final Loss: 1.5778 | Final Train Acc: 55.71%
2025-08-24 01:10:33,022 - client_100 - INFO - [Client 1] Completed local epoch 4/4 | Final Loss: 1.6653 | Final Train Acc: 52.38%
2025-08-24 01:11:23,479 - client_100 - INFO - [Client 2] Completed local epoch 1/4 | Final Loss: 1.4003 | Final Train Acc: 60.63%
2025-08-24 01:12:14,995 - client_100 - INFO - [Client 2] Completed local epoch 2/4 | Final Loss: 1.4261 | Final Train Acc: 59.06%
2025-08-24 01:13:05,001 - client_100 - INFO - [Client 2] Completed local epoch 3/4 | Final Loss: 1.5003 | Final Train Acc: 57.27%
2025-08-24 01:13:56,928 - client_100 - INFO - [Client 2] Completed local epoch 4/4 | Final Loss: 1.6146 | Final Train Acc: 54.82%
2025-08-24 01:14:47,366 - client_100 - INFO - [Client 3] Completed local epoch 1/4 | Final Loss: 1.4026 | Final Train Acc: 60.27%
2025-08-24 01:15:39,209 - client_100 - INFO - [Client 3] Completed local epoch 2/4 | Final Loss: 1.4328 | Final Train Acc: 59.25%
2025-08-24 01:16:30,750 - client_100 - INFO - [Client 3] Completed local epoch 3/4 | Final Loss: 1.5098 | Final Train Acc: 56.91%
2025-08-24 01:17:21,171 - client_100 - INFO - [Client 3] Completed local epoch 4/4 | Final Loss: 1.6299 | Final Train Acc: 54.01%
2025-08-24 01:17:41,171 - client_100 - INFO - --- Final round (tau = 2) ---
