2025-08-24 08:39:42,003 - client_100 - INFO - Started training for Client 100
2025-08-24 08:39:42,005 - client_100 - INFO - Log file: logs/localSGD_lenet5_seq_cifar100_w4_20250824_083941_client100.log
2025-08-24 08:39:42,005 - client_100 - INFO - Simulating LocalSGD training with 4 clients (sequential execution)
2025-08-24 08:39:42,005 - client_100 - INFO - Device: cuda
2025-08-24 08:39:42,005 - client_100 - INFO - Config: batch_size=128, lr=0.05, epochs=150, tau=64
2025-08-24 08:40:01,609 - client_100 - INFO - [INFO] Total train set size: 40000
2025-08-24 08:40:02,240 - client_100 - INFO - --- Round 1/2 (tau = 64) ---
2025-08-24 08:40:07,671 - client_100 - INFO - [Client 0] Completed local epoch 1/64 | Final Loss: 4.4662 | Final Train Acc: 3.45%
2025-08-24 08:40:16,958 - client_100 - INFO - [Client 0] Completed local epoch 2/64 | Final Loss: 4.0606 | Final Train Acc: 7.65%
2025-08-24 08:40:25,976 - client_100 - INFO - [Client 0] Completed local epoch 3/64 | Final Loss: 3.8559 | Final Train Acc: 10.35%
2025-08-24 08:40:34,419 - client_100 - INFO - [Client 0] Completed local epoch 4/64 | Final Loss: 3.7827 | Final Train Acc: 11.26%
2025-08-24 08:40:43,451 - client_100 - INFO - [Client 0] Completed local epoch 5/64 | Final Loss: 3.7022 | Final Train Acc: 12.13%
2025-08-24 08:40:51,798 - client_100 - INFO - [Client 0] Completed local epoch 6/64 | Final Loss: 3.5731 | Final Train Acc: 14.54%
2025-08-24 08:41:00,678 - client_100 - INFO - [Client 0] Completed local epoch 7/64 | Final Loss: 3.4268 | Final Train Acc: 16.96%
2025-08-24 08:41:09,748 - client_100 - INFO - [Client 0] Completed local epoch 8/64 | Final Loss: 3.3204 | Final Train Acc: 19.03%
2025-08-24 08:41:17,701 - client_100 - INFO - [Client 0] Completed local epoch 9/64 | Final Loss: 3.1919 | Final Train Acc: 20.57%
2025-08-24 08:41:26,597 - client_100 - INFO - [Client 0] Completed local epoch 10/64 | Final Loss: 3.1065 | Final Train Acc: 22.35%
2025-08-24 08:41:36,015 - client_100 - INFO - [Client 0] Completed local epoch 11/64 | Final Loss: 2.9948 | Final Train Acc: 24.71%
2025-08-24 08:41:43,822 - client_100 - INFO - [Client 0] Completed local epoch 12/64 | Final Loss: 2.9178 | Final Train Acc: 26.91%
2025-08-24 08:41:52,747 - client_100 - INFO - [Client 0] Completed local epoch 13/64 | Final Loss: 2.8460 | Final Train Acc: 27.09%
2025-08-24 08:42:01,666 - client_100 - INFO - [Client 0] Completed local epoch 14/64 | Final Loss: 2.8303 | Final Train Acc: 27.91%
2025-08-24 08:42:09,785 - client_100 - INFO - [Client 0] Completed local epoch 15/64 | Final Loss: 2.7261 | Final Train Acc: 29.85%
2025-08-24 08:42:18,757 - client_100 - INFO - [Client 0] Completed local epoch 16/64 | Final Loss: 2.6946 | Final Train Acc: 30.45%
2025-08-24 08:42:26,983 - client_100 - INFO - [Client 0] Completed local epoch 17/64 | Final Loss: 2.6089 | Final Train Acc: 32.85%
2025-08-24 08:42:35,681 - client_100 - INFO - [Client 0] Completed local epoch 18/64 | Final Loss: 2.5508 | Final Train Acc: 33.89%
2025-08-24 08:42:44,763 - client_100 - INFO - [Client 0] Completed local epoch 19/64 | Final Loss: 2.5278 | Final Train Acc: 34.17%
2025-08-24 08:42:52,471 - client_100 - INFO - [Client 0] Completed local epoch 20/64 | Final Loss: 2.5239 | Final Train Acc: 34.44%
2025-08-24 08:43:01,167 - client_100 - INFO - [Client 0] Completed local epoch 21/64 | Final Loss: 2.4471 | Final Train Acc: 35.27%
2025-08-24 08:43:10,196 - client_100 - INFO - [Client 0] Completed local epoch 22/64 | Final Loss: 2.4137 | Final Train Acc: 36.00%
2025-08-24 08:43:17,977 - client_100 - INFO - [Client 0] Completed local epoch 23/64 | Final Loss: 2.3631 | Final Train Acc: 37.16%
2025-08-24 08:43:26,799 - client_100 - INFO - [Client 0] Completed local epoch 24/64 | Final Loss: 2.3391 | Final Train Acc: 38.27%
2025-08-24 08:43:35,288 - client_100 - INFO - [Client 0] Completed local epoch 25/64 | Final Loss: 2.2978 | Final Train Acc: 39.22%
2025-08-24 08:43:43,749 - client_100 - INFO - [Client 0] Completed local epoch 26/64 | Final Loss: 2.2674 | Final Train Acc: 38.52%
2025-08-24 08:43:52,854 - client_100 - INFO - [Client 0] Completed local epoch 27/64 | Final Loss: 2.2470 | Final Train Acc: 39.64%
2025-08-24 08:44:00,756 - client_100 - INFO - [Client 0] Completed local epoch 28/64 | Final Loss: 2.1884 | Final Train Acc: 41.46%
2025-08-24 08:44:09,573 - client_100 - INFO - [Client 0] Completed local epoch 29/64 | Final Loss: 2.1483 | Final Train Acc: 42.14%
2025-08-24 08:44:18,885 - client_100 - INFO - [Client 0] Completed local epoch 30/64 | Final Loss: 2.1326 | Final Train Acc: 42.27%
2025-08-24 08:44:26,944 - client_100 - INFO - [Client 0] Completed local epoch 31/64 | Final Loss: 2.1050 | Final Train Acc: 43.34%
2025-08-24 08:44:35,730 - client_100 - INFO - [Client 0] Completed local epoch 32/64 | Final Loss: 2.0604 | Final Train Acc: 44.71%
2025-08-24 08:44:44,697 - client_100 - INFO - [Client 0] Completed local epoch 33/64 | Final Loss: 2.0416 | Final Train Acc: 44.10%
2025-08-24 08:44:53,167 - client_100 - INFO - [Client 0] Completed local epoch 34/64 | Final Loss: 2.0277 | Final Train Acc: 44.45%
2025-08-24 08:45:02,103 - client_100 - INFO - [Client 0] Completed local epoch 35/64 | Final Loss: 2.0122 | Final Train Acc: 44.72%
2025-08-24 08:45:10,563 - client_100 - INFO - [Client 0] Completed local epoch 36/64 | Final Loss: 1.9432 | Final Train Acc: 46.65%
2025-08-24 08:45:19,312 - client_100 - INFO - [Client 0] Completed local epoch 37/64 | Final Loss: 1.9449 | Final Train Acc: 47.05%
2025-08-24 08:45:28,581 - client_100 - INFO - [Client 0] Completed local epoch 38/64 | Final Loss: 1.8923 | Final Train Acc: 47.00%
2025-08-24 08:45:36,725 - client_100 - INFO - [Client 0] Completed local epoch 39/64 | Final Loss: 1.8668 | Final Train Acc: 48.76%
2025-08-24 08:45:45,725 - client_100 - INFO - [Client 0] Completed local epoch 40/64 | Final Loss: 1.8362 | Final Train Acc: 49.38%
2025-08-24 08:45:55,068 - client_100 - INFO - [Client 0] Completed local epoch 41/64 | Final Loss: 1.8272 | Final Train Acc: 49.08%
2025-08-24 08:46:02,997 - client_100 - INFO - [Client 0] Completed local epoch 42/64 | Final Loss: 1.7838 | Final Train Acc: 49.73%
2025-08-24 08:46:11,745 - client_100 - INFO - [Client 0] Completed local epoch 43/64 | Final Loss: 1.7832 | Final Train Acc: 50.35%
2025-08-24 08:46:21,087 - client_100 - INFO - [Client 0] Completed local epoch 44/64 | Final Loss: 1.7167 | Final Train Acc: 51.91%
2025-08-24 08:46:29,017 - client_100 - INFO - [Client 0] Completed local epoch 45/64 | Final Loss: 1.7692 | Final Train Acc: 50.25%
2025-08-24 08:46:37,882 - client_100 - INFO - [Client 0] Completed local epoch 46/64 | Final Loss: 1.7052 | Final Train Acc: 51.53%
2025-08-24 08:46:46,773 - client_100 - INFO - [Client 0] Completed local epoch 47/64 | Final Loss: 1.6951 | Final Train Acc: 52.49%
2025-08-24 08:46:55,352 - client_100 - INFO - [Client 0] Completed local epoch 48/64 | Final Loss: 1.6786 | Final Train Acc: 52.76%
2025-08-24 08:47:04,417 - client_100 - INFO - [Client 0] Completed local epoch 49/64 | Final Loss: 1.6403 | Final Train Acc: 54.22%
2025-08-24 08:47:12,398 - client_100 - INFO - [Client 0] Completed local epoch 50/64 | Final Loss: 1.6367 | Final Train Acc: 53.14%
2025-08-24 08:47:21,470 - client_100 - INFO - [Client 0] Completed local epoch 51/64 | Final Loss: 1.6320 | Final Train Acc: 53.45%
2025-08-24 08:47:30,812 - client_100 - INFO - [Client 0] Completed local epoch 52/64 | Final Loss: 1.5680 | Final Train Acc: 56.11%
2025-08-24 08:47:38,769 - client_100 - INFO - [Client 0] Completed local epoch 53/64 | Final Loss: 1.5550 | Final Train Acc: 55.41%
2025-08-24 08:47:47,576 - client_100 - INFO - [Client 0] Completed local epoch 54/64 | Final Loss: 1.5411 | Final Train Acc: 56.16%
2025-08-24 08:47:57,103 - client_100 - INFO - [Client 0] Completed local epoch 55/64 | Final Loss: 1.5082 | Final Train Acc: 56.36%
2025-08-24 08:48:05,097 - client_100 - INFO - [Client 0] Completed local epoch 56/64 | Final Loss: 1.5115 | Final Train Acc: 56.29%
2025-08-24 08:48:13,868 - client_100 - INFO - [Client 0] Completed local epoch 57/64 | Final Loss: 1.4579 | Final Train Acc: 57.97%
2025-08-24 08:48:22,728 - client_100 - INFO - [Client 0] Completed local epoch 58/64 | Final Loss: 1.4620 | Final Train Acc: 57.87%
2025-08-24 08:48:31,190 - client_100 - INFO - [Client 0] Completed local epoch 59/64 | Final Loss: 1.4576 | Final Train Acc: 58.09%
2025-08-24 08:48:40,190 - client_100 - INFO - [Client 0] Completed local epoch 60/64 | Final Loss: 1.4582 | Final Train Acc: 57.91%
2025-08-24 08:48:48,279 - client_100 - INFO - [Client 0] Completed local epoch 61/64 | Final Loss: 1.4223 | Final Train Acc: 58.84%
2025-08-24 08:48:57,188 - client_100 - INFO - [Client 0] Completed local epoch 62/64 | Final Loss: 1.3688 | Final Train Acc: 60.49%
2025-08-24 08:49:06,372 - client_100 - INFO - [Client 0] Completed local epoch 63/64 | Final Loss: 1.3739 | Final Train Acc: 60.64%
2025-08-24 08:49:14,356 - client_100 - INFO - [Client 0] Completed local epoch 64/64 | Final Loss: 1.3241 | Final Train Acc: 61.86%
2025-08-24 08:49:23,248 - client_100 - INFO - [Client 1] Completed local epoch 1/64 | Final Loss: 4.4575 | Final Train Acc: 3.05%
2025-08-24 08:49:32,776 - client_100 - INFO - [Client 1] Completed local epoch 2/64 | Final Loss: 4.0590 | Final Train Acc: 7.76%
2025-08-24 08:49:40,644 - client_100 - INFO - [Client 1] Completed local epoch 3/64 | Final Loss: 3.8589 | Final Train Acc: 9.90%
2025-08-24 08:49:49,291 - client_100 - INFO - [Client 1] Completed local epoch 4/64 | Final Loss: 3.7444 | Final Train Acc: 11.88%
2025-08-24 08:49:58,310 - client_100 - INFO - [Client 1] Completed local epoch 5/64 | Final Loss: 3.6845 | Final Train Acc: 12.54%
2025-08-24 08:50:06,584 - client_100 - INFO - [Client 1] Completed local epoch 6/64 | Final Loss: 3.5614 | Final Train Acc: 14.08%
2025-08-24 08:50:15,338 - client_100 - INFO - [Client 1] Completed local epoch 7/64 | Final Loss: 3.4177 | Final Train Acc: 17.38%
2025-08-24 08:50:23,250 - client_100 - INFO - [Client 1] Completed local epoch 8/64 | Final Loss: 3.2955 | Final Train Acc: 19.14%
2025-08-24 08:50:32,227 - client_100 - INFO - [Client 1] Completed local epoch 9/64 | Final Loss: 3.1671 | Final Train Acc: 21.58%
2025-08-24 08:50:41,533 - client_100 - INFO - [Client 1] Completed local epoch 10/64 | Final Loss: 3.0752 | Final Train Acc: 22.59%
2025-08-24 08:50:49,365 - client_100 - INFO - [Client 1] Completed local epoch 11/64 | Final Loss: 2.9979 | Final Train Acc: 24.15%
2025-08-24 08:50:58,100 - client_100 - INFO - [Client 1] Completed local epoch 12/64 | Final Loss: 2.9298 | Final Train Acc: 25.48%
2025-08-24 08:51:07,286 - client_100 - INFO - [Client 1] Completed local epoch 13/64 | Final Loss: 2.8397 | Final Train Acc: 27.24%
2025-08-24 08:51:15,196 - client_100 - INFO - [Client 1] Completed local epoch 14/64 | Final Loss: 2.7768 | Final Train Acc: 28.44%
2025-08-24 08:51:24,013 - client_100 - INFO - [Client 1] Completed local epoch 15/64 | Final Loss: 2.7482 | Final Train Acc: 28.82%
2025-08-24 08:51:32,434 - client_100 - INFO - [Client 1] Completed local epoch 16/64 | Final Loss: 2.6877 | Final Train Acc: 31.19%
2025-08-24 08:51:41,037 - client_100 - INFO - [Client 1] Completed local epoch 17/64 | Final Loss: 2.6420 | Final Train Acc: 31.70%
2025-08-24 08:51:50,240 - client_100 - INFO - [Client 1] Completed local epoch 18/64 | Final Loss: 2.5872 | Final Train Acc: 31.97%
2025-08-24 08:51:58,230 - client_100 - INFO - [Client 1] Completed local epoch 19/64 | Final Loss: 2.5443 | Final Train Acc: 32.80%
2025-08-24 08:52:07,215 - client_100 - INFO - [Client 1] Completed local epoch 20/64 | Final Loss: 2.4967 | Final Train Acc: 34.42%
2025-08-24 08:52:16,572 - client_100 - INFO - [Client 1] Completed local epoch 21/64 | Final Loss: 2.4338 | Final Train Acc: 34.87%
2025-08-24 08:52:24,429 - client_100 - INFO - [Client 1] Completed local epoch 22/64 | Final Loss: 2.4062 | Final Train Acc: 35.68%
2025-08-24 08:52:33,200 - client_100 - INFO - [Client 1] Completed local epoch 23/64 | Final Loss: 2.3601 | Final Train Acc: 36.45%
2025-08-24 08:52:42,271 - client_100 - INFO - [Client 1] Completed local epoch 24/64 | Final Loss: 2.3146 | Final Train Acc: 37.89%
2025-08-24 08:52:50,311 - client_100 - INFO - [Client 1] Completed local epoch 25/64 | Final Loss: 2.2684 | Final Train Acc: 39.02%
2025-08-24 08:52:59,203 - client_100 - INFO - [Client 1] Completed local epoch 26/64 | Final Loss: 2.2587 | Final Train Acc: 39.21%
2025-08-24 08:53:07,604 - client_100 - INFO - [Client 1] Completed local epoch 27/64 | Final Loss: 2.1968 | Final Train Acc: 40.43%
2025-08-24 08:53:16,264 - client_100 - INFO - [Client 1] Completed local epoch 28/64 | Final Loss: 2.2256 | Final Train Acc: 39.64%
2025-08-24 08:53:25,504 - client_100 - INFO - [Client 1] Completed local epoch 29/64 | Final Loss: 2.1727 | Final Train Acc: 40.87%
2025-08-24 08:53:33,440 - client_100 - INFO - [Client 1] Completed local epoch 30/64 | Final Loss: 2.1254 | Final Train Acc: 41.84%
2025-08-24 08:53:42,503 - client_100 - INFO - [Client 1] Completed local epoch 31/64 | Final Loss: 2.1269 | Final Train Acc: 42.24%
2025-08-24 08:53:51,900 - client_100 - INFO - [Client 1] Completed local epoch 32/64 | Final Loss: 2.0376 | Final Train Acc: 44.11%
2025-08-24 08:54:00,134 - client_100 - INFO - [Client 1] Completed local epoch 33/64 | Final Loss: 2.0231 | Final Train Acc: 44.47%
2025-08-24 08:54:09,146 - client_100 - INFO - [Client 1] Completed local epoch 34/64 | Final Loss: 2.0176 | Final Train Acc: 44.55%
2025-08-24 08:54:18,658 - client_100 - INFO - [Client 1] Completed local epoch 35/64 | Final Loss: 1.9926 | Final Train Acc: 45.33%
2025-08-24 08:54:26,804 - client_100 - INFO - [Client 1] Completed local epoch 36/64 | Final Loss: 1.9576 | Final Train Acc: 45.66%
2025-08-24 08:54:35,904 - client_100 - INFO - [Client 1] Completed local epoch 37/64 | Final Loss: 1.9313 | Final Train Acc: 46.55%
2025-08-24 08:54:45,317 - client_100 - INFO - [Client 1] Completed local epoch 38/64 | Final Loss: 1.8803 | Final Train Acc: 48.26%
2025-08-24 08:54:53,203 - client_100 - INFO - [Client 1] Completed local epoch 39/64 | Final Loss: 1.8895 | Final Train Acc: 47.69%
2025-08-24 08:55:02,251 - client_100 - INFO - [Client 1] Completed local epoch 40/64 | Final Loss: 1.8531 | Final Train Acc: 48.03%
2025-08-24 08:55:11,491 - client_100 - INFO - [Client 1] Completed local epoch 41/64 | Final Loss: 1.8200 | Final Train Acc: 49.58%
2025-08-24 08:55:19,748 - client_100 - INFO - [Client 1] Completed local epoch 42/64 | Final Loss: 1.7862 | Final Train Acc: 50.15%
2025-08-24 08:55:28,825 - client_100 - INFO - [Client 1] Completed local epoch 43/64 | Final Loss: 1.7665 | Final Train Acc: 50.71%
2025-08-24 08:55:37,313 - client_100 - INFO - [Client 1] Completed local epoch 44/64 | Final Loss: 1.7341 | Final Train Acc: 51.51%
2025-08-24 08:55:45,704 - client_100 - INFO - [Client 1] Completed local epoch 45/64 | Final Loss: 1.7223 | Final Train Acc: 51.75%
2025-08-24 08:55:54,671 - client_100 - INFO - [Client 1] Completed local epoch 46/64 | Final Loss: 1.7373 | Final Train Acc: 50.92%
2025-08-24 08:56:02,513 - client_100 - INFO - [Client 1] Completed local epoch 47/64 | Final Loss: 1.7171 | Final Train Acc: 52.12%
2025-08-24 08:56:11,363 - client_100 - INFO - [Client 1] Completed local epoch 48/64 | Final Loss: 1.7122 | Final Train Acc: 51.74%
2025-08-24 08:56:20,602 - client_100 - INFO - [Client 1] Completed local epoch 49/64 | Final Loss: 1.6316 | Final Train Acc: 53.00%
2025-08-24 08:56:28,480 - client_100 - INFO - [Client 1] Completed local epoch 50/64 | Final Loss: 1.6195 | Final Train Acc: 53.82%
2025-08-24 08:56:37,276 - client_100 - INFO - [Client 1] Completed local epoch 51/64 | Final Loss: 1.5945 | Final Train Acc: 54.95%
2025-08-24 08:56:46,407 - client_100 - INFO - [Client 1] Completed local epoch 52/64 | Final Loss: 1.5858 | Final Train Acc: 54.51%
2025-08-24 08:56:54,384 - client_100 - INFO - [Client 1] Completed local epoch 53/64 | Final Loss: 1.5578 | Final Train Acc: 55.45%
2025-08-24 08:57:03,288 - client_100 - INFO - [Client 1] Completed local epoch 54/64 | Final Loss: 1.5386 | Final Train Acc: 55.66%
2025-08-24 08:57:11,721 - client_100 - INFO - [Client 1] Completed local epoch 55/64 | Final Loss: 1.5288 | Final Train Acc: 56.01%
2025-08-24 08:57:20,380 - client_100 - INFO - [Client 1] Completed local epoch 56/64 | Final Loss: 1.5006 | Final Train Acc: 56.63%
2025-08-24 08:57:29,552 - client_100 - INFO - [Client 1] Completed local epoch 57/64 | Final Loss: 1.4686 | Final Train Acc: 57.53%
2025-08-24 08:57:37,432 - client_100 - INFO - [Client 1] Completed local epoch 58/64 | Final Loss: 1.4534 | Final Train Acc: 57.80%
2025-08-24 08:57:46,326 - client_100 - INFO - [Client 1] Completed local epoch 59/64 | Final Loss: 1.4442 | Final Train Acc: 58.10%
2025-08-24 08:57:55,520 - client_100 - INFO - [Client 1] Completed local epoch 60/64 | Final Loss: 1.4002 | Final Train Acc: 59.66%
2025-08-24 08:58:03,449 - client_100 - INFO - [Client 1] Completed local epoch 61/64 | Final Loss: 1.4043 | Final Train Acc: 59.27%
2025-08-24 08:58:12,325 - client_100 - INFO - [Client 1] Completed local epoch 62/64 | Final Loss: 1.3860 | Final Train Acc: 59.74%
2025-08-24 08:58:21,276 - client_100 - INFO - [Client 1] Completed local epoch 63/64 | Final Loss: 1.3741 | Final Train Acc: 59.71%
2025-08-24 08:58:29,755 - client_100 - INFO - [Client 1] Completed local epoch 64/64 | Final Loss: 1.3429 | Final Train Acc: 60.92%
2025-08-24 08:58:38,667 - client_100 - INFO - [Client 2] Completed local epoch 1/64 | Final Loss: 4.4702 | Final Train Acc: 3.06%
2025-08-24 08:58:46,874 - client_100 - INFO - [Client 2] Completed local epoch 2/64 | Final Loss: 4.0490 | Final Train Acc: 7.71%
2025-08-24 08:58:55,757 - client_100 - INFO - [Client 2] Completed local epoch 3/64 | Final Loss: 3.8698 | Final Train Acc: 10.32%
2025-08-24 08:59:05,065 - client_100 - INFO - [Client 2] Completed local epoch 4/64 | Final Loss: 3.7587 | Final Train Acc: 11.97%
2025-08-24 08:59:12,738 - client_100 - INFO - [Client 2] Completed local epoch 5/64 | Final Loss: 3.6876 | Final Train Acc: 12.69%
2025-08-24 08:59:21,373 - client_100 - INFO - [Client 2] Completed local epoch 6/64 | Final Loss: 3.5500 | Final Train Acc: 14.90%
2025-08-24 08:59:30,586 - client_100 - INFO - [Client 2] Completed local epoch 7/64 | Final Loss: 3.4164 | Final Train Acc: 17.61%
2025-08-24 08:59:38,490 - client_100 - INFO - [Client 2] Completed local epoch 8/64 | Final Loss: 3.2783 | Final Train Acc: 19.49%
2025-08-24 08:59:47,352 - client_100 - INFO - [Client 2] Completed local epoch 9/64 | Final Loss: 3.1431 | Final Train Acc: 21.34%
2025-08-24 08:59:55,733 - client_100 - INFO - [Client 2] Completed local epoch 10/64 | Final Loss: 3.0655 | Final Train Acc: 23.36%
2025-08-24 09:00:04,529 - client_100 - INFO - [Client 2] Completed local epoch 11/64 | Final Loss: 2.9638 | Final Train Acc: 24.89%
2025-08-24 09:00:13,534 - client_100 - INFO - [Client 2] Completed local epoch 12/64 | Final Loss: 2.8940 | Final Train Acc: 26.44%
2025-08-24 09:00:21,243 - client_100 - INFO - [Client 2] Completed local epoch 13/64 | Final Loss: 2.8640 | Final Train Acc: 27.26%
2025-08-24 09:00:30,131 - client_100 - INFO - [Client 2] Completed local epoch 14/64 | Final Loss: 2.7854 | Final Train Acc: 29.07%
2025-08-24 09:00:39,447 - client_100 - INFO - [Client 2] Completed local epoch 15/64 | Final Loss: 2.7115 | Final Train Acc: 30.02%
2025-08-24 09:00:47,361 - client_100 - INFO - [Client 2] Completed local epoch 16/64 | Final Loss: 2.6451 | Final Train Acc: 31.31%
2025-08-24 09:00:56,169 - client_100 - INFO - [Client 2] Completed local epoch 17/64 | Final Loss: 2.5895 | Final Train Acc: 32.77%
2025-08-24 09:01:05,295 - client_100 - INFO - [Client 2] Completed local epoch 18/64 | Final Loss: 2.5630 | Final Train Acc: 33.49%
2025-08-24 09:01:13,443 - client_100 - INFO - [Client 2] Completed local epoch 19/64 | Final Loss: 2.5060 | Final Train Acc: 34.15%
2025-08-24 09:01:22,249 - client_100 - INFO - [Client 2] Completed local epoch 20/64 | Final Loss: 2.4665 | Final Train Acc: 35.25%
2025-08-24 09:01:30,394 - client_100 - INFO - [Client 2] Completed local epoch 21/64 | Final Loss: 2.4323 | Final Train Acc: 35.28%
2025-08-24 09:01:39,370 - client_100 - INFO - [Client 2] Completed local epoch 22/64 | Final Loss: 2.3864 | Final Train Acc: 36.84%
2025-08-24 09:01:48,603 - client_100 - INFO - [Client 2] Completed local epoch 23/64 | Final Loss: 2.3507 | Final Train Acc: 37.67%
2025-08-24 09:01:56,492 - client_100 - INFO - [Client 2] Completed local epoch 24/64 | Final Loss: 2.2901 | Final Train Acc: 38.20%
2025-08-24 09:02:05,528 - client_100 - INFO - [Client 2] Completed local epoch 25/64 | Final Loss: 2.2697 | Final Train Acc: 39.57%
2025-08-24 09:02:15,139 - client_100 - INFO - [Client 2] Completed local epoch 26/64 | Final Loss: 2.2526 | Final Train Acc: 39.70%
2025-08-24 09:02:23,110 - client_100 - INFO - [Client 2] Completed local epoch 27/64 | Final Loss: 2.1940 | Final Train Acc: 40.96%
2025-08-24 09:02:31,956 - client_100 - INFO - [Client 2] Completed local epoch 28/64 | Final Loss: 2.1787 | Final Train Acc: 41.47%
2025-08-24 09:02:41,031 - client_100 - INFO - [Client 2] Completed local epoch 29/64 | Final Loss: 2.1253 | Final Train Acc: 42.32%
2025-08-24 09:02:49,030 - client_100 - INFO - [Client 2] Completed local epoch 30/64 | Final Loss: 2.1191 | Final Train Acc: 42.45%
2025-08-24 09:02:57,714 - client_100 - INFO - [Client 2] Completed local epoch 31/64 | Final Loss: 2.0644 | Final Train Acc: 43.93%
2025-08-24 09:03:06,107 - client_100 - INFO - [Client 2] Completed local epoch 32/64 | Final Loss: 2.0413 | Final Train Acc: 44.26%
2025-08-24 09:03:14,685 - client_100 - INFO - [Client 2] Completed local epoch 33/64 | Final Loss: 2.0370 | Final Train Acc: 43.96%
2025-08-24 09:03:23,716 - client_100 - INFO - [Client 2] Completed local epoch 34/64 | Final Loss: 2.0091 | Final Train Acc: 44.80%
2025-08-24 09:03:31,541 - client_100 - INFO - [Client 2] Completed local epoch 35/64 | Final Loss: 2.0042 | Final Train Acc: 44.86%
2025-08-24 09:03:40,260 - client_100 - INFO - [Client 2] Completed local epoch 36/64 | Final Loss: 1.9471 | Final Train Acc: 46.26%
2025-08-24 09:03:49,489 - client_100 - INFO - [Client 2] Completed local epoch 37/64 | Final Loss: 1.9104 | Final Train Acc: 47.12%
2025-08-24 09:03:57,230 - client_100 - INFO - [Client 2] Completed local epoch 38/64 | Final Loss: 1.8542 | Final Train Acc: 48.75%
2025-08-24 09:04:06,022 - client_100 - INFO - [Client 2] Completed local epoch 39/64 | Final Loss: 1.8640 | Final Train Acc: 48.48%
2025-08-24 09:04:14,428 - client_100 - INFO - [Client 2] Completed local epoch 40/64 | Final Loss: 1.8255 | Final Train Acc: 48.62%
2025-08-24 09:04:22,780 - client_100 - INFO - [Client 2] Completed local epoch 41/64 | Final Loss: 1.8230 | Final Train Acc: 49.26%
2025-08-24 09:04:31,756 - client_100 - INFO - [Client 2] Completed local epoch 42/64 | Final Loss: 1.7803 | Final Train Acc: 50.38%
2025-08-24 09:04:39,487 - client_100 - INFO - [Client 2] Completed local epoch 43/64 | Final Loss: 1.7693 | Final Train Acc: 50.16%
2025-08-24 09:04:48,311 - client_100 - INFO - [Client 2] Completed local epoch 44/64 | Final Loss: 1.7478 | Final Train Acc: 50.54%
2025-08-24 09:04:57,586 - client_100 - INFO - [Client 2] Completed local epoch 45/64 | Final Loss: 1.7256 | Final Train Acc: 51.10%
2025-08-24 09:05:05,430 - client_100 - INFO - [Client 2] Completed local epoch 46/64 | Final Loss: 1.6682 | Final Train Acc: 52.97%
2025-08-24 09:05:13,962 - client_100 - INFO - [Client 2] Completed local epoch 47/64 | Final Loss: 1.6522 | Final Train Acc: 53.20%
2025-08-24 09:05:22,469 - client_100 - INFO - [Client 2] Completed local epoch 48/64 | Final Loss: 1.6392 | Final Train Acc: 53.31%
2025-08-24 09:05:31,009 - client_100 - INFO - [Client 2] Completed local epoch 49/64 | Final Loss: 1.6069 | Final Train Acc: 54.33%
2025-08-24 09:05:39,803 - client_100 - INFO - [Client 2] Completed local epoch 50/64 | Final Loss: 1.6084 | Final Train Acc: 54.16%
2025-08-24 09:05:47,606 - client_100 - INFO - [Client 2] Completed local epoch 51/64 | Final Loss: 1.5839 | Final Train Acc: 54.77%
2025-08-24 09:05:56,429 - client_100 - INFO - [Client 2] Completed local epoch 52/64 | Final Loss: 1.5429 | Final Train Acc: 56.12%
2025-08-24 09:06:05,619 - client_100 - INFO - [Client 2] Completed local epoch 53/64 | Final Loss: 1.5321 | Final Train Acc: 55.89%
2025-08-24 09:06:13,467 - client_100 - INFO - [Client 2] Completed local epoch 54/64 | Final Loss: 1.5095 | Final Train Acc: 56.87%
2025-08-24 09:06:22,099 - client_100 - INFO - [Client 2] Completed local epoch 55/64 | Final Loss: 1.4989 | Final Train Acc: 56.60%
2025-08-24 09:06:30,994 - client_100 - INFO - [Client 2] Completed local epoch 56/64 | Final Loss: 1.5077 | Final Train Acc: 56.01%
2025-08-24 09:06:39,132 - client_100 - INFO - [Client 2] Completed local epoch 57/64 | Final Loss: 1.4771 | Final Train Acc: 56.95%
2025-08-24 09:06:47,858 - client_100 - INFO - [Client 2] Completed local epoch 58/64 | Final Loss: 1.4419 | Final Train Acc: 58.45%
2025-08-24 09:06:55,864 - client_100 - INFO - [Client 2] Completed local epoch 59/64 | Final Loss: 1.4307 | Final Train Acc: 58.68%
2025-08-24 09:07:04,565 - client_100 - INFO - [Client 2] Completed local epoch 60/64 | Final Loss: 1.3952 | Final Train Acc: 59.32%
2025-08-24 09:07:13,693 - client_100 - INFO - [Client 2] Completed local epoch 61/64 | Final Loss: 1.4023 | Final Train Acc: 59.09%
2025-08-24 09:07:21,421 - client_100 - INFO - [Client 2] Completed local epoch 62/64 | Final Loss: 1.3594 | Final Train Acc: 60.74%
2025-08-24 09:07:30,150 - client_100 - INFO - [Client 2] Completed local epoch 63/64 | Final Loss: 1.3405 | Final Train Acc: 60.73%
2025-08-24 09:07:39,415 - client_100 - INFO - [Client 2] Completed local epoch 64/64 | Final Loss: 1.3430 | Final Train Acc: 60.59%
2025-08-24 09:07:47,094 - client_100 - INFO - [Client 3] Completed local epoch 1/64 | Final Loss: 4.4466 | Final Train Acc: 3.57%
2025-08-24 09:07:55,632 - client_100 - INFO - [Client 3] Completed local epoch 2/64 | Final Loss: 4.0490 | Final Train Acc: 7.68%
2025-08-24 09:08:03,539 - client_100 - INFO - [Client 3] Completed local epoch 3/64 | Final Loss: 3.8519 | Final Train Acc: 10.10%
2025-08-24 09:08:12,120 - client_100 - INFO - [Client 3] Completed local epoch 4/64 | Final Loss: 3.7536 | Final Train Acc: 11.76%
2025-08-24 09:08:21,132 - client_100 - INFO - [Client 3] Completed local epoch 5/64 | Final Loss: 3.6849 | Final Train Acc: 13.27%
2025-08-24 09:08:28,835 - client_100 - INFO - [Client 3] Completed local epoch 6/64 | Final Loss: 3.5586 | Final Train Acc: 15.02%
2025-08-24 09:08:37,350 - client_100 - INFO - [Client 3] Completed local epoch 7/64 | Final Loss: 3.3989 | Final Train Acc: 17.49%
2025-08-24 09:08:46,542 - client_100 - INFO - [Client 3] Completed local epoch 8/64 | Final Loss: 3.2731 | Final Train Acc: 19.05%
2025-08-24 09:08:54,312 - client_100 - INFO - [Client 3] Completed local epoch 9/64 | Final Loss: 3.1726 | Final Train Acc: 20.81%
2025-08-24 09:09:02,909 - client_100 - INFO - [Client 3] Completed local epoch 10/64 | Final Loss: 3.0461 | Final Train Acc: 24.39%
2025-08-24 09:09:11,192 - client_100 - INFO - [Client 3] Completed local epoch 11/64 | Final Loss: 2.9840 | Final Train Acc: 24.32%
2025-08-24 09:09:19,651 - client_100 - INFO - [Client 3] Completed local epoch 12/64 | Final Loss: 2.8920 | Final Train Acc: 26.69%
2025-08-24 09:09:28,594 - client_100 - INFO - [Client 3] Completed local epoch 13/64 | Final Loss: 2.8118 | Final Train Acc: 28.29%
2025-08-24 09:09:36,235 - client_100 - INFO - [Client 3] Completed local epoch 14/64 | Final Loss: 2.7754 | Final Train Acc: 29.22%
2025-08-24 09:09:44,930 - client_100 - INFO - [Client 3] Completed local epoch 15/64 | Final Loss: 2.7040 | Final Train Acc: 30.17%
2025-08-24 09:09:54,014 - client_100 - INFO - [Client 3] Completed local epoch 16/64 | Final Loss: 2.6644 | Final Train Acc: 31.46%
2025-08-24 09:10:01,734 - client_100 - INFO - [Client 3] Completed local epoch 17/64 | Final Loss: 2.6121 | Final Train Acc: 31.79%
2025-08-24 09:10:10,463 - client_100 - INFO - [Client 3] Completed local epoch 18/64 | Final Loss: 2.5579 | Final Train Acc: 33.32%
2025-08-24 09:10:18,689 - client_100 - INFO - [Client 3] Completed local epoch 19/64 | Final Loss: 2.5004 | Final Train Acc: 34.48%
2025-08-24 09:10:27,296 - client_100 - INFO - [Client 3] Completed local epoch 20/64 | Final Loss: 2.4410 | Final Train Acc: 35.16%
2025-08-24 09:10:36,223 - client_100 - INFO - [Client 3] Completed local epoch 21/64 | Final Loss: 2.4508 | Final Train Acc: 34.62%
2025-08-24 09:10:43,889 - client_100 - INFO - [Client 3] Completed local epoch 22/64 | Final Loss: 2.4080 | Final Train Acc: 36.97%
2025-08-24 09:10:52,510 - client_100 - INFO - [Client 3] Completed local epoch 23/64 | Final Loss: 2.3302 | Final Train Acc: 37.69%
2025-08-24 09:11:01,722 - client_100 - INFO - [Client 3] Completed local epoch 24/64 | Final Loss: 2.3080 | Final Train Acc: 38.45%
2025-08-24 09:11:09,402 - client_100 - INFO - [Client 3] Completed local epoch 25/64 | Final Loss: 2.2547 | Final Train Acc: 39.61%
2025-08-24 09:11:18,159 - client_100 - INFO - [Client 3] Completed local epoch 26/64 | Final Loss: 2.2449 | Final Train Acc: 39.17%
2025-08-24 09:11:26,539 - client_100 - INFO - [Client 3] Completed local epoch 27/64 | Final Loss: 2.1813 | Final Train Acc: 41.40%
2025-08-24 09:11:34,968 - client_100 - INFO - [Client 3] Completed local epoch 28/64 | Final Loss: 2.1725 | Final Train Acc: 41.39%
2025-08-24 09:11:44,084 - client_100 - INFO - [Client 3] Completed local epoch 29/64 | Final Loss: 2.1294 | Final Train Acc: 42.00%
2025-08-24 09:11:51,854 - client_100 - INFO - [Client 3] Completed local epoch 30/64 | Final Loss: 2.0723 | Final Train Acc: 43.67%
2025-08-24 09:12:00,624 - client_100 - INFO - [Client 3] Completed local epoch 31/64 | Final Loss: 2.0674 | Final Train Acc: 43.79%
2025-08-24 09:12:09,786 - client_100 - INFO - [Client 3] Completed local epoch 32/64 | Final Loss: 2.0260 | Final Train Acc: 43.99%
2025-08-24 09:12:17,539 - client_100 - INFO - [Client 3] Completed local epoch 33/64 | Final Loss: 2.0111 | Final Train Acc: 44.80%
2025-08-24 09:12:26,156 - client_100 - INFO - [Client 3] Completed local epoch 34/64 | Final Loss: 1.9778 | Final Train Acc: 45.30%
2025-08-24 09:12:34,559 - client_100 - INFO - [Client 3] Completed local epoch 35/64 | Final Loss: 1.9558 | Final Train Acc: 46.18%
2025-08-24 09:12:43,053 - client_100 - INFO - [Client 3] Completed local epoch 36/64 | Final Loss: 1.9253 | Final Train Acc: 46.65%
2025-08-24 09:12:51,938 - client_100 - INFO - [Client 3] Completed local epoch 37/64 | Final Loss: 1.9025 | Final Train Acc: 47.71%
2025-08-24 09:12:59,644 - client_100 - INFO - [Client 3] Completed local epoch 38/64 | Final Loss: 1.9019 | Final Train Acc: 47.54%
2025-08-24 09:13:08,437 - client_100 - INFO - [Client 3] Completed local epoch 39/64 | Final Loss: 1.8691 | Final Train Acc: 47.88%
2025-08-24 09:13:17,689 - client_100 - INFO - [Client 3] Completed local epoch 40/64 | Final Loss: 1.8226 | Final Train Acc: 49.44%
2025-08-24 09:13:25,414 - client_100 - INFO - [Client 3] Completed local epoch 41/64 | Final Loss: 1.8031 | Final Train Acc: 49.55%
2025-08-24 09:13:33,962 - client_100 - INFO - [Client 3] Completed local epoch 42/64 | Final Loss: 1.7911 | Final Train Acc: 50.37%
2025-08-24 09:13:42,269 - client_100 - INFO - [Client 3] Completed local epoch 43/64 | Final Loss: 1.7371 | Final Train Acc: 50.72%
2025-08-24 09:13:50,562 - client_100 - INFO - [Client 3] Completed local epoch 44/64 | Final Loss: 1.7322 | Final Train Acc: 51.70%
2025-08-24 09:13:59,441 - client_100 - INFO - [Client 3] Completed local epoch 45/64 | Final Loss: 1.7119 | Final Train Acc: 51.46%
2025-08-24 09:14:07,133 - client_100 - INFO - [Client 3] Completed local epoch 46/64 | Final Loss: 1.7285 | Final Train Acc: 50.98%
2025-08-24 09:14:15,805 - client_100 - INFO - [Client 3] Completed local epoch 47/64 | Final Loss: 1.6502 | Final Train Acc: 53.11%
2025-08-24 09:14:24,911 - client_100 - INFO - [Client 3] Completed local epoch 48/64 | Final Loss: 1.6483 | Final Train Acc: 53.39%
2025-08-24 09:14:32,593 - client_100 - INFO - [Client 3] Completed local epoch 49/64 | Final Loss: 1.6186 | Final Train Acc: 53.75%
2025-08-24 09:14:41,259 - client_100 - INFO - [Client 3] Completed local epoch 50/64 | Final Loss: 1.6055 | Final Train Acc: 54.47%
2025-08-24 09:14:49,404 - client_100 - INFO - [Client 3] Completed local epoch 51/64 | Final Loss: 1.6021 | Final Train Acc: 54.72%
2025-08-24 09:14:57,867 - client_100 - INFO - [Client 3] Completed local epoch 52/64 | Final Loss: 1.5621 | Final Train Acc: 55.45%
2025-08-24 09:15:06,967 - client_100 - INFO - [Client 3] Completed local epoch 53/64 | Final Loss: 1.5454 | Final Train Acc: 55.22%
2025-08-24 09:15:14,743 - client_100 - INFO - [Client 3] Completed local epoch 54/64 | Final Loss: 1.5464 | Final Train Acc: 55.53%
2025-08-24 09:15:23,333 - client_100 - INFO - [Client 3] Completed local epoch 55/64 | Final Loss: 1.4663 | Final Train Acc: 57.92%
2025-08-24 09:15:32,370 - client_100 - INFO - [Client 3] Completed local epoch 56/64 | Final Loss: 1.4775 | Final Train Acc: 56.97%
2025-08-24 09:15:39,963 - client_100 - INFO - [Client 3] Completed local epoch 57/64 | Final Loss: 1.4585 | Final Train Acc: 57.89%
2025-08-24 09:15:48,455 - client_100 - INFO - [Client 3] Completed local epoch 58/64 | Final Loss: 1.4305 | Final Train Acc: 59.28%
2025-08-24 09:15:56,299 - client_100 - INFO - [Client 3] Completed local epoch 59/64 | Final Loss: 1.4304 | Final Train Acc: 58.51%
2025-08-24 09:16:04,758 - client_100 - INFO - [Client 3] Completed local epoch 60/64 | Final Loss: 1.3894 | Final Train Acc: 59.97%
2025-08-24 09:16:13,740 - client_100 - INFO - [Client 3] Completed local epoch 61/64 | Final Loss: 1.4081 | Final Train Acc: 59.22%
2025-08-24 09:16:21,363 - client_100 - INFO - [Client 3] Completed local epoch 62/64 | Final Loss: 1.3696 | Final Train Acc: 60.29%
2025-08-24 09:16:29,873 - client_100 - INFO - [Client 3] Completed local epoch 63/64 | Final Loss: 1.3316 | Final Train Acc: 60.97%
2025-08-24 09:16:38,332 - client_100 - INFO - [Client 3] Completed local epoch 64/64 | Final Loss: 1.3449 | Final Train Acc: 61.20%
2025-08-24 09:16:43,705 - client_100 - INFO - --- Round 2/2 (tau = 64) ---
2025-08-24 09:16:47,142 - client_100 - INFO - [Client 0] Completed local epoch 1/64 | Final Loss: 2.7598 | Final Train Acc: 30.78%
2025-08-24 09:16:55,989 - client_100 - INFO - [Client 0] Completed local epoch 2/64 | Final Loss: 2.4537 | Final Train Acc: 35.67%
2025-08-24 09:17:04,126 - client_100 - INFO - [Client 0] Completed local epoch 3/64 | Final Loss: 2.4054 | Final Train Acc: 37.10%
2025-08-24 09:17:12,769 - client_100 - INFO - [Client 0] Completed local epoch 4/64 | Final Loss: 2.3928 | Final Train Acc: 36.96%
2025-08-24 09:17:21,818 - client_100 - INFO - [Client 0] Completed local epoch 5/64 | Final Loss: 2.3888 | Final Train Acc: 36.52%
2025-08-24 09:17:29,555 - client_100 - INFO - [Client 0] Completed local epoch 6/64 | Final Loss: 2.2988 | Final Train Acc: 38.65%
2025-08-24 09:17:38,223 - client_100 - INFO - [Client 0] Completed local epoch 7/64 | Final Loss: 2.2270 | Final Train Acc: 40.35%
2025-08-24 09:17:47,485 - client_100 - INFO - [Client 0] Completed local epoch 8/64 | Final Loss: 2.1720 | Final Train Acc: 42.19%
2025-08-24 09:17:55,353 - client_100 - INFO - [Client 0] Completed local epoch 9/64 | Final Loss: 2.0818 | Final Train Acc: 43.63%
2025-08-24 09:18:04,025 - client_100 - INFO - [Client 0] Completed local epoch 10/64 | Final Loss: 2.0496 | Final Train Acc: 44.63%
2025-08-24 09:18:12,231 - client_100 - INFO - [Client 0] Completed local epoch 11/64 | Final Loss: 1.9944 | Final Train Acc: 45.67%
2025-08-24 09:18:20,809 - client_100 - INFO - [Client 0] Completed local epoch 12/64 | Final Loss: 1.9847 | Final Train Acc: 45.92%
2025-08-24 09:18:29,771 - client_100 - INFO - [Client 0] Completed local epoch 13/64 | Final Loss: 1.9208 | Final Train Acc: 47.02%
2025-08-24 09:18:37,512 - client_100 - INFO - [Client 0] Completed local epoch 14/64 | Final Loss: 1.8676 | Final Train Acc: 48.36%
2025-08-24 09:18:46,208 - client_100 - INFO - [Client 0] Completed local epoch 15/64 | Final Loss: 1.8418 | Final Train Acc: 48.60%
2025-08-24 09:18:55,450 - client_100 - INFO - [Client 0] Completed local epoch 16/64 | Final Loss: 1.8044 | Final Train Acc: 50.39%
2025-08-24 09:19:03,163 - client_100 - INFO - [Client 0] Completed local epoch 17/64 | Final Loss: 1.7562 | Final Train Acc: 50.81%
2025-08-24 09:19:11,754 - client_100 - INFO - [Client 0] Completed local epoch 18/64 | Final Loss: 1.7516 | Final Train Acc: 51.11%
2025-08-24 09:19:20,183 - client_100 - INFO - [Client 0] Completed local epoch 19/64 | Final Loss: 1.7027 | Final Train Acc: 52.33%
2025-08-24 09:19:28,489 - client_100 - INFO - [Client 0] Completed local epoch 20/64 | Final Loss: 1.6788 | Final Train Acc: 52.86%
2025-08-24 09:19:37,139 - client_100 - INFO - [Client 0] Completed local epoch 21/64 | Final Loss: 1.6260 | Final Train Acc: 54.21%
2025-08-24 09:19:44,693 - client_100 - INFO - [Client 0] Completed local epoch 22/64 | Final Loss: 1.6000 | Final Train Acc: 54.05%
2025-08-24 09:19:53,150 - client_100 - INFO - [Client 0] Completed local epoch 23/64 | Final Loss: 1.5694 | Final Train Acc: 55.93%
2025-08-24 09:20:01,902 - client_100 - INFO - [Client 0] Completed local epoch 24/64 | Final Loss: 1.5631 | Final Train Acc: 55.78%
2025-08-24 09:20:09,662 - client_100 - INFO - [Client 0] Completed local epoch 25/64 | Final Loss: 1.5490 | Final Train Acc: 55.83%
2025-08-24 09:20:18,172 - client_100 - INFO - [Client 0] Completed local epoch 26/64 | Final Loss: 1.5541 | Final Train Acc: 55.55%
2025-08-24 09:20:25,833 - client_100 - INFO - [Client 0] Completed local epoch 27/64 | Final Loss: 1.4773 | Final Train Acc: 57.41%
2025-08-24 09:20:34,299 - client_100 - INFO - [Client 0] Completed local epoch 28/64 | Final Loss: 1.4867 | Final Train Acc: 57.91%
2025-08-24 09:20:43,137 - client_100 - INFO - [Client 0] Completed local epoch 29/64 | Final Loss: 1.4712 | Final Train Acc: 57.99%
2025-08-24 09:20:50,698 - client_100 - INFO - [Client 0] Completed local epoch 30/64 | Final Loss: 1.4423 | Final Train Acc: 58.32%
2025-08-24 09:20:59,067 - client_100 - INFO - [Client 0] Completed local epoch 31/64 | Final Loss: 1.4532 | Final Train Acc: 58.40%
2025-08-24 09:21:07,313 - client_100 - INFO - [Client 0] Completed local epoch 32/64 | Final Loss: 1.4071 | Final Train Acc: 59.89%
2025-08-24 09:21:15,477 - client_100 - INFO - [Client 0] Completed local epoch 33/64 | Final Loss: 1.3939 | Final Train Acc: 59.53%
2025-08-24 09:21:24,326 - client_100 - INFO - [Client 0] Completed local epoch 34/64 | Final Loss: 1.3602 | Final Train Acc: 60.81%
2025-08-24 09:21:31,892 - client_100 - INFO - [Client 0] Completed local epoch 35/64 | Final Loss: 1.3664 | Final Train Acc: 60.33%
2025-08-24 09:21:40,246 - client_100 - INFO - [Client 0] Completed local epoch 36/64 | Final Loss: 1.3195 | Final Train Acc: 61.31%
2025-08-24 09:21:49,100 - client_100 - INFO - [Client 0] Completed local epoch 37/64 | Final Loss: 1.2920 | Final Train Acc: 62.81%
2025-08-24 09:21:56,772 - client_100 - INFO - [Client 0] Completed local epoch 38/64 | Final Loss: 1.2608 | Final Train Acc: 63.03%
2025-08-24 09:22:05,285 - client_100 - INFO - [Client 0] Completed local epoch 39/64 | Final Loss: 1.2761 | Final Train Acc: 62.54%
2025-08-24 09:22:12,841 - client_100 - INFO - [Client 0] Completed local epoch 40/64 | Final Loss: 1.2523 | Final Train Acc: 63.66%
2025-08-24 09:22:21,548 - client_100 - INFO - [Client 0] Completed local epoch 41/64 | Final Loss: 1.2165 | Final Train Acc: 64.09%
2025-08-24 09:22:30,523 - client_100 - INFO - [Client 0] Completed local epoch 42/64 | Final Loss: 1.2054 | Final Train Acc: 64.97%
2025-08-24 09:22:38,091 - client_100 - INFO - [Client 0] Completed local epoch 43/64 | Final Loss: 1.1949 | Final Train Acc: 64.83%
2025-08-24 09:22:46,569 - client_100 - INFO - [Client 0] Completed local epoch 44/64 | Final Loss: 1.2063 | Final Train Acc: 64.27%
2025-08-24 09:22:54,926 - client_100 - INFO - [Client 0] Completed local epoch 45/64 | Final Loss: 1.1642 | Final Train Acc: 65.68%
2025-08-24 09:23:03,277 - client_100 - INFO - [Client 0] Completed local epoch 46/64 | Final Loss: 1.1568 | Final Train Acc: 65.81%
2025-08-24 09:23:12,015 - client_100 - INFO - [Client 0] Completed local epoch 47/64 | Final Loss: 1.1868 | Final Train Acc: 64.75%
2025-08-24 09:23:19,589 - client_100 - INFO - [Client 0] Completed local epoch 48/64 | Final Loss: 1.1399 | Final Train Acc: 67.12%
2025-08-24 09:23:28,131 - client_100 - INFO - [Client 0] Completed local epoch 49/64 | Final Loss: 1.1179 | Final Train Acc: 66.85%
2025-08-24 09:23:37,178 - client_100 - INFO - [Client 0] Completed local epoch 50/64 | Final Loss: 1.0604 | Final Train Acc: 68.70%
2025-08-24 09:23:45,134 - client_100 - INFO - [Client 0] Completed local epoch 51/64 | Final Loss: 1.1108 | Final Train Acc: 66.64%
2025-08-24 09:23:54,068 - client_100 - INFO - [Client 0] Completed local epoch 52/64 | Final Loss: 1.0807 | Final Train Acc: 68.21%
2025-08-24 09:24:02,671 - client_100 - INFO - [Client 0] Completed local epoch 53/64 | Final Loss: 1.0420 | Final Train Acc: 68.71%
2025-08-24 09:24:11,140 - client_100 - INFO - [Client 0] Completed local epoch 54/64 | Final Loss: 1.0477 | Final Train Acc: 69.07%
2025-08-24 09:24:19,946 - client_100 - INFO - [Client 0] Completed local epoch 55/64 | Final Loss: 1.0153 | Final Train Acc: 69.99%
2025-08-24 09:24:27,775 - client_100 - INFO - [Client 0] Completed local epoch 56/64 | Final Loss: 1.0133 | Final Train Acc: 69.55%
2025-08-24 09:24:36,508 - client_100 - INFO - [Client 0] Completed local epoch 57/64 | Final Loss: 1.0267 | Final Train Acc: 69.46%
2025-08-24 09:24:45,654 - client_100 - INFO - [Client 0] Completed local epoch 58/64 | Final Loss: 1.0163 | Final Train Acc: 69.72%
2025-08-24 09:24:53,468 - client_100 - INFO - [Client 0] Completed local epoch 59/64 | Final Loss: 1.0008 | Final Train Acc: 70.03%
2025-08-24 09:25:02,276 - client_100 - INFO - [Client 0] Completed local epoch 60/64 | Final Loss: 0.9736 | Final Train Acc: 70.62%
2025-08-24 09:25:11,462 - client_100 - INFO - [Client 0] Completed local epoch 61/64 | Final Loss: 0.9418 | Final Train Acc: 71.70%
2025-08-24 09:25:19,620 - client_100 - INFO - [Client 0] Completed local epoch 62/64 | Final Loss: 0.9327 | Final Train Acc: 71.90%
2025-08-24 09:25:28,565 - client_100 - INFO - [Client 0] Completed local epoch 63/64 | Final Loss: 0.9262 | Final Train Acc: 72.40%
2025-08-24 09:25:36,806 - client_100 - INFO - [Client 0] Completed local epoch 64/64 | Final Loss: 0.9182 | Final Train Acc: 72.81%
2025-08-24 09:25:45,360 - client_100 - INFO - [Client 1] Completed local epoch 1/64 | Final Loss: 2.7837 | Final Train Acc: 30.13%
2025-08-24 09:25:54,352 - client_100 - INFO - [Client 1] Completed local epoch 2/64 | Final Loss: 2.4792 | Final Train Acc: 34.30%
2025-08-24 09:26:02,039 - client_100 - INFO - [Client 1] Completed local epoch 3/64 | Final Loss: 2.4044 | Final Train Acc: 36.43%
2025-08-24 09:26:10,733 - client_100 - INFO - [Client 1] Completed local epoch 4/64 | Final Loss: 2.3860 | Final Train Acc: 36.46%
2025-08-24 09:26:19,979 - client_100 - INFO - [Client 1] Completed local epoch 5/64 | Final Loss: 2.4287 | Final Train Acc: 35.88%
2025-08-24 09:26:27,909 - client_100 - INFO - [Client 1] Completed local epoch 6/64 | Final Loss: 2.3592 | Final Train Acc: 37.62%
2025-08-24 09:26:36,547 - client_100 - INFO - [Client 1] Completed local epoch 7/64 | Final Loss: 2.2637 | Final Train Acc: 39.48%
2025-08-24 09:26:44,867 - client_100 - INFO - [Client 1] Completed local epoch 8/64 | Final Loss: 2.1893 | Final Train Acc: 41.14%
2025-08-24 09:26:53,368 - client_100 - INFO - [Client 1] Completed local epoch 9/64 | Final Loss: 2.1275 | Final Train Acc: 42.47%
2025-08-24 09:27:02,237 - client_100 - INFO - [Client 1] Completed local epoch 10/64 | Final Loss: 2.1119 | Final Train Acc: 42.72%
2025-08-24 09:27:10,041 - client_100 - INFO - [Client 1] Completed local epoch 11/64 | Final Loss: 2.0202 | Final Train Acc: 44.23%
2025-08-24 09:27:18,740 - client_100 - INFO - [Client 1] Completed local epoch 12/64 | Final Loss: 1.9940 | Final Train Acc: 45.71%
2025-08-24 09:27:28,079 - client_100 - INFO - [Client 1] Completed local epoch 13/64 | Final Loss: 1.9840 | Final Train Acc: 45.94%
2025-08-24 09:27:35,833 - client_100 - INFO - [Client 1] Completed local epoch 14/64 | Final Loss: 1.9063 | Final Train Acc: 46.94%
2025-08-24 09:27:44,434 - client_100 - INFO - [Client 1] Completed local epoch 15/64 | Final Loss: 1.8660 | Final Train Acc: 48.27%
2025-08-24 09:27:52,939 - client_100 - INFO - [Client 1] Completed local epoch 16/64 | Final Loss: 1.8326 | Final Train Acc: 48.64%
2025-08-24 09:28:01,425 - client_100 - INFO - [Client 1] Completed local epoch 17/64 | Final Loss: 1.8054 | Final Train Acc: 49.25%
2025-08-24 09:28:10,618 - client_100 - INFO - [Client 1] Completed local epoch 18/64 | Final Loss: 1.7829 | Final Train Acc: 49.55%
2025-08-24 09:28:18,656 - client_100 - INFO - [Client 1] Completed local epoch 19/64 | Final Loss: 1.7448 | Final Train Acc: 51.58%
2025-08-24 09:28:27,673 - client_100 - INFO - [Client 1] Completed local epoch 20/64 | Final Loss: 1.7139 | Final Train Acc: 52.06%
2025-08-24 09:28:37,048 - client_100 - INFO - [Client 1] Completed local epoch 21/64 | Final Loss: 1.6782 | Final Train Acc: 52.79%
2025-08-24 09:28:44,840 - client_100 - INFO - [Client 1] Completed local epoch 22/64 | Final Loss: 1.6393 | Final Train Acc: 53.52%
2025-08-24 09:28:53,569 - client_100 - INFO - [Client 1] Completed local epoch 23/64 | Final Loss: 1.6453 | Final Train Acc: 52.97%
2025-08-24 09:29:02,674 - client_100 - INFO - [Client 1] Completed local epoch 24/64 | Final Loss: 1.5835 | Final Train Acc: 55.12%
2025-08-24 09:29:10,631 - client_100 - INFO - [Client 1] Completed local epoch 25/64 | Final Loss: 1.5705 | Final Train Acc: 55.27%
2025-08-24 09:29:19,355 - client_100 - INFO - [Client 1] Completed local epoch 26/64 | Final Loss: 1.5482 | Final Train Acc: 55.66%
2025-08-24 09:29:27,460 - client_100 - INFO - [Client 1] Completed local epoch 27/64 | Final Loss: 1.5011 | Final Train Acc: 57.14%
2025-08-24 09:29:36,154 - client_100 - INFO - [Client 1] Completed local epoch 28/64 | Final Loss: 1.5431 | Final Train Acc: 55.59%
2025-08-24 09:29:45,183 - client_100 - INFO - [Client 1] Completed local epoch 29/64 | Final Loss: 1.4696 | Final Train Acc: 57.14%
2025-08-24 09:29:52,996 - client_100 - INFO - [Client 1] Completed local epoch 30/64 | Final Loss: 1.4764 | Final Train Acc: 57.83%
2025-08-24 09:30:01,833 - client_100 - INFO - [Client 1] Completed local epoch 31/64 | Final Loss: 1.4357 | Final Train Acc: 58.56%
2025-08-24 09:30:11,282 - client_100 - INFO - [Client 1] Completed local epoch 32/64 | Final Loss: 1.4180 | Final Train Acc: 58.93%
2025-08-24 09:30:19,015 - client_100 - INFO - [Client 1] Completed local epoch 33/64 | Final Loss: 1.4204 | Final Train Acc: 58.87%
2025-08-24 09:30:27,821 - client_100 - INFO - [Client 1] Completed local epoch 34/64 | Final Loss: 1.3538 | Final Train Acc: 60.59%
2025-08-24 09:30:36,375 - client_100 - INFO - [Client 1] Completed local epoch 35/64 | Final Loss: 1.3695 | Final Train Acc: 60.24%
2025-08-24 09:30:44,698 - client_100 - INFO - [Client 1] Completed local epoch 36/64 | Final Loss: 1.3373 | Final Train Acc: 60.42%
2025-08-24 09:30:53,545 - client_100 - INFO - [Client 1] Completed local epoch 37/64 | Final Loss: 1.3118 | Final Train Acc: 62.17%
2025-08-24 09:31:01,504 - client_100 - INFO - [Client 1] Completed local epoch 38/64 | Final Loss: 1.3148 | Final Train Acc: 61.81%
2025-08-24 09:31:10,354 - client_100 - INFO - [Client 1] Completed local epoch 39/64 | Final Loss: 1.2825 | Final Train Acc: 62.54%
2025-08-24 09:31:19,760 - client_100 - INFO - [Client 1] Completed local epoch 40/64 | Final Loss: 1.2357 | Final Train Acc: 63.82%
2025-08-24 09:31:27,921 - client_100 - INFO - [Client 1] Completed local epoch 41/64 | Final Loss: 1.2715 | Final Train Acc: 62.55%
2025-08-24 09:31:36,767 - client_100 - INFO - [Client 1] Completed local epoch 42/64 | Final Loss: 1.2247 | Final Train Acc: 63.73%
2025-08-24 09:31:46,157 - client_100 - INFO - [Client 1] Completed local epoch 43/64 | Final Loss: 1.2104 | Final Train Acc: 64.24%
2025-08-24 09:31:54,076 - client_100 - INFO - [Client 1] Completed local epoch 44/64 | Final Loss: 1.2134 | Final Train Acc: 64.70%
2025-08-24 09:32:02,910 - client_100 - INFO - [Client 1] Completed local epoch 45/64 | Final Loss: 1.1722 | Final Train Acc: 65.69%
2025-08-24 09:32:12,078 - client_100 - INFO - [Client 1] Completed local epoch 46/64 | Final Loss: 1.1663 | Final Train Acc: 65.48%
2025-08-24 09:32:20,566 - client_100 - INFO - [Client 1] Completed local epoch 47/64 | Final Loss: 1.1690 | Final Train Acc: 65.38%
2025-08-24 09:32:29,615 - client_100 - INFO - [Client 1] Completed local epoch 48/64 | Final Loss: 1.1262 | Final Train Acc: 66.55%
2025-08-24 09:32:38,052 - client_100 - INFO - [Client 1] Completed local epoch 49/64 | Final Loss: 1.1112 | Final Train Acc: 66.42%
2025-08-24 09:32:46,821 - client_100 - INFO - [Client 1] Completed local epoch 50/64 | Final Loss: 1.1274 | Final Train Acc: 66.37%
2025-08-24 09:32:56,019 - client_100 - INFO - [Client 1] Completed local epoch 51/64 | Final Loss: 1.0870 | Final Train Acc: 67.75%
2025-08-24 09:33:04,117 - client_100 - INFO - [Client 1] Completed local epoch 52/64 | Final Loss: 1.0710 | Final Train Acc: 67.64%
2025-08-24 09:33:13,021 - client_100 - INFO - [Client 1] Completed local epoch 53/64 | Final Loss: 1.0672 | Final Train Acc: 67.96%
2025-08-24 09:33:22,273 - client_100 - INFO - [Client 1] Completed local epoch 54/64 | Final Loss: 1.0771 | Final Train Acc: 67.73%
2025-08-24 09:33:30,175 - client_100 - INFO - [Client 1] Completed local epoch 55/64 | Final Loss: 1.0393 | Final Train Acc: 68.82%
2025-08-24 09:33:38,819 - client_100 - INFO - [Client 1] Completed local epoch 56/64 | Final Loss: 1.0167 | Final Train Acc: 69.39%
2025-08-24 09:33:47,783 - client_100 - INFO - [Client 1] Completed local epoch 57/64 | Final Loss: 1.0582 | Final Train Acc: 67.74%
2025-08-24 09:33:55,633 - client_100 - INFO - [Client 1] Completed local epoch 58/64 | Final Loss: 0.9812 | Final Train Acc: 70.15%
2025-08-24 09:34:04,317 - client_100 - INFO - [Client 1] Completed local epoch 59/64 | Final Loss: 0.9770 | Final Train Acc: 70.28%
2025-08-24 09:34:12,412 - client_100 - INFO - [Client 1] Completed local epoch 60/64 | Final Loss: 0.9612 | Final Train Acc: 70.08%
2025-08-24 09:34:21,032 - client_100 - INFO - [Client 1] Completed local epoch 61/64 | Final Loss: 0.9417 | Final Train Acc: 72.31%
2025-08-24 09:34:30,232 - client_100 - INFO - [Client 1] Completed local epoch 62/64 | Final Loss: 0.9309 | Final Train Acc: 71.36%
2025-08-24 09:34:38,081 - client_100 - INFO - [Client 1] Completed local epoch 63/64 | Final Loss: 0.9484 | Final Train Acc: 71.03%
2025-08-24 09:34:46,781 - client_100 - INFO - [Client 1] Completed local epoch 64/64 | Final Loss: 0.9466 | Final Train Acc: 71.38%
2025-08-24 09:34:55,980 - client_100 - INFO - [Client 2] Completed local epoch 1/64 | Final Loss: 2.7593 | Final Train Acc: 30.25%
2025-08-24 09:35:03,873 - client_100 - INFO - [Client 2] Completed local epoch 2/64 | Final Loss: 2.4420 | Final Train Acc: 35.86%
2025-08-24 09:35:12,725 - client_100 - INFO - [Client 2] Completed local epoch 3/64 | Final Loss: 2.3807 | Final Train Acc: 36.82%
2025-08-24 09:35:21,446 - client_100 - INFO - [Client 2] Completed local epoch 4/64 | Final Loss: 2.3685 | Final Train Acc: 37.34%
2025-08-24 09:35:29,875 - client_100 - INFO - [Client 2] Completed local epoch 5/64 | Final Loss: 2.3732 | Final Train Acc: 37.06%
2025-08-24 09:35:38,863 - client_100 - INFO - [Client 2] Completed local epoch 6/64 | Final Loss: 2.3413 | Final Train Acc: 38.40%
2025-08-24 09:35:46,906 - client_100 - INFO - [Client 2] Completed local epoch 7/64 | Final Loss: 2.2438 | Final Train Acc: 39.84%
2025-08-24 09:35:55,967 - client_100 - INFO - [Client 2] Completed local epoch 8/64 | Final Loss: 2.1902 | Final Train Acc: 41.02%
2025-08-24 09:36:05,273 - client_100 - INFO - [Client 2] Completed local epoch 9/64 | Final Loss: 2.1466 | Final Train Acc: 41.90%
2025-08-24 09:36:13,236 - client_100 - INFO - [Client 2] Completed local epoch 10/64 | Final Loss: 2.0453 | Final Train Acc: 44.05%
2025-08-24 09:36:22,192 - client_100 - INFO - [Client 2] Completed local epoch 11/64 | Final Loss: 2.0187 | Final Train Acc: 44.93%
2025-08-24 09:36:31,737 - client_100 - INFO - [Client 2] Completed local epoch 12/64 | Final Loss: 1.9763 | Final Train Acc: 45.58%
2025-08-24 09:36:39,630 - client_100 - INFO - [Client 2] Completed local epoch 13/64 | Final Loss: 1.9316 | Final Train Acc: 47.17%
2025-08-24 09:36:48,428 - client_100 - INFO - [Client 2] Completed local epoch 14/64 | Final Loss: 1.8945 | Final Train Acc: 47.58%
2025-08-24 09:36:57,470 - client_100 - INFO - [Client 2] Completed local epoch 15/64 | Final Loss: 1.8282 | Final Train Acc: 49.28%
2025-08-24 09:37:05,890 - client_100 - INFO - [Client 2] Completed local epoch 16/64 | Final Loss: 1.8061 | Final Train Acc: 49.66%
2025-08-24 09:37:14,686 - client_100 - INFO - [Client 2] Completed local epoch 17/64 | Final Loss: 1.7646 | Final Train Acc: 50.68%
2025-08-24 09:37:22,782 - client_100 - INFO - [Client 2] Completed local epoch 18/64 | Final Loss: 1.7473 | Final Train Acc: 51.40%
2025-08-24 09:37:31,682 - client_100 - INFO - [Client 2] Completed local epoch 19/64 | Final Loss: 1.7007 | Final Train Acc: 51.65%
2025-08-24 09:37:40,753 - client_100 - INFO - [Client 2] Completed local epoch 20/64 | Final Loss: 1.7042 | Final Train Acc: 51.97%
2025-08-24 09:37:48,555 - client_100 - INFO - [Client 2] Completed local epoch 21/64 | Final Loss: 1.6508 | Final Train Acc: 53.83%
2025-08-24 09:37:57,279 - client_100 - INFO - [Client 2] Completed local epoch 22/64 | Final Loss: 1.6086 | Final Train Acc: 54.79%
2025-08-24 09:38:06,676 - client_100 - INFO - [Client 2] Completed local epoch 23/64 | Final Loss: 1.5852 | Final Train Acc: 54.82%
2025-08-24 09:38:14,571 - client_100 - INFO - [Client 2] Completed local epoch 24/64 | Final Loss: 1.5716 | Final Train Acc: 55.71%
2025-08-24 09:38:23,353 - client_100 - INFO - [Client 2] Completed local epoch 25/64 | Final Loss: 1.5718 | Final Train Acc: 55.27%
2025-08-24 09:38:32,277 - client_100 - INFO - [Client 2] Completed local epoch 26/64 | Final Loss: 1.5266 | Final Train Acc: 57.06%
2025-08-24 09:38:40,759 - client_100 - INFO - [Client 2] Completed local epoch 27/64 | Final Loss: 1.5123 | Final Train Acc: 56.46%
2025-08-24 09:38:49,763 - client_100 - INFO - [Client 2] Completed local epoch 28/64 | Final Loss: 1.4869 | Final Train Acc: 57.22%
2025-08-24 09:38:57,888 - client_100 - INFO - [Client 2] Completed local epoch 29/64 | Final Loss: 1.4630 | Final Train Acc: 57.35%
2025-08-24 09:39:06,900 - client_100 - INFO - [Client 2] Completed local epoch 30/64 | Final Loss: 1.4177 | Final Train Acc: 59.00%
2025-08-24 09:39:16,022 - client_100 - INFO - [Client 2] Completed local epoch 31/64 | Final Loss: 1.4022 | Final Train Acc: 59.27%
2025-08-24 09:39:23,861 - client_100 - INFO - [Client 2] Completed local epoch 32/64 | Final Loss: 1.3834 | Final Train Acc: 60.09%
2025-08-24 09:39:32,717 - client_100 - INFO - [Client 2] Completed local epoch 33/64 | Final Loss: 1.3542 | Final Train Acc: 60.53%
2025-08-24 09:39:42,092 - client_100 - INFO - [Client 2] Completed local epoch 34/64 | Final Loss: 1.3728 | Final Train Acc: 60.61%
2025-08-24 09:39:49,960 - client_100 - INFO - [Client 2] Completed local epoch 35/64 | Final Loss: 1.3138 | Final Train Acc: 61.29%
2025-08-24 09:39:58,718 - client_100 - INFO - [Client 2] Completed local epoch 36/64 | Final Loss: 1.3380 | Final Train Acc: 61.16%
2025-08-24 09:40:07,542 - client_100 - INFO - [Client 2] Completed local epoch 37/64 | Final Loss: 1.3001 | Final Train Acc: 62.00%
2025-08-24 09:40:15,873 - client_100 - INFO - [Client 2] Completed local epoch 38/64 | Final Loss: 1.3096 | Final Train Acc: 61.78%
2025-08-24 09:40:24,837 - client_100 - INFO - [Client 2] Completed local epoch 39/64 | Final Loss: 1.2637 | Final Train Acc: 62.95%
2025-08-24 09:40:32,773 - client_100 - INFO - [Client 2] Completed local epoch 40/64 | Final Loss: 1.2571 | Final Train Acc: 62.66%
2025-08-24 09:40:41,668 - client_100 - INFO - [Client 2] Completed local epoch 41/64 | Final Loss: 1.2452 | Final Train Acc: 63.82%
2025-08-24 09:40:51,014 - client_100 - INFO - [Client 2] Completed local epoch 42/64 | Final Loss: 1.2147 | Final Train Acc: 63.92%
2025-08-24 09:40:58,889 - client_100 - INFO - [Client 2] Completed local epoch 43/64 | Final Loss: 1.2133 | Final Train Acc: 63.89%
2025-08-24 09:41:07,769 - client_100 - INFO - [Client 2] Completed local epoch 44/64 | Final Loss: 1.2213 | Final Train Acc: 63.91%
2025-08-24 09:41:16,983 - client_100 - INFO - [Client 2] Completed local epoch 45/64 | Final Loss: 1.1866 | Final Train Acc: 65.01%
2025-08-24 09:41:24,878 - client_100 - INFO - [Client 2] Completed local epoch 46/64 | Final Loss: 1.1580 | Final Train Acc: 66.12%
2025-08-24 09:41:33,706 - client_100 - INFO - [Client 2] Completed local epoch 47/64 | Final Loss: 1.1361 | Final Train Acc: 66.02%
2025-08-24 09:41:42,591 - client_100 - INFO - [Client 2] Completed local epoch 48/64 | Final Loss: 1.1569 | Final Train Acc: 66.02%
2025-08-24 09:41:51,140 - client_100 - INFO - [Client 2] Completed local epoch 49/64 | Final Loss: 1.1243 | Final Train Acc: 66.38%
2025-08-24 09:42:00,271 - client_100 - INFO - [Client 2] Completed local epoch 50/64 | Final Loss: 1.0869 | Final Train Acc: 67.67%
2025-08-24 09:42:08,812 - client_100 - INFO - [Client 2] Completed local epoch 51/64 | Final Loss: 1.0854 | Final Train Acc: 67.73%
2025-08-24 09:42:17,845 - client_100 - INFO - [Client 2] Completed local epoch 52/64 | Final Loss: 1.0804 | Final Train Acc: 67.76%
2025-08-24 09:42:27,192 - client_100 - INFO - [Client 2] Completed local epoch 53/64 | Final Loss: 1.0651 | Final Train Acc: 68.34%
2025-08-24 09:42:35,277 - client_100 - INFO - [Client 2] Completed local epoch 54/64 | Final Loss: 1.0666 | Final Train Acc: 68.31%
2025-08-24 09:42:44,388 - client_100 - INFO - [Client 2] Completed local epoch 55/64 | Final Loss: 1.0308 | Final Train Acc: 68.95%
2025-08-24 09:42:53,837 - client_100 - INFO - [Client 2] Completed local epoch 56/64 | Final Loss: 1.0419 | Final Train Acc: 69.36%
2025-08-24 09:43:01,815 - client_100 - INFO - [Client 2] Completed local epoch 57/64 | Final Loss: 1.0089 | Final Train Acc: 69.23%
2025-08-24 09:43:11,534 - client_100 - INFO - [Client 2] Completed local epoch 58/64 | Final Loss: 0.9768 | Final Train Acc: 70.64%
2025-08-24 09:43:21,060 - client_100 - INFO - [Client 2] Completed local epoch 59/64 | Final Loss: 0.9715 | Final Train Acc: 70.34%
2025-08-24 09:43:29,093 - client_100 - INFO - [Client 2] Completed local epoch 60/64 | Final Loss: 0.9781 | Final Train Acc: 70.56%
2025-08-24 09:43:38,112 - client_100 - INFO - [Client 2] Completed local epoch 61/64 | Final Loss: 0.9425 | Final Train Acc: 71.45%
2025-08-24 09:43:47,710 - client_100 - INFO - [Client 2] Completed local epoch 62/64 | Final Loss: 0.9136 | Final Train Acc: 72.19%
2025-08-24 09:43:55,776 - client_100 - INFO - [Client 2] Completed local epoch 63/64 | Final Loss: 0.9292 | Final Train Acc: 72.07%
2025-08-24 09:44:04,550 - client_100 - INFO - [Client 2] Completed local epoch 64/64 | Final Loss: 0.8924 | Final Train Acc: 72.85%
2025-08-24 09:44:13,071 - client_100 - INFO - [Client 3] Completed local epoch 1/64 | Final Loss: 2.7420 | Final Train Acc: 30.83%
2025-08-24 09:44:21,506 - client_100 - INFO - [Client 3] Completed local epoch 2/64 | Final Loss: 2.4425 | Final Train Acc: 36.34%
2025-08-24 09:44:30,427 - client_100 - INFO - [Client 3] Completed local epoch 3/64 | Final Loss: 2.3916 | Final Train Acc: 36.70%
2025-08-24 09:44:38,269 - client_100 - INFO - [Client 3] Completed local epoch 4/64 | Final Loss: 2.3747 | Final Train Acc: 36.74%
2025-08-24 09:44:47,064 - client_100 - INFO - [Client 3] Completed local epoch 5/64 | Final Loss: 2.3897 | Final Train Acc: 36.56%
2025-08-24 09:44:56,294 - client_100 - INFO - [Client 3] Completed local epoch 6/64 | Final Loss: 2.3261 | Final Train Acc: 38.08%
2025-08-24 09:45:04,084 - client_100 - INFO - [Client 3] Completed local epoch 7/64 | Final Loss: 2.2521 | Final Train Acc: 39.73%
2025-08-24 09:45:12,861 - client_100 - INFO - [Client 3] Completed local epoch 8/64 | Final Loss: 2.1967 | Final Train Acc: 41.37%
2025-08-24 09:45:21,555 - client_100 - INFO - [Client 3] Completed local epoch 9/64 | Final Loss: 2.1435 | Final Train Acc: 42.25%
2025-08-24 09:45:29,975 - client_100 - INFO - [Client 3] Completed local epoch 10/64 | Final Loss: 2.0500 | Final Train Acc: 44.57%
2025-08-24 09:45:38,993 - client_100 - INFO - [Client 3] Completed local epoch 11/64 | Final Loss: 1.9777 | Final Train Acc: 45.67%
2025-08-24 09:45:47,023 - client_100 - INFO - [Client 3] Completed local epoch 12/64 | Final Loss: 1.9497 | Final Train Acc: 46.20%
2025-08-24 09:45:55,843 - client_100 - INFO - [Client 3] Completed local epoch 13/64 | Final Loss: 1.9263 | Final Train Acc: 47.33%
2025-08-24 09:46:04,945 - client_100 - INFO - [Client 3] Completed local epoch 14/64 | Final Loss: 1.8686 | Final Train Acc: 48.11%
2025-08-24 09:46:12,717 - client_100 - INFO - [Client 3] Completed local epoch 15/64 | Final Loss: 1.8671 | Final Train Acc: 48.45%
2025-08-24 09:46:21,387 - client_100 - INFO - [Client 3] Completed local epoch 16/64 | Final Loss: 1.7859 | Final Train Acc: 50.30%
2025-08-24 09:46:30,692 - client_100 - INFO - [Client 3] Completed local epoch 17/64 | Final Loss: 1.7684 | Final Train Acc: 50.14%
2025-08-24 09:46:38,529 - client_100 - INFO - [Client 3] Completed local epoch 18/64 | Final Loss: 1.7352 | Final Train Acc: 51.82%
2025-08-24 09:46:47,157 - client_100 - INFO - [Client 3] Completed local epoch 19/64 | Final Loss: 1.7105 | Final Train Acc: 52.09%
2025-08-24 09:46:55,500 - client_100 - INFO - [Client 3] Completed local epoch 20/64 | Final Loss: 1.6745 | Final Train Acc: 52.53%
2025-08-24 09:47:03,993 - client_100 - INFO - [Client 3] Completed local epoch 21/64 | Final Loss: 1.6466 | Final Train Acc: 53.48%
2025-08-24 09:47:12,997 - client_100 - INFO - [Client 3] Completed local epoch 22/64 | Final Loss: 1.6351 | Final Train Acc: 53.91%
2025-08-24 09:47:20,816 - client_100 - INFO - [Client 3] Completed local epoch 23/64 | Final Loss: 1.6064 | Final Train Acc: 54.32%
2025-08-24 09:47:29,575 - client_100 - INFO - [Client 3] Completed local epoch 24/64 | Final Loss: 1.5400 | Final Train Acc: 55.94%
2025-08-24 09:47:38,742 - client_100 - INFO - [Client 3] Completed local epoch 25/64 | Final Loss: 1.5482 | Final Train Acc: 55.32%
2025-08-24 09:47:46,549 - client_100 - INFO - [Client 3] Completed local epoch 26/64 | Final Loss: 1.5075 | Final Train Acc: 57.19%
2025-08-24 09:47:55,199 - client_100 - INFO - [Client 3] Completed local epoch 27/64 | Final Loss: 1.5183 | Final Train Acc: 56.59%
2025-08-24 09:48:03,741 - client_100 - INFO - [Client 3] Completed local epoch 28/64 | Final Loss: 1.4902 | Final Train Acc: 57.17%
2025-08-24 09:48:12,086 - client_100 - INFO - [Client 3] Completed local epoch 29/64 | Final Loss: 1.4534 | Final Train Acc: 58.37%
2025-08-24 09:48:20,936 - client_100 - INFO - [Client 3] Completed local epoch 30/64 | Final Loss: 1.4181 | Final Train Acc: 59.02%
2025-08-24 09:48:28,737 - client_100 - INFO - [Client 3] Completed local epoch 31/64 | Final Loss: 1.3783 | Final Train Acc: 59.77%
2025-08-24 09:48:37,492 - client_100 - INFO - [Client 3] Completed local epoch 32/64 | Final Loss: 1.3938 | Final Train Acc: 60.08%
2025-08-24 09:48:46,708 - client_100 - INFO - [Client 3] Completed local epoch 33/64 | Final Loss: 1.3618 | Final Train Acc: 60.94%
2025-08-24 09:48:54,608 - client_100 - INFO - [Client 3] Completed local epoch 34/64 | Final Loss: 1.4079 | Final Train Acc: 59.79%
2025-08-24 09:49:03,320 - client_100 - INFO - [Client 3] Completed local epoch 35/64 | Final Loss: 1.3536 | Final Train Acc: 60.65%
2025-08-24 09:49:12,410 - client_100 - INFO - [Client 3] Completed local epoch 36/64 | Final Loss: 1.3479 | Final Train Acc: 60.44%
2025-08-24 09:49:20,443 - client_100 - INFO - [Client 3] Completed local epoch 37/64 | Final Loss: 1.3535 | Final Train Acc: 60.47%
2025-08-24 09:49:29,242 - client_100 - INFO - [Client 3] Completed local epoch 38/64 | Final Loss: 1.2732 | Final Train Acc: 62.45%
2025-08-24 09:49:37,381 - client_100 - INFO - [Client 3] Completed local epoch 39/64 | Final Loss: 1.2703 | Final Train Acc: 62.43%
2025-08-24 09:49:46,066 - client_100 - INFO - [Client 3] Completed local epoch 40/64 | Final Loss: 1.2434 | Final Train Acc: 63.20%
2025-08-24 09:49:55,035 - client_100 - INFO - [Client 3] Completed local epoch 41/64 | Final Loss: 1.2241 | Final Train Acc: 63.66%
2025-08-24 09:50:02,819 - client_100 - INFO - [Client 3] Completed local epoch 42/64 | Final Loss: 1.2212 | Final Train Acc: 64.21%
2025-08-24 09:50:11,658 - client_100 - INFO - [Client 3] Completed local epoch 43/64 | Final Loss: 1.1954 | Final Train Acc: 64.82%
2025-08-24 09:50:20,938 - client_100 - INFO - [Client 3] Completed local epoch 44/64 | Final Loss: 1.1720 | Final Train Acc: 65.58%
2025-08-24 09:50:28,786 - client_100 - INFO - [Client 3] Completed local epoch 45/64 | Final Loss: 1.1570 | Final Train Acc: 65.68%
2025-08-24 09:50:37,438 - client_100 - INFO - [Client 3] Completed local epoch 46/64 | Final Loss: 1.1655 | Final Train Acc: 66.20%
2025-08-24 09:50:46,192 - client_100 - INFO - [Client 3] Completed local epoch 47/64 | Final Loss: 1.1446 | Final Train Acc: 66.10%
2025-08-24 09:50:54,392 - client_100 - INFO - [Client 3] Completed local epoch 48/64 | Final Loss: 1.1362 | Final Train Acc: 66.17%
2025-08-24 09:51:03,242 - client_100 - INFO - [Client 3] Completed local epoch 49/64 | Final Loss: 1.1361 | Final Train Acc: 66.24%
2025-08-24 09:51:11,090 - client_100 - INFO - [Client 3] Completed local epoch 50/64 | Final Loss: 1.1184 | Final Train Acc: 67.07%
2025-08-24 09:51:19,892 - client_100 - INFO - [Client 3] Completed local epoch 51/64 | Final Loss: 1.0685 | Final Train Acc: 68.45%
2025-08-24 09:51:29,158 - client_100 - INFO - [Client 3] Completed local epoch 52/64 | Final Loss: 1.0880 | Final Train Acc: 67.62%
2025-08-24 09:51:36,956 - client_100 - INFO - [Client 3] Completed local epoch 53/64 | Final Loss: 1.0941 | Final Train Acc: 67.52%
2025-08-24 09:51:45,642 - client_100 - INFO - [Client 3] Completed local epoch 54/64 | Final Loss: 1.0357 | Final Train Acc: 69.14%
2025-08-24 09:51:54,436 - client_100 - INFO - [Client 3] Completed local epoch 55/64 | Final Loss: 1.0306 | Final Train Acc: 68.72%
2025-08-24 09:52:02,602 - client_100 - INFO - [Client 3] Completed local epoch 56/64 | Final Loss: 1.0344 | Final Train Acc: 68.76%
2025-08-24 09:52:11,499 - client_100 - INFO - [Client 3] Completed local epoch 57/64 | Final Loss: 0.9997 | Final Train Acc: 69.83%
2025-08-24 09:52:19,609 - client_100 - INFO - [Client 3] Completed local epoch 58/64 | Final Loss: 0.9756 | Final Train Acc: 70.88%
2025-08-24 09:52:28,333 - client_100 - INFO - [Client 3] Completed local epoch 59/64 | Final Loss: 0.9773 | Final Train Acc: 70.29%
2025-08-24 09:52:37,302 - client_100 - INFO - [Client 3] Completed local epoch 60/64 | Final Loss: 0.9748 | Final Train Acc: 71.11%
2025-08-24 09:52:45,159 - client_100 - INFO - [Client 3] Completed local epoch 61/64 | Final Loss: 0.9290 | Final Train Acc: 71.98%
2025-08-24 09:52:53,766 - client_100 - INFO - [Client 3] Completed local epoch 62/64 | Final Loss: 0.9378 | Final Train Acc: 71.95%
2025-08-24 09:53:02,857 - client_100 - INFO - [Client 3] Completed local epoch 63/64 | Final Loss: 0.9460 | Final Train Acc: 71.58%
2025-08-24 09:53:10,575 - client_100 - INFO - [Client 3] Completed local epoch 64/64 | Final Loss: 0.8846 | Final Train Acc: 73.32%
2025-08-24 09:53:16,262 - client_100 - INFO - --- Final round (tau = 22) ---
