2025-05-29 15:38:38,869 - trainer_0 - INFO - Started training experiment: centralized_lars_lr5.0_wd0.0005_20250529_153838
2025-05-29 15:38:38,870 - trainer_0 - INFO - Log file: centralized_lars_lr5.0_wd0.0005/centralized_lars_lr5.0_wd0.0005_20250529_153838.log
2025-05-29 15:38:38,892 - trainer_0 - INFO - Training centralized on device: cuda
2025-05-29 15:38:38,892 - trainer_0 - INFO - Optimizer: LARS, Epochs: 150, LR: 5.0
2025-05-29 15:38:41,358 - trainer_0 - INFO - [DEBUG] Train dataset size: 40000 | Expected batches: 3
2025-05-29 15:38:41,569 - trainer_0 - INFO - Scaled LR using sqrt mode to: 56.568542494923804
2025-05-29 15:38:41,569 - trainer_0 - INFO - Checking if there is any checkpoint. Resuming False, Checkpoint path: checkpoint.pth
2025-05-29 15:39:05,886 - trainer_0 - INFO - Epoch 1 completed in 24.32s | Average Loss: 4.6263 | train_acc: 0.8850 | val_loss: 4.6055 | val_acc: 0.7800 | lr: 2.8284
2025-05-29 15:39:29,044 - trainer_0 - INFO - Epoch 2 completed in 23.13s | Average Loss: 4.5935 | train_acc: 1.3250 | val_loss: 4.5944 | val_acc: 3.1200 | lr: 5.6569
2025-05-29 15:39:52,007 - trainer_0 - INFO - Epoch 3 completed in 22.93s | Average Loss: 4.4849 | train_acc: 3.7050 | val_loss: 4.5014 | val_acc: 5.1300 | lr: 8.4853
2025-05-29 15:40:14,337 - trainer_0 - INFO - Epoch 4 completed in 22.27s | Average Loss: 4.3308 | train_acc: 4.9150 | val_loss: 4.3292 | val_acc: 6.5100 | lr: 11.3137
2025-05-29 15:40:37,691 - trainer_0 - INFO - Epoch 5 completed in 23.32s | Average Loss: 4.1505 | train_acc: 6.5800 | val_loss: 4.2192 | val_acc: 8.0000 | lr: 14.1421
2025-05-29 15:41:00,905 - trainer_0 - INFO - Epoch 6 completed in 23.18s | Average Loss: 3.9793 | train_acc: 8.9675 | val_loss: 4.1344 | val_acc: 8.0000 | lr: 16.9706
2025-05-29 15:41:23,059 - trainer_0 - INFO - Epoch 7 completed in 22.12s | Average Loss: 3.8056 | train_acc: 11.2800 | val_loss: 4.0562 | val_acc: 7.6400 | lr: 19.7990
2025-05-29 15:41:46,471 - trainer_0 - INFO - Epoch 8 completed in 23.38s | Average Loss: 3.6855 | train_acc: 12.9575 | val_loss: 3.9935 | val_acc: 8.6400 | lr: 22.6274
2025-05-29 15:42:09,982 - trainer_0 - INFO - Epoch 9 completed in 23.48s | Average Loss: 3.6063 | train_acc: 14.4450 | val_loss: 3.8541 | val_acc: 10.8900 | lr: 25.4558
2025-05-29 15:42:32,479 - trainer_0 - INFO - Epoch 10 completed in 22.46s | Average Loss: 3.5553 | train_acc: 15.1775 | val_loss: 3.6977 | val_acc: 13.5200 | lr: 28.2843
2025-05-29 15:42:54,801 - trainer_0 - INFO - Epoch 11 completed in 22.28s | Average Loss: 3.5567 | train_acc: 14.4850 | val_loss: 3.5977 | val_acc: 14.3900 | lr: 31.1127
2025-05-29 15:43:18,535 - trainer_0 - INFO - Epoch 12 completed in 23.70s | Average Loss: 3.4837 | train_acc: 16.0400 | val_loss: 3.5211 | val_acc: 15.9100 | lr: 33.9411
2025-05-29 15:43:41,543 - trainer_0 - INFO - Epoch 13 completed in 22.98s | Average Loss: 3.4773 | train_acc: 16.2550 | val_loss: 3.7806 | val_acc: 13.8100 | lr: 36.7696
2025-05-29 15:44:04,063 - trainer_0 - INFO - Epoch 14 completed in 22.49s | Average Loss: 3.4207 | train_acc: 17.3150 | val_loss: 3.7977 | val_acc: 13.0700 | lr: 39.5980
2025-05-29 15:44:27,715 - trainer_0 - INFO - Epoch 15 completed in 23.62s | Average Loss: 3.4260 | train_acc: 16.9000 | val_loss: 4.0284 | val_acc: 12.9000 | lr: 42.4264
2025-05-29 15:44:51,264 - trainer_0 - INFO - Epoch 16 completed in 23.52s | Average Loss: 3.3802 | train_acc: 17.5975 | val_loss: 4.1917 | val_acc: 11.6000 | lr: 45.2548
2025-05-29 15:45:14,242 - trainer_0 - INFO - Epoch 17 completed in 22.94s | Average Loss: 3.3677 | train_acc: 18.1400 | val_loss: 4.6802 | val_acc: 13.5200 | lr: 48.0833
2025-05-29 15:45:36,391 - trainer_0 - INFO - Epoch 18 completed in 22.10s | Average Loss: 3.3443 | train_acc: 18.7675 | val_loss: 3.9630 | val_acc: 12.7600 | lr: 50.9117
2025-05-29 15:46:00,028 - trainer_0 - INFO - Epoch 19 completed in 23.60s | Average Loss: 3.4236 | train_acc: 17.4325 | val_loss: 4.7160 | val_acc: 8.5800 | lr: 53.7401
2025-05-29 15:46:23,798 - trainer_0 - INFO - Epoch 20 completed in 23.74s | Average Loss: 3.5142 | train_acc: 16.5175 | val_loss: 4.4913 | val_acc: 12.4100 | lr: 56.5685
2025-05-29 15:46:46,304 - trainer_0 - INFO - Epoch 21 completed in 22.47s | Average Loss: 3.6249 | train_acc: 14.7700 | val_loss: 8.8637 | val_acc: 2.5700 | lr: 56.5603
2025-05-29 15:47:09,718 - trainer_0 - INFO - Epoch 22 completed in 23.38s | Average Loss: 3.6824 | train_acc: 13.4375 | val_loss: 6.8141 | val_acc: 6.1400 | lr: 56.5355
2025-05-29 15:47:33,286 - trainer_0 - INFO - Epoch 23 completed in 23.54s | Average Loss: 3.7071 | train_acc: 13.5025 | val_loss: 10.6500 | val_acc: 3.8600 | lr: 56.4942
2025-05-29 15:47:56,030 - trainer_0 - INFO - Epoch 24 completed in 22.71s | Average Loss: 3.6652 | train_acc: 13.4125 | val_loss: 11.4879 | val_acc: 3.8300 | lr: 56.4365
2025-05-29 15:48:18,426 - trainer_0 - INFO - Epoch 25 completed in 22.35s | Average Loss: 3.6033 | train_acc: 14.4875 | val_loss: 10.0930 | val_acc: 4.5800 | lr: 56.3623
2025-05-29 15:48:41,862 - trainer_0 - INFO - Epoch 26 completed in 23.40s | Average Loss: 3.5847 | train_acc: 15.0275 | val_loss: 10.5042 | val_acc: 4.9700 | lr: 56.2717
2025-05-29 15:49:05,241 - trainer_0 - INFO - Epoch 27 completed in 23.35s | Average Loss: 3.5172 | train_acc: 16.3525 | val_loss: 7.6663 | val_acc: 6.1000 | lr: 56.1648
2025-05-29 15:49:27,865 - trainer_0 - INFO - Epoch 28 completed in 22.59s | Average Loss: 3.5340 | train_acc: 16.2975 | val_loss: 6.6172 | val_acc: 6.8300 | lr: 56.0416
2025-05-29 15:49:51,014 - trainer_0 - INFO - Epoch 29 completed in 23.12s | Average Loss: 3.4895 | train_acc: 16.4050 | val_loss: 5.2126 | val_acc: 8.7100 | lr: 55.9022
2025-05-29 15:50:14,521 - trainer_0 - INFO - Epoch 30 completed in 23.47s | Average Loss: 3.4717 | train_acc: 17.3775 | val_loss: 3.8356 | val_acc: 14.6800 | lr: 55.7467
2025-05-29 15:50:37,894 - trainer_0 - INFO - Epoch 31 completed in 23.34s | Average Loss: 3.4827 | train_acc: 16.9425 | val_loss: 4.2598 | val_acc: 12.9000 | lr: 55.5751
2025-05-29 15:50:59,584 - trainer_0 - INFO - Epoch 32 completed in 21.64s | Average Loss: 3.3879 | train_acc: 18.3725 | val_loss: 3.4276 | val_acc: 18.2600 | lr: 55.3876
2025-05-29 15:51:23,250 - trainer_0 - INFO - Epoch 33 completed in 23.63s | Average Loss: 3.3346 | train_acc: 19.2300 | val_loss: 3.6131 | val_acc: 15.2700 | lr: 55.1842
2025-05-29 15:51:46,199 - trainer_0 - INFO - Epoch 34 completed in 22.92s | Average Loss: 3.3939 | train_acc: 18.6625 | val_loss: 3.6020 | val_acc: 15.3000 | lr: 54.9652
2025-05-29 15:52:08,202 - trainer_0 - INFO - Epoch 35 completed in 21.97s | Average Loss: 3.3453 | train_acc: 19.4225 | val_loss: 4.1158 | val_acc: 10.5100 | lr: 54.7305
2025-05-29 15:52:31,539 - trainer_0 - INFO - Epoch 36 completed in 23.31s | Average Loss: 3.2958 | train_acc: 19.7075 | val_loss: 4.1576 | val_acc: 9.3000 | lr: 54.4804
2025-05-29 15:52:55,059 - trainer_0 - INFO - Epoch 37 completed in 23.49s | Average Loss: 3.2597 | train_acc: 20.0250 | val_loss: 4.2615 | val_acc: 7.5600 | lr: 54.2151
2025-05-29 15:53:18,464 - trainer_0 - INFO - Epoch 38 completed in 23.37s | Average Loss: 3.2156 | train_acc: 21.4750 | val_loss: 4.0912 | val_acc: 9.6100 | lr: 53.9346
2025-05-29 15:53:40,397 - trainer_0 - INFO - Epoch 39 completed in 21.89s | Average Loss: 3.2004 | train_acc: 21.6700 | val_loss: 3.5489 | val_acc: 14.8600 | lr: 53.6391
2025-05-29 15:54:04,277 - trainer_0 - INFO - Epoch 40 completed in 23.85s | Average Loss: 3.1927 | train_acc: 21.5750 | val_loss: 3.5544 | val_acc: 16.3800 | lr: 53.3287
2025-05-29 15:54:27,804 - trainer_0 - INFO - Epoch 41 completed in 23.49s | Average Loss: 3.1599 | train_acc: 22.2325 | val_loss: 3.7838 | val_acc: 13.3400 | lr: 53.0038
2025-05-29 15:54:50,429 - trainer_0 - INFO - Epoch 42 completed in 22.59s | Average Loss: 3.1480 | train_acc: 22.3100 | val_loss: 3.7989 | val_acc: 13.6000 | lr: 52.6645
2025-05-29 15:55:13,222 - trainer_0 - INFO - Epoch 43 completed in 22.74s | Average Loss: 3.1288 | train_acc: 22.6000 | val_loss: 3.5733 | val_acc: 15.8400 | lr: 52.3109
2025-05-29 15:55:36,825 - trainer_0 - INFO - Epoch 44 completed in 23.57s | Average Loss: 3.1341 | train_acc: 22.8850 | val_loss: 3.2016 | val_acc: 21.6000 | lr: 51.9432
2025-05-29 15:56:00,321 - trainer_0 - INFO - Epoch 45 completed in 23.46s | Average Loss: 3.0905 | train_acc: 23.0700 | val_loss: 3.4102 | val_acc: 17.8300 | lr: 51.5618
2025-05-29 15:56:22,549 - trainer_0 - INFO - Epoch 46 completed in 22.20s | Average Loss: 3.1189 | train_acc: 23.1675 | val_loss: 3.2795 | val_acc: 20.4300 | lr: 51.1667
2025-05-29 15:56:46,070 - trainer_0 - INFO - Epoch 47 completed in 23.49s | Average Loss: 3.0285 | train_acc: 24.8450 | val_loss: 3.3940 | val_acc: 19.5100 | lr: 50.7583
2025-05-29 15:57:09,190 - trainer_0 - INFO - Epoch 48 completed in 23.09s | Average Loss: 3.0410 | train_acc: 24.3375 | val_loss: 3.3626 | val_acc: 21.2800 | lr: 50.3368
2025-05-29 15:57:32,129 - trainer_0 - INFO - Epoch 49 completed in 22.91s | Average Loss: 3.1053 | train_acc: 24.1750 | val_loss: 3.1661 | val_acc: 22.8400 | lr: 49.9024
2025-05-29 15:57:54,202 - trainer_0 - INFO - Epoch 50 completed in 22.03s | Average Loss: 3.0439 | train_acc: 24.8075 | val_loss: 3.0913 | val_acc: 24.2500 | lr: 49.4554
2025-05-29 15:58:17,388 - trainer_0 - INFO - Epoch 51 completed in 23.15s | Average Loss: 2.9423 | train_acc: 26.3825 | val_loss: 3.4497 | val_acc: 19.8600 | lr: 48.9960
2025-05-29 15:58:40,808 - trainer_0 - INFO - Epoch 52 completed in 23.39s | Average Loss: 2.9713 | train_acc: 26.1375 | val_loss: 3.0151 | val_acc: 26.3800 | lr: 48.5245
2025-05-29 15:59:02,684 - trainer_0 - INFO - Epoch 53 completed in 21.84s | Average Loss: 2.9202 | train_acc: 27.0625 | val_loss: 3.1377 | val_acc: 23.7700 | lr: 48.0412
2025-05-29 15:59:26,270 - trainer_0 - INFO - Epoch 54 completed in 23.54s | Average Loss: 2.9467 | train_acc: 26.7475 | val_loss: 3.3346 | val_acc: 20.5400 | lr: 47.5463
2025-05-29 15:59:49,670 - trainer_0 - INFO - Epoch 55 completed in 23.36s | Average Loss: 2.9798 | train_acc: 26.2275 | val_loss: 3.7856 | val_acc: 17.8100 | lr: 47.0402
2025-05-29 16:00:11,844 - trainer_0 - INFO - Epoch 56 completed in 22.14s | Average Loss: 2.9039 | train_acc: 27.5775 | val_loss: 2.9721 | val_acc: 27.0700 | lr: 46.5232
2025-05-29 16:00:34,338 - trainer_0 - INFO - Epoch 57 completed in 22.44s | Average Loss: 2.8755 | train_acc: 27.9675 | val_loss: 3.2141 | val_acc: 23.3900 | lr: 45.9955
2025-05-29 16:00:57,544 - trainer_0 - INFO - Epoch 58 completed in 23.17s | Average Loss: 2.8676 | train_acc: 28.2325 | val_loss: 2.9951 | val_acc: 26.1700 | lr: 45.4574
2025-05-29 16:01:20,636 - trainer_0 - INFO - Epoch 59 completed in 23.06s | Average Loss: 2.8391 | train_acc: 28.5800 | val_loss: 3.2824 | val_acc: 22.3500 | lr: 44.9093
2025-05-29 16:01:41,970 - trainer_0 - INFO - Epoch 60 completed in 21.28s | Average Loss: 2.8119 | train_acc: 28.7550 | val_loss: 3.1524 | val_acc: 23.3900 | lr: 44.3516
2025-05-29 16:02:05,189 - trainer_0 - INFO - Epoch 61 completed in 23.18s | Average Loss: 2.7989 | train_acc: 29.2400 | val_loss: 3.1677 | val_acc: 23.7800 | lr: 43.7844
2025-05-29 16:02:28,362 - trainer_0 - INFO - Epoch 62 completed in 23.14s | Average Loss: 2.8876 | train_acc: 28.2825 | val_loss: 3.7484 | val_acc: 18.8600 | lr: 43.2082
2025-05-29 16:02:50,519 - trainer_0 - INFO - Epoch 63 completed in 22.12s | Average Loss: 2.8468 | train_acc: 29.3975 | val_loss: 3.3457 | val_acc: 22.6600 | lr: 42.6233
2025-05-29 16:03:13,685 - trainer_0 - INFO - Epoch 64 completed in 23.13s | Average Loss: 2.7911 | train_acc: 29.5825 | val_loss: 3.2380 | val_acc: 23.3400 | lr: 42.0300
2025-05-29 16:03:36,779 - trainer_0 - INFO - Epoch 65 completed in 23.05s | Average Loss: 2.7776 | train_acc: 29.8050 | val_loss: 3.1244 | val_acc: 25.6000 | lr: 41.4286
2025-05-29 16:03:59,384 - trainer_0 - INFO - Epoch 66 completed in 22.57s | Average Loss: 2.7847 | train_acc: 30.5925 | val_loss: 2.9581 | val_acc: 27.7900 | lr: 40.8196
2025-05-29 16:04:21,698 - trainer_0 - INFO - Epoch 67 completed in 22.27s | Average Loss: 2.7939 | train_acc: 30.1150 | val_loss: 3.0231 | val_acc: 26.3000 | lr: 40.2033
2025-05-29 16:04:44,908 - trainer_0 - INFO - Epoch 68 completed in 23.18s | Average Loss: 2.7868 | train_acc: 30.3300 | val_loss: 3.0982 | val_acc: 25.2500 | lr: 39.5800
2025-05-29 16:05:08,613 - trainer_0 - INFO - Epoch 69 completed in 23.67s | Average Loss: 2.7205 | train_acc: 31.2000 | val_loss: 3.0853 | val_acc: 25.8500 | lr: 38.9501
2025-05-29 16:05:30,696 - trainer_0 - INFO - Epoch 70 completed in 22.05s | Average Loss: 2.7340 | train_acc: 31.3800 | val_loss: 2.8664 | val_acc: 29.2600 | lr: 38.3140
2025-05-29 16:05:53,807 - trainer_0 - INFO - Epoch 71 completed in 23.08s | Average Loss: 2.6703 | train_acc: 32.1475 | val_loss: 3.0923 | val_acc: 24.8400 | lr: 37.6720
2025-05-29 16:06:17,008 - trainer_0 - INFO - Epoch 72 completed in 23.17s | Average Loss: 2.6019 | train_acc: 33.1975 | val_loss: 2.8400 | val_acc: 29.2800 | lr: 37.0246
2025-05-29 16:06:39,511 - trainer_0 - INFO - Epoch 73 completed in 22.47s | Average Loss: 2.6101 | train_acc: 33.4950 | val_loss: 3.4390 | val_acc: 24.5700 | lr: 36.3720
2025-05-29 16:07:01,657 - trainer_0 - INFO - Epoch 74 completed in 22.10s | Average Loss: 2.6069 | train_acc: 33.8825 | val_loss: 2.9047 | val_acc: 28.9200 | lr: 35.7148
2025-05-29 16:07:25,155 - trainer_0 - INFO - Epoch 75 completed in 23.46s | Average Loss: 2.6019 | train_acc: 33.6100 | val_loss: 3.3731 | val_acc: 25.4200 | lr: 35.0531
2025-05-29 16:07:47,661 - trainer_0 - INFO - Epoch 76 completed in 22.47s | Average Loss: 2.5301 | train_acc: 34.5975 | val_loss: 3.3282 | val_acc: 25.0400 | lr: 34.3876
2025-05-29 16:08:09,547 - trainer_0 - INFO - Epoch 77 completed in 21.83s | Average Loss: 2.4617 | train_acc: 35.7700 | val_loss: 2.7948 | val_acc: 30.8300 | lr: 33.7184
2025-05-29 16:08:32,601 - trainer_0 - INFO - Epoch 78 completed in 23.02s | Average Loss: 2.4447 | train_acc: 36.4625 | val_loss: 2.7713 | val_acc: 31.3700 | lr: 33.0461
2025-05-29 16:08:55,819 - trainer_0 - INFO - Epoch 79 completed in 23.19s | Average Loss: 2.3808 | train_acc: 37.5100 | val_loss: 2.9223 | val_acc: 26.9600 | lr: 32.3710
2025-05-29 16:09:18,047 - trainer_0 - INFO - Epoch 80 completed in 22.19s | Average Loss: 2.4164 | train_acc: 37.2950 | val_loss: 2.5575 | val_acc: 35.1700 | lr: 31.6936
2025-05-29 16:09:41,204 - trainer_0 - INFO - Epoch 81 completed in 23.12s | Average Loss: 2.4727 | train_acc: 36.0225 | val_loss: 3.0108 | val_acc: 28.6600 | lr: 31.0141
2025-05-29 16:10:04,498 - trainer_0 - INFO - Epoch 82 completed in 23.26s | Average Loss: 2.4820 | train_acc: 36.1575 | val_loss: 2.7996 | val_acc: 29.5600 | lr: 30.3330
2025-05-29 16:10:27,447 - trainer_0 - INFO - Epoch 83 completed in 22.91s | Average Loss: 2.4287 | train_acc: 36.6850 | val_loss: 3.1729 | val_acc: 25.6800 | lr: 29.6508
2025-05-29 16:10:49,580 - trainer_0 - INFO - Epoch 84 completed in 22.09s | Average Loss: 2.3917 | train_acc: 37.3850 | val_loss: 2.7992 | val_acc: 31.4300 | lr: 28.9677
2025-05-29 16:11:13,133 - trainer_0 - INFO - Epoch 85 completed in 23.52s | Average Loss: 2.3501 | train_acc: 38.8050 | val_loss: 2.6630 | val_acc: 33.0300 | lr: 28.2843
2025-05-29 16:11:36,313 - trainer_0 - INFO - Epoch 86 completed in 23.15s | Average Loss: 2.2972 | train_acc: 39.7675 | val_loss: 3.0886 | val_acc: 28.6600 | lr: 27.6008
2025-05-29 16:11:58,248 - trainer_0 - INFO - Epoch 87 completed in 21.90s | Average Loss: 2.2400 | train_acc: 40.4200 | val_loss: 2.4081 | val_acc: 37.9800 | lr: 26.9178
2025-05-29 16:12:21,308 - trainer_0 - INFO - Epoch 88 completed in 23.03s | Average Loss: 2.2103 | train_acc: 41.7825 | val_loss: 2.5376 | val_acc: 35.6700 | lr: 26.2355
2025-05-29 16:12:44,492 - trainer_0 - INFO - Epoch 89 completed in 23.15s | Average Loss: 2.1420 | train_acc: 42.5775 | val_loss: 2.7517 | val_acc: 31.6100 | lr: 25.5544
2025-05-29 16:13:07,313 - trainer_0 - INFO - Epoch 90 completed in 22.79s | Average Loss: 2.1368 | train_acc: 43.2100 | val_loss: 2.3729 | val_acc: 38.1700 | lr: 24.8750
2025-05-29 16:13:29,634 - trainer_0 - INFO - Epoch 91 completed in 22.26s | Average Loss: 2.0916 | train_acc: 43.8075 | val_loss: 2.3994 | val_acc: 37.8500 | lr: 24.1975
2025-05-29 16:13:52,653 - trainer_0 - INFO - Epoch 92 completed in 22.99s | Average Loss: 2.0773 | train_acc: 44.6975 | val_loss: 2.4245 | val_acc: 38.3500 | lr: 23.5224
2025-05-29 16:14:15,670 - trainer_0 - INFO - Epoch 93 completed in 22.98s | Average Loss: 2.0513 | train_acc: 44.9950 | val_loss: 2.5422 | val_acc: 35.0900 | lr: 22.8501
2025-05-29 16:14:37,508 - trainer_0 - INFO - Epoch 94 completed in 21.77s | Average Loss: 2.0213 | train_acc: 45.7425 | val_loss: 2.4032 | val_acc: 38.7000 | lr: 22.1810
2025-05-29 16:15:00,601 - trainer_0 - INFO - Epoch 95 completed in 23.06s | Average Loss: 2.0630 | train_acc: 45.5425 | val_loss: 2.4786 | val_acc: 37.1600 | lr: 21.5154
2025-05-29 16:15:24,118 - trainer_0 - INFO - Epoch 96 completed in 23.48s | Average Loss: 2.0720 | train_acc: 44.8525 | val_loss: 2.4370 | val_acc: 37.6800 | lr: 20.8538
2025-05-29 16:15:46,496 - trainer_0 - INFO - Epoch 97 completed in 22.34s | Average Loss: 2.0635 | train_acc: 44.4675 | val_loss: 2.4024 | val_acc: 38.2800 | lr: 20.1965
2025-05-29 16:16:09,571 - trainer_0 - INFO - Epoch 98 completed in 23.04s | Average Loss: 2.0290 | train_acc: 45.6600 | val_loss: 2.3911 | val_acc: 37.4200 | lr: 19.5440
2025-05-29 16:16:32,865 - trainer_0 - INFO - Epoch 99 completed in 23.26s | Average Loss: 1.9761 | train_acc: 46.6625 | val_loss: 2.1980 | val_acc: 43.1300 | lr: 18.8965
2025-05-29 16:16:55,746 - trainer_0 - INFO - Epoch 100 completed in 22.85s | Average Loss: 1.9323 | train_acc: 47.4525 | val_loss: 2.3288 | val_acc: 39.8800 | lr: 18.2545
2025-05-29 16:17:17,571 - trainer_0 - INFO - Epoch 101 completed in 21.78s | Average Loss: 1.9123 | train_acc: 48.0975 | val_loss: 2.1081 | val_acc: 44.5400 | lr: 17.6184
2025-05-29 16:17:40,685 - trainer_0 - INFO - Epoch 102 completed in 23.08s | Average Loss: 1.9084 | train_acc: 48.1675 | val_loss: 2.1280 | val_acc: 44.1900 | lr: 16.9885
2025-05-29 16:18:03,657 - trainer_0 - INFO - Epoch 103 completed in 22.94s | Average Loss: 1.8672 | train_acc: 49.3800 | val_loss: 2.0986 | val_acc: 43.8900 | lr: 16.3652
2025-05-29 16:18:25,596 - trainer_0 - INFO - Epoch 104 completed in 21.89s | Average Loss: 1.8478 | train_acc: 49.4125 | val_loss: 2.2319 | val_acc: 41.4600 | lr: 15.7489
2025-05-29 16:18:48,799 - trainer_0 - INFO - Epoch 105 completed in 23.17s | Average Loss: 1.8335 | train_acc: 49.9050 | val_loss: 2.1042 | val_acc: 44.3100 | lr: 15.1399
2025-05-29 16:19:12,237 - trainer_0 - INFO - Epoch 106 completed in 23.40s | Average Loss: 1.7984 | train_acc: 50.5800 | val_loss: 2.2268 | val_acc: 41.5000 | lr: 14.5386
2025-05-29 16:19:34,873 - trainer_0 - INFO - Epoch 107 completed in 22.60s | Average Loss: 1.7765 | train_acc: 51.4775 | val_loss: 2.1750 | val_acc: 42.6500 | lr: 13.9453
2025-05-29 16:19:57,434 - trainer_0 - INFO - Epoch 108 completed in 22.51s | Average Loss: 1.7622 | train_acc: 51.5675 | val_loss: 2.1350 | val_acc: 43.3900 | lr: 13.3604
2025-05-29 16:20:20,695 - trainer_0 - INFO - Epoch 109 completed in 23.23s | Average Loss: 1.7905 | train_acc: 51.1825 | val_loss: 2.0783 | val_acc: 45.4300 | lr: 12.7841
2025-05-29 16:20:44,000 - trainer_0 - INFO - Epoch 110 completed in 23.27s | Average Loss: 1.8029 | train_acc: 51.0250 | val_loss: 2.0765 | val_acc: 45.2900 | lr: 12.2170
2025-05-29 16:21:05,738 - trainer_0 - INFO - Epoch 111 completed in 21.70s | Average Loss: 1.7867 | train_acc: 51.3200 | val_loss: 2.1797 | val_acc: 43.1400 | lr: 11.6592
2025-05-29 16:21:29,011 - trainer_0 - INFO - Epoch 112 completed in 23.24s | Average Loss: 1.7576 | train_acc: 51.6750 | val_loss: 2.1413 | val_acc: 43.9000 | lr: 11.1111
2025-05-29 16:21:52,233 - trainer_0 - INFO - Epoch 113 completed in 23.19s | Average Loss: 1.7316 | train_acc: 52.4525 | val_loss: 1.9281 | val_acc: 48.2900 | lr: 10.5731
2025-05-29 16:22:14,535 - trainer_0 - INFO - Epoch 114 completed in 22.26s | Average Loss: 1.7043 | train_acc: 52.6600 | val_loss: 2.2119 | val_acc: 42.6200 | lr: 10.0454
2025-05-29 16:22:37,786 - trainer_0 - INFO - Epoch 115 completed in 23.22s | Average Loss: 1.7132 | train_acc: 52.6850 | val_loss: 2.2922 | val_acc: 40.9800 | lr: 9.5283
2025-05-29 16:23:00,526 - trainer_0 - INFO - Epoch 116 completed in 22.71s | Average Loss: 1.6688 | train_acc: 54.0375 | val_loss: 2.0363 | val_acc: 46.0500 | lr: 9.0222
2025-05-29 16:23:23,437 - trainer_0 - INFO - Epoch 117 completed in 22.88s | Average Loss: 1.6430 | train_acc: 54.2325 | val_loss: 2.1061 | val_acc: 44.7900 | lr: 8.5274
2025-05-29 16:23:45,654 - trainer_0 - INFO - Epoch 118 completed in 22.17s | Average Loss: 1.6652 | train_acc: 54.0550 | val_loss: 1.9381 | val_acc: 48.6600 | lr: 8.0441
2025-05-29 16:24:08,703 - trainer_0 - INFO - Epoch 119 completed in 23.02s | Average Loss: 1.6480 | train_acc: 54.3975 | val_loss: 2.3684 | val_acc: 41.3300 | lr: 7.5726
2025-05-29 16:24:31,695 - trainer_0 - INFO - Epoch 120 completed in 22.96s | Average Loss: 1.6381 | train_acc: 54.8550 | val_loss: 1.9359 | val_acc: 47.2800 | lr: 7.1132
2025-05-29 16:24:53,386 - trainer_0 - INFO - Epoch 121 completed in 21.66s | Average Loss: 1.6105 | train_acc: 55.4225 | val_loss: 2.0547 | val_acc: 46.7100 | lr: 6.6662
2025-05-29 16:25:16,647 - trainer_0 - INFO - Epoch 122 completed in 23.22s | Average Loss: 1.5880 | train_acc: 56.0000 | val_loss: 1.8349 | val_acc: 50.8900 | lr: 6.2318
2025-05-29 16:25:39,714 - trainer_0 - INFO - Epoch 123 completed in 23.03s | Average Loss: 1.5733 | train_acc: 56.2625 | val_loss: 1.9156 | val_acc: 49.1800 | lr: 5.8102
2025-05-29 16:26:02,021 - trainer_0 - INFO - Epoch 124 completed in 22.26s | Average Loss: 1.5525 | train_acc: 56.5675 | val_loss: 1.8242 | val_acc: 50.8300 | lr: 5.4018
2025-05-29 16:26:25,112 - trainer_0 - INFO - Epoch 125 completed in 23.05s | Average Loss: 1.5446 | train_acc: 56.7425 | val_loss: 1.8324 | val_acc: 51.1000 | lr: 5.0068
2025-05-29 16:26:48,471 - trainer_0 - INFO - Epoch 126 completed in 23.33s | Average Loss: 1.5198 | train_acc: 57.3900 | val_loss: 1.8084 | val_acc: 51.2700 | lr: 4.6253
2025-05-29 16:27:11,156 - trainer_0 - INFO - Epoch 127 completed in 22.65s | Average Loss: 1.5079 | train_acc: 57.5000 | val_loss: 1.7589 | val_acc: 52.0000 | lr: 4.2577
2025-05-29 16:27:33,177 - trainer_0 - INFO - Epoch 128 completed in 21.98s | Average Loss: 1.5021 | train_acc: 57.7725 | val_loss: 1.7715 | val_acc: 52.0000 | lr: 3.9041
2025-05-29 16:27:56,642 - trainer_0 - INFO - Epoch 129 completed in 23.43s | Average Loss: 1.4917 | train_acc: 57.9075 | val_loss: 1.7654 | val_acc: 51.6700 | lr: 3.5647
2025-05-29 16:28:20,035 - trainer_0 - INFO - Epoch 130 completed in 23.36s | Average Loss: 1.4736 | train_acc: 58.4175 | val_loss: 1.7408 | val_acc: 52.7100 | lr: 3.2398
2025-05-29 16:28:42,578 - trainer_0 - INFO - Epoch 131 completed in 22.51s | Average Loss: 1.4558 | train_acc: 59.0700 | val_loss: 1.7177 | val_acc: 53.0300 | lr: 2.9295
2025-05-29 16:29:06,101 - trainer_0 - INFO - Epoch 132 completed in 23.49s | Average Loss: 1.4539 | train_acc: 59.1475 | val_loss: 1.7032 | val_acc: 53.2300 | lr: 2.6340
2025-05-29 16:29:29,677 - trainer_0 - INFO - Epoch 133 completed in 23.54s | Average Loss: 1.4435 | train_acc: 59.1750 | val_loss: 1.7009 | val_acc: 54.2000 | lr: 2.3535
2025-05-29 16:29:52,495 - trainer_0 - INFO - Epoch 134 completed in 22.78s | Average Loss: 1.4434 | train_acc: 59.2650 | val_loss: 1.6993 | val_acc: 53.5600 | lr: 2.0881
2025-05-29 16:30:14,811 - trainer_0 - INFO - Epoch 135 completed in 22.27s | Average Loss: 1.4379 | train_acc: 59.5875 | val_loss: 1.7001 | val_acc: 53.4700 | lr: 1.8380
2025-05-29 16:30:38,562 - trainer_0 - INFO - Epoch 136 completed in 23.72s | Average Loss: 1.4269 | train_acc: 59.7900 | val_loss: 1.6926 | val_acc: 53.8900 | lr: 1.6034
2025-05-29 16:31:02,193 - trainer_0 - INFO - Epoch 137 completed in 23.60s | Average Loss: 1.4078 | train_acc: 60.2525 | val_loss: 1.6674 | val_acc: 54.4700 | lr: 1.3843
2025-05-29 16:31:25,272 - trainer_0 - INFO - Epoch 138 completed in 23.05s | Average Loss: 1.3990 | train_acc: 60.2400 | val_loss: 1.6811 | val_acc: 53.6600 | lr: 1.1810
2025-05-29 16:31:47,983 - trainer_0 - INFO - Epoch 139 completed in 22.66s | Average Loss: 1.3930 | train_acc: 60.6650 | val_loss: 1.6725 | val_acc: 54.7300 | lr: 0.9935
2025-05-29 16:32:11,617 - trainer_0 - INFO - Epoch 140 completed in 23.60s | Average Loss: 1.3937 | train_acc: 60.5175 | val_loss: 1.6587 | val_acc: 55.0100 | lr: 0.8219
2025-05-29 16:32:35,121 - trainer_0 - INFO - Epoch 141 completed in 23.47s | Average Loss: 1.4032 | train_acc: 60.5825 | val_loss: 1.6645 | val_acc: 54.9200 | lr: 0.6663
2025-05-29 16:32:57,579 - trainer_0 - INFO - Epoch 142 completed in 22.42s | Average Loss: 1.3808 | train_acc: 60.7950 | val_loss: 1.6581 | val_acc: 55.2400 | lr: 0.5269
2025-05-29 16:33:21,297 - trainer_0 - INFO - Epoch 143 completed in 23.69s | Average Loss: 1.3835 | train_acc: 60.9600 | val_loss: 1.6618 | val_acc: 55.2000 | lr: 0.4037
2025-05-29 16:33:44,640 - trainer_0 - INFO - Epoch 144 completed in 23.30s | Average Loss: 1.3850 | train_acc: 60.8050 | val_loss: 1.6525 | val_acc: 55.2500 | lr: 0.2968
2025-05-29 16:34:08,009 - trainer_0 - INFO - Epoch 145 completed in 23.34s | Average Loss: 1.3797 | train_acc: 61.0600 | val_loss: 1.6346 | val_acc: 55.6500 | lr: 0.2062
2025-05-29 16:34:30,537 - trainer_0 - INFO - Epoch 146 completed in 22.48s | Average Loss: 1.3719 | train_acc: 61.0800 | val_loss: 1.6450 | val_acc: 55.3000 | lr: 0.1320
2025-05-29 16:34:54,022 - trainer_0 - INFO - Epoch 147 completed in 23.45s | Average Loss: 1.3747 | train_acc: 61.0150 | val_loss: 1.6460 | val_acc: 55.6800 | lr: 0.0743
2025-05-29 16:35:17,565 - trainer_0 - INFO - Epoch 148 completed in 23.51s | Average Loss: 1.3712 | train_acc: 60.9925 | val_loss: 1.6421 | val_acc: 55.3100 | lr: 0.0330
2025-05-29 16:35:40,649 - trainer_0 - INFO - Epoch 149 completed in 23.05s | Average Loss: 1.3826 | train_acc: 61.0100 | val_loss: 1.6324 | val_acc: 55.5000 | lr: 0.0083
2025-05-29 16:36:03,113 - trainer_0 - INFO - Epoch 150 completed in 22.42s | Average Loss: 1.3738 | train_acc: 61.2000 | val_loss: 1.6364 | val_acc: 55.4000 | lr: 0.0000
2025-05-29 16:36:03,151 - trainer_0 - INFO - Training completed in 3441.58 seconds.
2025-05-29 16:36:03,151 - trainer_0 - INFO - Average throughput: 1743.38 Images/sec
2025-05-29 16:36:03,152 - trainer_0 - INFO - Total processes: 1
2025-05-29 16:36:03,161 - trainer_0 - INFO - Metrics saved to centralized_lars_lr5.0_wd0.0005/centralized_lars_lr5.0_wd0.0005_20250529_153838_metrics.json
2025-05-29 16:36:03,178 - trainer_0 - INFO - Model saved to model_centralized_lars.pth
2025-05-29 16:36:03,178 - trainer_0 - INFO - Generating training plots...
2025-05-29 16:36:06,124 - trainer_0 - INFO - Training complete. Plots generated.
