2025-07-16 14:06:25,391 - trainer_0 - INFO - Started training experiment: centralized_lamb_lr0.0075_wd0.05_batch_size8192_20250716_140625
2025-07-16 14:06:25,392 - trainer_0 - INFO - Log file: centralized_lamb_lr0.0075_wd0.05_batch_size8192/centralized_lamb_lr0.0075_wd0.05_batch_size8192_20250716_140625_rank0.log
2025-07-16 14:06:25,422 - trainer_0 - INFO - Training centralized on device: cuda
2025-07-16 14:06:25,423 - trainer_0 - INFO - Optimizer: LAMB, Epochs: 150, LR: 0.0075
2025-07-16 14:06:28,576 - trainer_0 - INFO - [DEBUG] Train dataset size: 40000 | Expected batches: 5
2025-07-16 14:06:28,697 - trainer_0 - INFO - Scaled LR using sqrt mode to: 0.06
2025-07-16 14:06:28,697 - trainer_0 - INFO - Checking if there is any checkpoint. Resuming False, Checkpoint path: checkpoint.pth
2025-07-16 14:06:50,141 - trainer_0 - INFO - Epoch 1 completed in 21.44s | Average Loss: 4.6294 | train_acc: 0.9675 | val_loss: 4.6058 | val_acc: 0.7400 | lr: 0.0030
2025-07-16 14:07:12,593 - trainer_0 - INFO - Epoch 2 completed in 22.41s | Average Loss: 4.6084 | train_acc: 1.2750 | val_loss: 4.5958 | val_acc: 1.5800 | lr: 0.0060
2025-07-16 14:07:34,384 - trainer_0 - INFO - Epoch 3 completed in 21.75s | Average Loss: 4.5474 | train_acc: 2.7600 | val_loss: 4.5508 | val_acc: 4.6600 | lr: 0.0090
2025-07-16 14:07:56,954 - trainer_0 - INFO - Epoch 4 completed in 22.50s | Average Loss: 4.4298 | train_acc: 4.1700 | val_loss: 4.3598 | val_acc: 5.3200 | lr: 0.0120
2025-07-16 14:08:20,181 - trainer_0 - INFO - Epoch 5 completed in 23.18s | Average Loss: 4.2518 | train_acc: 5.7300 | val_loss: 4.0864 | val_acc: 9.0300 | lr: 0.0150
2025-07-16 14:08:42,028 - trainer_0 - INFO - Epoch 6 completed in 21.80s | Average Loss: 4.0658 | train_acc: 7.8025 | val_loss: 3.8841 | val_acc: 11.4500 | lr: 0.0180
2025-07-16 14:09:04,812 - trainer_0 - INFO - Epoch 7 completed in 22.73s | Average Loss: 3.8762 | train_acc: 10.3225 | val_loss: 3.8333 | val_acc: 12.4100 | lr: 0.0210
2025-07-16 14:09:27,784 - trainer_0 - INFO - Epoch 8 completed in 22.93s | Average Loss: 3.7081 | train_acc: 12.7875 | val_loss: 3.7463 | val_acc: 13.5400 | lr: 0.0240
2025-07-16 14:09:49,514 - trainer_0 - INFO - Epoch 9 completed in 21.68s | Average Loss: 3.5518 | train_acc: 15.4450 | val_loss: 3.7060 | val_acc: 14.1000 | lr: 0.0270
2025-07-16 14:10:12,706 - trainer_0 - INFO - Epoch 10 completed in 23.14s | Average Loss: 3.4374 | train_acc: 17.5500 | val_loss: 3.5447 | val_acc: 17.5600 | lr: 0.0300
2025-07-16 14:10:35,691 - trainer_0 - INFO - Epoch 11 completed in 22.94s | Average Loss: 3.3344 | train_acc: 19.3925 | val_loss: 3.2680 | val_acc: 20.9000 | lr: 0.0330
2025-07-16 14:10:58,171 - trainer_0 - INFO - Epoch 12 completed in 22.41s | Average Loss: 3.2528 | train_acc: 20.7725 | val_loss: 3.4970 | val_acc: 18.8400 | lr: 0.0360
2025-07-16 14:11:21,468 - trainer_0 - INFO - Epoch 13 completed in 23.25s | Average Loss: 3.2189 | train_acc: 21.5475 | val_loss: 3.7625 | val_acc: 17.2100 | lr: 0.0390
2025-07-16 14:11:43,888 - trainer_0 - INFO - Epoch 14 completed in 22.37s | Average Loss: 3.1582 | train_acc: 22.6050 | val_loss: 3.5474 | val_acc: 19.1700 | lr: 0.0420
2025-07-16 14:12:06,509 - trainer_0 - INFO - Epoch 15 completed in 22.56s | Average Loss: 3.1701 | train_acc: 21.7025 | val_loss: 3.7389 | val_acc: 18.1800 | lr: 0.0450
2025-07-16 14:12:29,858 - trainer_0 - INFO - Epoch 16 completed in 23.30s | Average Loss: 3.1599 | train_acc: 22.0000 | val_loss: 3.7106 | val_acc: 17.1100 | lr: 0.0480
2025-07-16 14:12:51,956 - trainer_0 - INFO - Epoch 17 completed in 22.05s | Average Loss: 3.1611 | train_acc: 21.8050 | val_loss: 4.0542 | val_acc: 15.8100 | lr: 0.0510
2025-07-16 14:13:14,968 - trainer_0 - INFO - Epoch 18 completed in 22.94s | Average Loss: 3.1659 | train_acc: 21.7400 | val_loss: 4.8800 | val_acc: 10.5600 | lr: 0.0540
2025-07-16 14:13:38,496 - trainer_0 - INFO - Epoch 19 completed in 23.48s | Average Loss: 3.1575 | train_acc: 22.1125 | val_loss: 4.4953 | val_acc: 14.5000 | lr: 0.0570
2025-07-16 14:14:00,448 - trainer_0 - INFO - Epoch 20 completed in 21.91s | Average Loss: 3.2351 | train_acc: 21.1525 | val_loss: 4.8601 | val_acc: 12.0000 | lr: 0.0600
2025-07-16 14:14:23,872 - trainer_0 - INFO - Epoch 21 completed in 23.38s | Average Loss: 3.3158 | train_acc: 19.5900 | val_loss: 5.1860 | val_acc: 11.8500 | lr: 0.0600
2025-07-16 14:14:47,244 - trainer_0 - INFO - Epoch 22 completed in 23.32s | Average Loss: 3.2655 | train_acc: 20.0400 | val_loss: 5.4353 | val_acc: 9.8700 | lr: 0.0600
2025-07-16 14:15:09,510 - trainer_0 - INFO - Epoch 23 completed in 22.22s | Average Loss: 3.3251 | train_acc: 19.7050 | val_loss: 5.0736 | val_acc: 8.4200 | lr: 0.0599
2025-07-16 14:15:32,790 - trainer_0 - INFO - Epoch 24 completed in 23.23s | Average Loss: 3.3892 | train_acc: 18.2150 | val_loss: 4.5698 | val_acc: 11.4800 | lr: 0.0599
2025-07-16 14:15:56,167 - trainer_0 - INFO - Epoch 25 completed in 23.33s | Average Loss: 3.3404 | train_acc: 18.9150 | val_loss: 5.9280 | val_acc: 10.8300 | lr: 0.0598
2025-07-16 14:16:18,170 - trainer_0 - INFO - Epoch 26 completed in 21.95s | Average Loss: 3.3462 | train_acc: 18.7575 | val_loss: 4.0800 | val_acc: 14.7400 | lr: 0.0597
2025-07-16 14:16:41,269 - trainer_0 - INFO - Epoch 27 completed in 23.05s | Average Loss: 3.3784 | train_acc: 18.4450 | val_loss: 3.9245 | val_acc: 16.3800 | lr: 0.0596
2025-07-16 14:17:04,050 - trainer_0 - INFO - Epoch 28 completed in 22.73s | Average Loss: 3.3501 | train_acc: 18.7725 | val_loss: 3.8779 | val_acc: 14.3600 | lr: 0.0594
2025-07-16 14:17:25,888 - trainer_0 - INFO - Epoch 29 completed in 21.77s | Average Loss: 3.3982 | train_acc: 17.6950 | val_loss: 5.4674 | val_acc: 8.6400 | lr: 0.0593
2025-07-16 14:17:49,113 - trainer_0 - INFO - Epoch 30 completed in 23.18s | Average Loss: 3.4203 | train_acc: 17.3175 | val_loss: 3.5918 | val_acc: 15.9500 | lr: 0.0591
2025-07-16 14:18:11,902 - trainer_0 - INFO - Epoch 31 completed in 22.74s | Average Loss: 3.4767 | train_acc: 16.6650 | val_loss: 4.1485 | val_acc: 10.1300 | lr: 0.0589
2025-07-16 14:18:34,064 - trainer_0 - INFO - Epoch 32 completed in 22.09s | Average Loss: 3.6041 | train_acc: 14.6600 | val_loss: 3.9223 | val_acc: 13.0000 | lr: 0.0587
2025-07-16 14:18:56,863 - trainer_0 - INFO - Epoch 33 completed in 22.75s | Average Loss: 3.5781 | train_acc: 14.7900 | val_loss: 4.1336 | val_acc: 10.3300 | lr: 0.0585
2025-07-16 14:19:18,626 - trainer_0 - INFO - Epoch 34 completed in 21.72s | Average Loss: 3.6201 | train_acc: 14.1600 | val_loss: 3.9682 | val_acc: 9.5100 | lr: 0.0583
2025-07-16 14:19:41,645 - trainer_0 - INFO - Epoch 35 completed in 22.96s | Average Loss: 3.6640 | train_acc: 13.5850 | val_loss: 4.1802 | val_acc: 7.0500 | lr: 0.0581
2025-07-16 14:20:04,506 - trainer_0 - INFO - Epoch 36 completed in 22.81s | Average Loss: 3.6177 | train_acc: 14.2450 | val_loss: 4.5036 | val_acc: 4.0400 | lr: 0.0578
2025-07-16 14:20:26,217 - trainer_0 - INFO - Epoch 37 completed in 21.66s | Average Loss: 3.6096 | train_acc: 14.1275 | val_loss: 4.2481 | val_acc: 6.5900 | lr: 0.0575
2025-07-16 14:20:49,225 - trainer_0 - INFO - Epoch 38 completed in 22.96s | Average Loss: 3.4659 | train_acc: 16.4750 | val_loss: 4.2943 | val_acc: 5.7300 | lr: 0.0572
2025-07-16 14:21:11,458 - trainer_0 - INFO - Epoch 39 completed in 22.19s | Average Loss: 3.4194 | train_acc: 17.2375 | val_loss: 4.1856 | val_acc: 6.7300 | lr: 0.0569
2025-07-16 14:21:33,278 - trainer_0 - INFO - Epoch 40 completed in 21.76s | Average Loss: 3.3845 | train_acc: 17.5825 | val_loss: 3.4890 | val_acc: 16.2600 | lr: 0.0566
2025-07-16 14:21:56,150 - trainer_0 - INFO - Epoch 41 completed in 22.82s | Average Loss: 3.4281 | train_acc: 16.8200 | val_loss: 3.5609 | val_acc: 16.0800 | lr: 0.0562
2025-07-16 14:22:17,879 - trainer_0 - INFO - Epoch 42 completed in 21.68s | Average Loss: 3.5683 | train_acc: 14.7625 | val_loss: 3.6892 | val_acc: 14.5700 | lr: 0.0559
2025-07-16 14:22:40,562 - trainer_0 - INFO - Epoch 43 completed in 22.62s | Average Loss: 3.5362 | train_acc: 14.9450 | val_loss: 3.6579 | val_acc: 14.3200 | lr: 0.0555
2025-07-16 14:23:03,324 - trainer_0 - INFO - Epoch 44 completed in 22.71s | Average Loss: 3.5561 | train_acc: 14.6650 | val_loss: 3.6207 | val_acc: 14.4300 | lr: 0.0551
2025-07-16 14:23:24,654 - trainer_0 - INFO - Epoch 45 completed in 21.28s | Average Loss: 3.5441 | train_acc: 14.8075 | val_loss: 3.5853 | val_acc: 14.6800 | lr: 0.0547
2025-07-16 14:23:47,288 - trainer_0 - INFO - Epoch 46 completed in 22.59s | Average Loss: 3.4924 | train_acc: 15.7250 | val_loss: 3.5375 | val_acc: 16.6800 | lr: 0.0543
2025-07-16 14:24:09,268 - trainer_0 - INFO - Epoch 47 completed in 21.93s | Average Loss: 3.4329 | train_acc: 16.5825 | val_loss: 3.3391 | val_acc: 19.7600 | lr: 0.0538
2025-07-16 14:24:31,329 - trainer_0 - INFO - Epoch 48 completed in 21.99s | Average Loss: 3.4402 | train_acc: 16.8050 | val_loss: 3.5331 | val_acc: 15.8300 | lr: 0.0534
2025-07-16 14:24:54,440 - trainer_0 - INFO - Epoch 49 completed in 23.06s | Average Loss: 3.4014 | train_acc: 17.1275 | val_loss: 3.6082 | val_acc: 15.8600 | lr: 0.0529
2025-07-16 14:25:16,223 - trainer_0 - INFO - Epoch 50 completed in 21.74s | Average Loss: 3.4470 | train_acc: 15.9775 | val_loss: 3.4342 | val_acc: 18.0600 | lr: 0.0525
2025-07-16 14:25:39,397 - trainer_0 - INFO - Epoch 51 completed in 23.13s | Average Loss: 3.4393 | train_acc: 16.3250 | val_loss: 3.7119 | val_acc: 13.2000 | lr: 0.0520
2025-07-16 14:26:02,393 - trainer_0 - INFO - Epoch 52 completed in 22.95s | Average Loss: 3.4754 | train_acc: 15.6500 | val_loss: 3.6611 | val_acc: 13.0900 | lr: 0.0515
2025-07-16 14:26:24,190 - trainer_0 - INFO - Epoch 53 completed in 21.75s | Average Loss: 3.4186 | train_acc: 17.1525 | val_loss: 3.4528 | val_acc: 16.8800 | lr: 0.0510
2025-07-16 14:26:46,761 - trainer_0 - INFO - Epoch 54 completed in 22.53s | Average Loss: 3.3506 | train_acc: 18.0125 | val_loss: 3.3805 | val_acc: 18.9300 | lr: 0.0504
2025-07-16 14:27:08,795 - trainer_0 - INFO - Epoch 55 completed in 21.99s | Average Loss: 3.4176 | train_acc: 17.3750 | val_loss: 3.2295 | val_acc: 20.8500 | lr: 0.0499
2025-07-16 14:27:30,211 - trainer_0 - INFO - Epoch 56 completed in 21.35s | Average Loss: 3.3141 | train_acc: 18.8050 | val_loss: 3.1805 | val_acc: 21.7500 | lr: 0.0493
2025-07-16 14:27:52,851 - trainer_0 - INFO - Epoch 57 completed in 22.59s | Average Loss: 3.2753 | train_acc: 19.3125 | val_loss: 3.6730 | val_acc: 15.1000 | lr: 0.0488
2025-07-16 14:28:14,342 - trainer_0 - INFO - Epoch 58 completed in 21.44s | Average Loss: 3.2827 | train_acc: 19.1300 | val_loss: 3.2890 | val_acc: 17.8800 | lr: 0.0482
2025-07-16 14:28:36,805 - trainer_0 - INFO - Epoch 59 completed in 22.40s | Average Loss: 3.2872 | train_acc: 19.3150 | val_loss: 3.4681 | val_acc: 17.7800 | lr: 0.0476
2025-07-16 14:28:59,107 - trainer_0 - INFO - Epoch 60 completed in 22.25s | Average Loss: 3.2620 | train_acc: 19.1025 | val_loss: 3.1188 | val_acc: 22.5700 | lr: 0.0470
2025-07-16 14:29:20,508 - trainer_0 - INFO - Epoch 61 completed in 21.34s | Average Loss: 3.2304 | train_acc: 20.3775 | val_loss: 3.0939 | val_acc: 23.9300 | lr: 0.0464
2025-07-16 14:29:43,079 - trainer_0 - INFO - Epoch 62 completed in 22.52s | Average Loss: 3.1475 | train_acc: 22.1400 | val_loss: 3.0469 | val_acc: 24.5500 | lr: 0.0458
2025-07-16 14:30:04,472 - trainer_0 - INFO - Epoch 63 completed in 21.34s | Average Loss: 3.1043 | train_acc: 22.9350 | val_loss: 2.9863 | val_acc: 24.8700 | lr: 0.0452
2025-07-16 14:30:27,329 - trainer_0 - INFO - Epoch 64 completed in 22.81s | Average Loss: 3.0709 | train_acc: 23.0975 | val_loss: 3.2784 | val_acc: 20.4000 | lr: 0.0446
2025-07-16 14:30:49,973 - trainer_0 - INFO - Epoch 65 completed in 22.59s | Average Loss: 3.1380 | train_acc: 21.8375 | val_loss: 3.1610 | val_acc: 21.9000 | lr: 0.0439
2025-07-16 14:31:11,777 - trainer_0 - INFO - Epoch 66 completed in 21.76s | Average Loss: 3.2308 | train_acc: 20.2425 | val_loss: 3.1649 | val_acc: 23.4000 | lr: 0.0433
2025-07-16 14:31:34,398 - trainer_0 - INFO - Epoch 67 completed in 22.57s | Average Loss: 3.1683 | train_acc: 21.3025 | val_loss: 3.1332 | val_acc: 23.0300 | lr: 0.0426
2025-07-16 14:31:56,565 - trainer_0 - INFO - Epoch 68 completed in 22.12s | Average Loss: 3.1817 | train_acc: 21.0050 | val_loss: 3.0320 | val_acc: 24.2000 | lr: 0.0420
2025-07-16 14:32:18,536 - trainer_0 - INFO - Epoch 69 completed in 21.91s | Average Loss: 3.0722 | train_acc: 23.1450 | val_loss: 2.9646 | val_acc: 26.6500 | lr: 0.0413
2025-07-16 14:32:41,280 - trainer_0 - INFO - Epoch 70 completed in 22.70s | Average Loss: 2.9811 | train_acc: 24.7250 | val_loss: 3.2501 | val_acc: 21.2900 | lr: 0.0406
2025-07-16 14:33:02,828 - trainer_0 - INFO - Epoch 71 completed in 21.50s | Average Loss: 2.9957 | train_acc: 24.7400 | val_loss: 3.1564 | val_acc: 23.7200 | lr: 0.0400
2025-07-16 14:33:25,641 - trainer_0 - INFO - Epoch 72 completed in 22.76s | Average Loss: 2.9819 | train_acc: 24.9900 | val_loss: 3.1283 | val_acc: 22.7400 | lr: 0.0393
2025-07-16 14:33:48,020 - trainer_0 - INFO - Epoch 73 completed in 22.33s | Average Loss: 3.0351 | train_acc: 23.7775 | val_loss: 3.2237 | val_acc: 22.1100 | lr: 0.0386
2025-07-16 14:34:09,405 - trainer_0 - INFO - Epoch 74 completed in 21.31s | Average Loss: 3.0377 | train_acc: 23.5625 | val_loss: 3.1777 | val_acc: 22.2000 | lr: 0.0379
2025-07-16 14:34:32,457 - trainer_0 - INFO - Epoch 75 completed in 23.01s | Average Loss: 2.9738 | train_acc: 25.1175 | val_loss: 3.3103 | val_acc: 22.0300 | lr: 0.0372
2025-07-16 14:34:54,755 - trainer_0 - INFO - Epoch 76 completed in 22.24s | Average Loss: 2.9488 | train_acc: 25.2575 | val_loss: 3.3086 | val_acc: 20.1600 | lr: 0.0365
2025-07-16 14:35:17,758 - trainer_0 - INFO - Epoch 77 completed in 22.94s | Average Loss: 2.9270 | train_acc: 26.1350 | val_loss: 2.9044 | val_acc: 26.6200 | lr: 0.0358
2025-07-16 14:35:40,806 - trainer_0 - INFO - Epoch 78 completed in 23.00s | Average Loss: 2.8319 | train_acc: 27.7925 | val_loss: 2.8982 | val_acc: 26.7700 | lr: 0.0351
2025-07-16 14:36:02,839 - trainer_0 - INFO - Epoch 79 completed in 21.99s | Average Loss: 2.8368 | train_acc: 27.9575 | val_loss: 2.9128 | val_acc: 27.6500 | lr: 0.0343
2025-07-16 14:36:26,108 - trainer_0 - INFO - Epoch 80 completed in 23.20s | Average Loss: 2.8148 | train_acc: 28.3475 | val_loss: 3.0358 | val_acc: 25.0600 | lr: 0.0336
2025-07-16 14:36:49,663 - trainer_0 - INFO - Epoch 81 completed in 23.50s | Average Loss: 2.8344 | train_acc: 27.9800 | val_loss: 3.4004 | val_acc: 20.6200 | lr: 0.0329
2025-07-16 14:37:11,656 - trainer_0 - INFO - Epoch 82 completed in 21.95s | Average Loss: 2.7930 | train_acc: 28.6775 | val_loss: 2.6866 | val_acc: 31.2900 | lr: 0.0322
2025-07-16 14:37:34,955 - trainer_0 - INFO - Epoch 83 completed in 23.25s | Average Loss: 2.7151 | train_acc: 30.2700 | val_loss: 2.8648 | val_acc: 29.3600 | lr: 0.0314
2025-07-16 14:37:58,252 - trainer_0 - INFO - Epoch 84 completed in 23.25s | Average Loss: 2.6906 | train_acc: 30.6800 | val_loss: 2.6592 | val_acc: 32.6500 | lr: 0.0307
2025-07-16 14:38:19,948 - trainer_0 - INFO - Epoch 85 completed in 21.65s | Average Loss: 2.6609 | train_acc: 31.3325 | val_loss: 2.5757 | val_acc: 33.7300 | lr: 0.0300
2025-07-16 14:38:42,647 - trainer_0 - INFO - Epoch 86 completed in 22.65s | Average Loss: 2.6461 | train_acc: 31.5875 | val_loss: 2.6970 | val_acc: 30.9900 | lr: 0.0293
2025-07-16 14:39:05,421 - trainer_0 - INFO - Epoch 87 completed in 22.73s | Average Loss: 2.6620 | train_acc: 31.2825 | val_loss: 2.8556 | val_acc: 29.1800 | lr: 0.0286
2025-07-16 14:39:27,216 - trainer_0 - INFO - Epoch 88 completed in 21.73s | Average Loss: 2.6404 | train_acc: 31.9175 | val_loss: 2.7650 | val_acc: 30.8000 | lr: 0.0278
2025-07-16 14:39:50,019 - trainer_0 - INFO - Epoch 89 completed in 22.75s | Average Loss: 2.5881 | train_acc: 33.1100 | val_loss: 2.6750 | val_acc: 31.9300 | lr: 0.0271
2025-07-16 14:40:12,046 - trainer_0 - INFO - Epoch 90 completed in 21.97s | Average Loss: 2.5409 | train_acc: 33.8350 | val_loss: 2.7067 | val_acc: 31.6000 | lr: 0.0264
2025-07-16 14:40:35,147 - trainer_0 - INFO - Epoch 91 completed in 23.04s | Average Loss: 2.5342 | train_acc: 34.1950 | val_loss: 2.5408 | val_acc: 33.6500 | lr: 0.0257
2025-07-16 14:40:58,136 - trainer_0 - INFO - Epoch 92 completed in 22.94s | Average Loss: 2.5184 | train_acc: 34.4050 | val_loss: 2.4393 | val_acc: 36.8500 | lr: 0.0249
2025-07-16 14:41:19,523 - trainer_0 - INFO - Epoch 93 completed in 21.34s | Average Loss: 2.5123 | train_acc: 34.2075 | val_loss: 2.3539 | val_acc: 37.6200 | lr: 0.0242
2025-07-16 14:41:42,209 - trainer_0 - INFO - Epoch 94 completed in 22.64s | Average Loss: 2.4597 | train_acc: 35.2675 | val_loss: 2.5250 | val_acc: 34.8600 | lr: 0.0235
2025-07-16 14:42:04,297 - trainer_0 - INFO - Epoch 95 completed in 22.04s | Average Loss: 2.4267 | train_acc: 36.1775 | val_loss: 2.3773 | val_acc: 38.0400 | lr: 0.0228
2025-07-16 14:42:26,575 - trainer_0 - INFO - Epoch 96 completed in 22.21s | Average Loss: 2.3884 | train_acc: 36.8200 | val_loss: 2.3594 | val_acc: 38.1300 | lr: 0.0221
2025-07-16 14:42:49,705 - trainer_0 - INFO - Epoch 97 completed in 23.08s | Average Loss: 2.3790 | train_acc: 37.3875 | val_loss: 2.3098 | val_acc: 38.4200 | lr: 0.0214
2025-07-16 14:43:11,619 - trainer_0 - INFO - Epoch 98 completed in 21.87s | Average Loss: 2.3835 | train_acc: 37.4225 | val_loss: 2.3279 | val_acc: 38.9000 | lr: 0.0207
2025-07-16 14:43:34,849 - trainer_0 - INFO - Epoch 99 completed in 23.18s | Average Loss: 2.3335 | train_acc: 38.3150 | val_loss: 2.4306 | val_acc: 36.9100 | lr: 0.0200
2025-07-16 14:43:58,131 - trainer_0 - INFO - Epoch 100 completed in 23.24s | Average Loss: 2.3105 | train_acc: 38.5575 | val_loss: 2.2583 | val_acc: 40.8400 | lr: 0.0194
2025-07-16 14:44:19,677 - trainer_0 - INFO - Epoch 101 completed in 21.50s | Average Loss: 2.3068 | train_acc: 38.9550 | val_loss: 2.3334 | val_acc: 37.8400 | lr: 0.0187
2025-07-16 14:44:42,582 - trainer_0 - INFO - Epoch 102 completed in 22.86s | Average Loss: 2.2479 | train_acc: 40.2650 | val_loss: 2.2216 | val_acc: 41.3900 | lr: 0.0180
2025-07-16 14:45:04,707 - trainer_0 - INFO - Epoch 103 completed in 22.08s | Average Loss: 2.2226 | train_acc: 40.7850 | val_loss: 2.1558 | val_acc: 42.0100 | lr: 0.0174
2025-07-16 14:45:26,798 - trainer_0 - INFO - Epoch 104 completed in 22.02s | Average Loss: 2.2079 | train_acc: 41.0325 | val_loss: 2.1569 | val_acc: 41.4500 | lr: 0.0167
2025-07-16 14:45:49,792 - trainer_0 - INFO - Epoch 105 completed in 22.95s | Average Loss: 2.1824 | train_acc: 41.4900 | val_loss: 2.1768 | val_acc: 41.8500 | lr: 0.0161
2025-07-16 14:46:11,816 - trainer_0 - INFO - Epoch 106 completed in 21.98s | Average Loss: 2.1921 | train_acc: 41.1100 | val_loss: 2.1901 | val_acc: 42.2900 | lr: 0.0154
2025-07-16 14:46:34,372 - trainer_0 - INFO - Epoch 107 completed in 22.49s | Average Loss: 2.1760 | train_acc: 41.4850 | val_loss: 2.1496 | val_acc: 43.2400 | lr: 0.0148
2025-07-16 14:46:56,959 - trainer_0 - INFO - Epoch 108 completed in 22.54s | Average Loss: 2.1559 | train_acc: 42.0550 | val_loss: 2.4306 | val_acc: 39.2000 | lr: 0.0142
2025-07-16 14:47:18,251 - trainer_0 - INFO - Epoch 109 completed in 21.24s | Average Loss: 2.1331 | train_acc: 42.6950 | val_loss: 2.0881 | val_acc: 43.9200 | lr: 0.0136
2025-07-16 14:47:40,762 - trainer_0 - INFO - Epoch 110 completed in 22.47s | Average Loss: 2.0906 | train_acc: 43.8100 | val_loss: 2.0489 | val_acc: 44.9200 | lr: 0.0130
2025-07-16 14:48:02,500 - trainer_0 - INFO - Epoch 111 completed in 21.69s | Average Loss: 2.0791 | train_acc: 44.0050 | val_loss: 2.1017 | val_acc: 45.0200 | lr: 0.0124
2025-07-16 14:48:24,395 - trainer_0 - INFO - Epoch 112 completed in 21.83s | Average Loss: 2.0629 | train_acc: 44.1325 | val_loss: 2.0665 | val_acc: 44.8000 | lr: 0.0118
2025-07-16 14:48:47,300 - trainer_0 - INFO - Epoch 113 completed in 22.85s | Average Loss: 2.0252 | train_acc: 44.9900 | val_loss: 1.9926 | val_acc: 46.6700 | lr: 0.0112
2025-07-16 14:49:08,656 - trainer_0 - INFO - Epoch 114 completed in 21.31s | Average Loss: 2.0200 | train_acc: 45.2000 | val_loss: 2.0389 | val_acc: 45.8100 | lr: 0.0107
2025-07-16 14:49:31,039 - trainer_0 - INFO - Epoch 115 completed in 22.33s | Average Loss: 2.0160 | train_acc: 45.2150 | val_loss: 2.1715 | val_acc: 43.2200 | lr: 0.0101
2025-07-16 14:49:53,506 - trainer_0 - INFO - Epoch 116 completed in 22.42s | Average Loss: 2.0115 | train_acc: 45.2900 | val_loss: 1.9639 | val_acc: 46.2800 | lr: 0.0096
2025-07-16 14:50:15,129 - trainer_0 - INFO - Epoch 117 completed in 21.56s | Average Loss: 1.9867 | train_acc: 46.0800 | val_loss: 1.9176 | val_acc: 48.1800 | lr: 0.0090
2025-07-16 14:50:37,923 - trainer_0 - INFO - Epoch 118 completed in 22.75s | Average Loss: 1.9572 | train_acc: 46.5250 | val_loss: 1.9514 | val_acc: 47.4200 | lr: 0.0085
2025-07-16 14:50:59,531 - trainer_0 - INFO - Epoch 119 completed in 21.56s | Average Loss: 1.9532 | train_acc: 46.3250 | val_loss: 1.9308 | val_acc: 47.7300 | lr: 0.0080
2025-07-16 14:51:22,209 - trainer_0 - INFO - Epoch 120 completed in 22.63s | Average Loss: 1.9351 | train_acc: 47.0900 | val_loss: 1.8882 | val_acc: 48.3500 | lr: 0.0075
2025-07-16 14:51:44,529 - trainer_0 - INFO - Epoch 121 completed in 22.27s | Average Loss: 1.9289 | train_acc: 47.2275 | val_loss: 1.9005 | val_acc: 48.6400 | lr: 0.0071
2025-07-16 14:52:05,482 - trainer_0 - INFO - Epoch 122 completed in 20.91s | Average Loss: 1.9149 | train_acc: 47.4125 | val_loss: 1.8835 | val_acc: 48.2600 | lr: 0.0066
2025-07-16 14:52:27,907 - trainer_0 - INFO - Epoch 123 completed in 22.38s | Average Loss: 1.8966 | train_acc: 47.9850 | val_loss: 1.8533 | val_acc: 49.3500 | lr: 0.0062
2025-07-16 14:52:49,328 - trainer_0 - INFO - Epoch 124 completed in 21.38s | Average Loss: 1.8788 | train_acc: 48.4350 | val_loss: 1.8458 | val_acc: 49.1300 | lr: 0.0057
2025-07-16 14:53:11,927 - trainer_0 - INFO - Epoch 125 completed in 22.53s | Average Loss: 1.8754 | train_acc: 48.0675 | val_loss: 1.8515 | val_acc: 48.9200 | lr: 0.0053
2025-07-16 14:53:33,983 - trainer_0 - INFO - Epoch 126 completed in 22.01s | Average Loss: 1.8684 | train_acc: 48.7250 | val_loss: 1.8473 | val_acc: 49.3500 | lr: 0.0049
2025-07-16 14:53:55,244 - trainer_0 - INFO - Epoch 127 completed in 21.19s | Average Loss: 1.8572 | train_acc: 48.8950 | val_loss: 1.8646 | val_acc: 48.8300 | lr: 0.0045
2025-07-16 14:54:17,718 - trainer_0 - INFO - Epoch 128 completed in 22.43s | Average Loss: 1.8551 | train_acc: 49.0950 | val_loss: 1.8336 | val_acc: 49.9600 | lr: 0.0041
2025-07-16 14:54:39,219 - trainer_0 - INFO - Epoch 129 completed in 21.45s | Average Loss: 1.8366 | train_acc: 49.2725 | val_loss: 1.8168 | val_acc: 50.6200 | lr: 0.0038
2025-07-16 14:55:01,838 - trainer_0 - INFO - Epoch 130 completed in 22.56s | Average Loss: 1.8349 | train_acc: 49.2775 | val_loss: 1.8177 | val_acc: 50.6800 | lr: 0.0034
2025-07-16 14:55:24,259 - trainer_0 - INFO - Epoch 131 completed in 22.37s | Average Loss: 1.8277 | train_acc: 49.8750 | val_loss: 1.8294 | val_acc: 50.5200 | lr: 0.0031
2025-07-16 14:55:45,325 - trainer_0 - INFO - Epoch 132 completed in 21.02s | Average Loss: 1.8152 | train_acc: 49.6150 | val_loss: 1.8010 | val_acc: 49.9200 | lr: 0.0028
2025-07-16 14:56:07,710 - trainer_0 - INFO - Epoch 133 completed in 22.34s | Average Loss: 1.8077 | train_acc: 49.8525 | val_loss: 1.8055 | val_acc: 51.1100 | lr: 0.0025
2025-07-16 14:56:28,938 - trainer_0 - INFO - Epoch 134 completed in 21.18s | Average Loss: 1.8112 | train_acc: 49.6425 | val_loss: 1.7813 | val_acc: 51.1700 | lr: 0.0022
2025-07-16 14:56:51,392 - trainer_0 - INFO - Epoch 135 completed in 22.39s | Average Loss: 1.8027 | train_acc: 50.1650 | val_loss: 1.7852 | val_acc: 50.3500 | lr: 0.0019
2025-07-16 14:57:13,387 - trainer_0 - INFO - Epoch 136 completed in 21.94s | Average Loss: 1.8030 | train_acc: 50.2725 | val_loss: 1.7845 | val_acc: 50.9600 | lr: 0.0017
2025-07-16 14:57:34,105 - trainer_0 - INFO - Epoch 137 completed in 20.67s | Average Loss: 1.7880 | train_acc: 50.5525 | val_loss: 1.7700 | val_acc: 51.0800 | lr: 0.0015
2025-07-16 14:57:56,650 - trainer_0 - INFO - Epoch 138 completed in 22.50s | Average Loss: 1.7838 | train_acc: 50.4975 | val_loss: 1.7808 | val_acc: 51.1700 | lr: 0.0013
2025-07-16 14:58:17,976 - trainer_0 - INFO - Epoch 139 completed in 21.28s | Average Loss: 1.7791 | train_acc: 50.6675 | val_loss: 1.7718 | val_acc: 51.4000 | lr: 0.0011
2025-07-16 14:58:40,229 - trainer_0 - INFO - Epoch 140 completed in 22.20s | Average Loss: 1.7763 | train_acc: 50.5400 | val_loss: 1.7652 | val_acc: 51.0100 | lr: 0.0009
2025-07-16 14:59:02,176 - trainer_0 - INFO - Epoch 141 completed in 21.90s | Average Loss: 1.7775 | train_acc: 50.4325 | val_loss: 1.7694 | val_acc: 51.5000 | lr: 0.0007
2025-07-16 14:59:23,168 - trainer_0 - INFO - Epoch 142 completed in 20.91s | Average Loss: 1.7712 | train_acc: 51.0350 | val_loss: 1.7648 | val_acc: 51.7800 | lr: 0.0006
2025-07-16 14:59:45,598 - trainer_0 - INFO - Epoch 143 completed in 22.39s | Average Loss: 1.7814 | train_acc: 50.3575 | val_loss: 1.7584 | val_acc: 51.8800 | lr: 0.0004
2025-07-16 15:00:06,850 - trainer_0 - INFO - Epoch 144 completed in 21.21s | Average Loss: 1.7708 | train_acc: 50.7850 | val_loss: 1.7671 | val_acc: 51.5100 | lr: 0.0003
2025-07-16 15:00:29,155 - trainer_0 - INFO - Epoch 145 completed in 22.25s | Average Loss: 1.7718 | train_acc: 50.8975 | val_loss: 1.7681 | val_acc: 51.5600 | lr: 0.0002
2025-07-16 15:00:51,701 - trainer_0 - INFO - Epoch 146 completed in 22.50s | Average Loss: 1.7662 | train_acc: 51.0450 | val_loss: 1.7517 | val_acc: 52.0000 | lr: 0.0001
2025-07-16 15:01:13,051 - trainer_0 - INFO - Epoch 147 completed in 21.28s | Average Loss: 1.7641 | train_acc: 51.2425 | val_loss: 1.7672 | val_acc: 51.5400 | lr: 0.0001
2025-07-16 15:01:35,641 - trainer_0 - INFO - Epoch 148 completed in 22.54s | Average Loss: 1.7679 | train_acc: 50.9825 | val_loss: 1.7615 | val_acc: 51.3900 | lr: 0.0000
2025-07-16 15:01:57,108 - trainer_0 - INFO - Epoch 149 completed in 21.42s | Average Loss: 1.7546 | train_acc: 51.2550 | val_loss: 1.7515 | val_acc: 51.8500 | lr: 0.0000
2025-07-16 15:02:19,513 - trainer_0 - INFO - Epoch 150 completed in 22.35s | Average Loss: 1.7573 | train_acc: 51.2525 | val_loss: 1.7699 | val_acc: 52.0100 | lr: 0.0000
2025-07-16 15:02:19,561 - trainer_0 - INFO - Training completed in 3350.86 seconds.
2025-07-16 15:02:19,561 - trainer_0 - INFO - Average throughput: 1790.58 Images/sec
2025-07-16 15:02:19,561 - trainer_0 - INFO - Total processes: 1
2025-07-16 15:02:19,572 - trainer_0 - INFO - Metrics saved to centralized_lamb_lr0.0075_wd0.05_batch_size8192/centralized_lamb_lr0.0075_wd0.05_batch_size8192_20250716_140625_metrics_rank0.json
2025-07-16 15:02:19,589 - trainer_0 - INFO - Model saved to model_centralized_lamb.pth
2025-07-16 15:02:19,589 - trainer_0 - INFO - Generating training plots...
2025-07-16 15:02:21,747 - trainer_0 - INFO - Training complete. Plots generated.
