2025-06-09 22:28:35,880 - trainer_0 - INFO - Started training experiment: centralized_lamb_lr0.0075_wd0.05_batch_size8192_20250609_222835
2025-06-09 22:28:35,881 - trainer_0 - INFO - Log file: centralized_lamb_lr0.0075_wd0.05_batch_size8192/centralized_lamb_lr0.0075_wd0.05_batch_size8192_20250609_222835_rank0.log
2025-06-09 22:28:35,922 - trainer_0 - INFO - Training centralized on device: cuda
2025-06-09 22:28:35,923 - trainer_0 - INFO - Optimizer: LAMB, Epochs: 150, LR: 0.0075
2025-06-09 22:28:44,231 - trainer_0 - INFO - [DEBUG] Train dataset size: 40000 | Expected batches: 5
2025-06-09 22:28:44,506 - trainer_0 - INFO - Scaled LR using sqrt mode to: 0.06
2025-06-09 22:28:44,507 - trainer_0 - INFO - Checking if there is any checkpoint. Resuming False, Checkpoint path: checkpoint.pth
2025-06-09 22:29:10,668 - trainer_0 - INFO - Epoch 1 completed in 26.16s | Average Loss: 4.6268 | train_acc: 1.1225 | val_loss: 4.6061 | val_acc: 1.2600 | lr: 0.0030
2025-06-09 22:29:33,248 - trainer_0 - INFO - Epoch 2 completed in 22.54s | Average Loss: 4.6049 | train_acc: 1.4150 | val_loss: 4.5978 | val_acc: 1.8700 | lr: 0.0060
2025-06-09 22:29:54,692 - trainer_0 - INFO - Epoch 3 completed in 21.39s | Average Loss: 4.5378 | train_acc: 3.1100 | val_loss: 4.5529 | val_acc: 6.1000 | lr: 0.0090
2025-06-09 22:30:17,038 - trainer_0 - INFO - Epoch 4 completed in 22.30s | Average Loss: 4.3991 | train_acc: 4.8050 | val_loss: 4.3360 | val_acc: 6.5500 | lr: 0.0120
2025-06-09 22:30:38,913 - trainer_0 - INFO - Epoch 5 completed in 21.83s | Average Loss: 4.2089 | train_acc: 6.3650 | val_loss: 4.0292 | val_acc: 9.4800 | lr: 0.0150
2025-06-09 22:31:00,869 - trainer_0 - INFO - Epoch 6 completed in 21.89s | Average Loss: 4.0304 | train_acc: 8.5525 | val_loss: 3.8446 | val_acc: 10.9300 | lr: 0.0180
2025-06-09 22:31:23,750 - trainer_0 - INFO - Epoch 7 completed in 22.84s | Average Loss: 3.8560 | train_acc: 10.4950 | val_loss: 3.8609 | val_acc: 10.9400 | lr: 0.0210
2025-06-09 22:31:46,554 - trainer_0 - INFO - Epoch 8 completed in 22.76s | Average Loss: 3.6926 | train_acc: 13.2100 | val_loss: 3.5897 | val_acc: 15.0000 | lr: 0.0240
2025-06-09 22:32:08,846 - trainer_0 - INFO - Epoch 9 completed in 22.22s | Average Loss: 3.5478 | train_acc: 15.5150 | val_loss: 3.5817 | val_acc: 16.0900 | lr: 0.0270
2025-06-09 22:32:31,783 - trainer_0 - INFO - Epoch 10 completed in 22.89s | Average Loss: 3.4512 | train_acc: 17.2750 | val_loss: 3.6945 | val_acc: 16.0500 | lr: 0.0300
2025-06-09 22:32:52,915 - trainer_0 - INFO - Epoch 11 completed in 21.09s | Average Loss: 3.3595 | train_acc: 18.6250 | val_loss: 3.5990 | val_acc: 16.9500 | lr: 0.0330
2025-06-09 22:33:15,680 - trainer_0 - INFO - Epoch 12 completed in 22.72s | Average Loss: 3.2856 | train_acc: 20.2300 | val_loss: 3.9464 | val_acc: 14.3300 | lr: 0.0360
2025-06-09 22:33:37,985 - trainer_0 - INFO - Epoch 13 completed in 22.26s | Average Loss: 3.2625 | train_acc: 20.6525 | val_loss: 4.3612 | val_acc: 14.4800 | lr: 0.0390
2025-06-09 22:34:00,435 - trainer_0 - INFO - Epoch 14 completed in 22.38s | Average Loss: 3.2280 | train_acc: 20.7900 | val_loss: 3.7110 | val_acc: 16.8600 | lr: 0.0420
2025-06-09 22:34:24,053 - trainer_0 - INFO - Epoch 15 completed in 23.57s | Average Loss: 3.1876 | train_acc: 21.3600 | val_loss: 3.8931 | val_acc: 14.8500 | lr: 0.0450
2025-06-09 22:34:49,060 - trainer_0 - INFO - Epoch 16 completed in 24.96s | Average Loss: 3.1944 | train_acc: 21.6800 | val_loss: 4.1867 | val_acc: 11.8800 | lr: 0.0480
2025-06-09 22:35:12,117 - trainer_0 - INFO - Epoch 17 completed in 22.99s | Average Loss: 3.1851 | train_acc: 21.3725 | val_loss: 4.1469 | val_acc: 15.1800 | lr: 0.0510
2025-06-09 22:35:35,657 - trainer_0 - INFO - Epoch 18 completed in 23.49s | Average Loss: 3.1976 | train_acc: 21.3450 | val_loss: 3.6345 | val_acc: 17.0200 | lr: 0.0540
2025-06-09 22:35:58,238 - trainer_0 - INFO - Epoch 19 completed in 22.54s | Average Loss: 3.2693 | train_acc: 20.0950 | val_loss: 4.2117 | val_acc: 14.5200 | lr: 0.0570
2025-06-09 22:36:21,501 - trainer_0 - INFO - Epoch 20 completed in 23.19s | Average Loss: 3.2960 | train_acc: 19.6700 | val_loss: 5.2759 | val_acc: 8.3400 | lr: 0.0600
2025-06-09 22:36:44,807 - trainer_0 - INFO - Epoch 21 completed in 23.26s | Average Loss: 3.3098 | train_acc: 19.3525 | val_loss: 4.7958 | val_acc: 12.3900 | lr: 0.0600
2025-06-09 22:37:06,580 - trainer_0 - INFO - Epoch 22 completed in 21.73s | Average Loss: 3.2838 | train_acc: 19.9250 | val_loss: 4.3472 | val_acc: 15.3700 | lr: 0.0600
2025-06-09 22:37:31,264 - trainer_0 - INFO - Epoch 23 completed in 24.64s | Average Loss: 3.3253 | train_acc: 19.3400 | val_loss: 4.9075 | val_acc: 11.5000 | lr: 0.0599
2025-06-09 22:37:54,758 - trainer_0 - INFO - Epoch 24 completed in 23.45s | Average Loss: 3.3023 | train_acc: 19.6350 | val_loss: 4.0829 | val_acc: 14.1700 | lr: 0.0599
2025-06-09 22:38:16,704 - trainer_0 - INFO - Epoch 25 completed in 21.90s | Average Loss: 3.3453 | train_acc: 19.0175 | val_loss: 5.3613 | val_acc: 9.0100 | lr: 0.0598
2025-06-09 22:38:40,231 - trainer_0 - INFO - Epoch 26 completed in 23.48s | Average Loss: 3.4001 | train_acc: 17.9200 | val_loss: 4.7755 | val_acc: 10.6000 | lr: 0.0597
2025-06-09 22:39:03,559 - trainer_0 - INFO - Epoch 27 completed in 23.28s | Average Loss: 3.3846 | train_acc: 17.7600 | val_loss: 5.4370 | val_acc: 9.2900 | lr: 0.0596
2025-06-09 22:39:25,619 - trainer_0 - INFO - Epoch 28 completed in 22.01s | Average Loss: 3.4306 | train_acc: 17.2800 | val_loss: 4.0815 | val_acc: 14.5300 | lr: 0.0594
2025-06-09 22:39:48,752 - trainer_0 - INFO - Epoch 29 completed in 23.08s | Average Loss: 3.4145 | train_acc: 17.8475 | val_loss: 3.5854 | val_acc: 17.6400 | lr: 0.0593
2025-06-09 22:40:13,321 - trainer_0 - INFO - Epoch 30 completed in 24.51s | Average Loss: 3.4673 | train_acc: 16.9200 | val_loss: 3.7944 | val_acc: 13.7900 | lr: 0.0591
2025-06-09 22:40:35,185 - trainer_0 - INFO - Epoch 31 completed in 21.82s | Average Loss: 3.4411 | train_acc: 17.1925 | val_loss: 3.6110 | val_acc: 16.5800 | lr: 0.0589
2025-06-09 22:40:59,005 - trainer_0 - INFO - Epoch 32 completed in 23.77s | Average Loss: 3.4741 | train_acc: 16.7625 | val_loss: 3.6763 | val_acc: 15.0900 | lr: 0.0587
2025-06-09 22:41:22,184 - trainer_0 - INFO - Epoch 33 completed in 23.13s | Average Loss: 3.5611 | train_acc: 15.3200 | val_loss: 3.7791 | val_acc: 12.2700 | lr: 0.0585
2025-06-09 22:41:44,072 - trainer_0 - INFO - Epoch 34 completed in 21.82s | Average Loss: 3.6477 | train_acc: 14.1800 | val_loss: 3.9788 | val_acc: 8.9900 | lr: 0.0583
2025-06-09 22:42:07,532 - trainer_0 - INFO - Epoch 35 completed in 23.41s | Average Loss: 3.5475 | train_acc: 15.3225 | val_loss: 4.0684 | val_acc: 7.9600 | lr: 0.0581
2025-06-09 22:42:30,238 - trainer_0 - INFO - Epoch 36 completed in 22.66s | Average Loss: 3.5244 | train_acc: 15.4225 | val_loss: 4.2757 | val_acc: 6.6100 | lr: 0.0578
2025-06-09 22:42:52,517 - trainer_0 - INFO - Epoch 37 completed in 22.21s | Average Loss: 3.4175 | train_acc: 17.0475 | val_loss: 4.3233 | val_acc: 5.9100 | lr: 0.0575
2025-06-09 22:43:17,168 - trainer_0 - INFO - Epoch 38 completed in 24.58s | Average Loss: 3.3609 | train_acc: 18.6100 | val_loss: 4.4585 | val_acc: 6.5900 | lr: 0.0572
2025-06-09 22:43:40,051 - trainer_0 - INFO - Epoch 39 completed in 22.84s | Average Loss: 3.3424 | train_acc: 18.5025 | val_loss: 3.9807 | val_acc: 9.8800 | lr: 0.0569
2025-06-09 22:44:02,565 - trainer_0 - INFO - Epoch 40 completed in 22.44s | Average Loss: 3.3985 | train_acc: 17.7450 | val_loss: 3.9987 | val_acc: 8.7000 | lr: 0.0566
2025-06-09 22:44:26,589 - trainer_0 - INFO - Epoch 41 completed in 23.98s | Average Loss: 3.4120 | train_acc: 17.2350 | val_loss: 3.7633 | val_acc: 12.2700 | lr: 0.0562
2025-06-09 22:44:49,282 - trainer_0 - INFO - Epoch 42 completed in 22.64s | Average Loss: 3.4859 | train_acc: 15.9325 | val_loss: 3.4049 | val_acc: 17.6000 | lr: 0.0559
2025-06-09 22:45:12,592 - trainer_0 - INFO - Epoch 43 completed in 23.23s | Average Loss: 3.4108 | train_acc: 17.0800 | val_loss: 3.3787 | val_acc: 17.7700 | lr: 0.0555
2025-06-09 22:45:36,133 - trainer_0 - INFO - Epoch 44 completed in 23.49s | Average Loss: 3.4220 | train_acc: 17.2575 | val_loss: 3.5620 | val_acc: 16.2100 | lr: 0.0551
2025-06-09 22:46:00,834 - trainer_0 - INFO - Epoch 45 completed in 24.65s | Average Loss: 3.3037 | train_acc: 19.1125 | val_loss: 3.3804 | val_acc: 18.2000 | lr: 0.0547
2025-06-09 22:46:23,020 - trainer_0 - INFO - Epoch 46 completed in 22.11s | Average Loss: 3.3061 | train_acc: 19.0800 | val_loss: 3.3801 | val_acc: 18.7100 | lr: 0.0543
2025-06-09 22:46:46,339 - trainer_0 - INFO - Epoch 47 completed in 23.27s | Average Loss: 3.3075 | train_acc: 18.6475 | val_loss: 3.2429 | val_acc: 20.6900 | lr: 0.0538
2025-06-09 22:47:08,929 - trainer_0 - INFO - Epoch 48 completed in 22.54s | Average Loss: 3.3496 | train_acc: 17.9425 | val_loss: 3.3392 | val_acc: 19.7100 | lr: 0.0534
2025-06-09 22:47:32,145 - trainer_0 - INFO - Epoch 49 completed in 23.15s | Average Loss: 3.3614 | train_acc: 17.6525 | val_loss: 3.3694 | val_acc: 18.1600 | lr: 0.0529
2025-06-09 22:47:55,696 - trainer_0 - INFO - Epoch 50 completed in 23.50s | Average Loss: 3.3771 | train_acc: 17.3575 | val_loss: 3.8028 | val_acc: 13.1500 | lr: 0.0525
2025-06-09 22:48:18,003 - trainer_0 - INFO - Epoch 51 completed in 22.26s | Average Loss: 3.3712 | train_acc: 17.6625 | val_loss: 3.5699 | val_acc: 16.1900 | lr: 0.0520
2025-06-09 22:48:42,646 - trainer_0 - INFO - Epoch 52 completed in 24.58s | Average Loss: 3.3423 | train_acc: 18.1900 | val_loss: 3.3392 | val_acc: 18.9200 | lr: 0.0515
2025-06-09 22:49:05,721 - trainer_0 - INFO - Epoch 53 completed in 23.03s | Average Loss: 3.3774 | train_acc: 17.7700 | val_loss: 3.4986 | val_acc: 17.5000 | lr: 0.0510
2025-06-09 22:49:27,982 - trainer_0 - INFO - Epoch 54 completed in 22.22s | Average Loss: 3.3251 | train_acc: 18.6625 | val_loss: 3.2420 | val_acc: 20.1000 | lr: 0.0504
2025-06-09 22:49:50,500 - trainer_0 - INFO - Epoch 55 completed in 22.45s | Average Loss: 3.3418 | train_acc: 18.3425 | val_loss: 3.3526 | val_acc: 19.3800 | lr: 0.0499
2025-06-09 22:50:13,677 - trainer_0 - INFO - Epoch 56 completed in 23.11s | Average Loss: 3.3005 | train_acc: 19.2750 | val_loss: 3.3957 | val_acc: 17.9800 | lr: 0.0493
2025-06-09 22:50:35,601 - trainer_0 - INFO - Epoch 57 completed in 21.88s | Average Loss: 3.2950 | train_acc: 19.2300 | val_loss: 3.2308 | val_acc: 20.9700 | lr: 0.0488
2025-06-09 22:50:58,762 - trainer_0 - INFO - Epoch 58 completed in 23.11s | Average Loss: 3.2547 | train_acc: 19.5600 | val_loss: 3.5121 | val_acc: 16.0600 | lr: 0.0482
2025-06-09 22:51:23,381 - trainer_0 - INFO - Epoch 59 completed in 24.57s | Average Loss: 3.2778 | train_acc: 19.5025 | val_loss: 3.2122 | val_acc: 20.7100 | lr: 0.0476
2025-06-09 22:51:45,389 - trainer_0 - INFO - Epoch 60 completed in 21.96s | Average Loss: 3.2950 | train_acc: 19.0175 | val_loss: 3.6387 | val_acc: 14.8700 | lr: 0.0470
2025-06-09 22:52:08,744 - trainer_0 - INFO - Epoch 61 completed in 23.31s | Average Loss: 3.2415 | train_acc: 20.1650 | val_loss: 3.2226 | val_acc: 20.8800 | lr: 0.0464
2025-06-09 22:52:32,390 - trainer_0 - INFO - Epoch 62 completed in 23.60s | Average Loss: 3.2326 | train_acc: 20.4125 | val_loss: 3.1240 | val_acc: 21.7100 | lr: 0.0458
2025-06-09 22:52:54,692 - trainer_0 - INFO - Epoch 63 completed in 22.25s | Average Loss: 3.2042 | train_acc: 20.7225 | val_loss: 3.1291 | val_acc: 23.4400 | lr: 0.0452
2025-06-09 22:53:18,383 - trainer_0 - INFO - Epoch 64 completed in 23.64s | Average Loss: 3.1515 | train_acc: 22.0975 | val_loss: 3.1598 | val_acc: 22.5100 | lr: 0.0446
2025-06-09 22:53:41,788 - trainer_0 - INFO - Epoch 65 completed in 23.36s | Average Loss: 3.1172 | train_acc: 22.4125 | val_loss: 3.4356 | val_acc: 19.3400 | lr: 0.0439
2025-06-09 22:54:05,108 - trainer_0 - INFO - Epoch 66 completed in 23.27s | Average Loss: 3.0851 | train_acc: 23.1100 | val_loss: 3.0277 | val_acc: 23.9300 | lr: 0.0433
2025-06-09 22:54:28,327 - trainer_0 - INFO - Epoch 67 completed in 23.16s | Average Loss: 3.0825 | train_acc: 23.0600 | val_loss: 3.1630 | val_acc: 22.7000 | lr: 0.0426
2025-06-09 22:54:51,744 - trainer_0 - INFO - Epoch 68 completed in 23.37s | Average Loss: 3.0143 | train_acc: 24.4350 | val_loss: 3.3330 | val_acc: 20.3900 | lr: 0.0420
2025-06-09 22:55:13,841 - trainer_0 - INFO - Epoch 69 completed in 22.05s | Average Loss: 2.9783 | train_acc: 25.3625 | val_loss: 3.0742 | val_acc: 23.9500 | lr: 0.0413
2025-06-09 22:55:37,367 - trainer_0 - INFO - Epoch 70 completed in 23.48s | Average Loss: 2.9692 | train_acc: 25.4350 | val_loss: 3.0064 | val_acc: 25.7200 | lr: 0.0406
2025-06-09 22:56:00,290 - trainer_0 - INFO - Epoch 71 completed in 22.88s | Average Loss: 2.9734 | train_acc: 25.2875 | val_loss: 3.0249 | val_acc: 25.2200 | lr: 0.0400
2025-06-09 22:56:22,197 - trainer_0 - INFO - Epoch 72 completed in 21.86s | Average Loss: 2.9655 | train_acc: 25.2175 | val_loss: 2.9252 | val_acc: 26.9300 | lr: 0.0393
2025-06-09 22:56:46,773 - trainer_0 - INFO - Epoch 73 completed in 24.53s | Average Loss: 2.9291 | train_acc: 26.2150 | val_loss: 2.7951 | val_acc: 29.7400 | lr: 0.0386
2025-06-09 22:57:09,407 - trainer_0 - INFO - Epoch 74 completed in 22.59s | Average Loss: 2.8906 | train_acc: 26.6675 | val_loss: 2.9258 | val_acc: 27.1300 | lr: 0.0379
2025-06-09 22:57:32,233 - trainer_0 - INFO - Epoch 75 completed in 22.75s | Average Loss: 2.8665 | train_acc: 27.0575 | val_loss: 2.9740 | val_acc: 26.3900 | lr: 0.0372
2025-06-09 22:57:55,649 - trainer_0 - INFO - Epoch 76 completed in 23.37s | Average Loss: 2.8129 | train_acc: 28.4425 | val_loss: 3.0231 | val_acc: 25.3900 | lr: 0.0365
2025-06-09 22:58:18,531 - trainer_0 - INFO - Epoch 77 completed in 22.83s | Average Loss: 2.8353 | train_acc: 27.9725 | val_loss: 2.8473 | val_acc: 28.8000 | lr: 0.0358
2025-06-09 22:58:41,436 - trainer_0 - INFO - Epoch 78 completed in 22.84s | Average Loss: 2.7926 | train_acc: 28.7375 | val_loss: 2.9775 | val_acc: 26.8200 | lr: 0.0351
2025-06-09 22:59:05,555 - trainer_0 - INFO - Epoch 79 completed in 24.07s | Average Loss: 2.7692 | train_acc: 29.2675 | val_loss: 2.7302 | val_acc: 31.5200 | lr: 0.0343
2025-06-09 22:59:30,350 - trainer_0 - INFO - Epoch 80 completed in 24.74s | Average Loss: 2.7284 | train_acc: 30.0075 | val_loss: 2.8082 | val_acc: 29.4900 | lr: 0.0336
2025-06-09 22:59:52,954 - trainer_0 - INFO - Epoch 81 completed in 22.55s | Average Loss: 2.7373 | train_acc: 30.2175 | val_loss: 2.6124 | val_acc: 33.1400 | lr: 0.0329
2025-06-09 23:00:16,484 - trainer_0 - INFO - Epoch 82 completed in 23.48s | Average Loss: 2.7076 | train_acc: 30.2050 | val_loss: 2.8189 | val_acc: 29.9200 | lr: 0.0322
2025-06-09 23:00:39,543 - trainer_0 - INFO - Epoch 83 completed in 23.01s | Average Loss: 2.6756 | train_acc: 31.0650 | val_loss: 2.7061 | val_acc: 31.3100 | lr: 0.0314
2025-06-09 23:01:02,077 - trainer_0 - INFO - Epoch 84 completed in 22.47s | Average Loss: 2.6181 | train_acc: 32.5900 | val_loss: 2.6017 | val_acc: 33.3300 | lr: 0.0307
2025-06-09 23:01:25,466 - trainer_0 - INFO - Epoch 85 completed in 23.34s | Average Loss: 2.6316 | train_acc: 31.7425 | val_loss: 2.6325 | val_acc: 33.7600 | lr: 0.0300
2025-06-09 23:01:48,308 - trainer_0 - INFO - Epoch 86 completed in 22.79s | Average Loss: 2.5974 | train_acc: 32.5925 | val_loss: 2.9433 | val_acc: 28.4200 | lr: 0.0293
2025-06-09 23:02:12,121 - trainer_0 - INFO - Epoch 87 completed in 23.75s | Average Loss: 2.6231 | train_acc: 32.3825 | val_loss: 2.8320 | val_acc: 30.6600 | lr: 0.0286
2025-06-09 23:02:35,952 - trainer_0 - INFO - Epoch 88 completed in 23.78s | Average Loss: 2.5636 | train_acc: 33.3375 | val_loss: 2.5550 | val_acc: 33.7200 | lr: 0.0278
2025-06-09 23:02:59,008 - trainer_0 - INFO - Epoch 89 completed in 23.01s | Average Loss: 2.5359 | train_acc: 33.8650 | val_loss: 2.6088 | val_acc: 33.7700 | lr: 0.0271
2025-06-09 23:03:21,703 - trainer_0 - INFO - Epoch 90 completed in 22.62s | Average Loss: 2.5223 | train_acc: 34.2000 | val_loss: 2.4973 | val_acc: 35.9400 | lr: 0.0264
2025-06-09 23:03:45,372 - trainer_0 - INFO - Epoch 91 completed in 23.62s | Average Loss: 2.4697 | train_acc: 35.2225 | val_loss: 2.5243 | val_acc: 34.5100 | lr: 0.0257
2025-06-09 23:04:08,261 - trainer_0 - INFO - Epoch 92 completed in 22.84s | Average Loss: 2.4671 | train_acc: 35.5250 | val_loss: 2.5591 | val_acc: 35.0400 | lr: 0.0249
2025-06-09 23:04:31,062 - trainer_0 - INFO - Epoch 93 completed in 22.72s | Average Loss: 2.4462 | train_acc: 35.6700 | val_loss: 2.4383 | val_acc: 37.8400 | lr: 0.0242
2025-06-09 23:04:56,133 - trainer_0 - INFO - Epoch 94 completed in 25.02s | Average Loss: 2.4349 | train_acc: 35.9575 | val_loss: 2.4914 | val_acc: 35.9300 | lr: 0.0235
2025-06-09 23:05:19,265 - trainer_0 - INFO - Epoch 95 completed in 23.08s | Average Loss: 2.3995 | train_acc: 36.6650 | val_loss: 2.4862 | val_acc: 36.2700 | lr: 0.0228
2025-06-09 23:05:41,581 - trainer_0 - INFO - Epoch 96 completed in 22.25s | Average Loss: 2.3697 | train_acc: 37.4125 | val_loss: 2.3708 | val_acc: 38.1900 | lr: 0.0221
2025-06-09 23:06:05,101 - trainer_0 - INFO - Epoch 97 completed in 23.47s | Average Loss: 2.3539 | train_acc: 37.8575 | val_loss: 2.3490 | val_acc: 38.7300 | lr: 0.0214
2025-06-09 23:06:28,121 - trainer_0 - INFO - Epoch 98 completed in 22.97s | Average Loss: 2.2966 | train_acc: 39.0100 | val_loss: 2.2672 | val_acc: 40.6500 | lr: 0.0207
2025-06-09 23:06:50,773 - trainer_0 - INFO - Epoch 99 completed in 22.58s | Average Loss: 2.2816 | train_acc: 39.0750 | val_loss: 2.3204 | val_acc: 39.2900 | lr: 0.0200
2025-06-09 23:07:14,499 - trainer_0 - INFO - Epoch 100 completed in 23.68s | Average Loss: 2.2765 | train_acc: 39.7100 | val_loss: 2.1803 | val_acc: 41.8900 | lr: 0.0194
2025-06-09 23:07:39,144 - trainer_0 - INFO - Epoch 101 completed in 24.60s | Average Loss: 2.2453 | train_acc: 40.2000 | val_loss: 2.3919 | val_acc: 38.4000 | lr: 0.0187
2025-06-09 23:08:01,279 - trainer_0 - INFO - Epoch 102 completed in 22.08s | Average Loss: 2.2558 | train_acc: 39.8075 | val_loss: 2.2155 | val_acc: 42.0200 | lr: 0.0180
2025-06-09 23:08:24,916 - trainer_0 - INFO - Epoch 103 completed in 23.59s | Average Loss: 2.2370 | train_acc: 40.4300 | val_loss: 2.2001 | val_acc: 42.3200 | lr: 0.0174
2025-06-09 23:08:48,621 - trainer_0 - INFO - Epoch 104 completed in 23.66s | Average Loss: 2.1957 | train_acc: 41.3300 | val_loss: 2.2397 | val_acc: 41.3700 | lr: 0.0167
2025-06-09 23:09:10,661 - trainer_0 - INFO - Epoch 105 completed in 21.99s | Average Loss: 2.1760 | train_acc: 41.5025 | val_loss: 2.1534 | val_acc: 43.2400 | lr: 0.0161
2025-06-09 23:09:34,405 - trainer_0 - INFO - Epoch 106 completed in 23.70s | Average Loss: 2.1506 | train_acc: 41.8900 | val_loss: 2.0971 | val_acc: 43.2500 | lr: 0.0154
2025-06-09 23:09:57,685 - trainer_0 - INFO - Epoch 107 completed in 23.23s | Average Loss: 2.1294 | train_acc: 42.4875 | val_loss: 2.0930 | val_acc: 44.4200 | lr: 0.0148
2025-06-09 23:10:21,227 - trainer_0 - INFO - Epoch 108 completed in 23.50s | Average Loss: 2.1055 | train_acc: 42.9700 | val_loss: 2.0756 | val_acc: 44.3600 | lr: 0.0142
2025-06-09 23:10:44,566 - trainer_0 - INFO - Epoch 109 completed in 23.29s | Average Loss: 2.0936 | train_acc: 43.5625 | val_loss: 2.0663 | val_acc: 44.1100 | lr: 0.0136
2025-06-09 23:11:07,388 - trainer_0 - INFO - Epoch 110 completed in 22.78s | Average Loss: 2.0757 | train_acc: 43.6850 | val_loss: 2.0334 | val_acc: 45.7100 | lr: 0.0130
2025-06-09 23:11:29,453 - trainer_0 - INFO - Epoch 111 completed in 22.00s | Average Loss: 2.0576 | train_acc: 44.0525 | val_loss: 2.0309 | val_acc: 45.3000 | lr: 0.0124
2025-06-09 23:11:52,707 - trainer_0 - INFO - Epoch 112 completed in 23.20s | Average Loss: 2.0489 | train_acc: 44.3925 | val_loss: 2.0216 | val_acc: 45.5800 | lr: 0.0118
2025-06-09 23:12:15,092 - trainer_0 - INFO - Epoch 113 completed in 22.34s | Average Loss: 2.0378 | train_acc: 44.6450 | val_loss: 2.0281 | val_acc: 45.8700 | lr: 0.0112
2025-06-09 23:12:37,895 - trainer_0 - INFO - Epoch 114 completed in 22.73s | Average Loss: 2.0217 | train_acc: 44.8800 | val_loss: 2.0338 | val_acc: 45.7700 | lr: 0.0107
2025-06-09 23:13:03,156 - trainer_0 - INFO - Epoch 115 completed in 25.21s | Average Loss: 1.9990 | train_acc: 45.5000 | val_loss: 1.9628 | val_acc: 46.6000 | lr: 0.0101
2025-06-09 23:13:25,398 - trainer_0 - INFO - Epoch 116 completed in 22.19s | Average Loss: 1.9731 | train_acc: 46.3450 | val_loss: 1.9749 | val_acc: 46.8700 | lr: 0.0096
2025-06-09 23:13:48,557 - trainer_0 - INFO - Epoch 117 completed in 23.09s | Average Loss: 1.9686 | train_acc: 45.9675 | val_loss: 1.9623 | val_acc: 46.3900 | lr: 0.0090
2025-06-09 23:14:11,824 - trainer_0 - INFO - Epoch 118 completed in 23.22s | Average Loss: 1.9534 | train_acc: 46.6900 | val_loss: 1.9944 | val_acc: 45.6600 | lr: 0.0085
2025-06-09 23:14:34,073 - trainer_0 - INFO - Epoch 119 completed in 22.20s | Average Loss: 1.9520 | train_acc: 46.2050 | val_loss: 1.9235 | val_acc: 47.7200 | lr: 0.0080
2025-06-09 23:14:57,455 - trainer_0 - INFO - Epoch 120 completed in 23.34s | Average Loss: 1.9380 | train_acc: 46.5975 | val_loss: 1.9314 | val_acc: 47.6800 | lr: 0.0075
2025-06-09 23:15:20,765 - trainer_0 - INFO - Epoch 121 completed in 23.26s | Average Loss: 1.9202 | train_acc: 47.2150 | val_loss: 1.9232 | val_acc: 48.0400 | lr: 0.0071
2025-06-09 23:15:44,843 - trainer_0 - INFO - Epoch 122 completed in 24.02s | Average Loss: 1.9233 | train_acc: 47.5100 | val_loss: 1.8734 | val_acc: 48.5500 | lr: 0.0066
2025-06-09 23:16:07,467 - trainer_0 - INFO - Epoch 123 completed in 22.56s | Average Loss: 1.8875 | train_acc: 48.0075 | val_loss: 1.8554 | val_acc: 48.8700 | lr: 0.0062
2025-06-09 23:16:30,736 - trainer_0 - INFO - Epoch 124 completed in 23.22s | Average Loss: 1.8844 | train_acc: 48.0075 | val_loss: 1.8646 | val_acc: 48.7000 | lr: 0.0057
2025-06-09 23:16:53,010 - trainer_0 - INFO - Epoch 125 completed in 22.23s | Average Loss: 1.8680 | train_acc: 48.5550 | val_loss: 1.8669 | val_acc: 48.7400 | lr: 0.0053
2025-06-09 23:17:16,156 - trainer_0 - INFO - Epoch 126 completed in 23.08s | Average Loss: 1.8575 | train_acc: 49.1325 | val_loss: 1.8554 | val_acc: 49.7200 | lr: 0.0049
2025-06-09 23:17:39,530 - trainer_0 - INFO - Epoch 127 completed in 23.33s | Average Loss: 1.8500 | train_acc: 48.6025 | val_loss: 1.8514 | val_acc: 48.8800 | lr: 0.0045
2025-06-09 23:18:01,512 - trainer_0 - INFO - Epoch 128 completed in 21.93s | Average Loss: 1.8424 | train_acc: 49.1250 | val_loss: 1.8490 | val_acc: 49.6900 | lr: 0.0041
2025-06-09 23:18:26,432 - trainer_0 - INFO - Epoch 129 completed in 24.87s | Average Loss: 1.8359 | train_acc: 49.1975 | val_loss: 1.8297 | val_acc: 50.0000 | lr: 0.0038
2025-06-09 23:18:49,687 - trainer_0 - INFO - Epoch 130 completed in 23.20s | Average Loss: 1.8308 | train_acc: 49.2475 | val_loss: 1.8510 | val_acc: 49.9800 | lr: 0.0034
2025-06-09 23:19:11,359 - trainer_0 - INFO - Epoch 131 completed in 21.62s | Average Loss: 1.8164 | train_acc: 49.6025 | val_loss: 1.8079 | val_acc: 49.7900 | lr: 0.0031
2025-06-09 23:19:34,495 - trainer_0 - INFO - Epoch 132 completed in 23.09s | Average Loss: 1.8192 | train_acc: 49.6050 | val_loss: 1.8139 | val_acc: 50.3900 | lr: 0.0028
2025-06-09 23:19:56,906 - trainer_0 - INFO - Epoch 133 completed in 22.36s | Average Loss: 1.8046 | train_acc: 50.2325 | val_loss: 1.8117 | val_acc: 50.7100 | lr: 0.0025
2025-06-09 23:20:18,878 - trainer_0 - INFO - Epoch 134 completed in 21.91s | Average Loss: 1.8048 | train_acc: 49.8750 | val_loss: 1.8197 | val_acc: 50.7100 | lr: 0.0022
2025-06-09 23:20:41,866 - trainer_0 - INFO - Epoch 135 completed in 22.94s | Average Loss: 1.8011 | train_acc: 50.0325 | val_loss: 1.7785 | val_acc: 50.9800 | lr: 0.0019
2025-06-09 23:21:05,918 - trainer_0 - INFO - Epoch 136 completed in 24.00s | Average Loss: 1.7977 | train_acc: 49.9450 | val_loss: 1.7932 | val_acc: 50.6700 | lr: 0.0017
2025-06-09 23:21:27,950 - trainer_0 - INFO - Epoch 137 completed in 21.97s | Average Loss: 1.7847 | train_acc: 50.2000 | val_loss: 1.7806 | val_acc: 50.6900 | lr: 0.0015
2025-06-09 23:21:51,032 - trainer_0 - INFO - Epoch 138 completed in 23.04s | Average Loss: 1.7909 | train_acc: 50.4325 | val_loss: 1.7830 | val_acc: 50.7900 | lr: 0.0013
2025-06-09 23:22:12,931 - trainer_0 - INFO - Epoch 139 completed in 21.84s | Average Loss: 1.7835 | train_acc: 50.6100 | val_loss: 1.7726 | val_acc: 51.0700 | lr: 0.0011
2025-06-09 23:22:36,236 - trainer_0 - INFO - Epoch 140 completed in 23.26s | Average Loss: 1.7724 | train_acc: 50.7375 | val_loss: 1.7717 | val_acc: 51.2800 | lr: 0.0009
2025-06-09 23:22:59,385 - trainer_0 - INFO - Epoch 141 completed in 23.10s | Average Loss: 1.7698 | train_acc: 50.6975 | val_loss: 1.7631 | val_acc: 50.8800 | lr: 0.0007
2025-06-09 23:23:21,262 - trainer_0 - INFO - Epoch 142 completed in 21.83s | Average Loss: 1.7645 | train_acc: 50.9275 | val_loss: 1.7627 | val_acc: 51.2700 | lr: 0.0006
2025-06-09 23:23:46,031 - trainer_0 - INFO - Epoch 143 completed in 24.72s | Average Loss: 1.7683 | train_acc: 50.9075 | val_loss: 1.7617 | val_acc: 50.9600 | lr: 0.0004
2025-06-09 23:24:08,475 - trainer_0 - INFO - Epoch 144 completed in 22.39s | Average Loss: 1.7625 | train_acc: 50.9575 | val_loss: 1.7682 | val_acc: 51.4600 | lr: 0.0003
2025-06-09 23:24:30,866 - trainer_0 - INFO - Epoch 145 completed in 22.33s | Average Loss: 1.7656 | train_acc: 50.9075 | val_loss: 1.7593 | val_acc: 51.3400 | lr: 0.0002
2025-06-09 23:24:54,147 - trainer_0 - INFO - Epoch 146 completed in 23.23s | Average Loss: 1.7637 | train_acc: 50.8525 | val_loss: 1.7703 | val_acc: 51.4500 | lr: 0.0001
2025-06-09 23:25:16,174 - trainer_0 - INFO - Epoch 147 completed in 21.98s | Average Loss: 1.7650 | train_acc: 51.0725 | val_loss: 1.7627 | val_acc: 51.3000 | lr: 0.0001
2025-06-09 23:25:39,413 - trainer_0 - INFO - Epoch 148 completed in 23.18s | Average Loss: 1.7633 | train_acc: 51.0700 | val_loss: 1.7578 | val_acc: 50.9400 | lr: 0.0000
2025-06-09 23:26:02,935 - trainer_0 - INFO - Epoch 149 completed in 23.48s | Average Loss: 1.7671 | train_acc: 50.9175 | val_loss: 1.7708 | val_acc: 51.7400 | lr: 0.0000
2025-06-09 23:26:25,468 - trainer_0 - INFO - Epoch 150 completed in 22.46s | Average Loss: 1.7624 | train_acc: 51.2500 | val_loss: 1.7602 | val_acc: 51.2100 | lr: 0.0000
2025-06-09 23:26:25,513 - trainer_0 - INFO - Training completed in 3461.01 seconds.
2025-06-09 23:26:25,513 - trainer_0 - INFO - Average throughput: 1733.60 Images/sec
2025-06-09 23:26:25,513 - trainer_0 - INFO - Total processes: 1
2025-06-09 23:26:25,524 - trainer_0 - INFO - Metrics saved to centralized_lamb_lr0.0075_wd0.05_batch_size8192/centralized_lamb_lr0.0075_wd0.05_batch_size8192_20250609_222835_metrics_rank0.json
2025-06-09 23:26:25,545 - trainer_0 - INFO - Model saved to model_centralized_lamb.pth
2025-06-09 23:26:25,545 - trainer_0 - INFO - Generating training plots...
2025-06-09 23:26:28,247 - trainer_0 - INFO - Training complete. Plots generated.
