2025-06-09 23:26:32,915 - trainer_0 - INFO - Started training experiment: centralized_lamb_lr0.0075_wd0.05_batch_size4096_20250609_232632
2025-06-09 23:26:32,916 - trainer_0 - INFO - Log file: centralized_lamb_lr0.0075_wd0.05_batch_size4096/centralized_lamb_lr0.0075_wd0.05_batch_size4096_20250609_232632_rank0.log
2025-06-09 23:26:32,939 - trainer_0 - INFO - Training centralized on device: cuda
2025-06-09 23:26:32,939 - trainer_0 - INFO - Optimizer: LAMB, Epochs: 150, LR: 0.0075
2025-06-09 23:26:35,644 - trainer_0 - INFO - [DEBUG] Train dataset size: 40000 | Expected batches: 10
2025-06-09 23:26:35,863 - trainer_0 - INFO - Scaled LR using sqrt mode to: 0.042426406871192854
2025-06-09 23:26:35,864 - trainer_0 - INFO - Checking if there is any checkpoint. Resuming False, Checkpoint path: checkpoint.pth
2025-06-09 23:26:49,791 - trainer_0 - INFO - Epoch: 1 | Batch: 10/10 | Loss: 4.6212 | Images/sec: 2183.80 | Progress: 102.4% | Time: 16.88s | lr: 0.0000 | train_acc: 1.0000
2025-06-09 23:26:57,385 - trainer_0 - INFO - Epoch 1 completed in 21.52s | Average Loss: 4.6212 | train_acc: 1.0000 | val_loss: 4.6065 | val_acc: 0.9000 | lr: 0.0021
2025-06-09 23:27:10,868 - trainer_0 - INFO - Epoch: 2 | Batch: 10/10 | Loss: 4.5844 | Images/sec: 971.18 | Progress: 102.4% | Time: 37.96s | lr: 0.0021 | train_acc: 1.9550
2025-06-09 23:27:17,847 - trainer_0 - INFO - Epoch 2 completed in 20.40s | Average Loss: 4.5844 | train_acc: 1.9550 | val_loss: 4.5748 | val_acc: 3.8800 | lr: 0.0042
2025-06-09 23:27:32,133 - trainer_0 - INFO - Epoch: 3 | Batch: 10/10 | Loss: 4.4682 | Images/sec: 622.46 | Progress: 102.4% | Time: 59.22s | lr: 0.0042 | train_acc: 4.4350
2025-06-09 23:27:39,575 - trainer_0 - INFO - Epoch 3 completed in 21.68s | Average Loss: 4.4682 | train_acc: 4.4350 | val_loss: 4.3614 | val_acc: 6.3600 | lr: 0.0064
2025-06-09 23:27:53,498 - trainer_0 - INFO - Epoch: 4 | Batch: 10/10 | Loss: 4.2471 | Images/sec: 457.44 | Progress: 102.4% | Time: 80.59s | lr: 0.0064 | train_acc: 6.4400
2025-06-09 23:28:00,625 - trainer_0 - INFO - Epoch 4 completed in 20.97s | Average Loss: 4.2471 | train_acc: 6.4400 | val_loss: 4.0370 | val_acc: 8.6000 | lr: 0.0085
2025-06-09 23:28:14,756 - trainer_0 - INFO - Epoch: 5 | Batch: 10/10 | Loss: 4.0061 | Images/sec: 361.96 | Progress: 102.4% | Time: 101.85s | lr: 0.0085 | train_acc: 8.6175
2025-06-09 23:28:21,918 - trainer_0 - INFO - Epoch 5 completed in 21.24s | Average Loss: 4.0061 | train_acc: 8.6175 | val_loss: 3.8270 | val_acc: 12.7700 | lr: 0.0106
2025-06-09 23:28:35,696 - trainer_0 - INFO - Epoch: 6 | Batch: 10/10 | Loss: 3.7822 | Images/sec: 300.23 | Progress: 102.4% | Time: 122.79s | lr: 0.0106 | train_acc: 11.7700
2025-06-09 23:28:44,589 - trainer_0 - INFO - Epoch 6 completed in 22.58s | Average Loss: 3.7822 | train_acc: 11.7700 | val_loss: 3.6870 | val_acc: 14.5600 | lr: 0.0127
2025-06-09 23:28:58,709 - trainer_0 - INFO - Epoch: 7 | Batch: 10/10 | Loss: 3.5567 | Images/sec: 252.84 | Progress: 102.4% | Time: 145.80s | lr: 0.0127 | train_acc: 15.3200
2025-06-09 23:29:06,595 - trainer_0 - INFO - Epoch 7 completed in 21.96s | Average Loss: 3.5567 | train_acc: 15.3200 | val_loss: 3.4036 | val_acc: 18.1400 | lr: 0.0148
2025-06-09 23:29:20,217 - trainer_0 - INFO - Epoch: 8 | Batch: 10/10 | Loss: 3.3944 | Images/sec: 220.34 | Progress: 102.4% | Time: 167.31s | lr: 0.0148 | train_acc: 18.1025
2025-06-09 23:29:26,929 - trainer_0 - INFO - Epoch 8 completed in 20.27s | Average Loss: 3.3944 | train_acc: 18.1025 | val_loss: 3.2345 | val_acc: 21.4700 | lr: 0.0170
2025-06-09 23:29:40,824 - trainer_0 - INFO - Epoch: 9 | Batch: 10/10 | Loss: 3.2697 | Images/sec: 196.17 | Progress: 102.4% | Time: 187.91s | lr: 0.0170 | train_acc: 19.9225
2025-06-09 23:29:48,653 - trainer_0 - INFO - Epoch 9 completed in 21.66s | Average Loss: 3.2697 | train_acc: 19.9225 | val_loss: 3.1791 | val_acc: 22.3900 | lr: 0.0191
2025-06-09 23:30:02,540 - trainer_0 - INFO - Epoch: 10 | Batch: 10/10 | Loss: 3.2668 | Images/sec: 175.85 | Progress: 102.4% | Time: 209.63s | lr: 0.0191 | train_acc: 20.3925
2025-06-09 23:30:09,155 - trainer_0 - INFO - Epoch 10 completed in 20.46s | Average Loss: 3.2668 | train_acc: 20.3925 | val_loss: 3.1960 | val_acc: 22.6700 | lr: 0.0212
2025-06-09 23:30:23,193 - trainer_0 - INFO - Epoch: 11 | Batch: 10/10 | Loss: 3.1354 | Images/sec: 160.08 | Progress: 102.4% | Time: 230.28s | lr: 0.0212 | train_acc: 22.6000
2025-06-09 23:30:31,390 - trainer_0 - INFO - Epoch 11 completed in 22.19s | Average Loss: 3.1354 | train_acc: 22.6000 | val_loss: 3.2440 | val_acc: 21.7000 | lr: 0.0233
2025-06-09 23:30:45,123 - trainer_0 - INFO - Epoch: 12 | Batch: 10/10 | Loss: 3.0807 | Images/sec: 146.16 | Progress: 102.4% | Time: 252.21s | lr: 0.0233 | train_acc: 23.3475
2025-06-09 23:30:51,460 - trainer_0 - INFO - Epoch 12 completed in 20.01s | Average Loss: 3.0807 | train_acc: 23.3475 | val_loss: 3.0213 | val_acc: 25.6700 | lr: 0.0255
2025-06-09 23:31:05,577 - trainer_0 - INFO - Epoch: 13 | Batch: 10/10 | Loss: 2.9924 | Images/sec: 135.20 | Progress: 102.4% | Time: 272.67s | lr: 0.0255 | train_acc: 25.4525
2025-06-09 23:31:13,293 - trainer_0 - INFO - Epoch 13 completed in 21.79s | Average Loss: 2.9924 | train_acc: 25.4525 | val_loss: 2.8958 | val_acc: 27.4200 | lr: 0.0276
2025-06-09 23:31:29,063 - trainer_0 - INFO - Epoch: 14 | Batch: 10/10 | Loss: 2.9787 | Images/sec: 124.48 | Progress: 102.4% | Time: 296.15s | lr: 0.0276 | train_acc: 25.3425
2025-06-09 23:31:35,620 - trainer_0 - INFO - Epoch 14 completed in 22.27s | Average Loss: 2.9787 | train_acc: 25.3425 | val_loss: 3.2987 | val_acc: 22.8000 | lr: 0.0297
2025-06-09 23:31:49,772 - trainer_0 - INFO - Epoch: 15 | Batch: 10/10 | Loss: 3.0294 | Images/sec: 116.34 | Progress: 102.4% | Time: 316.86s | lr: 0.0297 | train_acc: 24.4475
2025-06-09 23:31:57,725 - trainer_0 - INFO - Epoch 15 completed in 22.06s | Average Loss: 3.0294 | train_acc: 24.4475 | val_loss: 3.1283 | val_acc: 23.2600 | lr: 0.0318
2025-06-09 23:32:11,688 - trainer_0 - INFO - Epoch: 16 | Batch: 10/10 | Loss: 3.0178 | Images/sec: 108.81 | Progress: 102.4% | Time: 338.78s | lr: 0.0318 | train_acc: 24.4600
2025-06-09 23:32:18,308 - trainer_0 - INFO - Epoch 16 completed in 20.53s | Average Loss: 3.0178 | train_acc: 24.4600 | val_loss: 3.2915 | val_acc: 20.2900 | lr: 0.0339
2025-06-09 23:32:32,425 - trainer_0 - INFO - Epoch: 17 | Batch: 10/10 | Loss: 3.0632 | Images/sec: 102.54 | Progress: 102.4% | Time: 359.51s | lr: 0.0339 | train_acc: 24.0375
2025-06-09 23:32:40,320 - trainer_0 - INFO - Epoch 17 completed in 21.96s | Average Loss: 3.0632 | train_acc: 24.0375 | val_loss: 3.2481 | val_acc: 20.9900 | lr: 0.0361
2025-06-09 23:32:54,311 - trainer_0 - INFO - Epoch: 18 | Batch: 10/10 | Loss: 3.0647 | Images/sec: 96.65 | Progress: 102.4% | Time: 381.40s | lr: 0.0361 | train_acc: 23.8725
2025-06-09 23:33:00,983 - trainer_0 - INFO - Epoch 18 completed in 20.61s | Average Loss: 3.0647 | train_acc: 23.8725 | val_loss: 3.3036 | val_acc: 20.4600 | lr: 0.0382
2025-06-09 23:33:15,014 - trainer_0 - INFO - Epoch: 19 | Batch: 10/10 | Loss: 3.1836 | Images/sec: 91.68 | Progress: 102.4% | Time: 402.10s | lr: 0.0382 | train_acc: 21.4725
2025-06-09 23:33:22,990 - trainer_0 - INFO - Epoch 19 completed in 21.96s | Average Loss: 3.1836 | train_acc: 21.4725 | val_loss: 3.5847 | val_acc: 18.4400 | lr: 0.0403
2025-06-09 23:33:37,176 - trainer_0 - INFO - Epoch: 20 | Batch: 10/10 | Loss: 3.1412 | Images/sec: 86.89 | Progress: 102.4% | Time: 424.27s | lr: 0.0403 | train_acc: 22.5750
2025-06-09 23:33:43,678 - trainer_0 - INFO - Epoch 20 completed in 20.64s | Average Loss: 3.1412 | train_acc: 22.5750 | val_loss: 3.5631 | val_acc: 18.6800 | lr: 0.0424
2025-06-09 23:33:58,588 - trainer_0 - INFO - Epoch: 21 | Batch: 10/10 | Loss: 3.1741 | Images/sec: 82.71 | Progress: 102.4% | Time: 445.68s | lr: 0.0424 | train_acc: 21.8800
2025-06-09 23:34:07,259 - trainer_0 - INFO - Epoch 21 completed in 23.53s | Average Loss: 3.1741 | train_acc: 21.8800 | val_loss: 3.2582 | val_acc: 21.9600 | lr: 0.0424
2025-06-09 23:34:21,323 - trainer_0 - INFO - Epoch: 22 | Batch: 10/10 | Loss: 3.1323 | Images/sec: 78.70 | Progress: 102.4% | Time: 468.41s | lr: 0.0424 | train_acc: 22.6000
2025-06-09 23:34:27,776 - trainer_0 - INFO - Epoch 22 completed in 20.47s | Average Loss: 3.1323 | train_acc: 22.6000 | val_loss: 3.3319 | val_acc: 21.0600 | lr: 0.0424
2025-06-09 23:34:41,915 - trainer_0 - INFO - Epoch: 23 | Batch: 10/10 | Loss: 3.1460 | Images/sec: 75.39 | Progress: 102.4% | Time: 489.00s | lr: 0.0424 | train_acc: 22.2450
2025-06-09 23:34:49,891 - trainer_0 - INFO - Epoch 23 completed in 22.07s | Average Loss: 3.1460 | train_acc: 22.2450 | val_loss: 4.1837 | val_acc: 15.2800 | lr: 0.0424
2025-06-09 23:35:04,010 - trainer_0 - INFO - Epoch: 24 | Batch: 10/10 | Loss: 3.2069 | Images/sec: 72.13 | Progress: 102.4% | Time: 511.10s | lr: 0.0424 | train_acc: 21.1150
2025-06-09 23:35:10,504 - trainer_0 - INFO - Epoch 24 completed in 20.57s | Average Loss: 3.2069 | train_acc: 21.1150 | val_loss: 3.6325 | val_acc: 15.8300 | lr: 0.0423
2025-06-09 23:35:25,194 - trainer_0 - INFO - Epoch: 25 | Batch: 10/10 | Loss: 3.0960 | Images/sec: 69.26 | Progress: 102.4% | Time: 532.28s | lr: 0.0423 | train_acc: 23.1800
2025-06-09 23:35:33,544 - trainer_0 - INFO - Epoch 25 completed in 22.99s | Average Loss: 3.0960 | train_acc: 23.1800 | val_loss: 3.0571 | val_acc: 24.6400 | lr: 0.0423
2025-06-09 23:35:47,871 - trainer_0 - INFO - Epoch: 26 | Batch: 10/10 | Loss: 3.0853 | Images/sec: 66.43 | Progress: 102.4% | Time: 554.96s | lr: 0.0423 | train_acc: 23.4225
2025-06-09 23:35:54,689 - trainer_0 - INFO - Epoch 26 completed in 21.10s | Average Loss: 3.0853 | train_acc: 23.4225 | val_loss: 3.4820 | val_acc: 20.4000 | lr: 0.0422
2025-06-09 23:36:08,750 - trainer_0 - INFO - Epoch: 27 | Batch: 10/10 | Loss: 3.0519 | Images/sec: 64.02 | Progress: 102.4% | Time: 575.84s | lr: 0.0422 | train_acc: 23.8775
2025-06-09 23:36:16,609 - trainer_0 - INFO - Epoch 27 completed in 21.85s | Average Loss: 3.0519 | train_acc: 23.8775 | val_loss: 3.4547 | val_acc: 18.3700 | lr: 0.0421
2025-06-09 23:36:30,804 - trainer_0 - INFO - Epoch: 28 | Batch: 10/10 | Loss: 3.0999 | Images/sec: 61.66 | Progress: 102.4% | Time: 597.89s | lr: 0.0421 | train_acc: 23.0550
2025-06-09 23:36:37,643 - trainer_0 - INFO - Epoch 28 completed in 20.99s | Average Loss: 3.0999 | train_acc: 23.0550 | val_loss: 3.8353 | val_acc: 16.1700 | lr: 0.0420
2025-06-09 23:36:52,896 - trainer_0 - INFO - Epoch: 29 | Batch: 10/10 | Loss: 3.0773 | Images/sec: 59.46 | Progress: 102.4% | Time: 619.99s | lr: 0.0420 | train_acc: 23.5575
2025-06-09 23:37:01,144 - trainer_0 - INFO - Epoch 29 completed in 23.42s | Average Loss: 3.0773 | train_acc: 23.5575 | val_loss: 3.0446 | val_acc: 24.2800 | lr: 0.0419
2025-06-09 23:37:15,682 - trainer_0 - INFO - Epoch: 30 | Batch: 10/10 | Loss: 3.0711 | Images/sec: 57.35 | Progress: 102.4% | Time: 642.77s | lr: 0.0419 | train_acc: 23.6175
2025-06-09 23:37:22,418 - trainer_0 - INFO - Epoch 30 completed in 21.23s | Average Loss: 3.0711 | train_acc: 23.6175 | val_loss: 3.2728 | val_acc: 20.6800 | lr: 0.0418
2025-06-09 23:37:36,971 - trainer_0 - INFO - Epoch: 31 | Batch: 10/10 | Loss: 3.0412 | Images/sec: 55.51 | Progress: 102.4% | Time: 664.06s | lr: 0.0418 | train_acc: 24.1250
2025-06-09 23:37:44,862 - trainer_0 - INFO - Epoch 31 completed in 22.38s | Average Loss: 3.0412 | train_acc: 24.1250 | val_loss: 3.1307 | val_acc: 23.8300 | lr: 0.0417
2025-06-09 23:37:59,304 - trainer_0 - INFO - Epoch: 32 | Batch: 10/10 | Loss: 3.0643 | Images/sec: 53.71 | Progress: 102.4% | Time: 686.39s | lr: 0.0417 | train_acc: 23.4850
2025-06-09 23:38:07,032 - trainer_0 - INFO - Epoch 32 completed in 22.12s | Average Loss: 3.0643 | train_acc: 23.4850 | val_loss: 3.0780 | val_acc: 24.0900 | lr: 0.0415
2025-06-09 23:38:21,130 - trainer_0 - INFO - Epoch: 33 | Batch: 10/10 | Loss: 3.1113 | Images/sec: 52.05 | Progress: 102.4% | Time: 708.22s | lr: 0.0415 | train_acc: 22.7600
2025-06-09 23:38:28,308 - trainer_0 - INFO - Epoch 33 completed in 21.22s | Average Loss: 3.1113 | train_acc: 22.7600 | val_loss: 3.3361 | val_acc: 18.8000 | lr: 0.0414
2025-06-09 23:38:42,758 - trainer_0 - INFO - Epoch: 34 | Batch: 10/10 | Loss: 3.0373 | Images/sec: 50.51 | Progress: 102.4% | Time: 729.85s | lr: 0.0414 | train_acc: 24.2375
2025-06-09 23:38:50,874 - trainer_0 - INFO - Epoch 34 completed in 22.52s | Average Loss: 3.0373 | train_acc: 24.2375 | val_loss: 3.4560 | val_acc: 17.9400 | lr: 0.0412
2025-06-09 23:39:04,941 - trainer_0 - INFO - Epoch: 35 | Batch: 10/10 | Loss: 3.0743 | Images/sec: 49.02 | Progress: 102.4% | Time: 752.03s | lr: 0.0412 | train_acc: 23.2425
2025-06-09 23:39:11,596 - trainer_0 - INFO - Epoch 35 completed in 20.67s | Average Loss: 3.0743 | train_acc: 23.2425 | val_loss: 3.1700 | val_acc: 20.9500 | lr: 0.0410
2025-06-09 23:39:27,644 - trainer_0 - INFO - Epoch: 36 | Batch: 10/10 | Loss: 2.9972 | Images/sec: 47.58 | Progress: 102.4% | Time: 774.73s | lr: 0.0410 | train_acc: 25.0600
2025-06-09 23:39:35,020 - trainer_0 - INFO - Epoch 36 completed in 23.37s | Average Loss: 2.9972 | train_acc: 25.0600 | val_loss: 2.9836 | val_acc: 25.1500 | lr: 0.0409
2025-06-09 23:39:48,791 - trainer_0 - INFO - Epoch: 37 | Batch: 10/10 | Loss: 2.9874 | Images/sec: 46.32 | Progress: 102.4% | Time: 795.88s | lr: 0.0409 | train_acc: 25.1950
2025-06-09 23:39:56,243 - trainer_0 - INFO - Epoch 37 completed in 21.15s | Average Loss: 2.9874 | train_acc: 25.1950 | val_loss: 3.5536 | val_acc: 17.7000 | lr: 0.0407
2025-06-09 23:40:10,566 - trainer_0 - INFO - Epoch: 38 | Batch: 10/10 | Loss: 2.9694 | Images/sec: 45.08 | Progress: 102.4% | Time: 817.66s | lr: 0.0407 | train_acc: 25.3650
2025-06-09 23:40:17,790 - trainer_0 - INFO - Epoch 38 completed in 21.50s | Average Loss: 2.9694 | train_acc: 25.3650 | val_loss: 2.9913 | val_acc: 25.4500 | lr: 0.0405
2025-06-09 23:40:31,578 - trainer_0 - INFO - Epoch: 39 | Batch: 10/10 | Loss: 2.9610 | Images/sec: 43.96 | Progress: 102.4% | Time: 838.67s | lr: 0.0405 | train_acc: 25.5975
2025-06-09 23:40:39,139 - trainer_0 - INFO - Epoch 39 completed in 21.28s | Average Loss: 2.9610 | train_acc: 25.5975 | val_loss: 2.9001 | val_acc: 27.3600 | lr: 0.0402
2025-06-09 23:40:53,321 - trainer_0 - INFO - Epoch: 40 | Batch: 10/10 | Loss: 2.9816 | Images/sec: 42.84 | Progress: 102.4% | Time: 860.41s | lr: 0.0402 | train_acc: 25.3550
2025-06-09 23:41:00,669 - trainer_0 - INFO - Epoch 40 completed in 21.48s | Average Loss: 2.9816 | train_acc: 25.3550 | val_loss: 3.5009 | val_acc: 18.7000 | lr: 0.0400
2025-06-09 23:41:14,579 - trainer_0 - INFO - Epoch: 41 | Batch: 10/10 | Loss: 2.9458 | Images/sec: 41.81 | Progress: 102.4% | Time: 881.67s | lr: 0.0400 | train_acc: 25.8300
2025-06-09 23:41:21,849 - trainer_0 - INFO - Epoch 41 completed in 21.11s | Average Loss: 2.9458 | train_acc: 25.8300 | val_loss: 3.1016 | val_acc: 23.7100 | lr: 0.0398
2025-06-09 23:41:36,080 - trainer_0 - INFO - Epoch: 42 | Batch: 10/10 | Loss: 2.9439 | Images/sec: 40.82 | Progress: 102.4% | Time: 903.17s | lr: 0.0398 | train_acc: 25.7550
2025-06-09 23:41:43,401 - trainer_0 - INFO - Epoch 42 completed in 21.50s | Average Loss: 2.9439 | train_acc: 25.7550 | val_loss: 2.8761 | val_acc: 27.2900 | lr: 0.0395
2025-06-09 23:41:57,266 - trainer_0 - INFO - Epoch: 43 | Batch: 10/10 | Loss: 2.8992 | Images/sec: 39.88 | Progress: 102.4% | Time: 924.36s | lr: 0.0395 | train_acc: 26.5075
2025-06-09 23:42:06,202 - trainer_0 - INFO - Epoch 43 completed in 22.73s | Average Loss: 2.8992 | train_acc: 26.5075 | val_loss: 2.9138 | val_acc: 28.3600 | lr: 0.0392
2025-06-09 23:42:20,370 - trainer_0 - INFO - Epoch: 44 | Batch: 10/10 | Loss: 2.8353 | Images/sec: 38.91 | Progress: 102.4% | Time: 947.46s | lr: 0.0392 | train_acc: 28.1225
2025-06-09 23:42:26,994 - trainer_0 - INFO - Epoch 44 completed in 20.74s | Average Loss: 2.8353 | train_acc: 28.1225 | val_loss: 2.8146 | val_acc: 29.4000 | lr: 0.0390
2025-06-09 23:42:41,040 - trainer_0 - INFO - Epoch: 45 | Batch: 10/10 | Loss: 2.8712 | Images/sec: 38.08 | Progress: 102.4% | Time: 968.13s | lr: 0.0390 | train_acc: 27.0825
2025-06-09 23:42:48,683 - trainer_0 - INFO - Epoch 45 completed in 21.62s | Average Loss: 2.8712 | train_acc: 27.0825 | val_loss: 2.8969 | val_acc: 26.4300 | lr: 0.0387
2025-06-09 23:43:02,714 - trainer_0 - INFO - Epoch: 46 | Batch: 10/10 | Loss: 2.9080 | Images/sec: 37.24 | Progress: 102.4% | Time: 989.80s | lr: 0.0387 | train_acc: 26.4975
2025-06-09 23:43:09,527 - trainer_0 - INFO - Epoch 46 completed in 20.80s | Average Loss: 2.9080 | train_acc: 26.4975 | val_loss: 2.8412 | val_acc: 30.4900 | lr: 0.0384
2025-06-09 23:43:23,412 - trainer_0 - INFO - Epoch: 47 | Batch: 10/10 | Loss: 2.8728 | Images/sec: 36.48 | Progress: 102.4% | Time: 1010.50s | lr: 0.0384 | train_acc: 27.4150
2025-06-09 23:43:31,050 - trainer_0 - INFO - Epoch 47 completed in 21.45s | Average Loss: 2.8728 | train_acc: 27.4150 | val_loss: 2.9631 | val_acc: 25.8900 | lr: 0.0381
2025-06-09 23:43:45,320 - trainer_0 - INFO - Epoch: 48 | Batch: 10/10 | Loss: 2.8588 | Images/sec: 35.71 | Progress: 102.4% | Time: 1032.41s | lr: 0.0381 | train_acc: 27.3675
2025-06-09 23:43:52,329 - trainer_0 - INFO - Epoch 48 completed in 21.23s | Average Loss: 2.8588 | train_acc: 27.3675 | val_loss: 2.8522 | val_acc: 28.1300 | lr: 0.0378
2025-06-09 23:44:05,706 - trainer_0 - INFO - Epoch: 49 | Batch: 10/10 | Loss: 2.8460 | Images/sec: 35.02 | Progress: 102.4% | Time: 1052.80s | lr: 0.0378 | train_acc: 27.9675
2025-06-09 23:44:13,366 - trainer_0 - INFO - Epoch 49 completed in 20.96s | Average Loss: 2.8460 | train_acc: 27.9675 | val_loss: 2.9787 | val_acc: 26.0300 | lr: 0.0374
2025-06-09 23:44:27,383 - trainer_0 - INFO - Epoch: 50 | Batch: 10/10 | Loss: 2.7615 | Images/sec: 34.31 | Progress: 102.4% | Time: 1074.47s | lr: 0.0374 | train_acc: 29.4425
2025-06-09 23:44:34,248 - trainer_0 - INFO - Epoch 50 completed in 20.84s | Average Loss: 2.7615 | train_acc: 29.4425 | val_loss: 3.0136 | val_acc: 25.6100 | lr: 0.0371
2025-06-09 23:44:49,719 - trainer_0 - INFO - Epoch: 51 | Batch: 10/10 | Loss: 2.7545 | Images/sec: 33.61 | Progress: 102.4% | Time: 1096.81s | lr: 0.0371 | train_acc: 29.5125
2025-06-09 23:44:57,273 - trainer_0 - INFO - Epoch 51 completed in 22.96s | Average Loss: 2.7545 | train_acc: 29.5125 | val_loss: 2.8401 | val_acc: 28.7500 | lr: 0.0367
2025-06-09 23:45:11,342 - trainer_0 - INFO - Epoch: 52 | Batch: 10/10 | Loss: 2.7117 | Images/sec: 32.96 | Progress: 102.4% | Time: 1118.43s | lr: 0.0367 | train_acc: 30.3175
2025-06-09 23:45:18,124 - trainer_0 - INFO - Epoch 52 completed in 20.80s | Average Loss: 2.7117 | train_acc: 30.3175 | val_loss: 2.9835 | val_acc: 27.3900 | lr: 0.0364
2025-06-09 23:45:31,749 - trainer_0 - INFO - Epoch: 53 | Batch: 10/10 | Loss: 2.6861 | Images/sec: 32.37 | Progress: 102.4% | Time: 1138.84s | lr: 0.0364 | train_acc: 30.9400
2025-06-09 23:45:39,640 - trainer_0 - INFO - Epoch 53 completed in 21.45s | Average Loss: 2.6861 | train_acc: 30.9400 | val_loss: 2.7422 | val_acc: 31.1300 | lr: 0.0360
2025-06-09 23:45:53,742 - trainer_0 - INFO - Epoch: 54 | Batch: 10/10 | Loss: 2.6238 | Images/sec: 31.76 | Progress: 102.4% | Time: 1160.83s | lr: 0.0360 | train_acc: 32.2950
2025-06-09 23:46:00,540 - trainer_0 - INFO - Epoch 54 completed in 20.85s | Average Loss: 2.6238 | train_acc: 32.2950 | val_loss: 2.7674 | val_acc: 30.2500 | lr: 0.0357
2025-06-09 23:46:14,804 - trainer_0 - INFO - Epoch: 55 | Batch: 10/10 | Loss: 2.5919 | Images/sec: 31.19 | Progress: 102.4% | Time: 1181.89s | lr: 0.0357 | train_acc: 33.0525
2025-06-09 23:46:22,521 - trainer_0 - INFO - Epoch 55 completed in 21.91s | Average Loss: 2.5919 | train_acc: 33.0525 | val_loss: 2.6895 | val_acc: 31.4500 | lr: 0.0353
2025-06-09 23:46:36,695 - trainer_0 - INFO - Epoch: 56 | Batch: 10/10 | Loss: 2.5621 | Images/sec: 30.62 | Progress: 102.4% | Time: 1203.78s | lr: 0.0353 | train_acc: 33.6400
2025-06-09 23:46:43,761 - trainer_0 - INFO - Epoch 56 completed in 21.19s | Average Loss: 2.5621 | train_acc: 33.6400 | val_loss: 2.7014 | val_acc: 32.0500 | lr: 0.0349
2025-06-09 23:46:57,290 - trainer_0 - INFO - Epoch: 57 | Batch: 10/10 | Loss: 2.5545 | Images/sec: 30.11 | Progress: 102.4% | Time: 1224.38s | lr: 0.0349 | train_acc: 33.6325
2025-06-09 23:47:04,662 - trainer_0 - INFO - Epoch 57 completed in 20.84s | Average Loss: 2.5545 | train_acc: 33.6325 | val_loss: 2.7578 | val_acc: 31.6000 | lr: 0.0345
2025-06-09 23:47:20,627 - trainer_0 - INFO - Epoch: 58 | Batch: 10/10 | Loss: 2.5781 | Images/sec: 29.55 | Progress: 102.4% | Time: 1247.72s | lr: 0.0345 | train_acc: 33.1400
2025-06-09 23:47:28,625 - trainer_0 - INFO - Epoch 58 completed in 23.92s | Average Loss: 2.5781 | train_acc: 33.1400 | val_loss: 2.7789 | val_acc: 30.6700 | lr: 0.0341
2025-06-09 23:47:43,113 - trainer_0 - INFO - Epoch: 59 | Batch: 10/10 | Loss: 2.5367 | Images/sec: 29.02 | Progress: 102.4% | Time: 1270.20s | lr: 0.0341 | train_acc: 34.3025
2025-06-09 23:47:49,718 - trainer_0 - INFO - Epoch 59 completed in 21.02s | Average Loss: 2.5367 | train_acc: 34.3025 | val_loss: 2.6628 | val_acc: 32.5400 | lr: 0.0337
2025-06-09 23:48:04,118 - trainer_0 - INFO - Epoch: 60 | Batch: 10/10 | Loss: 2.5070 | Images/sec: 28.55 | Progress: 102.4% | Time: 1291.21s | lr: 0.0337 | train_acc: 34.8450
2025-06-09 23:48:12,363 - trainer_0 - INFO - Epoch 60 completed in 22.58s | Average Loss: 2.5070 | train_acc: 34.8450 | val_loss: 2.5473 | val_acc: 34.0000 | lr: 0.0333
2025-06-09 23:48:26,718 - trainer_0 - INFO - Epoch: 61 | Batch: 10/10 | Loss: 2.5187 | Images/sec: 28.06 | Progress: 102.4% | Time: 1313.81s | lr: 0.0333 | train_acc: 34.3175
2025-06-09 23:48:33,278 - trainer_0 - INFO - Epoch 61 completed in 20.87s | Average Loss: 2.5187 | train_acc: 34.3175 | val_loss: 2.5613 | val_acc: 33.8500 | lr: 0.0328
2025-06-09 23:48:47,551 - trainer_0 - INFO - Epoch: 62 | Batch: 10/10 | Loss: 2.5242 | Images/sec: 27.62 | Progress: 102.4% | Time: 1334.64s | lr: 0.0328 | train_acc: 34.5525
2025-06-09 23:48:55,469 - trainer_0 - INFO - Epoch 62 completed in 22.14s | Average Loss: 2.5242 | train_acc: 34.5525 | val_loss: 2.6122 | val_acc: 33.1900 | lr: 0.0324
2025-06-09 23:49:09,647 - trainer_0 - INFO - Epoch: 63 | Batch: 10/10 | Loss: 2.4520 | Images/sec: 27.17 | Progress: 102.4% | Time: 1356.74s | lr: 0.0324 | train_acc: 35.8825
2025-06-09 23:49:16,329 - trainer_0 - INFO - Epoch 63 completed in 20.81s | Average Loss: 2.4520 | train_acc: 35.8825 | val_loss: 2.5252 | val_acc: 34.5000 | lr: 0.0320
2025-06-09 23:49:30,323 - trainer_0 - INFO - Epoch: 64 | Batch: 10/10 | Loss: 2.4426 | Images/sec: 26.76 | Progress: 102.4% | Time: 1377.41s | lr: 0.0320 | train_acc: 35.9200
2025-06-09 23:49:38,216 - trainer_0 - INFO - Epoch 64 completed in 21.84s | Average Loss: 2.4426 | train_acc: 35.9200 | val_loss: 2.6282 | val_acc: 32.9300 | lr: 0.0315
2025-06-09 23:49:52,399 - trainer_0 - INFO - Epoch: 65 | Batch: 10/10 | Loss: 2.4378 | Images/sec: 26.34 | Progress: 102.4% | Time: 1399.49s | lr: 0.0315 | train_acc: 36.0150
2025-06-09 23:50:00,410 - trainer_0 - INFO - Epoch 65 completed in 22.14s | Average Loss: 2.4378 | train_acc: 36.0150 | val_loss: 2.7848 | val_acc: 30.9200 | lr: 0.0311
2025-06-09 23:50:14,843 - trainer_0 - INFO - Epoch: 66 | Batch: 10/10 | Loss: 2.4270 | Images/sec: 25.93 | Progress: 102.4% | Time: 1421.93s | lr: 0.0311 | train_acc: 36.5050
2025-06-09 23:50:22,847 - trainer_0 - INFO - Epoch 66 completed in 22.37s | Average Loss: 2.4270 | train_acc: 36.5050 | val_loss: 3.4211 | val_acc: 27.9000 | lr: 0.0306
2025-06-09 23:50:36,924 - trainer_0 - INFO - Epoch: 67 | Batch: 10/10 | Loss: 2.4281 | Images/sec: 25.53 | Progress: 102.4% | Time: 1444.01s | lr: 0.0306 | train_acc: 36.4525
2025-06-09 23:50:43,875 - trainer_0 - INFO - Epoch 67 completed in 20.98s | Average Loss: 2.4281 | train_acc: 36.4525 | val_loss: 3.1331 | val_acc: 28.4800 | lr: 0.0302
2025-06-09 23:50:57,481 - trainer_0 - INFO - Epoch: 68 | Batch: 10/10 | Loss: 2.3825 | Images/sec: 25.17 | Progress: 102.4% | Time: 1464.57s | lr: 0.0302 | train_acc: 37.4275
2025-06-09 23:51:05,364 - trainer_0 - INFO - Epoch 68 completed in 21.43s | Average Loss: 2.3825 | train_acc: 37.4275 | val_loss: 2.5944 | val_acc: 34.3200 | lr: 0.0297
2025-06-09 23:51:19,551 - trainer_0 - INFO - Epoch: 69 | Batch: 10/10 | Loss: 2.3651 | Images/sec: 24.80 | Progress: 102.4% | Time: 1486.64s | lr: 0.0297 | train_acc: 37.8350
2025-06-09 23:51:26,396 - trainer_0 - INFO - Epoch 69 completed in 20.99s | Average Loss: 2.3651 | train_acc: 37.8350 | val_loss: 2.4519 | val_acc: 36.7800 | lr: 0.0292
2025-06-09 23:51:40,022 - trainer_0 - INFO - Epoch: 70 | Batch: 10/10 | Loss: 2.3458 | Images/sec: 24.46 | Progress: 102.4% | Time: 1507.11s | lr: 0.0292 | train_acc: 38.4750
2025-06-09 23:51:47,815 - trainer_0 - INFO - Epoch 70 completed in 21.35s | Average Loss: 2.3458 | train_acc: 38.4750 | val_loss: 2.5379 | val_acc: 35.4000 | lr: 0.0287
2025-06-09 23:52:01,907 - trainer_0 - INFO - Epoch: 71 | Batch: 10/10 | Loss: 2.3209 | Images/sec: 24.11 | Progress: 102.4% | Time: 1529.00s | lr: 0.0287 | train_acc: 38.7750
2025-06-09 23:52:08,924 - trainer_0 - INFO - Epoch 71 completed in 21.06s | Average Loss: 2.3209 | train_acc: 38.7750 | val_loss: 2.4795 | val_acc: 35.9000 | lr: 0.0283
2025-06-09 23:52:22,833 - trainer_0 - INFO - Epoch: 72 | Batch: 10/10 | Loss: 2.2939 | Images/sec: 23.78 | Progress: 102.4% | Time: 1549.92s | lr: 0.0283 | train_acc: 39.1900
2025-06-09 23:52:30,299 - trainer_0 - INFO - Epoch 72 completed in 21.30s | Average Loss: 2.2939 | train_acc: 39.1900 | val_loss: 2.3594 | val_acc: 38.6100 | lr: 0.0278
2025-06-09 23:52:46,009 - trainer_0 - INFO - Epoch: 73 | Batch: 10/10 | Loss: 2.2838 | Images/sec: 23.43 | Progress: 102.4% | Time: 1573.10s | lr: 0.0278 | train_acc: 39.7900
2025-06-09 23:52:53,679 - trainer_0 - INFO - Epoch 73 completed in 23.32s | Average Loss: 2.2838 | train_acc: 39.7900 | val_loss: 2.3468 | val_acc: 38.7000 | lr: 0.0273
2025-06-09 23:53:07,340 - trainer_0 - INFO - Epoch: 74 | Batch: 10/10 | Loss: 2.2701 | Images/sec: 23.12 | Progress: 102.4% | Time: 1594.43s | lr: 0.0273 | train_acc: 39.9700
2025-06-09 23:53:14,158 - trainer_0 - INFO - Epoch 74 completed in 20.41s | Average Loss: 2.2701 | train_acc: 39.9700 | val_loss: 2.4761 | val_acc: 36.8300 | lr: 0.0268
2025-06-09 23:53:28,267 - trainer_0 - INFO - Epoch: 75 | Batch: 10/10 | Loss: 2.2156 | Images/sec: 22.82 | Progress: 102.4% | Time: 1615.36s | lr: 0.0268 | train_acc: 40.8125
2025-06-09 23:53:36,055 - trainer_0 - INFO - Epoch 75 completed in 21.85s | Average Loss: 2.2156 | train_acc: 40.8125 | val_loss: 2.4951 | val_acc: 35.7700 | lr: 0.0263
2025-06-09 23:53:49,855 - trainer_0 - INFO - Epoch: 76 | Batch: 10/10 | Loss: 2.2449 | Images/sec: 22.52 | Progress: 102.4% | Time: 1636.94s | lr: 0.0263 | train_acc: 40.4325
2025-06-09 23:53:56,402 - trainer_0 - INFO - Epoch 76 completed in 20.28s | Average Loss: 2.2449 | train_acc: 40.4325 | val_loss: 2.3771 | val_acc: 38.2600 | lr: 0.0258
2025-06-09 23:54:10,276 - trainer_0 - INFO - Epoch: 77 | Batch: 10/10 | Loss: 2.1962 | Images/sec: 22.24 | Progress: 102.4% | Time: 1657.37s | lr: 0.0258 | train_acc: 41.2050
2025-06-09 23:54:17,856 - trainer_0 - INFO - Epoch 77 completed in 21.41s | Average Loss: 2.1962 | train_acc: 41.2050 | val_loss: 2.3149 | val_acc: 39.4400 | lr: 0.0253
2025-06-09 23:54:31,059 - trainer_0 - INFO - Epoch: 78 | Batch: 10/10 | Loss: 2.1571 | Images/sec: 21.97 | Progress: 102.4% | Time: 1678.15s | lr: 0.0253 | train_acc: 42.5775
2025-06-09 23:54:38,102 - trainer_0 - INFO - Epoch 78 completed in 20.18s | Average Loss: 2.1571 | train_acc: 42.5775 | val_loss: 2.2715 | val_acc: 40.4500 | lr: 0.0248
2025-06-09 23:54:52,101 - trainer_0 - INFO - Epoch: 79 | Batch: 10/10 | Loss: 2.1992 | Images/sec: 21.70 | Progress: 102.4% | Time: 1699.19s | lr: 0.0248 | train_acc: 41.5575
2025-06-09 23:54:59,159 - trainer_0 - INFO - Epoch 79 completed in 21.01s | Average Loss: 2.1992 | train_acc: 41.5575 | val_loss: 2.3740 | val_acc: 38.1300 | lr: 0.0243
2025-06-09 23:55:12,412 - trainer_0 - INFO - Epoch: 80 | Batch: 10/10 | Loss: 2.1358 | Images/sec: 21.44 | Progress: 102.4% | Time: 1719.50s | lr: 0.0243 | train_acc: 42.5600
2025-06-09 23:55:19,994 - trainer_0 - INFO - Epoch 80 completed in 20.75s | Average Loss: 2.1358 | train_acc: 42.5600 | val_loss: 2.3824 | val_acc: 38.0800 | lr: 0.0238
2025-06-09 23:55:35,400 - trainer_0 - INFO - Epoch: 81 | Batch: 10/10 | Loss: 2.1035 | Images/sec: 21.16 | Progress: 102.4% | Time: 1742.49s | lr: 0.0238 | train_acc: 43.7400
2025-06-09 23:55:43,377 - trainer_0 - INFO - Epoch 81 completed in 23.34s | Average Loss: 2.1035 | train_acc: 43.7400 | val_loss: 2.3093 | val_acc: 40.8800 | lr: 0.0233
2025-06-09 23:55:57,358 - trainer_0 - INFO - Epoch: 82 | Batch: 10/10 | Loss: 2.1050 | Images/sec: 20.89 | Progress: 102.4% | Time: 1764.45s | lr: 0.0233 | train_acc: 43.0825
2025-06-09 23:56:03,976 - trainer_0 - INFO - Epoch 82 completed in 20.55s | Average Loss: 2.1050 | train_acc: 43.0825 | val_loss: 2.2359 | val_acc: 40.8600 | lr: 0.0227
2025-06-09 23:56:17,747 - trainer_0 - INFO - Epoch: 83 | Batch: 10/10 | Loss: 2.0652 | Images/sec: 20.65 | Progress: 102.4% | Time: 1784.84s | lr: 0.0227 | train_acc: 44.2125
2025-06-09 23:56:25,516 - trainer_0 - INFO - Epoch 83 completed in 21.49s | Average Loss: 2.0652 | train_acc: 44.2125 | val_loss: 2.1585 | val_acc: 42.7900 | lr: 0.0222
2025-06-09 23:56:39,109 - trainer_0 - INFO - Epoch: 84 | Batch: 10/10 | Loss: 2.0686 | Images/sec: 20.41 | Progress: 102.4% | Time: 1806.20s | lr: 0.0222 | train_acc: 44.2350
2025-06-09 23:56:45,651 - trainer_0 - INFO - Epoch 84 completed in 20.09s | Average Loss: 2.0686 | train_acc: 44.2350 | val_loss: 2.2619 | val_acc: 40.7100 | lr: 0.0217
2025-06-09 23:56:59,682 - trainer_0 - INFO - Epoch: 85 | Batch: 10/10 | Loss: 2.0197 | Images/sec: 20.18 | Progress: 102.4% | Time: 1826.77s | lr: 0.0217 | train_acc: 45.2900
2025-06-09 23:57:07,536 - trainer_0 - INFO - Epoch 85 completed in 21.84s | Average Loss: 2.0197 | train_acc: 45.2900 | val_loss: 2.0584 | val_acc: 45.1500 | lr: 0.0212
2025-06-09 23:57:21,081 - trainer_0 - INFO - Epoch: 86 | Batch: 10/10 | Loss: 1.9974 | Images/sec: 19.95 | Progress: 102.4% | Time: 1848.17s | lr: 0.0212 | train_acc: 45.7175
2025-06-09 23:57:27,852 - trainer_0 - INFO - Epoch 86 completed in 20.24s | Average Loss: 1.9974 | train_acc: 45.7175 | val_loss: 2.1615 | val_acc: 42.6300 | lr: 0.0207
2025-06-09 23:57:41,780 - trainer_0 - INFO - Epoch: 87 | Batch: 10/10 | Loss: 1.9705 | Images/sec: 19.73 | Progress: 102.4% | Time: 1868.87s | lr: 0.0207 | train_acc: 46.4375
2025-06-09 23:57:49,602 - trainer_0 - INFO - Epoch 87 completed in 21.70s | Average Loss: 1.9705 | train_acc: 46.4375 | val_loss: 2.0650 | val_acc: 45.2500 | lr: 0.0202
2025-06-09 23:58:03,373 - trainer_0 - INFO - Epoch: 88 | Batch: 10/10 | Loss: 1.9449 | Images/sec: 19.50 | Progress: 102.4% | Time: 1890.46s | lr: 0.0202 | train_acc: 46.8300
2025-06-09 23:58:11,611 - trainer_0 - INFO - Epoch 88 completed in 21.95s | Average Loss: 1.9449 | train_acc: 46.8300 | val_loss: 2.2842 | val_acc: 41.9400 | lr: 0.0197
2025-06-09 23:58:25,605 - trainer_0 - INFO - Epoch: 89 | Batch: 10/10 | Loss: 1.9691 | Images/sec: 19.27 | Progress: 102.4% | Time: 1912.69s | lr: 0.0197 | train_acc: 46.1850
2025-06-09 23:58:33,301 - trainer_0 - INFO - Epoch 89 completed in 21.64s | Average Loss: 1.9691 | train_acc: 46.1850 | val_loss: 2.0544 | val_acc: 45.1500 | lr: 0.0192
2025-06-09 23:58:46,799 - trainer_0 - INFO - Epoch: 90 | Batch: 10/10 | Loss: 1.9113 | Images/sec: 19.06 | Progress: 102.4% | Time: 1933.89s | lr: 0.0192 | train_acc: 47.7300
2025-06-09 23:58:53,716 - trainer_0 - INFO - Epoch 90 completed in 20.34s | Average Loss: 1.9113 | train_acc: 47.7300 | val_loss: 2.2255 | val_acc: 41.9200 | lr: 0.0187
2025-06-09 23:59:07,603 - trainer_0 - INFO - Epoch: 91 | Batch: 10/10 | Loss: 1.9382 | Images/sec: 18.86 | Progress: 102.4% | Time: 1954.69s | lr: 0.0187 | train_acc: 46.9375
2025-06-09 23:59:15,087 - trainer_0 - INFO - Epoch 91 completed in 21.32s | Average Loss: 1.9382 | train_acc: 46.9375 | val_loss: 2.1295 | val_acc: 43.9300 | lr: 0.0181
2025-06-09 23:59:28,868 - trainer_0 - INFO - Epoch: 92 | Batch: 10/10 | Loss: 1.8964 | Images/sec: 18.66 | Progress: 102.4% | Time: 1975.96s | lr: 0.0181 | train_acc: 47.8425
2025-06-09 23:59:35,645 - trainer_0 - INFO - Epoch 92 completed in 20.50s | Average Loss: 1.8964 | train_acc: 47.8425 | val_loss: 1.9871 | val_acc: 46.5100 | lr: 0.0176
2025-06-09 23:59:49,506 - trainer_0 - INFO - Epoch: 93 | Batch: 10/10 | Loss: 1.8869 | Images/sec: 18.46 | Progress: 102.4% | Time: 1996.60s | lr: 0.0176 | train_acc: 48.4350
2025-06-09 23:59:57,141 - trainer_0 - INFO - Epoch 93 completed in 21.45s | Average Loss: 1.8869 | train_acc: 48.4350 | val_loss: 2.3623 | val_acc: 39.8300 | lr: 0.0171
2025-06-10 00:00:10,726 - trainer_0 - INFO - Epoch: 94 | Batch: 10/10 | Loss: 1.8617 | Images/sec: 18.27 | Progress: 102.4% | Time: 2017.82s | lr: 0.0171 | train_acc: 48.6425
2025-06-10 00:00:17,748 - trainer_0 - INFO - Epoch 94 completed in 20.54s | Average Loss: 1.8617 | train_acc: 48.6425 | val_loss: 2.0522 | val_acc: 45.2700 | lr: 0.0166
2025-06-10 00:00:31,785 - trainer_0 - INFO - Epoch: 95 | Batch: 10/10 | Loss: 1.8404 | Images/sec: 18.08 | Progress: 102.4% | Time: 2038.87s | lr: 0.0166 | train_acc: 49.2375
2025-06-10 00:00:39,736 - trainer_0 - INFO - Epoch 95 completed in 21.94s | Average Loss: 1.8404 | train_acc: 49.2375 | val_loss: 2.1841 | val_acc: 43.0900 | lr: 0.0161
2025-06-10 00:00:55,105 - trainer_0 - INFO - Epoch: 96 | Batch: 10/10 | Loss: 1.8248 | Images/sec: 17.88 | Progress: 102.4% | Time: 2062.19s | lr: 0.0161 | train_acc: 49.4575
2025-06-10 00:01:01,478 - trainer_0 - INFO - Epoch 96 completed in 21.68s | Average Loss: 1.8248 | train_acc: 49.4575 | val_loss: 2.0283 | val_acc: 45.5000 | lr: 0.0156
2025-06-10 00:01:15,394 - trainer_0 - INFO - Epoch: 97 | Batch: 10/10 | Loss: 1.7717 | Images/sec: 17.70 | Progress: 102.4% | Time: 2082.48s | lr: 0.0156 | train_acc: 50.6725
2025-06-10 00:01:23,044 - trainer_0 - INFO - Epoch 97 completed in 21.52s | Average Loss: 1.7717 | train_acc: 50.6725 | val_loss: 1.9363 | val_acc: 48.4500 | lr: 0.0151
2025-06-10 00:01:36,415 - trainer_0 - INFO - Epoch: 98 | Batch: 10/10 | Loss: 1.7544 | Images/sec: 17.53 | Progress: 102.4% | Time: 2103.50s | lr: 0.0151 | train_acc: 51.5525
2025-06-10 00:01:43,262 - trainer_0 - INFO - Epoch 98 completed in 20.16s | Average Loss: 1.7544 | train_acc: 51.5525 | val_loss: 2.0439 | val_acc: 45.5600 | lr: 0.0147
2025-06-10 00:01:57,280 - trainer_0 - INFO - Epoch: 99 | Batch: 10/10 | Loss: 1.7795 | Images/sec: 17.35 | Progress: 102.4% | Time: 2124.37s | lr: 0.0147 | train_acc: 50.9725
2025-06-10 00:02:04,629 - trainer_0 - INFO - Epoch 99 completed in 21.32s | Average Loss: 1.7795 | train_acc: 50.9725 | val_loss: 1.8348 | val_acc: 50.4900 | lr: 0.0142
2025-06-10 00:02:17,880 - trainer_0 - INFO - Epoch: 100 | Batch: 10/10 | Loss: 1.7331 | Images/sec: 17.19 | Progress: 102.4% | Time: 2144.97s | lr: 0.0142 | train_acc: 51.5575
2025-06-10 00:02:24,999 - trainer_0 - INFO - Epoch 100 completed in 20.31s | Average Loss: 1.7331 | train_acc: 51.5575 | val_loss: 1.9213 | val_acc: 47.8900 | lr: 0.0137
2025-06-10 00:02:38,807 - trainer_0 - INFO - Epoch: 101 | Batch: 10/10 | Loss: 1.7198 | Images/sec: 17.02 | Progress: 102.4% | Time: 2165.90s | lr: 0.0137 | train_acc: 51.8650
2025-06-10 00:02:45,832 - trainer_0 - INFO - Epoch 101 completed in 20.78s | Average Loss: 1.7198 | train_acc: 51.8650 | val_loss: 1.9585 | val_acc: 47.8300 | lr: 0.0132
2025-06-10 00:02:59,493 - trainer_0 - INFO - Epoch: 102 | Batch: 10/10 | Loss: 1.6891 | Images/sec: 16.86 | Progress: 102.4% | Time: 2186.58s | lr: 0.0132 | train_acc: 52.6775
2025-06-10 00:03:06,672 - trainer_0 - INFO - Epoch 102 completed in 20.78s | Average Loss: 1.6891 | train_acc: 52.6775 | val_loss: 1.9153 | val_acc: 48.6300 | lr: 0.0127
2025-06-10 00:03:20,453 - trainer_0 - INFO - Epoch: 103 | Batch: 10/10 | Loss: 1.6862 | Images/sec: 16.70 | Progress: 102.4% | Time: 2207.54s | lr: 0.0127 | train_acc: 52.9350
2025-06-10 00:03:27,217 - trainer_0 - INFO - Epoch 103 completed in 20.48s | Average Loss: 1.6862 | train_acc: 52.9350 | val_loss: 2.0723 | val_acc: 46.2700 | lr: 0.0123
2025-06-10 00:03:43,125 - trainer_0 - INFO - Epoch: 104 | Batch: 10/10 | Loss: 1.6742 | Images/sec: 16.53 | Progress: 102.4% | Time: 2230.21s | lr: 0.0123 | train_acc: 53.4625
2025-06-10 00:03:49,906 - trainer_0 - INFO - Epoch 104 completed in 22.61s | Average Loss: 1.6742 | train_acc: 53.4625 | val_loss: 1.8257 | val_acc: 50.5000 | lr: 0.0118
2025-06-10 00:04:03,788 - trainer_0 - INFO - Epoch: 105 | Batch: 10/10 | Loss: 1.6343 | Images/sec: 16.38 | Progress: 102.4% | Time: 2250.88s | lr: 0.0118 | train_acc: 53.7250
2025-06-10 00:04:11,078 - trainer_0 - INFO - Epoch 105 completed in 21.12s | Average Loss: 1.6343 | train_acc: 53.7250 | val_loss: 1.8192 | val_acc: 50.5600 | lr: 0.0114
2025-06-10 00:04:24,683 - trainer_0 - INFO - Epoch: 106 | Batch: 10/10 | Loss: 1.6208 | Images/sec: 16.23 | Progress: 102.4% | Time: 2271.77s | lr: 0.0114 | train_acc: 54.2200
2025-06-10 00:04:31,835 - trainer_0 - INFO - Epoch 106 completed in 20.70s | Average Loss: 1.6208 | train_acc: 54.2200 | val_loss: 1.8178 | val_acc: 50.6900 | lr: 0.0109
2025-06-10 00:04:45,834 - trainer_0 - INFO - Epoch: 107 | Batch: 10/10 | Loss: 1.6175 | Images/sec: 16.08 | Progress: 102.4% | Time: 2292.92s | lr: 0.0109 | train_acc: 54.3225
2025-06-10 00:04:53,152 - trainer_0 - INFO - Epoch 107 completed in 21.27s | Average Loss: 1.6175 | train_acc: 54.3225 | val_loss: 1.7759 | val_acc: 51.5000 | lr: 0.0105
2025-06-10 00:05:06,776 - trainer_0 - INFO - Epoch: 108 | Batch: 10/10 | Loss: 1.5881 | Images/sec: 15.93 | Progress: 102.4% | Time: 2313.87s | lr: 0.0105 | train_acc: 55.1675
2025-06-10 00:05:14,055 - trainer_0 - INFO - Epoch 108 completed in 20.83s | Average Loss: 1.5881 | train_acc: 55.1675 | val_loss: 1.8833 | val_acc: 50.1100 | lr: 0.0100
2025-06-10 00:05:28,036 - trainer_0 - INFO - Epoch: 109 | Batch: 10/10 | Loss: 1.5645 | Images/sec: 15.79 | Progress: 102.4% | Time: 2335.13s | lr: 0.0100 | train_acc: 55.6750
2025-06-10 00:05:35,242 - trainer_0 - INFO - Epoch 109 completed in 21.14s | Average Loss: 1.5645 | train_acc: 55.6750 | val_loss: 1.7997 | val_acc: 51.4500 | lr: 0.0096
2025-06-10 00:05:48,875 - trainer_0 - INFO - Epoch: 110 | Batch: 10/10 | Loss: 1.5605 | Images/sec: 15.65 | Progress: 102.4% | Time: 2355.96s | lr: 0.0096 | train_acc: 55.5325
2025-06-10 00:05:56,188 - trainer_0 - INFO - Epoch 110 completed in 20.88s | Average Loss: 1.5605 | train_acc: 55.5325 | val_loss: 1.7840 | val_acc: 51.2100 | lr: 0.0092
2025-06-10 00:06:10,057 - trainer_0 - INFO - Epoch: 111 | Batch: 10/10 | Loss: 1.5366 | Images/sec: 15.51 | Progress: 102.4% | Time: 2377.15s | lr: 0.0092 | train_acc: 56.8225
2025-06-10 00:06:17,365 - trainer_0 - INFO - Epoch 111 completed in 21.13s | Average Loss: 1.5366 | train_acc: 56.8225 | val_loss: 1.7788 | val_acc: 52.1800 | lr: 0.0087
2025-06-10 00:06:32,260 - trainer_0 - INFO - Epoch: 112 | Batch: 10/10 | Loss: 1.5089 | Images/sec: 15.36 | Progress: 102.4% | Time: 2399.35s | lr: 0.0087 | train_acc: 57.1300
2025-06-10 00:06:40,252 - trainer_0 - INFO - Epoch 112 completed in 22.81s | Average Loss: 1.5089 | train_acc: 57.1300 | val_loss: 1.7598 | val_acc: 52.8900 | lr: 0.0083
2025-06-10 00:06:53,973 - trainer_0 - INFO - Epoch: 113 | Batch: 10/10 | Loss: 1.4998 | Images/sec: 15.23 | Progress: 102.4% | Time: 2421.06s | lr: 0.0083 | train_acc: 57.4525
2025-06-10 00:07:00,520 - trainer_0 - INFO - Epoch 113 completed in 20.22s | Average Loss: 1.4998 | train_acc: 57.4525 | val_loss: 1.7455 | val_acc: 53.0100 | lr: 0.0079
2025-06-10 00:07:14,294 - trainer_0 - INFO - Epoch: 114 | Batch: 10/10 | Loss: 1.4756 | Images/sec: 15.10 | Progress: 102.4% | Time: 2441.38s | lr: 0.0079 | train_acc: 57.6750
2025-06-10 00:07:22,083 - trainer_0 - INFO - Epoch 114 completed in 21.52s | Average Loss: 1.4756 | train_acc: 57.6750 | val_loss: 1.7231 | val_acc: 53.5300 | lr: 0.0075
2025-06-10 00:07:36,038 - trainer_0 - INFO - Epoch: 115 | Batch: 10/10 | Loss: 1.4849 | Images/sec: 14.97 | Progress: 102.4% | Time: 2463.13s | lr: 0.0075 | train_acc: 57.6525
2025-06-10 00:07:42,534 - trainer_0 - INFO - Epoch 115 completed in 20.40s | Average Loss: 1.4849 | train_acc: 57.6525 | val_loss: 1.7656 | val_acc: 52.4000 | lr: 0.0071
2025-06-10 00:07:56,529 - trainer_0 - INFO - Epoch: 116 | Batch: 10/10 | Loss: 1.4675 | Images/sec: 14.84 | Progress: 102.4% | Time: 2483.62s | lr: 0.0071 | train_acc: 58.0125
2025-06-10 00:08:04,554 - trainer_0 - INFO - Epoch 116 completed in 21.97s | Average Loss: 1.4675 | train_acc: 58.0125 | val_loss: 1.7463 | val_acc: 52.4500 | lr: 0.0068
2025-06-10 00:08:18,406 - trainer_0 - INFO - Epoch: 117 | Batch: 10/10 | Loss: 1.4497 | Images/sec: 14.71 | Progress: 102.4% | Time: 2505.50s | lr: 0.0068 | train_acc: 58.6075
2025-06-10 00:08:24,852 - trainer_0 - INFO - Epoch 117 completed in 20.25s | Average Loss: 1.4497 | train_acc: 58.6075 | val_loss: 1.7056 | val_acc: 53.8800 | lr: 0.0064
2025-06-10 00:08:38,899 - trainer_0 - INFO - Epoch: 118 | Batch: 10/10 | Loss: 1.4327 | Images/sec: 14.59 | Progress: 102.4% | Time: 2525.99s | lr: 0.0064 | train_acc: 58.8450
2025-06-10 00:08:46,720 - trainer_0 - INFO - Epoch 118 completed in 21.82s | Average Loss: 1.4327 | train_acc: 58.8450 | val_loss: 1.6604 | val_acc: 54.6800 | lr: 0.0060
2025-06-10 00:09:00,656 - trainer_0 - INFO - Epoch: 119 | Batch: 10/10 | Loss: 1.4123 | Images/sec: 14.47 | Progress: 102.4% | Time: 2547.75s | lr: 0.0060 | train_acc: 59.2875
2025-06-10 00:09:08,416 - trainer_0 - INFO - Epoch 119 completed in 21.65s | Average Loss: 1.4123 | train_acc: 59.2875 | val_loss: 1.7014 | val_acc: 54.0700 | lr: 0.0057
2025-06-10 00:09:22,532 - trainer_0 - INFO - Epoch: 120 | Batch: 10/10 | Loss: 1.3976 | Images/sec: 14.35 | Progress: 102.4% | Time: 2569.62s | lr: 0.0057 | train_acc: 59.5975
2025-06-10 00:09:30,628 - trainer_0 - INFO - Epoch 120 completed in 22.14s | Average Loss: 1.3976 | train_acc: 59.5975 | val_loss: 1.6993 | val_acc: 53.9300 | lr: 0.0053
2025-06-10 00:09:44,581 - trainer_0 - INFO - Epoch: 121 | Batch: 10/10 | Loss: 1.3881 | Images/sec: 14.22 | Progress: 102.4% | Time: 2591.67s | lr: 0.0053 | train_acc: 59.8475
2025-06-10 00:09:51,092 - trainer_0 - INFO - Epoch 121 completed in 20.42s | Average Loss: 1.3881 | train_acc: 59.8475 | val_loss: 1.6534 | val_acc: 55.1600 | lr: 0.0050
2025-06-10 00:10:05,320 - trainer_0 - INFO - Epoch: 122 | Batch: 10/10 | Loss: 1.3827 | Images/sec: 14.11 | Progress: 102.4% | Time: 2612.41s | lr: 0.0050 | train_acc: 60.1725
2025-06-10 00:10:13,349 - trainer_0 - INFO - Epoch 122 completed in 22.21s | Average Loss: 1.3827 | train_acc: 60.1725 | val_loss: 1.6482 | val_acc: 54.8000 | lr: 0.0047
2025-06-10 00:10:27,457 - trainer_0 - INFO - Epoch: 123 | Batch: 10/10 | Loss: 1.3671 | Images/sec: 13.99 | Progress: 102.4% | Time: 2634.55s | lr: 0.0047 | train_acc: 60.5775
2025-06-10 00:10:34,120 - trainer_0 - INFO - Epoch 123 completed in 20.72s | Average Loss: 1.3671 | train_acc: 60.5775 | val_loss: 1.6766 | val_acc: 54.5300 | lr: 0.0044
2025-06-10 00:10:47,974 - trainer_0 - INFO - Epoch: 124 | Batch: 10/10 | Loss: 1.3497 | Images/sec: 13.88 | Progress: 102.4% | Time: 2655.06s | lr: 0.0044 | train_acc: 61.0125
2025-06-10 00:10:55,857 - trainer_0 - INFO - Epoch 124 completed in 21.68s | Average Loss: 1.3497 | train_acc: 61.0125 | val_loss: 1.6440 | val_acc: 55.3700 | lr: 0.0041
2025-06-10 00:11:09,832 - trainer_0 - INFO - Epoch: 125 | Batch: 10/10 | Loss: 1.3425 | Images/sec: 13.77 | Progress: 102.4% | Time: 2676.92s | lr: 0.0041 | train_acc: 61.1650
2025-06-10 00:11:16,307 - trainer_0 - INFO - Epoch 125 completed in 20.40s | Average Loss: 1.3425 | train_acc: 61.1650 | val_loss: 1.6491 | val_acc: 55.1900 | lr: 0.0038
2025-06-10 00:11:30,269 - trainer_0 - INFO - Epoch: 126 | Batch: 10/10 | Loss: 1.3366 | Images/sec: 13.67 | Progress: 102.4% | Time: 2697.36s | lr: 0.0038 | train_acc: 61.0750
2025-06-10 00:11:38,298 - trainer_0 - INFO - Epoch 126 completed in 21.94s | Average Loss: 1.3366 | train_acc: 61.0750 | val_loss: 1.6209 | val_acc: 55.7100 | lr: 0.0035
2025-06-10 00:11:52,592 - trainer_0 - INFO - Epoch: 127 | Batch: 10/10 | Loss: 1.3099 | Images/sec: 13.55 | Progress: 102.4% | Time: 2719.68s | lr: 0.0035 | train_acc: 61.6650
2025-06-10 00:12:00,760 - trainer_0 - INFO - Epoch 127 completed in 22.42s | Average Loss: 1.3099 | train_acc: 61.6650 | val_loss: 1.6015 | val_acc: 56.3400 | lr: 0.0032
2025-06-10 00:12:14,274 - trainer_0 - INFO - Epoch: 128 | Batch: 10/10 | Loss: 1.3053 | Images/sec: 13.45 | Progress: 102.4% | Time: 2741.36s | lr: 0.0032 | train_acc: 61.9825
2025-06-10 00:12:21,851 - trainer_0 - INFO - Epoch 128 completed in 21.02s | Average Loss: 1.3053 | train_acc: 61.9825 | val_loss: 1.6117 | val_acc: 56.6100 | lr: 0.0029
2025-06-10 00:12:36,207 - trainer_0 - INFO - Epoch: 129 | Batch: 10/10 | Loss: 1.2949 | Images/sec: 13.34 | Progress: 102.4% | Time: 2763.30s | lr: 0.0029 | train_acc: 62.4625
2025-06-10 00:12:42,869 - trainer_0 - INFO - Epoch 129 completed in 20.96s | Average Loss: 1.2949 | train_acc: 62.4625 | val_loss: 1.5863 | val_acc: 56.1300 | lr: 0.0027
2025-06-10 00:12:57,065 - trainer_0 - INFO - Epoch: 130 | Batch: 10/10 | Loss: 1.2909 | Images/sec: 13.24 | Progress: 102.4% | Time: 2784.15s | lr: 0.0027 | train_acc: 62.1600
2025-06-10 00:13:05,446 - trainer_0 - INFO - Epoch 130 completed in 22.52s | Average Loss: 1.2909 | train_acc: 62.1600 | val_loss: 1.5891 | val_acc: 56.6400 | lr: 0.0024
2025-06-10 00:13:19,953 - trainer_0 - INFO - Epoch: 131 | Batch: 10/10 | Loss: 1.2744 | Images/sec: 13.13 | Progress: 102.4% | Time: 2807.04s | lr: 0.0024 | train_acc: 62.8350
2025-06-10 00:13:26,985 - trainer_0 - INFO - Epoch 131 completed in 21.49s | Average Loss: 1.2744 | train_acc: 62.8350 | val_loss: 1.5915 | val_acc: 57.2400 | lr: 0.0022
2025-06-10 00:13:41,147 - trainer_0 - INFO - Epoch: 132 | Batch: 10/10 | Loss: 1.2760 | Images/sec: 13.03 | Progress: 102.4% | Time: 2828.24s | lr: 0.0022 | train_acc: 62.5725
2025-06-10 00:13:48,731 - trainer_0 - INFO - Epoch 132 completed in 21.68s | Average Loss: 1.2760 | train_acc: 62.5725 | val_loss: 1.5731 | val_acc: 56.9300 | lr: 0.0020
2025-06-10 00:14:02,638 - trainer_0 - INFO - Epoch: 133 | Batch: 10/10 | Loss: 1.2724 | Images/sec: 12.94 | Progress: 102.4% | Time: 2849.73s | lr: 0.0020 | train_acc: 62.8050
2025-06-10 00:14:09,512 - trainer_0 - INFO - Epoch 133 completed in 20.73s | Average Loss: 1.2724 | train_acc: 62.8050 | val_loss: 1.6157 | val_acc: 56.6900 | lr: 0.0018
2025-06-10 00:14:23,137 - trainer_0 - INFO - Epoch: 134 | Batch: 10/10 | Loss: 1.2575 | Images/sec: 12.84 | Progress: 102.4% | Time: 2870.23s | lr: 0.0018 | train_acc: 63.2300
2025-06-10 00:14:30,775 - trainer_0 - INFO - Epoch 134 completed in 21.19s | Average Loss: 1.2575 | train_acc: 63.2300 | val_loss: 1.5667 | val_acc: 57.3600 | lr: 0.0016
2025-06-10 00:14:44,849 - trainer_0 - INFO - Epoch: 135 | Batch: 10/10 | Loss: 1.2534 | Images/sec: 12.75 | Progress: 102.4% | Time: 2891.94s | lr: 0.0016 | train_acc: 62.9925
2025-06-10 00:14:51,665 - trainer_0 - INFO - Epoch 135 completed in 20.84s | Average Loss: 1.2534 | train_acc: 62.9925 | val_loss: 1.5724 | val_acc: 57.3700 | lr: 0.0014
2025-06-10 00:15:05,394 - trainer_0 - INFO - Epoch: 136 | Batch: 10/10 | Loss: 1.2355 | Images/sec: 12.66 | Progress: 102.4% | Time: 2912.48s | lr: 0.0014 | train_acc: 63.8325
2025-06-10 00:15:12,944 - trainer_0 - INFO - Epoch 136 completed in 21.21s | Average Loss: 1.2355 | train_acc: 63.8325 | val_loss: 1.5793 | val_acc: 57.8500 | lr: 0.0012
2025-06-10 00:15:26,890 - trainer_0 - INFO - Epoch: 137 | Batch: 10/10 | Loss: 1.2466 | Images/sec: 12.56 | Progress: 102.4% | Time: 2933.98s | lr: 0.0012 | train_acc: 63.2275
2025-06-10 00:15:33,653 - trainer_0 - INFO - Epoch 137 completed in 20.66s | Average Loss: 1.2466 | train_acc: 63.2275 | val_loss: 1.5641 | val_acc: 57.1900 | lr: 0.0010
2025-06-10 00:15:47,233 - trainer_0 - INFO - Epoch: 138 | Batch: 10/10 | Loss: 1.2412 | Images/sec: 12.48 | Progress: 102.4% | Time: 2954.32s | lr: 0.0010 | train_acc: 63.6275
2025-06-10 00:15:55,078 - trainer_0 - INFO - Epoch 138 completed in 21.36s | Average Loss: 1.2412 | train_acc: 63.6275 | val_loss: 1.5738 | val_acc: 57.2900 | lr: 0.0009
2025-06-10 00:16:09,618 - trainer_0 - INFO - Epoch: 139 | Batch: 10/10 | Loss: 1.2379 | Images/sec: 12.38 | Progress: 102.4% | Time: 2976.71s | lr: 0.0009 | train_acc: 63.8125
2025-06-10 00:16:17,377 - trainer_0 - INFO - Epoch 139 completed in 22.25s | Average Loss: 1.2379 | train_acc: 63.8125 | val_loss: 1.5580 | val_acc: 57.0900 | lr: 0.0007
2025-06-10 00:16:33,532 - trainer_0 - INFO - Epoch: 140 | Batch: 10/10 | Loss: 1.2330 | Images/sec: 12.29 | Progress: 102.4% | Time: 3000.62s | lr: 0.0007 | train_acc: 63.7075
2025-06-10 00:16:41,061 - trainer_0 - INFO - Epoch 140 completed in 23.61s | Average Loss: 1.2330 | train_acc: 63.7075 | val_loss: 1.5558 | val_acc: 57.3400 | lr: 0.0006
2025-06-10 00:16:55,100 - trainer_0 - INFO - Epoch: 141 | Batch: 10/10 | Loss: 1.2191 | Images/sec: 12.20 | Progress: 102.4% | Time: 3022.19s | lr: 0.0006 | train_acc: 64.1350
2025-06-10 00:17:02,626 - trainer_0 - INFO - Epoch 141 completed in 21.52s | Average Loss: 1.2191 | train_acc: 64.1350 | val_loss: 1.5537 | val_acc: 57.3600 | lr: 0.0005
2025-06-10 00:17:16,434 - trainer_0 - INFO - Epoch: 142 | Batch: 10/10 | Loss: 1.2170 | Images/sec: 12.11 | Progress: 102.4% | Time: 3043.52s | lr: 0.0005 | train_acc: 64.2375
2025-06-10 00:17:23,380 - trainer_0 - INFO - Epoch 142 completed in 20.67s | Average Loss: 1.2170 | train_acc: 64.2375 | val_loss: 1.5511 | val_acc: 57.5100 | lr: 0.0004
2025-06-10 00:17:37,511 - trainer_0 - INFO - Epoch: 143 | Batch: 10/10 | Loss: 1.2202 | Images/sec: 12.03 | Progress: 102.4% | Time: 3064.60s | lr: 0.0004 | train_acc: 63.9575
2025-06-10 00:17:45,414 - trainer_0 - INFO - Epoch 143 completed in 21.99s | Average Loss: 1.2202 | train_acc: 63.9575 | val_loss: 1.5488 | val_acc: 57.8100 | lr: 0.0003
2025-06-10 00:17:59,223 - trainer_0 - INFO - Epoch: 144 | Batch: 10/10 | Loss: 1.2233 | Images/sec: 11.94 | Progress: 102.4% | Time: 3086.31s | lr: 0.0003 | train_acc: 64.1200
2025-06-10 00:18:05,918 - trainer_0 - INFO - Epoch 144 completed in 20.43s | Average Loss: 1.2233 | train_acc: 64.1200 | val_loss: 1.5489 | val_acc: 57.3800 | lr: 0.0002
2025-06-10 00:18:19,900 - trainer_0 - INFO - Epoch: 145 | Batch: 10/10 | Loss: 1.2214 | Images/sec: 11.86 | Progress: 102.4% | Time: 3106.99s | lr: 0.0002 | train_acc: 64.0850
2025-06-10 00:18:27,822 - trainer_0 - INFO - Epoch 145 completed in 21.86s | Average Loss: 1.2214 | train_acc: 64.0850 | val_loss: 1.5491 | val_acc: 57.3300 | lr: 0.0002
2025-06-10 00:18:41,797 - trainer_0 - INFO - Epoch: 146 | Batch: 10/10 | Loss: 1.2149 | Images/sec: 11.78 | Progress: 102.4% | Time: 3128.89s | lr: 0.0002 | train_acc: 64.0625
2025-06-10 00:18:48,342 - trainer_0 - INFO - Epoch 146 completed in 20.47s | Average Loss: 1.2149 | train_acc: 64.0625 | val_loss: 1.5422 | val_acc: 57.3000 | lr: 0.0001
2025-06-10 00:19:02,420 - trainer_0 - INFO - Epoch: 147 | Batch: 10/10 | Loss: 1.2164 | Images/sec: 11.70 | Progress: 102.4% | Time: 3149.51s | lr: 0.0001 | train_acc: 64.2450
2025-06-10 00:19:10,392 - trainer_0 - INFO - Epoch 147 completed in 22.00s | Average Loss: 1.2164 | train_acc: 64.2450 | val_loss: 1.5560 | val_acc: 57.6000 | lr: 0.0001
2025-06-10 00:19:24,211 - trainer_0 - INFO - Epoch: 148 | Batch: 10/10 | Loss: 1.2116 | Images/sec: 11.62 | Progress: 102.4% | Time: 3171.30s | lr: 0.0001 | train_acc: 64.4600
2025-06-10 00:19:30,671 - trainer_0 - INFO - Epoch 148 completed in 20.23s | Average Loss: 1.2116 | train_acc: 64.4600 | val_loss: 1.5517 | val_acc: 57.7200 | lr: 0.0000
2025-06-10 00:19:44,636 - trainer_0 - INFO - Epoch: 149 | Batch: 10/10 | Loss: 1.2121 | Images/sec: 11.55 | Progress: 102.4% | Time: 3191.73s | lr: 0.0000 | train_acc: 64.4600
2025-06-10 00:19:52,519 - trainer_0 - INFO - Epoch 149 completed in 21.80s | Average Loss: 1.2121 | train_acc: 64.4600 | val_loss: 1.5516 | val_acc: 57.5000 | lr: 0.0000
2025-06-10 00:20:06,002 - trainer_0 - INFO - Epoch: 150 | Batch: 10/10 | Loss: 1.2100 | Images/sec: 11.47 | Progress: 102.4% | Time: 3213.09s | lr: 0.0000 | train_acc: 64.5800
2025-06-10 00:20:12,939 - trainer_0 - INFO - Epoch 150 completed in 20.36s | Average Loss: 1.2100 | train_acc: 64.5800 | val_loss: 1.5545 | val_acc: 57.8700 | lr: 0.0000
2025-06-10 00:20:12,988 - trainer_0 - INFO - Training completed in 3217.12 seconds.
2025-06-10 00:20:12,988 - trainer_0 - INFO - Average throughput: 1865.02 Images/sec
2025-06-10 00:20:12,988 - trainer_0 - INFO - Total processes: 1
2025-06-10 00:20:13,001 - trainer_0 - INFO - Metrics saved to centralized_lamb_lr0.0075_wd0.05_batch_size4096/centralized_lamb_lr0.0075_wd0.05_batch_size4096_20250609_232632_metrics_rank0.json
2025-06-10 00:20:13,020 - trainer_0 - INFO - Model saved to model_centralized_lamb.pth
2025-06-10 00:20:13,020 - trainer_0 - INFO - Generating training plots...
2025-06-10 00:20:16,194 - trainer_0 - INFO - Training complete. Plots generated.
