2025-08-23 14:45:47,009 - client_100 - INFO - Started training for Client 100
2025-08-23 14:45:47,011 - client_100 - INFO - Log file: logs/localSGD_lenet5_seq_cifar100_w2_20250823_144546_client100.log
2025-08-23 14:45:47,011 - client_100 - INFO - Simulating LocalSGD training with 2 clients (sequential execution)
2025-08-23 14:45:47,012 - client_100 - INFO - Device: cuda
2025-08-23 14:45:47,012 - client_100 - INFO - Config: batch_size=128, lr=0.05, epochs=150, tau=64
2025-08-23 14:45:56,451 - client_100 - INFO - [INFO] Total train set size: 40000
2025-08-23 14:45:56,632 - client_100 - INFO - --- Round 1/2 (tau = 64) ---
2025-08-23 14:46:05,382 - client_100 - INFO - [Client 0] Completed local epoch 1/64 | Final Loss: 4.2705 | Final Train Acc: 5.37%
2025-08-23 14:46:22,285 - client_100 - INFO - [Client 0] Completed local epoch 2/64 | Final Loss: 3.8059 | Final Train Acc: 10.89%
2025-08-23 14:46:38,724 - client_100 - INFO - [Client 0] Completed local epoch 3/64 | Final Loss: 3.5908 | Final Train Acc: 14.45%
2025-08-23 14:46:54,795 - client_100 - INFO - [Client 0] Completed local epoch 4/64 | Final Loss: 3.4644 | Final Train Acc: 16.27%
2025-08-23 14:47:10,258 - client_100 - INFO - [Client 0] Completed local epoch 5/64 | Final Loss: 3.3209 | Final Train Acc: 18.98%
2025-08-23 14:47:25,746 - client_100 - INFO - [Client 0] Completed local epoch 6/64 | Final Loss: 3.0982 | Final Train Acc: 22.49%
2025-08-23 14:47:42,345 - client_100 - INFO - [Client 0] Completed local epoch 7/64 | Final Loss: 2.9500 | Final Train Acc: 25.16%
2025-08-23 14:47:58,884 - client_100 - INFO - [Client 0] Completed local epoch 8/64 | Final Loss: 2.8375 | Final Train Acc: 27.73%
2025-08-23 14:48:15,072 - client_100 - INFO - [Client 0] Completed local epoch 9/64 | Final Loss: 2.7427 | Final Train Acc: 29.55%
2025-08-23 14:48:30,618 - client_100 - INFO - [Client 0] Completed local epoch 10/64 | Final Loss: 2.6554 | Final Train Acc: 31.59%
2025-08-23 14:48:46,167 - client_100 - INFO - [Client 0] Completed local epoch 11/64 | Final Loss: 2.5813 | Final Train Acc: 33.22%
2025-08-23 14:49:02,314 - client_100 - INFO - [Client 0] Completed local epoch 12/64 | Final Loss: 2.5118 | Final Train Acc: 34.35%
2025-08-23 14:49:19,164 - client_100 - INFO - [Client 0] Completed local epoch 13/64 | Final Loss: 2.4619 | Final Train Acc: 35.66%
2025-08-23 14:49:35,318 - client_100 - INFO - [Client 0] Completed local epoch 14/64 | Final Loss: 2.4079 | Final Train Acc: 36.85%
2025-08-23 14:49:51,058 - client_100 - INFO - [Client 0] Completed local epoch 15/64 | Final Loss: 2.3772 | Final Train Acc: 37.38%
2025-08-23 14:50:06,757 - client_100 - INFO - [Client 0] Completed local epoch 16/64 | Final Loss: 2.3247 | Final Train Acc: 38.49%
2025-08-23 14:50:22,789 - client_100 - INFO - [Client 0] Completed local epoch 17/64 | Final Loss: 2.2794 | Final Train Acc: 39.61%
2025-08-23 14:50:40,093 - client_100 - INFO - [Client 0] Completed local epoch 18/64 | Final Loss: 2.2418 | Final Train Acc: 40.33%
2025-08-23 14:50:56,505 - client_100 - INFO - [Client 0] Completed local epoch 19/64 | Final Loss: 2.2058 | Final Train Acc: 41.09%
2025-08-23 14:51:12,236 - client_100 - INFO - [Client 0] Completed local epoch 20/64 | Final Loss: 2.1711 | Final Train Acc: 42.01%
2025-08-23 14:51:28,056 - client_100 - INFO - [Client 0] Completed local epoch 21/64 | Final Loss: 2.1331 | Final Train Acc: 42.78%
2025-08-23 14:51:44,741 - client_100 - INFO - [Client 0] Completed local epoch 22/64 | Final Loss: 2.1035 | Final Train Acc: 43.16%
2025-08-23 14:52:01,931 - client_100 - INFO - [Client 0] Completed local epoch 23/64 | Final Loss: 2.0696 | Final Train Acc: 44.03%
2025-08-23 14:52:18,510 - client_100 - INFO - [Client 0] Completed local epoch 24/64 | Final Loss: 2.0433 | Final Train Acc: 44.57%
2025-08-23 14:52:34,686 - client_100 - INFO - [Client 0] Completed local epoch 25/64 | Final Loss: 2.0369 | Final Train Acc: 44.51%
2025-08-23 14:52:50,584 - client_100 - INFO - [Client 0] Completed local epoch 26/64 | Final Loss: 2.0009 | Final Train Acc: 45.38%
2025-08-23 14:53:07,962 - client_100 - INFO - [Client 0] Completed local epoch 27/64 | Final Loss: 1.9575 | Final Train Acc: 46.58%
2025-08-23 14:53:24,207 - client_100 - INFO - [Client 0] Completed local epoch 28/64 | Final Loss: 1.9640 | Final Train Acc: 46.34%
2025-08-23 14:53:40,229 - client_100 - INFO - [Client 0] Completed local epoch 29/64 | Final Loss: 1.9251 | Final Train Acc: 47.22%
2025-08-23 14:53:56,013 - client_100 - INFO - [Client 0] Completed local epoch 30/64 | Final Loss: 1.9133 | Final Train Acc: 47.80%
2025-08-23 14:54:11,680 - client_100 - INFO - [Client 0] Completed local epoch 31/64 | Final Loss: 1.8826 | Final Train Acc: 47.67%
2025-08-23 14:54:29,222 - client_100 - INFO - [Client 0] Completed local epoch 32/64 | Final Loss: 1.8689 | Final Train Acc: 48.20%
2025-08-23 14:54:45,726 - client_100 - INFO - [Client 0] Completed local epoch 33/64 | Final Loss: 1.8604 | Final Train Acc: 48.99%
2025-08-23 14:55:01,806 - client_100 - INFO - [Client 0] Completed local epoch 34/64 | Final Loss: 1.8251 | Final Train Acc: 49.59%
2025-08-23 14:55:17,575 - client_100 - INFO - [Client 0] Completed local epoch 35/64 | Final Loss: 1.7979 | Final Train Acc: 50.19%
2025-08-23 14:55:33,466 - client_100 - INFO - [Client 0] Completed local epoch 36/64 | Final Loss: 1.7913 | Final Train Acc: 50.34%
2025-08-23 14:55:50,936 - client_100 - INFO - [Client 0] Completed local epoch 37/64 | Final Loss: 1.7827 | Final Train Acc: 50.55%
2025-08-23 14:56:07,217 - client_100 - INFO - [Client 0] Completed local epoch 38/64 | Final Loss: 1.7651 | Final Train Acc: 51.20%
2025-08-23 14:56:23,386 - client_100 - INFO - [Client 0] Completed local epoch 39/64 | Final Loss: 1.7360 | Final Train Acc: 51.47%
2025-08-23 14:56:39,220 - client_100 - INFO - [Client 0] Completed local epoch 40/64 | Final Loss: 1.7269 | Final Train Acc: 51.84%
2025-08-23 14:56:55,072 - client_100 - INFO - [Client 0] Completed local epoch 41/64 | Final Loss: 1.7014 | Final Train Acc: 52.33%
2025-08-23 14:57:12,359 - client_100 - INFO - [Client 0] Completed local epoch 42/64 | Final Loss: 1.7030 | Final Train Acc: 52.62%
2025-08-23 14:57:28,605 - client_100 - INFO - [Client 0] Completed local epoch 43/64 | Final Loss: 1.6760 | Final Train Acc: 53.01%
2025-08-23 14:57:44,628 - client_100 - INFO - [Client 0] Completed local epoch 44/64 | Final Loss: 1.6694 | Final Train Acc: 53.39%
2025-08-23 14:58:00,363 - client_100 - INFO - [Client 0] Completed local epoch 45/64 | Final Loss: 1.6634 | Final Train Acc: 53.33%
2025-08-23 14:58:16,089 - client_100 - INFO - [Client 0] Completed local epoch 46/64 | Final Loss: 1.6456 | Final Train Acc: 53.66%
2025-08-23 14:58:33,554 - client_100 - INFO - [Client 0] Completed local epoch 47/64 | Final Loss: 1.6335 | Final Train Acc: 54.35%
2025-08-23 14:58:49,830 - client_100 - INFO - [Client 0] Completed local epoch 48/64 | Final Loss: 1.6295 | Final Train Acc: 54.31%
2025-08-23 14:59:05,769 - client_100 - INFO - [Client 0] Completed local epoch 49/64 | Final Loss: 1.5862 | Final Train Acc: 55.24%
2025-08-23 14:59:21,538 - client_100 - INFO - [Client 0] Completed local epoch 50/64 | Final Loss: 1.5743 | Final Train Acc: 55.20%
2025-08-23 14:59:37,543 - client_100 - INFO - [Client 0] Completed local epoch 51/64 | Final Loss: 1.5603 | Final Train Acc: 55.97%
2025-08-23 14:59:54,866 - client_100 - INFO - [Client 0] Completed local epoch 52/64 | Final Loss: 1.5607 | Final Train Acc: 56.21%
2025-08-23 15:00:11,022 - client_100 - INFO - [Client 0] Completed local epoch 53/64 | Final Loss: 1.5586 | Final Train Acc: 55.98%
2025-08-23 15:00:26,939 - client_100 - INFO - [Client 0] Completed local epoch 54/64 | Final Loss: 1.5384 | Final Train Acc: 56.51%
2025-08-23 15:00:42,731 - client_100 - INFO - [Client 0] Completed local epoch 55/64 | Final Loss: 1.5146 | Final Train Acc: 56.56%
2025-08-23 15:00:58,699 - client_100 - INFO - [Client 0] Completed local epoch 56/64 | Final Loss: 1.5218 | Final Train Acc: 56.60%
2025-08-23 15:01:16,214 - client_100 - INFO - [Client 0] Completed local epoch 57/64 | Final Loss: 1.4782 | Final Train Acc: 57.83%
2025-08-23 15:01:32,591 - client_100 - INFO - [Client 0] Completed local epoch 58/64 | Final Loss: 1.4820 | Final Train Acc: 57.53%
2025-08-23 15:01:48,718 - client_100 - INFO - [Client 0] Completed local epoch 59/64 | Final Loss: 1.4765 | Final Train Acc: 57.80%
2025-08-23 15:02:04,541 - client_100 - INFO - [Client 0] Completed local epoch 60/64 | Final Loss: 1.4553 | Final Train Acc: 58.00%
2025-08-23 15:02:20,915 - client_100 - INFO - [Client 0] Completed local epoch 61/64 | Final Loss: 1.4459 | Final Train Acc: 58.86%
2025-08-23 15:02:38,075 - client_100 - INFO - [Client 0] Completed local epoch 62/64 | Final Loss: 1.4216 | Final Train Acc: 59.20%
2025-08-23 15:02:54,557 - client_100 - INFO - [Client 0] Completed local epoch 63/64 | Final Loss: 1.4107 | Final Train Acc: 59.73%
2025-08-23 15:03:10,587 - client_100 - INFO - [Client 0] Completed local epoch 64/64 | Final Loss: 1.4230 | Final Train Acc: 59.23%
2025-08-23 15:03:26,542 - client_100 - INFO - [Client 1] Completed local epoch 1/64 | Final Loss: 4.2695 | Final Train Acc: 5.53%
2025-08-23 15:03:43,128 - client_100 - INFO - [Client 1] Completed local epoch 2/64 | Final Loss: 3.7990 | Final Train Acc: 10.72%
2025-08-23 15:03:59,995 - client_100 - INFO - [Client 1] Completed local epoch 3/64 | Final Loss: 3.5781 | Final Train Acc: 14.49%
2025-08-23 15:04:16,169 - client_100 - INFO - [Client 1] Completed local epoch 4/64 | Final Loss: 3.4556 | Final Train Acc: 16.65%
2025-08-23 15:04:31,933 - client_100 - INFO - [Client 1] Completed local epoch 5/64 | Final Loss: 3.2950 | Final Train Acc: 19.27%
2025-08-23 15:04:47,707 - client_100 - INFO - [Client 1] Completed local epoch 6/64 | Final Loss: 3.1018 | Final Train Acc: 22.52%
2025-08-23 15:05:03,870 - client_100 - INFO - [Client 1] Completed local epoch 7/64 | Final Loss: 2.9397 | Final Train Acc: 25.97%
2025-08-23 15:05:21,235 - client_100 - INFO - [Client 1] Completed local epoch 8/64 | Final Loss: 2.8037 | Final Train Acc: 28.48%
2025-08-23 15:05:37,603 - client_100 - INFO - [Client 1] Completed local epoch 9/64 | Final Loss: 2.7175 | Final Train Acc: 30.12%
2025-08-23 15:05:53,709 - client_100 - INFO - [Client 1] Completed local epoch 10/64 | Final Loss: 2.6415 | Final Train Acc: 31.97%
2025-08-23 15:06:09,906 - client_100 - INFO - [Client 1] Completed local epoch 11/64 | Final Loss: 2.5705 | Final Train Acc: 33.40%
2025-08-23 15:06:26,530 - client_100 - INFO - [Client 1] Completed local epoch 12/64 | Final Loss: 2.5072 | Final Train Acc: 34.96%
2025-08-23 15:06:43,897 - client_100 - INFO - [Client 1] Completed local epoch 13/64 | Final Loss: 2.4313 | Final Train Acc: 36.06%
2025-08-23 15:07:00,027 - client_100 - INFO - [Client 1] Completed local epoch 14/64 | Final Loss: 2.3866 | Final Train Acc: 37.04%
2025-08-23 15:07:16,138 - client_100 - INFO - [Client 1] Completed local epoch 15/64 | Final Loss: 2.3331 | Final Train Acc: 38.18%
2025-08-23 15:07:32,544 - client_100 - INFO - [Client 1] Completed local epoch 16/64 | Final Loss: 2.2927 | Final Train Acc: 39.15%
2025-08-23 15:07:49,881 - client_100 - INFO - [Client 1] Completed local epoch 17/64 | Final Loss: 2.2616 | Final Train Acc: 39.80%
2025-08-23 15:08:07,439 - client_100 - INFO - [Client 1] Completed local epoch 18/64 | Final Loss: 2.2252 | Final Train Acc: 40.50%
2025-08-23 15:08:24,218 - client_100 - INFO - [Client 1] Completed local epoch 19/64 | Final Loss: 2.1857 | Final Train Acc: 41.68%
2025-08-23 15:08:40,387 - client_100 - INFO - [Client 1] Completed local epoch 20/64 | Final Loss: 2.1591 | Final Train Acc: 42.18%
2025-08-23 15:08:56,866 - client_100 - INFO - [Client 1] Completed local epoch 21/64 | Final Loss: 2.1202 | Final Train Acc: 43.03%
2025-08-23 15:09:14,777 - client_100 - INFO - [Client 1] Completed local epoch 22/64 | Final Loss: 2.1059 | Final Train Acc: 42.88%
2025-08-23 15:09:31,538 - client_100 - INFO - [Client 1] Completed local epoch 23/64 | Final Loss: 2.0637 | Final Train Acc: 44.44%
2025-08-23 15:09:47,846 - client_100 - INFO - [Client 1] Completed local epoch 24/64 | Final Loss: 2.0452 | Final Train Acc: 44.97%
2025-08-23 15:10:04,026 - client_100 - INFO - [Client 1] Completed local epoch 25/64 | Final Loss: 2.0132 | Final Train Acc: 45.59%
2025-08-23 15:10:21,496 - client_100 - INFO - [Client 1] Completed local epoch 26/64 | Final Loss: 1.9859 | Final Train Acc: 45.60%
2025-08-23 15:10:38,438 - client_100 - INFO - [Client 1] Completed local epoch 27/64 | Final Loss: 1.9572 | Final Train Acc: 46.34%
2025-08-23 15:10:55,102 - client_100 - INFO - [Client 1] Completed local epoch 28/64 | Final Loss: 1.9341 | Final Train Acc: 47.05%
2025-08-23 15:11:11,194 - client_100 - INFO - [Client 1] Completed local epoch 29/64 | Final Loss: 1.9253 | Final Train Acc: 47.26%
2025-08-23 15:11:27,302 - client_100 - INFO - [Client 1] Completed local epoch 30/64 | Final Loss: 1.9006 | Final Train Acc: 47.93%
2025-08-23 15:11:45,479 - client_100 - INFO - [Client 1] Completed local epoch 31/64 | Final Loss: 1.8911 | Final Train Acc: 48.01%
2025-08-23 15:12:02,164 - client_100 - INFO - [Client 1] Completed local epoch 32/64 | Final Loss: 1.8630 | Final Train Acc: 48.89%
2025-08-23 15:12:18,576 - client_100 - INFO - [Client 1] Completed local epoch 33/64 | Final Loss: 1.8180 | Final Train Acc: 49.66%
2025-08-23 15:12:34,707 - client_100 - INFO - [Client 1] Completed local epoch 34/64 | Final Loss: 1.8208 | Final Train Acc: 49.79%
2025-08-23 15:12:52,156 - client_100 - INFO - [Client 1] Completed local epoch 35/64 | Final Loss: 1.8055 | Final Train Acc: 50.44%
2025-08-23 15:13:09,422 - client_100 - INFO - [Client 1] Completed local epoch 36/64 | Final Loss: 1.7943 | Final Train Acc: 50.14%
2025-08-23 15:13:26,104 - client_100 - INFO - [Client 1] Completed local epoch 37/64 | Final Loss: 1.7816 | Final Train Acc: 50.95%
2025-08-23 15:13:42,218 - client_100 - INFO - [Client 1] Completed local epoch 38/64 | Final Loss: 1.7461 | Final Train Acc: 51.23%
2025-08-23 15:13:58,594 - client_100 - INFO - [Client 1] Completed local epoch 39/64 | Final Loss: 1.7539 | Final Train Acc: 51.50%
2025-08-23 15:14:16,549 - client_100 - INFO - [Client 1] Completed local epoch 40/64 | Final Loss: 1.7134 | Final Train Acc: 52.23%
2025-08-23 15:14:33,530 - client_100 - INFO - [Client 1] Completed local epoch 41/64 | Final Loss: 1.7056 | Final Train Acc: 52.53%
2025-08-23 15:14:49,991 - client_100 - INFO - [Client 1] Completed local epoch 42/64 | Final Loss: 1.7127 | Final Train Acc: 51.98%
2025-08-23 15:15:06,332 - client_100 - INFO - [Client 1] Completed local epoch 43/64 | Final Loss: 1.6638 | Final Train Acc: 53.30%
2025-08-23 15:15:23,293 - client_100 - INFO - [Client 1] Completed local epoch 44/64 | Final Loss: 1.6518 | Final Train Acc: 53.62%
2025-08-23 15:15:40,355 - client_100 - INFO - [Client 1] Completed local epoch 45/64 | Final Loss: 1.6628 | Final Train Acc: 53.44%
2025-08-23 15:15:56,881 - client_100 - INFO - [Client 1] Completed local epoch 46/64 | Final Loss: 1.6345 | Final Train Acc: 53.98%
2025-08-23 15:16:12,751 - client_100 - INFO - [Client 1] Completed local epoch 47/64 | Final Loss: 1.6216 | Final Train Acc: 54.47%
2025-08-23 15:16:28,795 - client_100 - INFO - [Client 1] Completed local epoch 48/64 | Final Loss: 1.6130 | Final Train Acc: 54.03%
2025-08-23 15:16:46,831 - client_100 - INFO - [Client 1] Completed local epoch 49/64 | Final Loss: 1.6269 | Final Train Acc: 54.19%
2025-08-23 15:17:03,473 - client_100 - INFO - [Client 1] Completed local epoch 50/64 | Final Loss: 1.5724 | Final Train Acc: 56.06%
2025-08-23 15:17:19,885 - client_100 - INFO - [Client 1] Completed local epoch 51/64 | Final Loss: 1.5611 | Final Train Acc: 55.60%
2025-08-23 15:17:36,126 - client_100 - INFO - [Client 1] Completed local epoch 52/64 | Final Loss: 1.5596 | Final Train Acc: 55.69%
2025-08-23 15:17:53,046 - client_100 - INFO - [Client 1] Completed local epoch 53/64 | Final Loss: 1.5452 | Final Train Acc: 56.15%
2025-08-23 15:18:10,523 - client_100 - INFO - [Client 1] Completed local epoch 54/64 | Final Loss: 1.5357 | Final Train Acc: 56.45%
2025-08-23 15:18:27,779 - client_100 - INFO - [Client 1] Completed local epoch 55/64 | Final Loss: 1.5264 | Final Train Acc: 56.44%
2025-08-23 15:18:44,071 - client_100 - INFO - [Client 1] Completed local epoch 56/64 | Final Loss: 1.5081 | Final Train Acc: 56.80%
2025-08-23 15:19:00,701 - client_100 - INFO - [Client 1] Completed local epoch 57/64 | Final Loss: 1.4979 | Final Train Acc: 57.62%
2025-08-23 15:19:18,763 - client_100 - INFO - [Client 1] Completed local epoch 58/64 | Final Loss: 1.4778 | Final Train Acc: 58.10%
2025-08-23 15:19:35,520 - client_100 - INFO - [Client 1] Completed local epoch 59/64 | Final Loss: 1.4806 | Final Train Acc: 57.55%
2025-08-23 15:19:52,054 - client_100 - INFO - [Client 1] Completed local epoch 60/64 | Final Loss: 1.4434 | Final Train Acc: 58.90%
2025-08-23 15:20:08,466 - client_100 - INFO - [Client 1] Completed local epoch 61/64 | Final Loss: 1.4562 | Final Train Acc: 58.00%
2025-08-23 15:20:26,394 - client_100 - INFO - [Client 1] Completed local epoch 62/64 | Final Loss: 1.4353 | Final Train Acc: 58.99%
2025-08-23 15:20:43,646 - client_100 - INFO - [Client 1] Completed local epoch 63/64 | Final Loss: 1.4129 | Final Train Acc: 59.23%
2025-08-23 15:21:00,270 - client_100 - INFO - [Client 1] Completed local epoch 64/64 | Final Loss: 1.4024 | Final Train Acc: 59.90%
2025-08-23 15:21:10,116 - client_100 - INFO - --- Round 2/2 (tau = 64) ---
2025-08-23 15:21:16,884 - client_100 - INFO - [Client 0] Completed local epoch 1/64 | Final Loss: 2.2071 | Final Train Acc: 41.56%
2025-08-23 15:21:34,576 - client_100 - INFO - [Client 0] Completed local epoch 2/64 | Final Loss: 2.0316 | Final Train Acc: 45.60%
2025-08-23 15:21:52,075 - client_100 - INFO - [Client 0] Completed local epoch 3/64 | Final Loss: 2.0176 | Final Train Acc: 44.91%
2025-08-23 15:22:08,919 - client_100 - INFO - [Client 0] Completed local epoch 4/64 | Final Loss: 2.0483 | Final Train Acc: 44.30%
2025-08-23 15:22:25,103 - client_100 - INFO - [Client 0] Completed local epoch 5/64 | Final Loss: 2.0570 | Final Train Acc: 44.26%
2025-08-23 15:22:41,578 - client_100 - INFO - [Client 0] Completed local epoch 6/64 | Final Loss: 2.0177 | Final Train Acc: 44.93%
2025-08-23 15:22:59,436 - client_100 - INFO - [Client 0] Completed local epoch 7/64 | Final Loss: 1.9335 | Final Train Acc: 46.87%
2025-08-23 15:23:16,214 - client_100 - INFO - [Client 0] Completed local epoch 8/64 | Final Loss: 1.9039 | Final Train Acc: 47.50%
2025-08-23 15:23:32,726 - client_100 - INFO - [Client 0] Completed local epoch 9/64 | Final Loss: 1.8684 | Final Train Acc: 48.84%
2025-08-23 15:23:49,278 - client_100 - INFO - [Client 0] Completed local epoch 10/64 | Final Loss: 1.8211 | Final Train Acc: 49.66%
2025-08-23 15:24:07,389 - client_100 - INFO - [Client 0] Completed local epoch 11/64 | Final Loss: 1.7978 | Final Train Acc: 50.15%
2025-08-23 15:24:24,232 - client_100 - INFO - [Client 0] Completed local epoch 12/64 | Final Loss: 1.7848 | Final Train Acc: 50.21%
2025-08-23 15:24:40,784 - client_100 - INFO - [Client 0] Completed local epoch 13/64 | Final Loss: 1.7417 | Final Train Acc: 51.66%
2025-08-23 15:24:57,247 - client_100 - INFO - [Client 0] Completed local epoch 14/64 | Final Loss: 1.7205 | Final Train Acc: 51.84%
2025-08-23 15:25:14,244 - client_100 - INFO - [Client 0] Completed local epoch 15/64 | Final Loss: 1.7232 | Final Train Acc: 51.97%
2025-08-23 15:25:31,756 - client_100 - INFO - [Client 0] Completed local epoch 16/64 | Final Loss: 1.6765 | Final Train Acc: 53.34%
2025-08-23 15:25:48,652 - client_100 - INFO - [Client 0] Completed local epoch 17/64 | Final Loss: 1.6629 | Final Train Acc: 53.64%
2025-08-23 15:26:04,985 - client_100 - INFO - [Client 0] Completed local epoch 18/64 | Final Loss: 1.6458 | Final Train Acc: 53.43%
2025-08-23 15:26:21,384 - client_100 - INFO - [Client 0] Completed local epoch 19/64 | Final Loss: 1.6239 | Final Train Acc: 54.17%
2025-08-23 15:26:39,317 - client_100 - INFO - [Client 0] Completed local epoch 20/64 | Final Loss: 1.6277 | Final Train Acc: 54.12%
2025-08-23 15:26:56,056 - client_100 - INFO - [Client 0] Completed local epoch 21/64 | Final Loss: 1.6249 | Final Train Acc: 54.44%
2025-08-23 15:27:12,279 - client_100 - INFO - [Client 0] Completed local epoch 22/64 | Final Loss: 1.5902 | Final Train Acc: 55.16%
2025-08-23 15:27:28,182 - client_100 - INFO - [Client 0] Completed local epoch 23/64 | Final Loss: 1.6047 | Final Train Acc: 55.03%
2025-08-23 15:27:44,655 - client_100 - INFO - [Client 0] Completed local epoch 24/64 | Final Loss: 1.5719 | Final Train Acc: 55.83%
2025-08-23 15:28:02,135 - client_100 - INFO - [Client 0] Completed local epoch 25/64 | Final Loss: 1.5528 | Final Train Acc: 55.88%
2025-08-23 15:28:18,682 - client_100 - INFO - [Client 0] Completed local epoch 26/64 | Final Loss: 1.5534 | Final Train Acc: 56.13%
2025-08-23 15:28:35,029 - client_100 - INFO - [Client 0] Completed local epoch 27/64 | Final Loss: 1.5501 | Final Train Acc: 55.78%
2025-08-23 15:28:51,212 - client_100 - INFO - [Client 0] Completed local epoch 28/64 | Final Loss: 1.5372 | Final Train Acc: 56.45%
2025-08-23 15:29:08,419 - client_100 - INFO - [Client 0] Completed local epoch 29/64 | Final Loss: 1.4998 | Final Train Acc: 57.54%
2025-08-23 15:29:25,689 - client_100 - INFO - [Client 0] Completed local epoch 30/64 | Final Loss: 1.5132 | Final Train Acc: 56.79%
2025-08-23 15:29:42,461 - client_100 - INFO - [Client 0] Completed local epoch 31/64 | Final Loss: 1.5166 | Final Train Acc: 56.84%
2025-08-23 15:29:58,743 - client_100 - INFO - [Client 0] Completed local epoch 32/64 | Final Loss: 1.4838 | Final Train Acc: 58.04%
2025-08-23 15:30:15,057 - client_100 - INFO - [Client 0] Completed local epoch 33/64 | Final Loss: 1.4905 | Final Train Acc: 57.05%
2025-08-23 15:30:33,159 - client_100 - INFO - [Client 0] Completed local epoch 34/64 | Final Loss: 1.4596 | Final Train Acc: 58.11%
2025-08-23 15:30:50,042 - client_100 - INFO - [Client 0] Completed local epoch 35/64 | Final Loss: 1.4634 | Final Train Acc: 57.74%
2025-08-23 15:31:06,494 - client_100 - INFO - [Client 0] Completed local epoch 36/64 | Final Loss: 1.4532 | Final Train Acc: 58.26%
2025-08-23 15:31:22,776 - client_100 - INFO - [Client 0] Completed local epoch 37/64 | Final Loss: 1.4314 | Final Train Acc: 58.95%
2025-08-23 15:31:40,410 - client_100 - INFO - [Client 0] Completed local epoch 38/64 | Final Loss: 1.4427 | Final Train Acc: 58.38%
2025-08-23 15:31:57,596 - client_100 - INFO - [Client 0] Completed local epoch 39/64 | Final Loss: 1.4303 | Final Train Acc: 59.20%
2025-08-23 15:32:14,089 - client_100 - INFO - [Client 0] Completed local epoch 40/64 | Final Loss: 1.4128 | Final Train Acc: 59.21%
2025-08-23 15:32:30,617 - client_100 - INFO - [Client 0] Completed local epoch 41/64 | Final Loss: 1.4246 | Final Train Acc: 59.08%
2025-08-23 15:32:47,668 - client_100 - INFO - [Client 0] Completed local epoch 42/64 | Final Loss: 1.4026 | Final Train Acc: 59.45%
2025-08-23 15:33:05,469 - client_100 - INFO - [Client 0] Completed local epoch 43/64 | Final Loss: 1.3967 | Final Train Acc: 59.98%
2025-08-23 15:33:22,385 - client_100 - INFO - [Client 0] Completed local epoch 44/64 | Final Loss: 1.3849 | Final Train Acc: 60.07%
2025-08-23 15:33:38,831 - client_100 - INFO - [Client 0] Completed local epoch 45/64 | Final Loss: 1.3729 | Final Train Acc: 60.48%
2025-08-23 15:33:55,885 - client_100 - INFO - [Client 0] Completed local epoch 46/64 | Final Loss: 1.3489 | Final Train Acc: 60.89%
2025-08-23 15:34:13,580 - client_100 - INFO - [Client 0] Completed local epoch 47/64 | Final Loss: 1.3562 | Final Train Acc: 60.66%
2025-08-23 15:34:30,737 - client_100 - INFO - [Client 0] Completed local epoch 48/64 | Final Loss: 1.3469 | Final Train Acc: 60.91%
2025-08-23 15:34:47,072 - client_100 - INFO - [Client 0] Completed local epoch 49/64 | Final Loss: 1.3364 | Final Train Acc: 61.41%
2025-08-23 15:35:03,287 - client_100 - INFO - [Client 0] Completed local epoch 50/64 | Final Loss: 1.3353 | Final Train Acc: 61.10%
2025-08-23 15:35:21,191 - client_100 - INFO - [Client 0] Completed local epoch 51/64 | Final Loss: 1.3212 | Final Train Acc: 61.54%
2025-08-23 15:35:37,878 - client_100 - INFO - [Client 0] Completed local epoch 52/64 | Final Loss: 1.3237 | Final Train Acc: 61.74%
2025-08-23 15:35:54,552 - client_100 - INFO - [Client 0] Completed local epoch 53/64 | Final Loss: 1.3180 | Final Train Acc: 61.73%
2025-08-23 15:36:10,963 - client_100 - INFO - [Client 0] Completed local epoch 54/64 | Final Loss: 1.2863 | Final Train Acc: 62.66%
2025-08-23 15:36:28,521 - client_100 - INFO - [Client 0] Completed local epoch 55/64 | Final Loss: 1.2910 | Final Train Acc: 62.53%
2025-08-23 15:36:45,579 - client_100 - INFO - [Client 0] Completed local epoch 56/64 | Final Loss: 1.2858 | Final Train Acc: 62.56%
2025-08-23 15:37:02,674 - client_100 - INFO - [Client 0] Completed local epoch 57/64 | Final Loss: 1.2715 | Final Train Acc: 63.22%
2025-08-23 15:37:19,241 - client_100 - INFO - [Client 0] Completed local epoch 58/64 | Final Loss: 1.2796 | Final Train Acc: 62.70%
2025-08-23 15:37:37,724 - client_100 - INFO - [Client 0] Completed local epoch 59/64 | Final Loss: 1.2518 | Final Train Acc: 63.48%
2025-08-23 15:37:55,117 - client_100 - INFO - [Client 0] Completed local epoch 60/64 | Final Loss: 1.2568 | Final Train Acc: 63.34%
2025-08-23 15:38:11,718 - client_100 - INFO - [Client 0] Completed local epoch 61/64 | Final Loss: 1.2437 | Final Train Acc: 63.52%
2025-08-23 15:38:28,008 - client_100 - INFO - [Client 0] Completed local epoch 62/64 | Final Loss: 1.2127 | Final Train Acc: 64.42%
2025-08-23 15:38:45,511 - client_100 - INFO - [Client 0] Completed local epoch 63/64 | Final Loss: 1.2223 | Final Train Acc: 64.28%
2025-08-23 15:39:02,689 - client_100 - INFO - [Client 0] Completed local epoch 64/64 | Final Loss: 1.2122 | Final Train Acc: 64.57%
2025-08-23 15:39:19,657 - client_100 - INFO - [Client 1] Completed local epoch 1/64 | Final Loss: 2.1836 | Final Train Acc: 42.29%
2025-08-23 15:39:36,117 - client_100 - INFO - [Client 1] Completed local epoch 2/64 | Final Loss: 1.9964 | Final Train Acc: 45.77%
2025-08-23 15:39:52,909 - client_100 - INFO - [Client 1] Completed local epoch 3/64 | Final Loss: 1.9974 | Final Train Acc: 45.52%
2025-08-23 15:40:10,634 - client_100 - INFO - [Client 1] Completed local epoch 4/64 | Final Loss: 2.0296 | Final Train Acc: 44.59%
2025-08-23 15:40:27,513 - client_100 - INFO - [Client 1] Completed local epoch 5/64 | Final Loss: 2.0675 | Final Train Acc: 43.98%
2025-08-23 15:40:43,813 - client_100 - INFO - [Client 1] Completed local epoch 6/64 | Final Loss: 1.9661 | Final Train Acc: 46.21%
2025-08-23 15:41:00,250 - client_100 - INFO - [Client 1] Completed local epoch 7/64 | Final Loss: 1.9136 | Final Train Acc: 47.72%
2025-08-23 15:41:18,306 - client_100 - INFO - [Client 1] Completed local epoch 8/64 | Final Loss: 1.8969 | Final Train Acc: 47.77%
2025-08-23 15:41:35,073 - client_100 - INFO - [Client 1] Completed local epoch 9/64 | Final Loss: 1.8609 | Final Train Acc: 48.53%
2025-08-23 15:41:51,436 - client_100 - INFO - [Client 1] Completed local epoch 10/64 | Final Loss: 1.8116 | Final Train Acc: 50.14%
2025-08-23 15:42:07,710 - client_100 - INFO - [Client 1] Completed local epoch 11/64 | Final Loss: 1.8071 | Final Train Acc: 49.83%
2025-08-23 15:42:25,269 - client_100 - INFO - [Client 1] Completed local epoch 12/64 | Final Loss: 1.7633 | Final Train Acc: 50.86%
2025-08-23 15:42:42,587 - client_100 - INFO - [Client 1] Completed local epoch 13/64 | Final Loss: 1.7492 | Final Train Acc: 51.56%
2025-08-23 15:42:59,109 - client_100 - INFO - [Client 1] Completed local epoch 14/64 | Final Loss: 1.7291 | Final Train Acc: 52.26%
2025-08-23 15:43:15,398 - client_100 - INFO - [Client 1] Completed local epoch 15/64 | Final Loss: 1.7070 | Final Train Acc: 52.48%
2025-08-23 15:43:32,544 - client_100 - INFO - [Client 1] Completed local epoch 16/64 | Final Loss: 1.6794 | Final Train Acc: 53.42%
2025-08-23 15:43:50,236 - client_100 - INFO - [Client 1] Completed local epoch 17/64 | Final Loss: 1.6428 | Final Train Acc: 54.18%
2025-08-23 15:44:07,149 - client_100 - INFO - [Client 1] Completed local epoch 18/64 | Final Loss: 1.6424 | Final Train Acc: 53.91%
2025-08-23 15:44:23,328 - client_100 - INFO - [Client 1] Completed local epoch 19/64 | Final Loss: 1.6276 | Final Train Acc: 54.52%
2025-08-23 15:44:39,509 - client_100 - INFO - [Client 1] Completed local epoch 20/64 | Final Loss: 1.6076 | Final Train Acc: 54.90%
2025-08-23 15:44:57,375 - client_100 - INFO - [Client 1] Completed local epoch 21/64 | Final Loss: 1.5777 | Final Train Acc: 55.53%
2025-08-23 15:45:13,914 - client_100 - INFO - [Client 1] Completed local epoch 22/64 | Final Loss: 1.5809 | Final Train Acc: 55.09%
2025-08-23 15:45:30,226 - client_100 - INFO - [Client 1] Completed local epoch 23/64 | Final Loss: 1.5838 | Final Train Acc: 55.09%
2025-08-23 15:45:46,177 - client_100 - INFO - [Client 1] Completed local epoch 24/64 | Final Loss: 1.5567 | Final Train Acc: 56.13%
2025-08-23 15:46:02,652 - client_100 - INFO - [Client 1] Completed local epoch 25/64 | Final Loss: 1.5654 | Final Train Acc: 55.87%
2025-08-23 15:46:20,137 - client_100 - INFO - [Client 1] Completed local epoch 26/64 | Final Loss: 1.5281 | Final Train Acc: 56.41%
2025-08-23 15:46:36,765 - client_100 - INFO - [Client 1] Completed local epoch 27/64 | Final Loss: 1.5286 | Final Train Acc: 56.76%
2025-08-23 15:46:53,020 - client_100 - INFO - [Client 1] Completed local epoch 28/64 | Final Loss: 1.5145 | Final Train Acc: 56.57%
2025-08-23 15:47:09,421 - client_100 - INFO - [Client 1] Completed local epoch 29/64 | Final Loss: 1.5042 | Final Train Acc: 57.34%
2025-08-23 15:47:27,448 - client_100 - INFO - [Client 1] Completed local epoch 30/64 | Final Loss: 1.5019 | Final Train Acc: 56.68%
2025-08-23 15:47:44,999 - client_100 - INFO - [Client 1] Completed local epoch 31/64 | Final Loss: 1.5080 | Final Train Acc: 56.98%
2025-08-23 15:48:01,549 - client_100 - INFO - [Client 1] Completed local epoch 32/64 | Final Loss: 1.4763 | Final Train Acc: 57.87%
2025-08-23 15:48:17,633 - client_100 - INFO - [Client 1] Completed local epoch 33/64 | Final Loss: 1.4857 | Final Train Acc: 57.45%
2025-08-23 15:48:35,330 - client_100 - INFO - [Client 1] Completed local epoch 34/64 | Final Loss: 1.4624 | Final Train Acc: 58.34%
2025-08-23 15:48:52,070 - client_100 - INFO - [Client 1] Completed local epoch 35/64 | Final Loss: 1.4447 | Final Train Acc: 58.48%
2025-08-23 15:49:08,421 - client_100 - INFO - [Client 1] Completed local epoch 36/64 | Final Loss: 1.4478 | Final Train Acc: 59.09%
2025-08-23 15:49:24,451 - client_100 - INFO - [Client 1] Completed local epoch 37/64 | Final Loss: 1.4179 | Final Train Acc: 58.86%
2025-08-23 15:49:40,772 - client_100 - INFO - [Client 1] Completed local epoch 38/64 | Final Loss: 1.4391 | Final Train Acc: 58.89%
2025-08-23 15:49:58,285 - client_100 - INFO - [Client 1] Completed local epoch 39/64 | Final Loss: 1.4141 | Final Train Acc: 59.62%
2025-08-23 15:50:14,733 - client_100 - INFO - [Client 1] Completed local epoch 40/64 | Final Loss: 1.4017 | Final Train Acc: 60.01%
2025-08-23 15:50:30,776 - client_100 - INFO - [Client 1] Completed local epoch 41/64 | Final Loss: 1.4022 | Final Train Acc: 59.24%
2025-08-23 15:50:46,633 - client_100 - INFO - [Client 1] Completed local epoch 42/64 | Final Loss: 1.4009 | Final Train Acc: 59.48%
2025-08-23 15:51:04,863 - client_100 - INFO - [Client 1] Completed local epoch 43/64 | Final Loss: 1.3827 | Final Train Acc: 60.62%
2025-08-23 15:51:21,630 - client_100 - INFO - [Client 1] Completed local epoch 44/64 | Final Loss: 1.3776 | Final Train Acc: 60.38%
2025-08-23 15:51:38,138 - client_100 - INFO - [Client 1] Completed local epoch 45/64 | Final Loss: 1.3683 | Final Train Acc: 60.52%
2025-08-23 15:51:54,252 - client_100 - INFO - [Client 1] Completed local epoch 46/64 | Final Loss: 1.3498 | Final Train Acc: 60.98%
2025-08-23 15:52:10,579 - client_100 - INFO - [Client 1] Completed local epoch 47/64 | Final Loss: 1.3529 | Final Train Acc: 60.77%
2025-08-23 15:52:28,615 - client_100 - INFO - [Client 1] Completed local epoch 48/64 | Final Loss: 1.3386 | Final Train Acc: 61.24%
2025-08-23 15:52:45,537 - client_100 - INFO - [Client 1] Completed local epoch 49/64 | Final Loss: 1.3306 | Final Train Acc: 61.59%
2025-08-23 15:53:01,916 - client_100 - INFO - [Client 1] Completed local epoch 50/64 | Final Loss: 1.3206 | Final Train Acc: 61.81%
2025-08-23 15:53:18,329 - client_100 - INFO - [Client 1] Completed local epoch 51/64 | Final Loss: 1.3072 | Final Train Acc: 62.09%
2025-08-23 15:53:36,787 - client_100 - INFO - [Client 1] Completed local epoch 52/64 | Final Loss: 1.2989 | Final Train Acc: 62.48%
2025-08-23 15:53:53,743 - client_100 - INFO - [Client 1] Completed local epoch 53/64 | Final Loss: 1.2966 | Final Train Acc: 62.35%
2025-08-23 15:54:10,186 - client_100 - INFO - [Client 1] Completed local epoch 54/64 | Final Loss: 1.2845 | Final Train Acc: 62.52%
2025-08-23 15:54:26,389 - client_100 - INFO - [Client 1] Completed local epoch 55/64 | Final Loss: 1.2809 | Final Train Acc: 62.53%
2025-08-23 15:54:43,861 - client_100 - INFO - [Client 1] Completed local epoch 56/64 | Final Loss: 1.2644 | Final Train Acc: 63.02%
2025-08-23 15:55:00,970 - client_100 - INFO - [Client 1] Completed local epoch 57/64 | Final Loss: 1.2643 | Final Train Acc: 63.08%
2025-08-23 15:55:17,654 - client_100 - INFO - [Client 1] Completed local epoch 58/64 | Final Loss: 1.2539 | Final Train Acc: 63.34%
2025-08-23 15:55:33,787 - client_100 - INFO - [Client 1] Completed local epoch 59/64 | Final Loss: 1.2393 | Final Train Acc: 63.81%
2025-08-23 15:55:50,221 - client_100 - INFO - [Client 1] Completed local epoch 60/64 | Final Loss: 1.2387 | Final Train Acc: 64.17%
2025-08-23 15:56:07,998 - client_100 - INFO - [Client 1] Completed local epoch 61/64 | Final Loss: 1.2364 | Final Train Acc: 63.44%
2025-08-23 15:56:24,610 - client_100 - INFO - [Client 1] Completed local epoch 62/64 | Final Loss: 1.2224 | Final Train Acc: 64.11%
2025-08-23 15:56:40,671 - client_100 - INFO - [Client 1] Completed local epoch 63/64 | Final Loss: 1.2188 | Final Train Acc: 64.39%
2025-08-23 15:56:56,842 - client_100 - INFO - [Client 1] Completed local epoch 64/64 | Final Loss: 1.1974 | Final Train Acc: 64.73%
2025-08-23 15:57:06,746 - client_100 - INFO - --- Final round (tau = 22) ---
