2025-08-23 19:33:14,646 - client_100 - INFO - Started training for Client 100
2025-08-23 19:33:14,648 - client_100 - INFO - Log file: logs/localSGD_lenet5_seq_cifar100_w4_20250823_193314_client100.log
2025-08-23 19:33:14,648 - client_100 - INFO - Simulating LocalSGD training with 4 clients (sequential execution)
2025-08-23 19:33:14,649 - client_100 - INFO - Device: cuda
2025-08-23 19:33:14,649 - client_100 - INFO - Config: batch_size=128, lr=0.05, epochs=150, tau=16
2025-08-23 19:33:34,413 - client_100 - INFO - [INFO] Total train set size: 40000
2025-08-23 19:33:34,593 - client_100 - INFO - --- Round 1/9 (tau = 16) ---
2025-08-23 19:33:39,887 - client_100 - INFO - [Client 0] Completed local epoch 1/16 | Final Loss: 4.4280 | Final Train Acc: 3.62%
2025-08-23 19:33:49,633 - client_100 - INFO - [Client 0] Completed local epoch 2/16 | Final Loss: 4.0467 | Final Train Acc: 7.75%
2025-08-23 19:33:58,199 - client_100 - INFO - [Client 0] Completed local epoch 3/16 | Final Loss: 3.8514 | Final Train Acc: 9.93%
2025-08-23 19:34:06,808 - client_100 - INFO - [Client 0] Completed local epoch 4/16 | Final Loss: 3.7883 | Final Train Acc: 11.43%
2025-08-23 19:34:16,009 - client_100 - INFO - [Client 0] Completed local epoch 5/16 | Final Loss: 3.7160 | Final Train Acc: 12.70%
2025-08-23 19:34:23,861 - client_100 - INFO - [Client 0] Completed local epoch 6/16 | Final Loss: 3.5684 | Final Train Acc: 14.69%
2025-08-23 19:34:32,897 - client_100 - INFO - [Client 0] Completed local epoch 7/16 | Final Loss: 3.4341 | Final Train Acc: 16.49%
2025-08-23 19:34:42,292 - client_100 - INFO - [Client 0] Completed local epoch 8/16 | Final Loss: 3.2889 | Final Train Acc: 19.34%
2025-08-23 19:34:50,147 - client_100 - INFO - [Client 0] Completed local epoch 9/16 | Final Loss: 3.1892 | Final Train Acc: 20.68%
2025-08-23 19:34:59,148 - client_100 - INFO - [Client 0] Completed local epoch 10/16 | Final Loss: 3.1138 | Final Train Acc: 22.74%
2025-08-23 19:35:08,406 - client_100 - INFO - [Client 0] Completed local epoch 11/16 | Final Loss: 3.0187 | Final Train Acc: 23.66%
2025-08-23 19:35:16,413 - client_100 - INFO - [Client 0] Completed local epoch 12/16 | Final Loss: 2.9315 | Final Train Acc: 25.42%
2025-08-23 19:35:25,252 - client_100 - INFO - [Client 0] Completed local epoch 13/16 | Final Loss: 2.8401 | Final Train Acc: 28.26%
2025-08-23 19:35:33,754 - client_100 - INFO - [Client 0] Completed local epoch 14/16 | Final Loss: 2.8071 | Final Train Acc: 28.53%
2025-08-23 19:35:42,354 - client_100 - INFO - [Client 0] Completed local epoch 15/16 | Final Loss: 2.7375 | Final Train Acc: 29.67%
2025-08-23 19:35:51,353 - client_100 - INFO - [Client 0] Completed local epoch 16/16 | Final Loss: 2.6771 | Final Train Acc: 30.91%
2025-08-23 19:35:59,231 - client_100 - INFO - [Client 1] Completed local epoch 1/16 | Final Loss: 4.4179 | Final Train Acc: 3.50%
2025-08-23 19:36:08,039 - client_100 - INFO - [Client 1] Completed local epoch 2/16 | Final Loss: 4.0420 | Final Train Acc: 7.28%
2025-08-23 19:36:17,332 - client_100 - INFO - [Client 1] Completed local epoch 3/16 | Final Loss: 3.8506 | Final Train Acc: 10.27%
2025-08-23 19:36:25,053 - client_100 - INFO - [Client 1] Completed local epoch 4/16 | Final Loss: 3.7831 | Final Train Acc: 10.73%
2025-08-23 19:36:33,843 - client_100 - INFO - [Client 1] Completed local epoch 5/16 | Final Loss: 3.7186 | Final Train Acc: 12.49%
2025-08-23 19:36:42,834 - client_100 - INFO - [Client 1] Completed local epoch 6/16 | Final Loss: 3.5812 | Final Train Acc: 14.20%
2025-08-23 19:36:51,179 - client_100 - INFO - [Client 1] Completed local epoch 7/16 | Final Loss: 3.4368 | Final Train Acc: 16.55%
2025-08-23 19:37:00,125 - client_100 - INFO - [Client 1] Completed local epoch 8/16 | Final Loss: 3.3099 | Final Train Acc: 18.42%
2025-08-23 19:37:08,045 - client_100 - INFO - [Client 1] Completed local epoch 9/16 | Final Loss: 3.1902 | Final Train Acc: 20.51%
2025-08-23 19:37:16,892 - client_100 - INFO - [Client 1] Completed local epoch 10/16 | Final Loss: 3.0843 | Final Train Acc: 22.36%
2025-08-23 19:37:26,185 - client_100 - INFO - [Client 1] Completed local epoch 11/16 | Final Loss: 3.0312 | Final Train Acc: 23.55%
2025-08-23 19:37:34,009 - client_100 - INFO - [Client 1] Completed local epoch 12/16 | Final Loss: 2.9467 | Final Train Acc: 25.63%
2025-08-23 19:37:42,837 - client_100 - INFO - [Client 1] Completed local epoch 13/16 | Final Loss: 2.8735 | Final Train Acc: 27.00%
2025-08-23 19:37:52,143 - client_100 - INFO - [Client 1] Completed local epoch 14/16 | Final Loss: 2.8327 | Final Train Acc: 27.30%
2025-08-23 19:38:00,109 - client_100 - INFO - [Client 1] Completed local epoch 15/16 | Final Loss: 2.7748 | Final Train Acc: 28.55%
2025-08-23 19:38:08,946 - client_100 - INFO - [Client 1] Completed local epoch 16/16 | Final Loss: 2.7096 | Final Train Acc: 30.13%
2025-08-23 19:38:17,668 - client_100 - INFO - [Client 2] Completed local epoch 1/16 | Final Loss: 4.4263 | Final Train Acc: 4.05%
2025-08-23 19:38:26,100 - client_100 - INFO - [Client 2] Completed local epoch 2/16 | Final Loss: 4.0449 | Final Train Acc: 7.93%
2025-08-23 19:38:34,967 - client_100 - INFO - [Client 2] Completed local epoch 3/16 | Final Loss: 3.8693 | Final Train Acc: 9.70%
2025-08-23 19:38:43,084 - client_100 - INFO - [Client 2] Completed local epoch 4/16 | Final Loss: 3.7931 | Final Train Acc: 11.17%
2025-08-23 19:38:52,009 - client_100 - INFO - [Client 2] Completed local epoch 5/16 | Final Loss: 3.7249 | Final Train Acc: 12.13%
2025-08-23 19:39:01,249 - client_100 - INFO - [Client 2] Completed local epoch 6/16 | Final Loss: 3.5985 | Final Train Acc: 13.98%
2025-08-23 19:39:09,085 - client_100 - INFO - [Client 2] Completed local epoch 7/16 | Final Loss: 3.4348 | Final Train Acc: 16.66%
2025-08-23 19:39:17,892 - client_100 - INFO - [Client 2] Completed local epoch 8/16 | Final Loss: 3.3214 | Final Train Acc: 18.74%
2025-08-23 19:39:27,349 - client_100 - INFO - [Client 2] Completed local epoch 9/16 | Final Loss: 3.2076 | Final Train Acc: 20.42%
2025-08-23 19:39:35,055 - client_100 - INFO - [Client 2] Completed local epoch 10/16 | Final Loss: 3.0772 | Final Train Acc: 22.77%
2025-08-23 19:39:43,832 - client_100 - INFO - [Client 2] Completed local epoch 11/16 | Final Loss: 3.0074 | Final Train Acc: 24.69%
2025-08-23 19:39:52,443 - client_100 - INFO - [Client 2] Completed local epoch 12/16 | Final Loss: 2.9313 | Final Train Acc: 25.73%
2025-08-23 19:40:01,024 - client_100 - INFO - [Client 2] Completed local epoch 13/16 | Final Loss: 2.8857 | Final Train Acc: 26.66%
2025-08-23 19:40:10,109 - client_100 - INFO - [Client 2] Completed local epoch 14/16 | Final Loss: 2.7985 | Final Train Acc: 28.21%
2025-08-23 19:40:18,037 - client_100 - INFO - [Client 2] Completed local epoch 15/16 | Final Loss: 2.7651 | Final Train Acc: 28.81%
2025-08-23 19:40:27,084 - client_100 - INFO - [Client 2] Completed local epoch 16/16 | Final Loss: 2.6988 | Final Train Acc: 30.80%
2025-08-23 19:40:36,474 - client_100 - INFO - [Client 3] Completed local epoch 1/16 | Final Loss: 4.4120 | Final Train Acc: 4.11%
2025-08-23 19:40:44,464 - client_100 - INFO - [Client 3] Completed local epoch 2/16 | Final Loss: 4.0376 | Final Train Acc: 7.70%
2025-08-23 19:40:53,232 - client_100 - INFO - [Client 3] Completed local epoch 3/16 | Final Loss: 3.8460 | Final Train Acc: 10.97%
2025-08-23 19:41:02,366 - client_100 - INFO - [Client 3] Completed local epoch 4/16 | Final Loss: 3.7502 | Final Train Acc: 11.61%
2025-08-23 19:41:10,526 - client_100 - INFO - [Client 3] Completed local epoch 5/16 | Final Loss: 3.6852 | Final Train Acc: 13.10%
2025-08-23 19:41:19,382 - client_100 - INFO - [Client 3] Completed local epoch 6/16 | Final Loss: 3.5851 | Final Train Acc: 14.47%
2025-08-23 19:41:27,542 - client_100 - INFO - [Client 3] Completed local epoch 7/16 | Final Loss: 3.4382 | Final Train Acc: 15.99%
2025-08-23 19:41:36,243 - client_100 - INFO - [Client 3] Completed local epoch 8/16 | Final Loss: 3.3171 | Final Train Acc: 18.94%
2025-08-23 19:41:45,457 - client_100 - INFO - [Client 3] Completed local epoch 9/16 | Final Loss: 3.2050 | Final Train Acc: 20.79%
2025-08-23 19:41:53,361 - client_100 - INFO - [Client 3] Completed local epoch 10/16 | Final Loss: 3.1173 | Final Train Acc: 22.42%
2025-08-23 19:42:02,342 - client_100 - INFO - [Client 3] Completed local epoch 11/16 | Final Loss: 3.0105 | Final Train Acc: 24.28%
2025-08-23 19:42:11,761 - client_100 - INFO - [Client 3] Completed local epoch 12/16 | Final Loss: 2.9232 | Final Train Acc: 25.41%
2025-08-23 19:42:19,717 - client_100 - INFO - [Client 3] Completed local epoch 13/16 | Final Loss: 2.8548 | Final Train Acc: 27.83%
2025-08-23 19:42:28,563 - client_100 - INFO - [Client 3] Completed local epoch 14/16 | Final Loss: 2.7964 | Final Train Acc: 28.19%
2025-08-23 19:42:37,608 - client_100 - INFO - [Client 3] Completed local epoch 15/16 | Final Loss: 2.7438 | Final Train Acc: 29.58%
2025-08-23 19:42:45,866 - client_100 - INFO - [Client 3] Completed local epoch 16/16 | Final Loss: 2.7075 | Final Train Acc: 29.99%
2025-08-23 19:42:51,232 - client_100 - INFO - --- Round 2/9 (tau = 16) ---
2025-08-23 19:42:54,890 - client_100 - INFO - [Client 0] Completed local epoch 1/16 | Final Loss: 3.0505 | Final Train Acc: 26.06%
2025-08-23 19:43:03,375 - client_100 - INFO - [Client 0] Completed local epoch 2/16 | Final Loss: 2.8190 | Final Train Acc: 28.23%
2025-08-23 19:43:12,110 - client_100 - INFO - [Client 0] Completed local epoch 3/16 | Final Loss: 2.7900 | Final Train Acc: 28.54%
2025-08-23 19:43:21,251 - client_100 - INFO - [Client 0] Completed local epoch 4/16 | Final Loss: 2.7696 | Final Train Acc: 28.81%
2025-08-23 19:43:29,209 - client_100 - INFO - [Client 0] Completed local epoch 5/16 | Final Loss: 2.7621 | Final Train Acc: 29.68%
2025-08-23 19:43:38,113 - client_100 - INFO - [Client 0] Completed local epoch 6/16 | Final Loss: 2.6772 | Final Train Acc: 30.95%
2025-08-23 19:43:47,506 - client_100 - INFO - [Client 0] Completed local epoch 7/16 | Final Loss: 2.6225 | Final Train Acc: 31.84%
2025-08-23 19:43:55,434 - client_100 - INFO - [Client 0] Completed local epoch 8/16 | Final Loss: 2.5468 | Final Train Acc: 33.38%
2025-08-23 19:44:04,257 - client_100 - INFO - [Client 0] Completed local epoch 9/16 | Final Loss: 2.5005 | Final Train Acc: 34.42%
2025-08-23 19:44:13,622 - client_100 - INFO - [Client 0] Completed local epoch 10/16 | Final Loss: 2.4405 | Final Train Acc: 35.32%
2025-08-23 19:44:21,561 - client_100 - INFO - [Client 0] Completed local epoch 11/16 | Final Loss: 2.3710 | Final Train Acc: 37.25%
2025-08-23 19:44:30,371 - client_100 - INFO - [Client 0] Completed local epoch 12/16 | Final Loss: 2.3281 | Final Train Acc: 38.13%
2025-08-23 19:44:39,175 - client_100 - INFO - [Client 0] Completed local epoch 13/16 | Final Loss: 2.2528 | Final Train Acc: 40.22%
2025-08-23 19:44:47,597 - client_100 - INFO - [Client 0] Completed local epoch 14/16 | Final Loss: 2.2522 | Final Train Acc: 39.71%
2025-08-23 19:44:56,578 - client_100 - INFO - [Client 0] Completed local epoch 15/16 | Final Loss: 2.1866 | Final Train Acc: 41.21%
2025-08-23 19:45:04,400 - client_100 - INFO - [Client 0] Completed local epoch 16/16 | Final Loss: 2.1664 | Final Train Acc: 41.94%
2025-08-23 19:45:13,324 - client_100 - INFO - [Client 1] Completed local epoch 1/16 | Final Loss: 3.0743 | Final Train Acc: 25.07%
2025-08-23 19:45:22,944 - client_100 - INFO - [Client 1] Completed local epoch 2/16 | Final Loss: 2.8465 | Final Train Acc: 27.53%
2025-08-23 19:45:30,848 - client_100 - INFO - [Client 1] Completed local epoch 3/16 | Final Loss: 2.8036 | Final Train Acc: 28.07%
2025-08-23 19:45:39,930 - client_100 - INFO - [Client 1] Completed local epoch 4/16 | Final Loss: 2.7923 | Final Train Acc: 28.33%
2025-08-23 19:45:49,659 - client_100 - INFO - [Client 1] Completed local epoch 5/16 | Final Loss: 2.7759 | Final Train Acc: 29.01%
2025-08-23 19:45:58,033 - client_100 - INFO - [Client 1] Completed local epoch 6/16 | Final Loss: 2.7171 | Final Train Acc: 29.55%
2025-08-23 19:46:07,148 - client_100 - INFO - [Client 1] Completed local epoch 7/16 | Final Loss: 2.6785 | Final Train Acc: 30.41%
2025-08-23 19:46:16,769 - client_100 - INFO - [Client 1] Completed local epoch 8/16 | Final Loss: 2.5893 | Final Train Acc: 32.60%
2025-08-23 19:46:25,002 - client_100 - INFO - [Client 1] Completed local epoch 9/16 | Final Loss: 2.5042 | Final Train Acc: 34.72%
2025-08-23 19:46:34,049 - client_100 - INFO - [Client 1] Completed local epoch 10/16 | Final Loss: 2.4512 | Final Train Acc: 35.49%
2025-08-23 19:46:43,093 - client_100 - INFO - [Client 1] Completed local epoch 11/16 | Final Loss: 2.4181 | Final Train Acc: 36.03%
2025-08-23 19:46:51,639 - client_100 - INFO - [Client 1] Completed local epoch 12/16 | Final Loss: 2.3801 | Final Train Acc: 37.11%
2025-08-23 19:47:00,754 - client_100 - INFO - [Client 1] Completed local epoch 13/16 | Final Loss: 2.3277 | Final Train Acc: 38.25%
2025-08-23 19:47:08,928 - client_100 - INFO - [Client 1] Completed local epoch 14/16 | Final Loss: 2.2898 | Final Train Acc: 38.76%
2025-08-23 19:47:17,900 - client_100 - INFO - [Client 1] Completed local epoch 15/16 | Final Loss: 2.2137 | Final Train Acc: 40.46%
2025-08-23 19:47:27,314 - client_100 - INFO - [Client 1] Completed local epoch 16/16 | Final Loss: 2.1779 | Final Train Acc: 40.80%
2025-08-23 19:47:35,262 - client_100 - INFO - [Client 2] Completed local epoch 1/16 | Final Loss: 3.0515 | Final Train Acc: 26.02%
2025-08-23 19:47:44,269 - client_100 - INFO - [Client 2] Completed local epoch 2/16 | Final Loss: 2.8222 | Final Train Acc: 28.52%
2025-08-23 19:47:53,692 - client_100 - INFO - [Client 2] Completed local epoch 3/16 | Final Loss: 2.7904 | Final Train Acc: 28.47%
2025-08-23 19:48:01,932 - client_100 - INFO - [Client 2] Completed local epoch 4/16 | Final Loss: 2.8051 | Final Train Acc: 28.06%
2025-08-23 19:48:10,955 - client_100 - INFO - [Client 2] Completed local epoch 5/16 | Final Loss: 2.7848 | Final Train Acc: 28.81%
2025-08-23 19:48:20,396 - client_100 - INFO - [Client 2] Completed local epoch 6/16 | Final Loss: 2.6945 | Final Train Acc: 30.62%
2025-08-23 19:48:28,641 - client_100 - INFO - [Client 2] Completed local epoch 7/16 | Final Loss: 2.6247 | Final Train Acc: 32.11%
2025-08-23 19:48:37,656 - client_100 - INFO - [Client 2] Completed local epoch 8/16 | Final Loss: 2.5333 | Final Train Acc: 33.91%
2025-08-23 19:48:46,715 - client_100 - INFO - [Client 2] Completed local epoch 9/16 | Final Loss: 2.4934 | Final Train Acc: 34.21%
2025-08-23 19:48:55,390 - client_100 - INFO - [Client 2] Completed local epoch 10/16 | Final Loss: 2.4223 | Final Train Acc: 36.28%
2025-08-23 19:49:04,534 - client_100 - INFO - [Client 2] Completed local epoch 11/16 | Final Loss: 2.3783 | Final Train Acc: 37.02%
2025-08-23 19:49:12,923 - client_100 - INFO - [Client 2] Completed local epoch 12/16 | Final Loss: 2.3596 | Final Train Acc: 38.05%
2025-08-23 19:49:22,011 - client_100 - INFO - [Client 2] Completed local epoch 13/16 | Final Loss: 2.2852 | Final Train Acc: 38.51%
2025-08-23 19:49:31,519 - client_100 - INFO - [Client 2] Completed local epoch 14/16 | Final Loss: 2.2569 | Final Train Acc: 39.82%
2025-08-23 19:49:39,646 - client_100 - INFO - [Client 2] Completed local epoch 15/16 | Final Loss: 2.1746 | Final Train Acc: 41.55%
2025-08-23 19:49:49,009 - client_100 - INFO - [Client 2] Completed local epoch 16/16 | Final Loss: 2.1322 | Final Train Acc: 42.12%
2025-08-23 19:49:58,762 - client_100 - INFO - [Client 3] Completed local epoch 1/16 | Final Loss: 3.0453 | Final Train Acc: 25.64%
2025-08-23 19:50:06,873 - client_100 - INFO - [Client 3] Completed local epoch 2/16 | Final Loss: 2.8157 | Final Train Acc: 28.27%
2025-08-23 19:50:16,237 - client_100 - INFO - [Client 3] Completed local epoch 3/16 | Final Loss: 2.7808 | Final Train Acc: 29.07%
2025-08-23 19:50:25,999 - client_100 - INFO - [Client 3] Completed local epoch 4/16 | Final Loss: 2.7845 | Final Train Acc: 28.26%
2025-08-23 19:50:34,166 - client_100 - INFO - [Client 3] Completed local epoch 5/16 | Final Loss: 2.7679 | Final Train Acc: 28.60%
2025-08-23 19:50:43,509 - client_100 - INFO - [Client 3] Completed local epoch 6/16 | Final Loss: 2.7249 | Final Train Acc: 30.14%
2025-08-23 19:50:53,416 - client_100 - INFO - [Client 3] Completed local epoch 7/16 | Final Loss: 2.6021 | Final Train Acc: 31.95%
2025-08-23 19:51:01,476 - client_100 - INFO - [Client 3] Completed local epoch 8/16 | Final Loss: 2.5643 | Final Train Acc: 33.13%
2025-08-23 19:51:10,405 - client_100 - INFO - [Client 3] Completed local epoch 9/16 | Final Loss: 2.4730 | Final Train Acc: 34.74%
2025-08-23 19:51:19,922 - client_100 - INFO - [Client 3] Completed local epoch 10/16 | Final Loss: 2.4246 | Final Train Acc: 35.78%
2025-08-23 19:51:27,879 - client_100 - INFO - [Client 3] Completed local epoch 11/16 | Final Loss: 2.3815 | Final Train Acc: 37.32%
2025-08-23 19:51:36,661 - client_100 - INFO - [Client 3] Completed local epoch 12/16 | Final Loss: 2.3111 | Final Train Acc: 38.37%
2025-08-23 19:51:45,344 - client_100 - INFO - [Client 3] Completed local epoch 13/16 | Final Loss: 2.2692 | Final Train Acc: 39.52%
2025-08-23 19:51:53,927 - client_100 - INFO - [Client 3] Completed local epoch 14/16 | Final Loss: 2.2281 | Final Train Acc: 40.41%
2025-08-23 19:52:03,168 - client_100 - INFO - [Client 3] Completed local epoch 15/16 | Final Loss: 2.1812 | Final Train Acc: 41.05%
2025-08-23 19:52:11,284 - client_100 - INFO - [Client 3] Completed local epoch 16/16 | Final Loss: 2.2069 | Final Train Acc: 40.17%
2025-08-23 19:52:17,028 - client_100 - INFO - --- Round 3/9 (tau = 16) ---
2025-08-23 19:52:20,466 - client_100 - INFO - [Client 0] Completed local epoch 1/16 | Final Loss: 2.1954 | Final Train Acc: 42.37%
2025-08-23 19:52:29,791 - client_100 - INFO - [Client 0] Completed local epoch 2/16 | Final Loss: 2.1694 | Final Train Acc: 42.42%
2025-08-23 19:52:37,738 - client_100 - INFO - [Client 0] Completed local epoch 3/16 | Final Loss: 2.1893 | Final Train Acc: 41.39%
2025-08-23 19:52:46,785 - client_100 - INFO - [Client 0] Completed local epoch 4/16 | Final Loss: 2.2369 | Final Train Acc: 40.03%
2025-08-23 19:52:56,271 - client_100 - INFO - [Client 0] Completed local epoch 5/16 | Final Loss: 2.2628 | Final Train Acc: 39.98%
2025-08-23 19:53:04,203 - client_100 - INFO - [Client 0] Completed local epoch 6/16 | Final Loss: 2.2064 | Final Train Acc: 40.42%
2025-08-23 19:53:13,016 - client_100 - INFO - [Client 0] Completed local epoch 7/16 | Final Loss: 2.1579 | Final Train Acc: 41.78%
2025-08-23 19:53:22,049 - client_100 - INFO - [Client 0] Completed local epoch 8/16 | Final Loss: 2.1309 | Final Train Acc: 42.26%
2025-08-23 19:53:30,282 - client_100 - INFO - [Client 0] Completed local epoch 9/16 | Final Loss: 2.0791 | Final Train Acc: 43.10%
2025-08-23 19:53:39,201 - client_100 - INFO - [Client 0] Completed local epoch 10/16 | Final Loss: 2.0338 | Final Train Acc: 44.73%
2025-08-23 19:53:47,333 - client_100 - INFO - [Client 0] Completed local epoch 11/16 | Final Loss: 2.0246 | Final Train Acc: 45.31%
2025-08-23 19:53:56,095 - client_100 - INFO - [Client 0] Completed local epoch 12/16 | Final Loss: 1.9751 | Final Train Acc: 45.98%
2025-08-23 19:54:05,350 - client_100 - INFO - [Client 0] Completed local epoch 13/16 | Final Loss: 1.9378 | Final Train Acc: 46.87%
2025-08-23 19:54:13,207 - client_100 - INFO - [Client 0] Completed local epoch 14/16 | Final Loss: 1.9208 | Final Train Acc: 46.39%
2025-08-23 19:54:22,165 - client_100 - INFO - [Client 0] Completed local epoch 15/16 | Final Loss: 1.8952 | Final Train Acc: 47.16%
2025-08-23 19:54:31,697 - client_100 - INFO - [Client 0] Completed local epoch 16/16 | Final Loss: 1.8348 | Final Train Acc: 48.47%
2025-08-23 19:54:39,735 - client_100 - INFO - [Client 1] Completed local epoch 1/16 | Final Loss: 2.2189 | Final Train Acc: 41.02%
2025-08-23 19:54:48,731 - client_100 - INFO - [Client 1] Completed local epoch 2/16 | Final Loss: 2.1855 | Final Train Acc: 41.26%
2025-08-23 19:54:57,952 - client_100 - INFO - [Client 1] Completed local epoch 3/16 | Final Loss: 2.2027 | Final Train Acc: 41.06%
2025-08-23 19:55:06,226 - client_100 - INFO - [Client 1] Completed local epoch 4/16 | Final Loss: 2.2366 | Final Train Acc: 40.05%
2025-08-23 19:55:15,150 - client_100 - INFO - [Client 1] Completed local epoch 5/16 | Final Loss: 2.2698 | Final Train Acc: 39.11%
2025-08-23 19:55:24,049 - client_100 - INFO - [Client 1] Completed local epoch 6/16 | Final Loss: 2.2476 | Final Train Acc: 39.80%
2025-08-23 19:55:32,752 - client_100 - INFO - [Client 1] Completed local epoch 7/16 | Final Loss: 2.1926 | Final Train Acc: 40.51%
2025-08-23 19:55:41,992 - client_100 - INFO - [Client 1] Completed local epoch 8/16 | Final Loss: 2.1570 | Final Train Acc: 41.70%
2025-08-23 19:55:50,505 - client_100 - INFO - [Client 1] Completed local epoch 9/16 | Final Loss: 2.1196 | Final Train Acc: 42.66%
2025-08-23 19:55:59,432 - client_100 - INFO - [Client 1] Completed local epoch 10/16 | Final Loss: 2.1045 | Final Train Acc: 43.15%
2025-08-23 19:56:08,566 - client_100 - INFO - [Client 1] Completed local epoch 11/16 | Final Loss: 2.0906 | Final Train Acc: 42.90%
2025-08-23 19:56:16,502 - client_100 - INFO - [Client 1] Completed local epoch 12/16 | Final Loss: 1.9975 | Final Train Acc: 45.35%
2025-08-23 19:56:25,468 - client_100 - INFO - [Client 1] Completed local epoch 13/16 | Final Loss: 1.9792 | Final Train Acc: 45.34%
2025-08-23 19:56:34,842 - client_100 - INFO - [Client 1] Completed local epoch 14/16 | Final Loss: 1.9379 | Final Train Acc: 46.85%
2025-08-23 19:56:42,799 - client_100 - INFO - [Client 1] Completed local epoch 15/16 | Final Loss: 1.9035 | Final Train Acc: 47.43%
2025-08-23 19:56:51,694 - client_100 - INFO - [Client 1] Completed local epoch 16/16 | Final Loss: 1.8797 | Final Train Acc: 48.09%
2025-08-23 19:57:00,605 - client_100 - INFO - [Client 2] Completed local epoch 1/16 | Final Loss: 2.1772 | Final Train Acc: 42.57%
2025-08-23 19:57:09,037 - client_100 - INFO - [Client 2] Completed local epoch 2/16 | Final Loss: 2.1659 | Final Train Acc: 42.35%
2025-08-23 19:57:18,079 - client_100 - INFO - [Client 2] Completed local epoch 3/16 | Final Loss: 2.1650 | Final Train Acc: 42.01%
2025-08-23 19:57:26,232 - client_100 - INFO - [Client 2] Completed local epoch 4/16 | Final Loss: 2.2093 | Final Train Acc: 40.83%
2025-08-23 19:57:35,171 - client_100 - INFO - [Client 2] Completed local epoch 5/16 | Final Loss: 2.2492 | Final Train Acc: 40.18%
2025-08-23 19:57:44,373 - client_100 - INFO - [Client 2] Completed local epoch 6/16 | Final Loss: 2.1814 | Final Train Acc: 41.05%
2025-08-23 19:57:52,477 - client_100 - INFO - [Client 2] Completed local epoch 7/16 | Final Loss: 2.1550 | Final Train Acc: 41.67%
2025-08-23 19:58:01,506 - client_100 - INFO - [Client 2] Completed local epoch 8/16 | Final Loss: 2.1173 | Final Train Acc: 41.80%
2025-08-23 19:58:11,026 - client_100 - INFO - [Client 2] Completed local epoch 9/16 | Final Loss: 2.0580 | Final Train Acc: 44.24%
2025-08-23 19:58:19,054 - client_100 - INFO - [Client 2] Completed local epoch 10/16 | Final Loss: 2.0487 | Final Train Acc: 44.20%
2025-08-23 19:58:27,890 - client_100 - INFO - [Client 2] Completed local epoch 11/16 | Final Loss: 2.0059 | Final Train Acc: 44.94%
2025-08-23 19:58:36,960 - client_100 - INFO - [Client 2] Completed local epoch 12/16 | Final Loss: 1.9789 | Final Train Acc: 45.60%
2025-08-23 19:58:45,109 - client_100 - INFO - [Client 2] Completed local epoch 13/16 | Final Loss: 1.9412 | Final Train Acc: 46.69%
2025-08-23 19:58:54,147 - client_100 - INFO - [Client 2] Completed local epoch 14/16 | Final Loss: 1.9018 | Final Train Acc: 47.00%
2025-08-23 19:59:02,186 - client_100 - INFO - [Client 2] Completed local epoch 15/16 | Final Loss: 1.8618 | Final Train Acc: 47.88%
2025-08-23 19:59:11,062 - client_100 - INFO - [Client 2] Completed local epoch 16/16 | Final Loss: 1.8788 | Final Train Acc: 48.03%
2025-08-23 19:59:20,299 - client_100 - INFO - [Client 3] Completed local epoch 1/16 | Final Loss: 2.1856 | Final Train Acc: 41.72%
2025-08-23 19:59:28,221 - client_100 - INFO - [Client 3] Completed local epoch 2/16 | Final Loss: 2.1685 | Final Train Acc: 42.04%
2025-08-23 19:59:37,012 - client_100 - INFO - [Client 3] Completed local epoch 3/16 | Final Loss: 2.1732 | Final Train Acc: 41.73%
2025-08-23 19:59:46,317 - client_100 - INFO - [Client 3] Completed local epoch 4/16 | Final Loss: 2.2089 | Final Train Acc: 40.93%
2025-08-23 19:59:54,354 - client_100 - INFO - [Client 3] Completed local epoch 5/16 | Final Loss: 2.2519 | Final Train Acc: 39.75%
2025-08-23 20:00:03,325 - client_100 - INFO - [Client 3] Completed local epoch 6/16 | Final Loss: 2.2030 | Final Train Acc: 40.58%
2025-08-23 20:00:12,160 - client_100 - INFO - [Client 3] Completed local epoch 7/16 | Final Loss: 2.1735 | Final Train Acc: 40.92%
2025-08-23 20:00:20,533 - client_100 - INFO - [Client 3] Completed local epoch 8/16 | Final Loss: 2.1336 | Final Train Acc: 42.05%
2025-08-23 20:00:29,548 - client_100 - INFO - [Client 3] Completed local epoch 9/16 | Final Loss: 2.1007 | Final Train Acc: 43.08%
2025-08-23 20:00:37,523 - client_100 - INFO - [Client 3] Completed local epoch 10/16 | Final Loss: 2.0492 | Final Train Acc: 43.77%
2025-08-23 20:00:46,566 - client_100 - INFO - [Client 3] Completed local epoch 11/16 | Final Loss: 2.0131 | Final Train Acc: 44.83%
2025-08-23 20:00:56,021 - client_100 - INFO - [Client 3] Completed local epoch 12/16 | Final Loss: 1.9930 | Final Train Acc: 45.76%
2025-08-23 20:01:03,873 - client_100 - INFO - [Client 3] Completed local epoch 13/16 | Final Loss: 1.9621 | Final Train Acc: 46.26%
2025-08-23 20:01:12,656 - client_100 - INFO - [Client 3] Completed local epoch 14/16 | Final Loss: 1.9410 | Final Train Acc: 46.75%
2025-08-23 20:01:22,146 - client_100 - INFO - [Client 3] Completed local epoch 15/16 | Final Loss: 1.8755 | Final Train Acc: 48.12%
2025-08-23 20:01:30,087 - client_100 - INFO - [Client 3] Completed local epoch 16/16 | Final Loss: 1.8374 | Final Train Acc: 48.99%
2025-08-23 20:01:35,591 - client_100 - INFO - --- Round 4/9 (tau = 16) ---
2025-08-23 20:01:39,050 - client_100 - INFO - [Client 0] Completed local epoch 1/16 | Final Loss: 1.9136 | Final Train Acc: 47.92%
2025-08-23 20:01:48,155 - client_100 - INFO - [Client 0] Completed local epoch 2/16 | Final Loss: 1.9300 | Final Train Acc: 47.51%
2025-08-23 20:01:56,582 - client_100 - INFO - [Client 0] Completed local epoch 3/16 | Final Loss: 1.9125 | Final Train Acc: 47.37%
2025-08-23 20:02:05,502 - client_100 - INFO - [Client 0] Completed local epoch 4/16 | Final Loss: 1.9435 | Final Train Acc: 47.31%
2025-08-23 20:02:13,891 - client_100 - INFO - [Client 0] Completed local epoch 5/16 | Final Loss: 1.9775 | Final Train Acc: 46.10%
2025-08-23 20:02:22,688 - client_100 - INFO - [Client 0] Completed local epoch 6/16 | Final Loss: 1.9577 | Final Train Acc: 46.02%
2025-08-23 20:02:31,787 - client_100 - INFO - [Client 0] Completed local epoch 7/16 | Final Loss: 1.9625 | Final Train Acc: 46.41%
2025-08-23 20:02:39,594 - client_100 - INFO - [Client 0] Completed local epoch 8/16 | Final Loss: 1.9131 | Final Train Acc: 46.86%
2025-08-23 20:02:48,559 - client_100 - INFO - [Client 0] Completed local epoch 9/16 | Final Loss: 1.8511 | Final Train Acc: 48.63%
2025-08-23 20:02:58,006 - client_100 - INFO - [Client 0] Completed local epoch 10/16 | Final Loss: 1.8269 | Final Train Acc: 49.07%
2025-08-23 20:03:05,827 - client_100 - INFO - [Client 0] Completed local epoch 11/16 | Final Loss: 1.7896 | Final Train Acc: 50.15%
2025-08-23 20:03:14,632 - client_100 - INFO - [Client 0] Completed local epoch 12/16 | Final Loss: 1.7385 | Final Train Acc: 51.67%
2025-08-23 20:03:23,955 - client_100 - INFO - [Client 0] Completed local epoch 13/16 | Final Loss: 1.7489 | Final Train Acc: 51.38%
2025-08-23 20:03:32,124 - client_100 - INFO - [Client 0] Completed local epoch 14/16 | Final Loss: 1.7036 | Final Train Acc: 52.20%
2025-08-23 20:03:40,894 - client_100 - INFO - [Client 0] Completed local epoch 15/16 | Final Loss: 1.6994 | Final Train Acc: 52.68%
2025-08-23 20:03:49,260 - client_100 - INFO - [Client 0] Completed local epoch 16/16 | Final Loss: 1.6975 | Final Train Acc: 52.36%
2025-08-23 20:03:58,061 - client_100 - INFO - [Client 1] Completed local epoch 1/16 | Final Loss: 1.9385 | Final Train Acc: 47.93%
2025-08-23 20:04:07,014 - client_100 - INFO - [Client 1] Completed local epoch 2/16 | Final Loss: 1.9295 | Final Train Acc: 47.69%
2025-08-23 20:04:14,845 - client_100 - INFO - [Client 1] Completed local epoch 3/16 | Final Loss: 1.9281 | Final Train Acc: 47.41%
2025-08-23 20:04:23,841 - client_100 - INFO - [Client 1] Completed local epoch 4/16 | Final Loss: 1.9571 | Final Train Acc: 46.92%
2025-08-23 20:04:33,098 - client_100 - INFO - [Client 1] Completed local epoch 5/16 | Final Loss: 2.0073 | Final Train Acc: 45.12%
2025-08-23 20:04:41,087 - client_100 - INFO - [Client 1] Completed local epoch 6/16 | Final Loss: 1.9878 | Final Train Acc: 45.98%
2025-08-23 20:04:49,855 - client_100 - INFO - [Client 1] Completed local epoch 7/16 | Final Loss: 1.9958 | Final Train Acc: 45.51%
2025-08-23 20:04:59,239 - client_100 - INFO - [Client 1] Completed local epoch 8/16 | Final Loss: 1.9272 | Final Train Acc: 46.99%
2025-08-23 20:05:07,324 - client_100 - INFO - [Client 1] Completed local epoch 9/16 | Final Loss: 1.9058 | Final Train Acc: 47.64%
2025-08-23 20:05:16,140 - client_100 - INFO - [Client 1] Completed local epoch 10/16 | Final Loss: 1.8803 | Final Train Acc: 48.47%
2025-08-23 20:05:24,572 - client_100 - INFO - [Client 1] Completed local epoch 11/16 | Final Loss: 1.8201 | Final Train Acc: 48.94%
2025-08-23 20:05:33,212 - client_100 - INFO - [Client 1] Completed local epoch 12/16 | Final Loss: 1.8187 | Final Train Acc: 48.68%
2025-08-23 20:05:42,289 - client_100 - INFO - [Client 1] Completed local epoch 13/16 | Final Loss: 1.7664 | Final Train Acc: 50.16%
2025-08-23 20:05:50,219 - client_100 - INFO - [Client 1] Completed local epoch 14/16 | Final Loss: 1.7516 | Final Train Acc: 51.07%
2025-08-23 20:05:59,474 - client_100 - INFO - [Client 1] Completed local epoch 15/16 | Final Loss: 1.7270 | Final Train Acc: 51.48%
2025-08-23 20:06:08,960 - client_100 - INFO - [Client 1] Completed local epoch 16/16 | Final Loss: 1.6884 | Final Train Acc: 52.59%
2025-08-23 20:06:16,837 - client_100 - INFO - [Client 2] Completed local epoch 1/16 | Final Loss: 1.9056 | Final Train Acc: 48.21%
2025-08-23 20:06:25,717 - client_100 - INFO - [Client 2] Completed local epoch 2/16 | Final Loss: 1.8880 | Final Train Acc: 48.71%
2025-08-23 20:06:35,044 - client_100 - INFO - [Client 2] Completed local epoch 3/16 | Final Loss: 1.8966 | Final Train Acc: 47.83%
2025-08-23 20:06:43,010 - client_100 - INFO - [Client 2] Completed local epoch 4/16 | Final Loss: 1.9296 | Final Train Acc: 46.94%
2025-08-23 20:06:51,843 - client_100 - INFO - [Client 2] Completed local epoch 5/16 | Final Loss: 2.0008 | Final Train Acc: 45.32%
2025-08-23 20:07:00,537 - client_100 - INFO - [Client 2] Completed local epoch 6/16 | Final Loss: 1.9649 | Final Train Acc: 46.28%
2025-08-23 20:07:08,914 - client_100 - INFO - [Client 2] Completed local epoch 7/16 | Final Loss: 1.9130 | Final Train Acc: 47.10%
2025-08-23 20:07:18,069 - client_100 - INFO - [Client 2] Completed local epoch 8/16 | Final Loss: 1.9233 | Final Train Acc: 46.75%
2025-08-23 20:07:26,620 - client_100 - INFO - [Client 2] Completed local epoch 9/16 | Final Loss: 1.8492 | Final Train Acc: 48.56%
2025-08-23 20:07:36,123 - client_100 - INFO - [Client 2] Completed local epoch 10/16 | Final Loss: 1.8198 | Final Train Acc: 49.66%
2025-08-23 20:07:45,590 - client_100 - INFO - [Client 2] Completed local epoch 11/16 | Final Loss: 1.7920 | Final Train Acc: 49.52%
2025-08-23 20:07:53,717 - client_100 - INFO - [Client 2] Completed local epoch 12/16 | Final Loss: 1.7997 | Final Train Acc: 49.92%
2025-08-23 20:08:02,977 - client_100 - INFO - [Client 2] Completed local epoch 13/16 | Final Loss: 1.7291 | Final Train Acc: 51.56%
2025-08-23 20:08:12,457 - client_100 - INFO - [Client 2] Completed local epoch 14/16 | Final Loss: 1.7037 | Final Train Acc: 52.30%
2025-08-23 20:08:20,620 - client_100 - INFO - [Client 2] Completed local epoch 15/16 | Final Loss: 1.6873 | Final Train Acc: 52.50%
2025-08-23 20:08:29,710 - client_100 - INFO - [Client 2] Completed local epoch 16/16 | Final Loss: 1.6483 | Final Train Acc: 53.04%
2025-08-23 20:08:39,194 - client_100 - INFO - [Client 3] Completed local epoch 1/16 | Final Loss: 1.9019 | Final Train Acc: 48.33%
2025-08-23 20:08:47,020 - client_100 - INFO - [Client 3] Completed local epoch 2/16 | Final Loss: 1.8870 | Final Train Acc: 48.39%
2025-08-23 20:08:55,836 - client_100 - INFO - [Client 3] Completed local epoch 3/16 | Final Loss: 1.8940 | Final Train Acc: 47.89%
2025-08-23 20:09:04,864 - client_100 - INFO - [Client 3] Completed local epoch 4/16 | Final Loss: 1.9428 | Final Train Acc: 46.81%
2025-08-23 20:09:13,058 - client_100 - INFO - [Client 3] Completed local epoch 5/16 | Final Loss: 1.9914 | Final Train Acc: 46.00%
2025-08-23 20:09:21,921 - client_100 - INFO - [Client 3] Completed local epoch 6/16 | Final Loss: 1.9595 | Final Train Acc: 46.44%
2025-08-23 20:09:30,034 - client_100 - INFO - [Client 3] Completed local epoch 7/16 | Final Loss: 1.9323 | Final Train Acc: 46.98%
2025-08-23 20:09:38,802 - client_100 - INFO - [Client 3] Completed local epoch 8/16 | Final Loss: 1.8846 | Final Train Acc: 47.94%
2025-08-23 20:09:48,013 - client_100 - INFO - [Client 3] Completed local epoch 9/16 | Final Loss: 1.8628 | Final Train Acc: 48.60%
2025-08-23 20:09:55,961 - client_100 - INFO - [Client 3] Completed local epoch 10/16 | Final Loss: 1.8323 | Final Train Acc: 49.21%
2025-08-23 20:10:04,861 - client_100 - INFO - [Client 3] Completed local epoch 11/16 | Final Loss: 1.8194 | Final Train Acc: 50.00%
2025-08-23 20:10:14,342 - client_100 - INFO - [Client 3] Completed local epoch 12/16 | Final Loss: 1.7827 | Final Train Acc: 50.06%
2025-08-23 20:10:22,389 - client_100 - INFO - [Client 3] Completed local epoch 13/16 | Final Loss: 1.7546 | Final Train Acc: 50.88%
2025-08-23 20:10:31,494 - client_100 - INFO - [Client 3] Completed local epoch 14/16 | Final Loss: 1.7149 | Final Train Acc: 52.05%
2025-08-23 20:10:40,900 - client_100 - INFO - [Client 3] Completed local epoch 15/16 | Final Loss: 1.7129 | Final Train Acc: 51.84%
2025-08-23 20:10:48,882 - client_100 - INFO - [Client 3] Completed local epoch 16/16 | Final Loss: 1.6547 | Final Train Acc: 52.95%
2025-08-23 20:10:54,555 - client_100 - INFO - --- Round 5/9 (tau = 16) ---
2025-08-23 20:10:58,058 - client_100 - INFO - [Client 0] Completed local epoch 1/16 | Final Loss: 1.7419 | Final Train Acc: 52.29%
2025-08-23 20:11:07,173 - client_100 - INFO - [Client 0] Completed local epoch 2/16 | Final Loss: 1.7226 | Final Train Acc: 52.35%
2025-08-23 20:11:15,658 - client_100 - INFO - [Client 0] Completed local epoch 3/16 | Final Loss: 1.7391 | Final Train Acc: 51.77%
2025-08-23 20:11:24,703 - client_100 - INFO - [Client 0] Completed local epoch 4/16 | Final Loss: 1.7847 | Final Train Acc: 50.44%
2025-08-23 20:11:33,421 - client_100 - INFO - [Client 0] Completed local epoch 5/16 | Final Loss: 1.8568 | Final Train Acc: 49.07%
2025-08-23 20:11:42,144 - client_100 - INFO - [Client 0] Completed local epoch 6/16 | Final Loss: 1.8287 | Final Train Acc: 49.42%
2025-08-23 20:11:51,378 - client_100 - INFO - [Client 0] Completed local epoch 7/16 | Final Loss: 1.7882 | Final Train Acc: 50.38%
2025-08-23 20:11:59,514 - client_100 - INFO - [Client 0] Completed local epoch 8/16 | Final Loss: 1.7397 | Final Train Acc: 50.50%
2025-08-23 20:12:08,489 - client_100 - INFO - [Client 0] Completed local epoch 9/16 | Final Loss: 1.7395 | Final Train Acc: 51.28%
2025-08-23 20:12:17,814 - client_100 - INFO - [Client 0] Completed local epoch 10/16 | Final Loss: 1.6795 | Final Train Acc: 52.98%
2025-08-23 20:12:25,741 - client_100 - INFO - [Client 0] Completed local epoch 11/16 | Final Loss: 1.6664 | Final Train Acc: 53.26%
2025-08-23 20:12:34,722 - client_100 - INFO - [Client 0] Completed local epoch 12/16 | Final Loss: 1.6110 | Final Train Acc: 54.55%
2025-08-23 20:12:44,084 - client_100 - INFO - [Client 0] Completed local epoch 13/16 | Final Loss: 1.6293 | Final Train Acc: 53.99%
2025-08-23 20:12:52,029 - client_100 - INFO - [Client 0] Completed local epoch 14/16 | Final Loss: 1.5885 | Final Train Acc: 54.76%
2025-08-23 20:13:01,080 - client_100 - INFO - [Client 0] Completed local epoch 15/16 | Final Loss: 1.5911 | Final Train Acc: 54.83%
2025-08-23 20:13:10,069 - client_100 - INFO - [Client 0] Completed local epoch 16/16 | Final Loss: 1.5248 | Final Train Acc: 56.90%
2025-08-23 20:13:18,351 - client_100 - INFO - [Client 1] Completed local epoch 1/16 | Final Loss: 1.7862 | Final Train Acc: 51.70%
2025-08-23 20:13:27,240 - client_100 - INFO - [Client 1] Completed local epoch 2/16 | Final Loss: 1.7555 | Final Train Acc: 51.67%
2025-08-23 20:13:35,617 - client_100 - INFO - [Client 1] Completed local epoch 3/16 | Final Loss: 1.7564 | Final Train Acc: 51.78%
2025-08-23 20:13:44,380 - client_100 - INFO - [Client 1] Completed local epoch 4/16 | Final Loss: 1.7925 | Final Train Acc: 50.16%
2025-08-23 20:13:53,593 - client_100 - INFO - [Client 1] Completed local epoch 5/16 | Final Loss: 1.8588 | Final Train Acc: 48.34%
2025-08-23 20:14:01,485 - client_100 - INFO - [Client 1] Completed local epoch 6/16 | Final Loss: 1.8372 | Final Train Acc: 49.37%
2025-08-23 20:14:10,392 - client_100 - INFO - [Client 1] Completed local epoch 7/16 | Final Loss: 1.7946 | Final Train Acc: 50.23%
2025-08-23 20:14:19,910 - client_100 - INFO - [Client 1] Completed local epoch 8/16 | Final Loss: 1.7906 | Final Train Acc: 49.33%
2025-08-23 20:14:27,830 - client_100 - INFO - [Client 1] Completed local epoch 9/16 | Final Loss: 1.7506 | Final Train Acc: 50.81%
2025-08-23 20:14:36,773 - client_100 - INFO - [Client 1] Completed local epoch 10/16 | Final Loss: 1.7319 | Final Train Acc: 51.96%
2025-08-23 20:14:45,613 - client_100 - INFO - [Client 1] Completed local epoch 11/16 | Final Loss: 1.6943 | Final Train Acc: 52.13%
2025-08-23 20:14:53,998 - client_100 - INFO - [Client 1] Completed local epoch 12/16 | Final Loss: 1.6929 | Final Train Acc: 52.40%
2025-08-23 20:15:03,027 - client_100 - INFO - [Client 1] Completed local epoch 13/16 | Final Loss: 1.6279 | Final Train Acc: 54.02%
2025-08-23 20:15:11,353 - client_100 - INFO - [Client 1] Completed local epoch 14/16 | Final Loss: 1.6549 | Final Train Acc: 52.87%
2025-08-23 20:15:20,196 - client_100 - INFO - [Client 1] Completed local epoch 15/16 | Final Loss: 1.6218 | Final Train Acc: 54.08%
2025-08-23 20:15:29,441 - client_100 - INFO - [Client 1] Completed local epoch 16/16 | Final Loss: 1.5906 | Final Train Acc: 54.30%
2025-08-23 20:15:37,482 - client_100 - INFO - [Client 2] Completed local epoch 1/16 | Final Loss: 1.7400 | Final Train Acc: 52.14%
2025-08-23 20:15:46,441 - client_100 - INFO - [Client 2] Completed local epoch 2/16 | Final Loss: 1.7138 | Final Train Acc: 53.45%
2025-08-23 20:15:55,886 - client_100 - INFO - [Client 2] Completed local epoch 3/16 | Final Loss: 1.7333 | Final Train Acc: 51.53%
2025-08-23 20:16:03,784 - client_100 - INFO - [Client 2] Completed local epoch 4/16 | Final Loss: 1.7673 | Final Train Acc: 51.22%
2025-08-23 20:16:12,722 - client_100 - INFO - [Client 2] Completed local epoch 5/16 | Final Loss: 1.8478 | Final Train Acc: 48.95%
2025-08-23 20:16:21,928 - client_100 - INFO - [Client 2] Completed local epoch 6/16 | Final Loss: 1.8097 | Final Train Acc: 49.86%
2025-08-23 20:16:30,206 - client_100 - INFO - [Client 2] Completed local epoch 7/16 | Final Loss: 1.7770 | Final Train Acc: 50.47%
2025-08-23 20:16:39,232 - client_100 - INFO - [Client 2] Completed local epoch 8/16 | Final Loss: 1.7517 | Final Train Acc: 51.12%
2025-08-23 20:16:47,892 - client_100 - INFO - [Client 2] Completed local epoch 9/16 | Final Loss: 1.7445 | Final Train Acc: 51.16%
2025-08-23 20:16:56,591 - client_100 - INFO - [Client 2] Completed local epoch 10/16 | Final Loss: 1.7147 | Final Train Acc: 51.36%
2025-08-23 20:17:05,801 - client_100 - INFO - [Client 2] Completed local epoch 11/16 | Final Loss: 1.6857 | Final Train Acc: 52.27%
2025-08-23 20:17:13,780 - client_100 - INFO - [Client 2] Completed local epoch 12/16 | Final Loss: 1.6439 | Final Train Acc: 53.62%
2025-08-23 20:17:22,814 - client_100 - INFO - [Client 2] Completed local epoch 13/16 | Final Loss: 1.6134 | Final Train Acc: 54.10%
2025-08-23 20:17:32,144 - client_100 - INFO - [Client 2] Completed local epoch 14/16 | Final Loss: 1.6179 | Final Train Acc: 53.98%
2025-08-23 20:17:40,167 - client_100 - INFO - [Client 2] Completed local epoch 15/16 | Final Loss: 1.5587 | Final Train Acc: 55.42%
2025-08-23 20:17:49,074 - client_100 - INFO - [Client 2] Completed local epoch 16/16 | Final Loss: 1.5323 | Final Train Acc: 56.68%
2025-08-23 20:17:58,526 - client_100 - INFO - [Client 3] Completed local epoch 1/16 | Final Loss: 1.7312 | Final Train Acc: 52.42%
2025-08-23 20:18:06,495 - client_100 - INFO - [Client 3] Completed local epoch 2/16 | Final Loss: 1.7291 | Final Train Acc: 51.89%
2025-08-23 20:18:15,248 - client_100 - INFO - [Client 3] Completed local epoch 3/16 | Final Loss: 1.7241 | Final Train Acc: 52.69%
2025-08-23 20:18:24,096 - client_100 - INFO - [Client 3] Completed local epoch 4/16 | Final Loss: 1.7638 | Final Train Acc: 51.37%
2025-08-23 20:18:32,457 - client_100 - INFO - [Client 3] Completed local epoch 5/16 | Final Loss: 1.8500 | Final Train Acc: 48.56%
2025-08-23 20:18:41,450 - client_100 - INFO - [Client 3] Completed local epoch 6/16 | Final Loss: 1.8278 | Final Train Acc: 49.21%
2025-08-23 20:18:49,298 - client_100 - INFO - [Client 3] Completed local epoch 7/16 | Final Loss: 1.7981 | Final Train Acc: 50.17%
2025-08-23 20:18:58,269 - client_100 - INFO - [Client 3] Completed local epoch 8/16 | Final Loss: 1.7289 | Final Train Acc: 51.43%
2025-08-23 20:19:07,465 - client_100 - INFO - [Client 3] Completed local epoch 9/16 | Final Loss: 1.6965 | Final Train Acc: 52.29%
2025-08-23 20:19:15,268 - client_100 - INFO - [Client 3] Completed local epoch 10/16 | Final Loss: 1.6863 | Final Train Acc: 52.91%
2025-08-23 20:19:24,220 - client_100 - INFO - [Client 3] Completed local epoch 11/16 | Final Loss: 1.7055 | Final Train Acc: 52.09%
2025-08-23 20:19:33,587 - client_100 - INFO - [Client 3] Completed local epoch 12/16 | Final Loss: 1.6599 | Final Train Acc: 53.43%
2025-08-23 20:19:41,523 - client_100 - INFO - [Client 3] Completed local epoch 13/16 | Final Loss: 1.6158 | Final Train Acc: 54.23%
2025-08-23 20:19:50,411 - client_100 - INFO - [Client 3] Completed local epoch 14/16 | Final Loss: 1.5756 | Final Train Acc: 55.44%
2025-08-23 20:19:59,399 - client_100 - INFO - [Client 3] Completed local epoch 15/16 | Final Loss: 1.5860 | Final Train Acc: 55.35%
2025-08-23 20:20:07,874 - client_100 - INFO - [Client 3] Completed local epoch 16/16 | Final Loss: 1.6076 | Final Train Acc: 55.02%
2025-08-23 20:20:13,093 - client_100 - INFO - --- Round 6/9 (tau = 16) ---
2025-08-23 20:20:17,094 - client_100 - INFO - [Client 0] Completed local epoch 1/16 | Final Loss: 1.6410 | Final Train Acc: 54.77%
2025-08-23 20:20:25,419 - client_100 - INFO - [Client 0] Completed local epoch 2/16 | Final Loss: 1.6135 | Final Train Acc: 54.89%
2025-08-23 20:20:34,338 - client_100 - INFO - [Client 0] Completed local epoch 3/16 | Final Loss: 1.6170 | Final Train Acc: 54.65%
2025-08-23 20:20:43,788 - client_100 - INFO - [Client 0] Completed local epoch 4/16 | Final Loss: 1.6636 | Final Train Acc: 53.53%
2025-08-23 20:20:51,781 - client_100 - INFO - [Client 0] Completed local epoch 5/16 | Final Loss: 1.7438 | Final Train Acc: 51.50%
2025-08-23 20:21:01,003 - client_100 - INFO - [Client 0] Completed local epoch 6/16 | Final Loss: 1.7240 | Final Train Acc: 52.07%
2025-08-23 20:21:10,439 - client_100 - INFO - [Client 0] Completed local epoch 7/16 | Final Loss: 1.7030 | Final Train Acc: 52.10%
2025-08-23 20:21:18,471 - client_100 - INFO - [Client 0] Completed local epoch 8/16 | Final Loss: 1.6867 | Final Train Acc: 53.30%
2025-08-23 20:21:27,360 - client_100 - INFO - [Client 0] Completed local epoch 9/16 | Final Loss: 1.6505 | Final Train Acc: 53.28%
2025-08-23 20:21:36,663 - client_100 - INFO - [Client 0] Completed local epoch 10/16 | Final Loss: 1.5747 | Final Train Acc: 55.87%
2025-08-23 20:21:44,473 - client_100 - INFO - [Client 0] Completed local epoch 11/16 | Final Loss: 1.5885 | Final Train Acc: 55.00%
2025-08-23 20:21:53,114 - client_100 - INFO - [Client 0] Completed local epoch 12/16 | Final Loss: 1.5320 | Final Train Acc: 55.98%
2025-08-23 20:22:01,758 - client_100 - INFO - [Client 0] Completed local epoch 13/16 | Final Loss: 1.5524 | Final Train Acc: 55.26%
2025-08-23 20:22:10,515 - client_100 - INFO - [Client 0] Completed local epoch 14/16 | Final Loss: 1.5126 | Final Train Acc: 56.77%
2025-08-23 20:22:19,275 - client_100 - INFO - [Client 0] Completed local epoch 15/16 | Final Loss: 1.4721 | Final Train Acc: 58.08%
2025-08-23 20:22:27,052 - client_100 - INFO - [Client 0] Completed local epoch 16/16 | Final Loss: 1.4490 | Final Train Acc: 58.07%
2025-08-23 20:22:35,827 - client_100 - INFO - [Client 1] Completed local epoch 1/16 | Final Loss: 1.6610 | Final Train Acc: 53.82%
2025-08-23 20:22:45,158 - client_100 - INFO - [Client 1] Completed local epoch 2/16 | Final Loss: 1.6380 | Final Train Acc: 54.65%
2025-08-23 20:22:52,897 - client_100 - INFO - [Client 1] Completed local epoch 3/16 | Final Loss: 1.6607 | Final Train Acc: 53.70%
2025-08-23 20:23:01,697 - client_100 - INFO - [Client 1] Completed local epoch 4/16 | Final Loss: 1.6727 | Final Train Acc: 53.31%
2025-08-23 20:23:10,741 - client_100 - INFO - [Client 1] Completed local epoch 5/16 | Final Loss: 1.7192 | Final Train Acc: 51.34%
2025-08-23 20:23:19,020 - client_100 - INFO - [Client 1] Completed local epoch 6/16 | Final Loss: 1.7614 | Final Train Acc: 51.13%
2025-08-23 20:23:27,993 - client_100 - INFO - [Client 1] Completed local epoch 7/16 | Final Loss: 1.6937 | Final Train Acc: 52.72%
2025-08-23 20:23:36,131 - client_100 - INFO - [Client 1] Completed local epoch 8/16 | Final Loss: 1.6794 | Final Train Acc: 52.60%
2025-08-23 20:23:45,024 - client_100 - INFO - [Client 1] Completed local epoch 9/16 | Final Loss: 1.6349 | Final Train Acc: 53.71%
2025-08-23 20:23:54,196 - client_100 - INFO - [Client 1] Completed local epoch 10/16 | Final Loss: 1.6453 | Final Train Acc: 53.57%
2025-08-23 20:24:02,167 - client_100 - INFO - [Client 1] Completed local epoch 11/16 | Final Loss: 1.6130 | Final Train Acc: 53.87%
2025-08-23 20:24:11,130 - client_100 - INFO - [Client 1] Completed local epoch 12/16 | Final Loss: 1.5935 | Final Train Acc: 54.94%
2025-08-23 20:24:20,567 - client_100 - INFO - [Client 1] Completed local epoch 13/16 | Final Loss: 1.5452 | Final Train Acc: 55.99%
2025-08-23 20:24:28,572 - client_100 - INFO - [Client 1] Completed local epoch 14/16 | Final Loss: 1.5384 | Final Train Acc: 55.97%
2025-08-23 20:24:37,498 - client_100 - INFO - [Client 1] Completed local epoch 15/16 | Final Loss: 1.5226 | Final Train Acc: 55.69%
2025-08-23 20:24:46,894 - client_100 - INFO - [Client 1] Completed local epoch 16/16 | Final Loss: 1.4752 | Final Train Acc: 57.31%
2025-08-23 20:24:55,002 - client_100 - INFO - [Client 2] Completed local epoch 1/16 | Final Loss: 1.6210 | Final Train Acc: 55.05%
2025-08-23 20:25:04,232 - client_100 - INFO - [Client 2] Completed local epoch 2/16 | Final Loss: 1.6023 | Final Train Acc: 55.14%
2025-08-23 20:25:13,351 - client_100 - INFO - [Client 2] Completed local epoch 3/16 | Final Loss: 1.6244 | Final Train Acc: 54.34%
2025-08-23 20:25:21,969 - client_100 - INFO - [Client 2] Completed local epoch 4/16 | Final Loss: 1.6524 | Final Train Acc: 53.73%
2025-08-23 20:25:31,422 - client_100 - INFO - [Client 2] Completed local epoch 5/16 | Final Loss: 1.7191 | Final Train Acc: 51.81%
2025-08-23 20:25:40,599 - client_100 - INFO - [Client 2] Completed local epoch 6/16 | Final Loss: 1.7217 | Final Train Acc: 51.40%
2025-08-23 20:25:49,325 - client_100 - INFO - [Client 2] Completed local epoch 7/16 | Final Loss: 1.6768 | Final Train Acc: 52.56%
2025-08-23 20:25:58,511 - client_100 - INFO - [Client 2] Completed local epoch 8/16 | Final Loss: 1.6379 | Final Train Acc: 54.04%
2025-08-23 20:26:06,981 - client_100 - INFO - [Client 2] Completed local epoch 9/16 | Final Loss: 1.6322 | Final Train Acc: 53.89%
2025-08-23 20:26:16,136 - client_100 - INFO - [Client 2] Completed local epoch 10/16 | Final Loss: 1.6025 | Final Train Acc: 54.77%
2025-08-23 20:26:25,655 - client_100 - INFO - [Client 2] Completed local epoch 11/16 | Final Loss: 1.5549 | Final Train Acc: 55.90%
2025-08-23 20:26:34,066 - client_100 - INFO - [Client 2] Completed local epoch 12/16 | Final Loss: 1.5531 | Final Train Acc: 55.72%
2025-08-23 20:26:43,393 - client_100 - INFO - [Client 2] Completed local epoch 13/16 | Final Loss: 1.5134 | Final Train Acc: 57.07%
2025-08-23 20:26:52,772 - client_100 - INFO - [Client 2] Completed local epoch 14/16 | Final Loss: 1.5419 | Final Train Acc: 55.52%
2025-08-23 20:27:00,801 - client_100 - INFO - [Client 2] Completed local epoch 15/16 | Final Loss: 1.4942 | Final Train Acc: 57.47%
2025-08-23 20:27:10,019 - client_100 - INFO - [Client 2] Completed local epoch 16/16 | Final Loss: 1.4624 | Final Train Acc: 57.81%
2025-08-23 20:27:19,585 - client_100 - INFO - [Client 3] Completed local epoch 1/16 | Final Loss: 1.6388 | Final Train Acc: 55.11%
2025-08-23 20:27:27,650 - client_100 - INFO - [Client 3] Completed local epoch 2/16 | Final Loss: 1.6032 | Final Train Acc: 55.44%
2025-08-23 20:27:36,692 - client_100 - INFO - [Client 3] Completed local epoch 3/16 | Final Loss: 1.6230 | Final Train Acc: 54.78%
2025-08-23 20:27:46,210 - client_100 - INFO - [Client 3] Completed local epoch 4/16 | Final Loss: 1.6594 | Final Train Acc: 53.21%
2025-08-23 20:27:54,246 - client_100 - INFO - [Client 3] Completed local epoch 5/16 | Final Loss: 1.7239 | Final Train Acc: 52.24%
2025-08-23 20:28:03,292 - client_100 - INFO - [Client 3] Completed local epoch 6/16 | Final Loss: 1.7399 | Final Train Acc: 50.94%
2025-08-23 20:28:12,362 - client_100 - INFO - [Client 3] Completed local epoch 7/16 | Final Loss: 1.7150 | Final Train Acc: 51.87%
2025-08-23 20:28:20,947 - client_100 - INFO - [Client 3] Completed local epoch 8/16 | Final Loss: 1.6595 | Final Train Acc: 53.58%
2025-08-23 20:28:30,080 - client_100 - INFO - [Client 3] Completed local epoch 9/16 | Final Loss: 1.6119 | Final Train Acc: 53.69%
2025-08-23 20:28:38,693 - client_100 - INFO - [Client 3] Completed local epoch 10/16 | Final Loss: 1.5987 | Final Train Acc: 55.01%
2025-08-23 20:28:47,725 - client_100 - INFO - [Client 3] Completed local epoch 11/16 | Final Loss: 1.5773 | Final Train Acc: 55.11%
2025-08-23 20:28:56,970 - client_100 - INFO - [Client 3] Completed local epoch 12/16 | Final Loss: 1.5647 | Final Train Acc: 55.38%
2025-08-23 20:29:05,342 - client_100 - INFO - [Client 3] Completed local epoch 13/16 | Final Loss: 1.5253 | Final Train Acc: 56.44%
2025-08-23 20:29:14,312 - client_100 - INFO - [Client 3] Completed local epoch 14/16 | Final Loss: 1.5080 | Final Train Acc: 56.92%
2025-08-23 20:29:23,825 - client_100 - INFO - [Client 3] Completed local epoch 15/16 | Final Loss: 1.4655 | Final Train Acc: 57.53%
2025-08-23 20:29:31,892 - client_100 - INFO - [Client 3] Completed local epoch 16/16 | Final Loss: 1.5076 | Final Train Acc: 56.17%
2025-08-23 20:29:37,579 - client_100 - INFO - --- Round 7/9 (tau = 16) ---
2025-08-23 20:29:41,115 - client_100 - INFO - [Client 0] Completed local epoch 1/16 | Final Loss: 1.5637 | Final Train Acc: 56.21%
2025-08-23 20:29:50,655 - client_100 - INFO - [Client 0] Completed local epoch 2/16 | Final Loss: 1.5318 | Final Train Acc: 57.15%
2025-08-23 20:29:58,711 - client_100 - INFO - [Client 0] Completed local epoch 3/16 | Final Loss: 1.5371 | Final Train Acc: 57.45%
2025-08-23 20:30:07,668 - client_100 - INFO - [Client 0] Completed local epoch 4/16 | Final Loss: 1.5650 | Final Train Acc: 55.90%
2025-08-23 20:30:17,387 - client_100 - INFO - [Client 0] Completed local epoch 5/16 | Final Loss: 1.6649 | Final Train Acc: 53.16%
2025-08-23 20:30:25,413 - client_100 - INFO - [Client 0] Completed local epoch 6/16 | Final Loss: 1.6232 | Final Train Acc: 54.27%
2025-08-23 20:30:34,439 - client_100 - INFO - [Client 0] Completed local epoch 7/16 | Final Loss: 1.6226 | Final Train Acc: 54.31%
2025-08-23 20:30:43,712 - client_100 - INFO - [Client 0] Completed local epoch 8/16 | Final Loss: 1.5655 | Final Train Acc: 55.23%
2025-08-23 20:30:51,986 - client_100 - INFO - [Client 0] Completed local epoch 9/16 | Final Loss: 1.5253 | Final Train Acc: 56.50%
2025-08-23 20:31:01,030 - client_100 - INFO - [Client 0] Completed local epoch 10/16 | Final Loss: 1.5548 | Final Train Acc: 56.16%
2025-08-23 20:31:09,734 - client_100 - INFO - [Client 0] Completed local epoch 11/16 | Final Loss: 1.5154 | Final Train Acc: 57.37%
2025-08-23 20:31:18,547 - client_100 - INFO - [Client 0] Completed local epoch 12/16 | Final Loss: 1.4675 | Final Train Acc: 57.50%
2025-08-23 20:31:27,711 - client_100 - INFO - [Client 0] Completed local epoch 13/16 | Final Loss: 1.4960 | Final Train Acc: 57.38%
2025-08-23 20:31:35,842 - client_100 - INFO - [Client 0] Completed local epoch 14/16 | Final Loss: 1.4467 | Final Train Acc: 58.65%
2025-08-23 20:31:44,728 - client_100 - INFO - [Client 0] Completed local epoch 15/16 | Final Loss: 1.4308 | Final Train Acc: 58.38%
2025-08-23 20:31:54,020 - client_100 - INFO - [Client 0] Completed local epoch 16/16 | Final Loss: 1.4156 | Final Train Acc: 59.55%
2025-08-23 20:32:02,205 - client_100 - INFO - [Client 1] Completed local epoch 1/16 | Final Loss: 1.5872 | Final Train Acc: 56.36%
2025-08-23 20:32:11,147 - client_100 - INFO - [Client 1] Completed local epoch 2/16 | Final Loss: 1.5497 | Final Train Acc: 56.55%
2025-08-23 20:32:20,697 - client_100 - INFO - [Client 1] Completed local epoch 3/16 | Final Loss: 1.5683 | Final Train Acc: 55.53%
2025-08-23 20:32:28,599 - client_100 - INFO - [Client 1] Completed local epoch 4/16 | Final Loss: 1.6120 | Final Train Acc: 54.53%
2025-08-23 20:32:37,479 - client_100 - INFO - [Client 1] Completed local epoch 5/16 | Final Loss: 1.6812 | Final Train Acc: 52.83%
2025-08-23 20:32:46,370 - client_100 - INFO - [Client 1] Completed local epoch 6/16 | Final Loss: 1.6576 | Final Train Acc: 52.39%
2025-08-23 20:32:54,751 - client_100 - INFO - [Client 1] Completed local epoch 7/16 | Final Loss: 1.6720 | Final Train Acc: 53.62%
2025-08-23 20:33:03,871 - client_100 - INFO - [Client 1] Completed local epoch 8/16 | Final Loss: 1.5817 | Final Train Acc: 55.31%
2025-08-23 20:33:12,394 - client_100 - INFO - [Client 1] Completed local epoch 9/16 | Final Loss: 1.5654 | Final Train Acc: 55.75%
2025-08-23 20:33:21,437 - client_100 - INFO - [Client 1] Completed local epoch 10/16 | Final Loss: 1.5326 | Final Train Acc: 56.48%
2025-08-23 20:33:30,622 - client_100 - INFO - [Client 1] Completed local epoch 11/16 | Final Loss: 1.5288 | Final Train Acc: 56.34%
2025-08-23 20:33:38,587 - client_100 - INFO - [Client 1] Completed local epoch 12/16 | Final Loss: 1.5128 | Final Train Acc: 56.58%
2025-08-23 20:33:47,637 - client_100 - INFO - [Client 1] Completed local epoch 13/16 | Final Loss: 1.5036 | Final Train Acc: 57.17%
2025-08-23 20:33:57,132 - client_100 - INFO - [Client 1] Completed local epoch 14/16 | Final Loss: 1.4537 | Final Train Acc: 57.92%
2025-08-23 20:34:05,182 - client_100 - INFO - [Client 1] Completed local epoch 15/16 | Final Loss: 1.4931 | Final Train Acc: 57.60%
2025-08-23 20:34:14,141 - client_100 - INFO - [Client 1] Completed local epoch 16/16 | Final Loss: 1.4289 | Final Train Acc: 59.01%
2025-08-23 20:34:23,745 - client_100 - INFO - [Client 2] Completed local epoch 1/16 | Final Loss: 1.5575 | Final Train Acc: 56.52%
2025-08-23 20:34:31,833 - client_100 - INFO - [Client 2] Completed local epoch 2/16 | Final Loss: 1.5270 | Final Train Acc: 56.74%
2025-08-23 20:34:40,741 - client_100 - INFO - [Client 2] Completed local epoch 3/16 | Final Loss: 1.5458 | Final Train Acc: 56.27%
2025-08-23 20:34:50,055 - client_100 - INFO - [Client 2] Completed local epoch 4/16 | Final Loss: 1.5796 | Final Train Acc: 55.26%
2025-08-23 20:34:58,391 - client_100 - INFO - [Client 2] Completed local epoch 5/16 | Final Loss: 1.6314 | Final Train Acc: 54.37%
2025-08-23 20:35:07,242 - client_100 - INFO - [Client 2] Completed local epoch 6/16 | Final Loss: 1.6426 | Final Train Acc: 53.86%
2025-08-23 20:35:15,760 - client_100 - INFO - [Client 2] Completed local epoch 7/16 | Final Loss: 1.6277 | Final Train Acc: 53.78%
2025-08-23 20:35:24,546 - client_100 - INFO - [Client 2] Completed local epoch 8/16 | Final Loss: 1.5780 | Final Train Acc: 55.07%
2025-08-23 20:35:33,700 - client_100 - INFO - [Client 2] Completed local epoch 9/16 | Final Loss: 1.5425 | Final Train Acc: 56.31%
2025-08-23 20:35:41,831 - client_100 - INFO - [Client 2] Completed local epoch 10/16 | Final Loss: 1.5323 | Final Train Acc: 55.92%
2025-08-23 20:35:50,866 - client_100 - INFO - [Client 2] Completed local epoch 11/16 | Final Loss: 1.5273 | Final Train Acc: 56.32%
2025-08-23 20:36:00,166 - client_100 - INFO - [Client 2] Completed local epoch 12/16 | Final Loss: 1.4606 | Final Train Acc: 58.59%
2025-08-23 20:36:08,143 - client_100 - INFO - [Client 2] Completed local epoch 13/16 | Final Loss: 1.4422 | Final Train Acc: 58.70%
2025-08-23 20:36:17,168 - client_100 - INFO - [Client 2] Completed local epoch 14/16 | Final Loss: 1.4801 | Final Train Acc: 56.95%
2025-08-23 20:36:26,638 - client_100 - INFO - [Client 2] Completed local epoch 15/16 | Final Loss: 1.4233 | Final Train Acc: 58.66%
2025-08-23 20:36:34,528 - client_100 - INFO - [Client 2] Completed local epoch 16/16 | Final Loss: 1.4038 | Final Train Acc: 59.97%
2025-08-23 20:36:43,353 - client_100 - INFO - [Client 3] Completed local epoch 1/16 | Final Loss: 1.5594 | Final Train Acc: 56.44%
2025-08-23 20:36:52,232 - client_100 - INFO - [Client 3] Completed local epoch 2/16 | Final Loss: 1.5319 | Final Train Acc: 57.35%
2025-08-23 20:37:00,764 - client_100 - INFO - [Client 3] Completed local epoch 3/16 | Final Loss: 1.5451 | Final Train Acc: 56.80%
2025-08-23 20:37:09,815 - client_100 - INFO - [Client 3] Completed local epoch 4/16 | Final Loss: 1.5585 | Final Train Acc: 56.58%
2025-08-23 20:37:18,271 - client_100 - INFO - [Client 3] Completed local epoch 5/16 | Final Loss: 1.6694 | Final Train Acc: 52.60%
2025-08-23 20:37:27,239 - client_100 - INFO - [Client 3] Completed local epoch 6/16 | Final Loss: 1.6220 | Final Train Acc: 54.33%
2025-08-23 20:37:36,592 - client_100 - INFO - [Client 3] Completed local epoch 7/16 | Final Loss: 1.6217 | Final Train Acc: 54.26%
2025-08-23 20:37:44,735 - client_100 - INFO - [Client 3] Completed local epoch 8/16 | Final Loss: 1.5681 | Final Train Acc: 55.08%
2025-08-23 20:37:54,016 - client_100 - INFO - [Client 3] Completed local epoch 9/16 | Final Loss: 1.5853 | Final Train Acc: 54.69%
2025-08-23 20:38:03,374 - client_100 - INFO - [Client 3] Completed local epoch 10/16 | Final Loss: 1.5125 | Final Train Acc: 57.24%
2025-08-23 20:38:11,367 - client_100 - INFO - [Client 3] Completed local epoch 11/16 | Final Loss: 1.5204 | Final Train Acc: 56.20%
2025-08-23 20:38:20,476 - client_100 - INFO - [Client 3] Completed local epoch 12/16 | Final Loss: 1.4919 | Final Train Acc: 57.49%
2025-08-23 20:38:30,130 - client_100 - INFO - [Client 3] Completed local epoch 13/16 | Final Loss: 1.4596 | Final Train Acc: 58.52%
2025-08-23 20:38:38,344 - client_100 - INFO - [Client 3] Completed local epoch 14/16 | Final Loss: 1.4560 | Final Train Acc: 57.87%
2025-08-23 20:38:47,520 - client_100 - INFO - [Client 3] Completed local epoch 15/16 | Final Loss: 1.4278 | Final Train Acc: 58.64%
2025-08-23 20:38:57,472 - client_100 - INFO - [Client 3] Completed local epoch 16/16 | Final Loss: 1.3838 | Final Train Acc: 59.80%
2025-08-23 20:39:02,164 - client_100 - INFO - --- Round 8/9 (tau = 16) ---
2025-08-23 20:39:05,673 - client_100 - INFO - [Client 0] Completed local epoch 1/16 | Final Loss: 1.5090 | Final Train Acc: 58.17%
2025-08-23 20:39:15,032 - client_100 - INFO - [Client 0] Completed local epoch 2/16 | Final Loss: 1.4858 | Final Train Acc: 58.17%
2025-08-23 20:39:24,836 - client_100 - INFO - [Client 0] Completed local epoch 3/16 | Final Loss: 1.4792 | Final Train Acc: 58.21%
2025-08-23 20:39:32,978 - client_100 - INFO - [Client 0] Completed local epoch 4/16 | Final Loss: 1.5041 | Final Train Acc: 57.16%
2025-08-23 20:39:42,089 - client_100 - INFO - [Client 0] Completed local epoch 5/16 | Final Loss: 1.5867 | Final Train Acc: 54.92%
2025-08-23 20:39:51,517 - client_100 - INFO - [Client 0] Completed local epoch 6/16 | Final Loss: 1.5571 | Final Train Acc: 56.11%
2025-08-23 20:40:00,372 - client_100 - INFO - [Client 0] Completed local epoch 7/16 | Final Loss: 1.5466 | Final Train Acc: 55.41%
2025-08-23 20:40:09,552 - client_100 - INFO - [Client 0] Completed local epoch 8/16 | Final Loss: 1.5147 | Final Train Acc: 57.08%
2025-08-23 20:40:19,189 - client_100 - INFO - [Client 0] Completed local epoch 9/16 | Final Loss: 1.5117 | Final Train Acc: 57.01%
2025-08-23 20:40:27,910 - client_100 - INFO - [Client 0] Completed local epoch 10/16 | Final Loss: 1.4961 | Final Train Acc: 57.60%
2025-08-23 20:40:37,066 - client_100 - INFO - [Client 0] Completed local epoch 11/16 | Final Loss: 1.4728 | Final Train Acc: 57.59%
2025-08-23 20:40:46,534 - client_100 - INFO - [Client 0] Completed local epoch 12/16 | Final Loss: 1.4496 | Final Train Acc: 58.63%
2025-08-23 20:40:55,066 - client_100 - INFO - [Client 0] Completed local epoch 13/16 | Final Loss: 1.3787 | Final Train Acc: 60.00%
2025-08-23 20:41:04,232 - client_100 - INFO - [Client 0] Completed local epoch 14/16 | Final Loss: 1.3964 | Final Train Acc: 59.32%
2025-08-23 20:41:13,654 - client_100 - INFO - [Client 0] Completed local epoch 15/16 | Final Loss: 1.3709 | Final Train Acc: 60.15%
2025-08-23 20:41:22,438 - client_100 - INFO - [Client 0] Completed local epoch 16/16 | Final Loss: 1.3709 | Final Train Acc: 59.80%
2025-08-23 20:41:31,728 - client_100 - INFO - [Client 1] Completed local epoch 1/16 | Final Loss: 1.5227 | Final Train Acc: 57.63%
2025-08-23 20:41:41,050 - client_100 - INFO - [Client 1] Completed local epoch 2/16 | Final Loss: 1.4937 | Final Train Acc: 57.95%
2025-08-23 20:41:49,748 - client_100 - INFO - [Client 1] Completed local epoch 3/16 | Final Loss: 1.5077 | Final Train Acc: 57.32%
2025-08-23 20:41:59,135 - client_100 - INFO - [Client 1] Completed local epoch 4/16 | Final Loss: 1.5538 | Final Train Acc: 56.52%
2025-08-23 20:42:08,395 - client_100 - INFO - [Client 1] Completed local epoch 5/16 | Final Loss: 1.6413 | Final Train Acc: 54.31%
2025-08-23 20:42:17,185 - client_100 - INFO - [Client 1] Completed local epoch 6/16 | Final Loss: 1.5967 | Final Train Acc: 54.72%
2025-08-23 20:42:26,589 - client_100 - INFO - [Client 1] Completed local epoch 7/16 | Final Loss: 1.6101 | Final Train Acc: 54.50%
2025-08-23 20:42:36,030 - client_100 - INFO - [Client 1] Completed local epoch 8/16 | Final Loss: 1.5828 | Final Train Acc: 54.94%
2025-08-23 20:42:44,664 - client_100 - INFO - [Client 1] Completed local epoch 9/16 | Final Loss: 1.5226 | Final Train Acc: 56.51%
2025-08-23 20:42:53,924 - client_100 - INFO - [Client 1] Completed local epoch 10/16 | Final Loss: 1.5075 | Final Train Acc: 56.74%
2025-08-23 20:43:03,177 - client_100 - INFO - [Client 1] Completed local epoch 11/16 | Final Loss: 1.4572 | Final Train Acc: 58.04%
2025-08-23 20:43:11,963 - client_100 - INFO - [Client 1] Completed local epoch 12/16 | Final Loss: 1.4964 | Final Train Acc: 57.18%
2025-08-23 20:43:21,345 - client_100 - INFO - [Client 1] Completed local epoch 13/16 | Final Loss: 1.4461 | Final Train Acc: 58.94%
2025-08-23 20:43:30,479 - client_100 - INFO - [Client 1] Completed local epoch 14/16 | Final Loss: 1.4045 | Final Train Acc: 59.53%
2025-08-23 20:43:39,358 - client_100 - INFO - [Client 1] Completed local epoch 15/16 | Final Loss: 1.4059 | Final Train Acc: 59.35%
2025-08-23 20:43:48,714 - client_100 - INFO - [Client 1] Completed local epoch 16/16 | Final Loss: 1.3760 | Final Train Acc: 60.49%
2025-08-23 20:43:57,665 - client_100 - INFO - [Client 2] Completed local epoch 1/16 | Final Loss: 1.4832 | Final Train Acc: 58.23%
2025-08-23 20:44:06,792 - client_100 - INFO - [Client 2] Completed local epoch 2/16 | Final Loss: 1.4623 | Final Train Acc: 58.33%
2025-08-23 20:44:16,254 - client_100 - INFO - [Client 2] Completed local epoch 3/16 | Final Loss: 1.4684 | Final Train Acc: 57.95%
2025-08-23 20:44:24,868 - client_100 - INFO - [Client 2] Completed local epoch 4/16 | Final Loss: 1.5404 | Final Train Acc: 55.87%
2025-08-23 20:44:34,112 - client_100 - INFO - [Client 2] Completed local epoch 5/16 | Final Loss: 1.5643 | Final Train Acc: 55.22%
2025-08-23 20:44:43,670 - client_100 - INFO - [Client 2] Completed local epoch 6/16 | Final Loss: 1.5535 | Final Train Acc: 56.11%
2025-08-23 20:44:52,252 - client_100 - INFO - [Client 2] Completed local epoch 7/16 | Final Loss: 1.5869 | Final Train Acc: 54.73%
2025-08-23 20:45:01,741 - client_100 - INFO - [Client 2] Completed local epoch 8/16 | Final Loss: 1.5536 | Final Train Acc: 55.88%
2025-08-23 20:45:11,257 - client_100 - INFO - [Client 2] Completed local epoch 9/16 | Final Loss: 1.4864 | Final Train Acc: 57.98%
2025-08-23 20:45:19,983 - client_100 - INFO - [Client 2] Completed local epoch 10/16 | Final Loss: 1.4715 | Final Train Acc: 58.10%
2025-08-23 20:45:29,235 - client_100 - INFO - [Client 2] Completed local epoch 11/16 | Final Loss: 1.4456 | Final Train Acc: 57.78%
2025-08-23 20:45:38,765 - client_100 - INFO - [Client 2] Completed local epoch 12/16 | Final Loss: 1.4281 | Final Train Acc: 59.09%
2025-08-23 20:45:47,516 - client_100 - INFO - [Client 2] Completed local epoch 13/16 | Final Loss: 1.3856 | Final Train Acc: 60.03%
2025-08-23 20:45:56,714 - client_100 - INFO - [Client 2] Completed local epoch 14/16 | Final Loss: 1.3817 | Final Train Acc: 59.75%
2025-08-23 20:46:06,082 - client_100 - INFO - [Client 2] Completed local epoch 15/16 | Final Loss: 1.3638 | Final Train Acc: 60.32%
2025-08-23 20:46:14,583 - client_100 - INFO - [Client 2] Completed local epoch 16/16 | Final Loss: 1.3622 | Final Train Acc: 60.66%
2025-08-23 20:46:23,858 - client_100 - INFO - [Client 3] Completed local epoch 1/16 | Final Loss: 1.4854 | Final Train Acc: 58.54%
2025-08-23 20:46:33,300 - client_100 - INFO - [Client 3] Completed local epoch 2/16 | Final Loss: 1.4613 | Final Train Acc: 59.07%
2025-08-23 20:46:41,404 - client_100 - INFO - [Client 3] Completed local epoch 3/16 | Final Loss: 1.4639 | Final Train Acc: 58.25%
2025-08-23 20:46:50,733 - client_100 - INFO - [Client 3] Completed local epoch 4/16 | Final Loss: 1.5372 | Final Train Acc: 56.13%
2025-08-23 20:47:00,373 - client_100 - INFO - [Client 3] Completed local epoch 5/16 | Final Loss: 1.5808 | Final Train Acc: 55.45%
2025-08-23 20:47:08,608 - client_100 - INFO - [Client 3] Completed local epoch 6/16 | Final Loss: 1.5651 | Final Train Acc: 55.38%
2025-08-23 20:47:18,009 - client_100 - INFO - [Client 3] Completed local epoch 7/16 | Final Loss: 1.5519 | Final Train Acc: 55.31%
2025-08-23 20:47:27,636 - client_100 - INFO - [Client 3] Completed local epoch 8/16 | Final Loss: 1.5100 | Final Train Acc: 56.41%
2025-08-23 20:47:35,822 - client_100 - INFO - [Client 3] Completed local epoch 9/16 | Final Loss: 1.4870 | Final Train Acc: 57.25%
2025-08-23 20:47:44,942 - client_100 - INFO - [Client 3] Completed local epoch 10/16 | Final Loss: 1.4670 | Final Train Acc: 58.08%
2025-08-23 20:47:54,665 - client_100 - INFO - [Client 3] Completed local epoch 11/16 | Final Loss: 1.4611 | Final Train Acc: 58.06%
2025-08-23 20:48:03,096 - client_100 - INFO - [Client 3] Completed local epoch 12/16 | Final Loss: 1.4289 | Final Train Acc: 58.43%
2025-08-23 20:48:12,215 - client_100 - INFO - [Client 3] Completed local epoch 13/16 | Final Loss: 1.4127 | Final Train Acc: 59.20%
2025-08-23 20:48:21,835 - client_100 - INFO - [Client 3] Completed local epoch 14/16 | Final Loss: 1.3526 | Final Train Acc: 60.55%
2025-08-23 20:48:30,003 - client_100 - INFO - [Client 3] Completed local epoch 15/16 | Final Loss: 1.3753 | Final Train Acc: 60.30%
2025-08-23 20:48:39,117 - client_100 - INFO - [Client 3] Completed local epoch 16/16 | Final Loss: 1.3305 | Final Train Acc: 61.03%
2025-08-23 20:48:43,859 - client_100 - INFO - --- Round 9/9 (tau = 16) ---
2025-08-23 20:48:48,981 - client_100 - INFO - [Client 0] Completed local epoch 1/16 | Final Loss: 1.4576 | Final Train Acc: 59.05%
2025-08-23 20:48:57,194 - client_100 - INFO - [Client 0] Completed local epoch 2/16 | Final Loss: 1.4469 | Final Train Acc: 59.04%
2025-08-23 20:49:06,390 - client_100 - INFO - [Client 0] Completed local epoch 3/16 | Final Loss: 1.4403 | Final Train Acc: 59.44%
2025-08-23 20:49:16,001 - client_100 - INFO - [Client 0] Completed local epoch 4/16 | Final Loss: 1.4738 | Final Train Acc: 58.36%
2025-08-23 20:49:24,515 - client_100 - INFO - [Client 0] Completed local epoch 5/16 | Final Loss: 1.5541 | Final Train Acc: 55.51%
2025-08-23 20:49:33,694 - client_100 - INFO - [Client 0] Completed local epoch 6/16 | Final Loss: 1.5371 | Final Train Acc: 56.23%
2025-08-23 20:49:42,949 - client_100 - INFO - [Client 0] Completed local epoch 7/16 | Final Loss: 1.5262 | Final Train Acc: 56.57%
2025-08-23 20:49:51,577 - client_100 - INFO - [Client 0] Completed local epoch 8/16 | Final Loss: 1.4721 | Final Train Acc: 57.69%
2025-08-23 20:50:00,878 - client_100 - INFO - [Client 0] Completed local epoch 9/16 | Final Loss: 1.4429 | Final Train Acc: 58.80%
2025-08-23 20:50:10,282 - client_100 - INFO - [Client 0] Completed local epoch 10/16 | Final Loss: 1.4364 | Final Train Acc: 58.72%
2025-08-23 20:50:18,965 - client_100 - INFO - [Client 0] Completed local epoch 11/16 | Final Loss: 1.3872 | Final Train Acc: 59.71%
2025-08-23 20:50:28,224 - client_100 - INFO - [Client 0] Completed local epoch 12/16 | Final Loss: 1.3828 | Final Train Acc: 59.61%
2025-08-23 20:50:37,186 - client_100 - INFO - [Client 0] Completed local epoch 13/16 | Final Loss: 1.3821 | Final Train Acc: 59.92%
2025-08-23 20:50:46,102 - client_100 - INFO - [Client 0] Completed local epoch 14/16 | Final Loss: 1.3584 | Final Train Acc: 60.87%
2025-08-23 20:50:55,466 - client_100 - INFO - [Client 0] Completed local epoch 15/16 | Final Loss: 1.3528 | Final Train Acc: 61.11%
2025-08-23 20:51:04,254 - client_100 - INFO - [Client 0] Completed local epoch 16/16 | Final Loss: 1.3210 | Final Train Acc: 61.47%
2025-08-23 20:51:13,519 - client_100 - INFO - [Client 1] Completed local epoch 1/16 | Final Loss: 1.4800 | Final Train Acc: 58.17%
2025-08-23 20:51:22,953 - client_100 - INFO - [Client 1] Completed local epoch 2/16 | Final Loss: 1.4399 | Final Train Acc: 59.25%
2025-08-23 20:51:31,646 - client_100 - INFO - [Client 1] Completed local epoch 3/16 | Final Loss: 1.4464 | Final Train Acc: 58.92%
2025-08-23 20:51:40,719 - client_100 - INFO - [Client 1] Completed local epoch 4/16 | Final Loss: 1.4678 | Final Train Acc: 57.86%
2025-08-23 20:51:50,276 - client_100 - INFO - [Client 1] Completed local epoch 5/16 | Final Loss: 1.5508 | Final Train Acc: 55.64%
2025-08-23 20:51:58,566 - client_100 - INFO - [Client 1] Completed local epoch 6/16 | Final Loss: 1.5765 | Final Train Acc: 55.48%
2025-08-23 20:52:07,847 - client_100 - INFO - [Client 1] Completed local epoch 7/16 | Final Loss: 1.5164 | Final Train Acc: 56.15%
2025-08-23 20:52:17,352 - client_100 - INFO - [Client 1] Completed local epoch 8/16 | Final Loss: 1.5173 | Final Train Acc: 56.98%
2025-08-23 20:52:25,592 - client_100 - INFO - [Client 1] Completed local epoch 9/16 | Final Loss: 1.4687 | Final Train Acc: 57.75%
2025-08-23 20:52:34,739 - client_100 - INFO - [Client 1] Completed local epoch 10/16 | Final Loss: 1.4721 | Final Train Acc: 58.07%
2025-08-23 20:52:44,452 - client_100 - INFO - [Client 1] Completed local epoch 11/16 | Final Loss: 1.4309 | Final Train Acc: 58.75%
2025-08-23 20:52:52,674 - client_100 - INFO - [Client 1] Completed local epoch 12/16 | Final Loss: 1.4301 | Final Train Acc: 58.91%
2025-08-23 20:53:01,807 - client_100 - INFO - [Client 1] Completed local epoch 13/16 | Final Loss: 1.3855 | Final Train Acc: 60.01%
2025-08-23 20:53:11,538 - client_100 - INFO - [Client 1] Completed local epoch 14/16 | Final Loss: 1.3662 | Final Train Acc: 60.35%
2025-08-23 20:53:19,772 - client_100 - INFO - [Client 1] Completed local epoch 15/16 | Final Loss: 1.3462 | Final Train Acc: 60.96%
2025-08-23 20:53:28,879 - client_100 - INFO - [Client 1] Completed local epoch 16/16 | Final Loss: 1.3532 | Final Train Acc: 60.60%
2025-08-23 20:53:38,560 - client_100 - INFO - [Client 2] Completed local epoch 1/16 | Final Loss: 1.4449 | Final Train Acc: 59.71%
2025-08-23 20:53:46,720 - client_100 - INFO - [Client 2] Completed local epoch 2/16 | Final Loss: 1.4388 | Final Train Acc: 59.78%
2025-08-23 20:53:55,750 - client_100 - INFO - [Client 2] Completed local epoch 3/16 | Final Loss: 1.4233 | Final Train Acc: 59.58%
2025-08-23 20:54:05,097 - client_100 - INFO - [Client 2] Completed local epoch 4/16 | Final Loss: 1.5005 | Final Train Acc: 57.32%
2025-08-23 20:54:13,427 - client_100 - INFO - [Client 2] Completed local epoch 5/16 | Final Loss: 1.5647 | Final Train Acc: 56.05%
2025-08-23 20:54:22,414 - client_100 - INFO - [Client 2] Completed local epoch 6/16 | Final Loss: 1.5422 | Final Train Acc: 56.06%
2025-08-23 20:54:31,097 - client_100 - INFO - [Client 2] Completed local epoch 7/16 | Final Loss: 1.5103 | Final Train Acc: 56.55%
2025-08-23 20:54:39,890 - client_100 - INFO - [Client 2] Completed local epoch 8/16 | Final Loss: 1.4386 | Final Train Acc: 58.25%
2025-08-23 20:54:49,115 - client_100 - INFO - [Client 2] Completed local epoch 9/16 | Final Loss: 1.4720 | Final Train Acc: 57.42%
2025-08-23 20:54:57,385 - client_100 - INFO - [Client 2] Completed local epoch 10/16 | Final Loss: 1.4812 | Final Train Acc: 57.54%
2025-08-23 20:55:06,554 - client_100 - INFO - [Client 2] Completed local epoch 11/16 | Final Loss: 1.4173 | Final Train Acc: 59.79%
2025-08-23 20:55:15,970 - client_100 - INFO - [Client 2] Completed local epoch 12/16 | Final Loss: 1.4011 | Final Train Acc: 59.28%
2025-08-23 20:55:24,058 - client_100 - INFO - [Client 2] Completed local epoch 13/16 | Final Loss: 1.3396 | Final Train Acc: 61.23%
2025-08-23 20:55:33,302 - client_100 - INFO - [Client 2] Completed local epoch 14/16 | Final Loss: 1.3519 | Final Train Acc: 61.03%
2025-08-23 20:55:42,774 - client_100 - INFO - [Client 2] Completed local epoch 15/16 | Final Loss: 1.3193 | Final Train Acc: 61.67%
2025-08-23 20:55:50,954 - client_100 - INFO - [Client 2] Completed local epoch 16/16 | Final Loss: 1.2954 | Final Train Acc: 62.31%
2025-08-23 20:56:00,082 - client_100 - INFO - [Client 3] Completed local epoch 1/16 | Final Loss: 1.4419 | Final Train Acc: 59.61%
2025-08-23 20:56:09,839 - client_100 - INFO - [Client 3] Completed local epoch 2/16 | Final Loss: 1.4075 | Final Train Acc: 59.98%
2025-08-23 20:56:18,020 - client_100 - INFO - [Client 3] Completed local epoch 3/16 | Final Loss: 1.4324 | Final Train Acc: 59.83%
2025-08-23 20:56:27,117 - client_100 - INFO - [Client 3] Completed local epoch 4/16 | Final Loss: 1.4646 | Final Train Acc: 58.32%
2025-08-23 20:56:36,657 - client_100 - INFO - [Client 3] Completed local epoch 5/16 | Final Loss: 1.5399 | Final Train Acc: 55.70%
2025-08-23 20:56:44,753 - client_100 - INFO - [Client 3] Completed local epoch 6/16 | Final Loss: 1.5574 | Final Train Acc: 56.22%
2025-08-23 20:56:53,772 - client_100 - INFO - [Client 3] Completed local epoch 7/16 | Final Loss: 1.5164 | Final Train Acc: 57.04%
2025-08-23 20:57:02,812 - client_100 - INFO - [Client 3] Completed local epoch 8/16 | Final Loss: 1.4717 | Final Train Acc: 58.18%
2025-08-23 20:57:11,259 - client_100 - INFO - [Client 3] Completed local epoch 9/16 | Final Loss: 1.4974 | Final Train Acc: 56.91%
2025-08-23 20:57:20,488 - client_100 - INFO - [Client 3] Completed local epoch 10/16 | Final Loss: 1.4352 | Final Train Acc: 58.08%
2025-08-23 20:57:29,258 - client_100 - INFO - [Client 3] Completed local epoch 11/16 | Final Loss: 1.4049 | Final Train Acc: 59.27%
2025-08-23 20:57:37,931 - client_100 - INFO - [Client 3] Completed local epoch 12/16 | Final Loss: 1.4462 | Final Train Acc: 58.43%
2025-08-23 20:57:47,391 - client_100 - INFO - [Client 3] Completed local epoch 13/16 | Final Loss: 1.3716 | Final Train Acc: 60.18%
2025-08-23 20:57:55,796 - client_100 - INFO - [Client 3] Completed local epoch 14/16 | Final Loss: 1.3386 | Final Train Acc: 61.07%
2025-08-23 20:58:05,012 - client_100 - INFO - [Client 3] Completed local epoch 15/16 | Final Loss: 1.3413 | Final Train Acc: 61.49%
2025-08-23 20:58:14,328 - client_100 - INFO - [Client 3] Completed local epoch 16/16 | Final Loss: 1.3189 | Final Train Acc: 61.91%
2025-08-23 20:58:18,952 - client_100 - INFO - --- Final round (tau = 6) ---
