2025-08-24 08:36:02,611 - client_100 - INFO - Started training for Client 100
2025-08-24 08:36:02,612 - client_100 - INFO - Log file: logs/localSGD_lenet5_seq_cifar100_w4_20250824_083602_client100.log
2025-08-24 08:36:02,612 - client_100 - INFO - Simulating LocalSGD training with 4 clients (sequential execution)
2025-08-24 08:36:02,613 - client_100 - INFO - Device: cuda
2025-08-24 08:36:02,613 - client_100 - INFO - Config: batch_size=128, lr=0.05, epochs=150, tau=16
2025-08-24 08:36:14,837 - client_100 - INFO - [INFO] Total train set size: 40000
2025-08-24 08:36:15,024 - client_100 - INFO - --- Round 1/9 (tau = 16) ---
2025-08-24 08:36:20,510 - client_100 - INFO - [Client 0] Completed local epoch 1/16 | Final Loss: 4.4462 | Final Train Acc: 3.69%
2025-08-24 08:36:30,459 - client_100 - INFO - [Client 0] Completed local epoch 2/16 | Final Loss: 4.0548 | Final Train Acc: 7.73%
2025-08-24 08:36:39,645 - client_100 - INFO - [Client 0] Completed local epoch 3/16 | Final Loss: 3.8714 | Final Train Acc: 9.70%
2025-08-24 08:36:48,219 - client_100 - INFO - [Client 0] Completed local epoch 4/16 | Final Loss: 3.7739 | Final Train Acc: 11.10%
2025-08-24 08:36:57,337 - client_100 - INFO - [Client 0] Completed local epoch 5/16 | Final Loss: 3.7148 | Final Train Acc: 12.46%
2025-08-24 08:37:06,097 - client_100 - INFO - [Client 0] Completed local epoch 6/16 | Final Loss: 3.5868 | Final Train Acc: 14.67%
2025-08-24 08:37:14,779 - client_100 - INFO - [Client 0] Completed local epoch 7/16 | Final Loss: 3.4381 | Final Train Acc: 17.15%
2025-08-24 08:37:24,099 - client_100 - INFO - [Client 0] Completed local epoch 8/16 | Final Loss: 3.3242 | Final Train Acc: 18.43%
2025-08-24 08:37:32,308 - client_100 - INFO - [Client 0] Completed local epoch 9/16 | Final Loss: 3.2228 | Final Train Acc: 20.32%
2025-08-24 08:37:41,403 - client_100 - INFO - [Client 0] Completed local epoch 10/16 | Final Loss: 3.1103 | Final Train Acc: 22.54%
2025-08-24 08:37:50,875 - client_100 - INFO - [Client 0] Completed local epoch 11/16 | Final Loss: 3.0419 | Final Train Acc: 24.19%
2025-08-24 08:37:59,007 - client_100 - INFO - [Client 0] Completed local epoch 12/16 | Final Loss: 2.9567 | Final Train Acc: 25.91%
2025-08-24 08:38:08,084 - client_100 - INFO - [Client 0] Completed local epoch 13/16 | Final Loss: 2.8600 | Final Train Acc: 27.63%
2025-08-24 08:38:17,545 - client_100 - INFO - [Client 0] Completed local epoch 14/16 | Final Loss: 2.8351 | Final Train Acc: 27.88%
2025-08-24 08:38:25,571 - client_100 - INFO - [Client 0] Completed local epoch 15/16 | Final Loss: 2.7335 | Final Train Acc: 29.21%
2025-08-24 08:38:34,335 - client_100 - INFO - [Client 0] Completed local epoch 16/16 | Final Loss: 2.6765 | Final Train Acc: 30.92%
2025-08-24 08:38:43,835 - client_100 - INFO - [Client 1] Completed local epoch 1/16 | Final Loss: 4.4409 | Final Train Acc: 3.24%
2025-08-24 08:38:51,958 - client_100 - INFO - [Client 1] Completed local epoch 2/16 | Final Loss: 4.0462 | Final Train Acc: 7.72%
2025-08-24 08:39:01,034 - client_100 - INFO - [Client 1] Completed local epoch 3/16 | Final Loss: 3.8670 | Final Train Acc: 10.15%
2025-08-24 08:39:10,288 - client_100 - INFO - [Client 1] Completed local epoch 4/16 | Final Loss: 3.7707 | Final Train Acc: 11.03%
2025-08-24 08:39:18,754 - client_100 - INFO - [Client 1] Completed local epoch 5/16 | Final Loss: 3.7095 | Final Train Acc: 12.47%
2025-08-24 08:39:27,807 - client_100 - INFO - [Client 1] Completed local epoch 6/16 | Final Loss: 3.5855 | Final Train Acc: 14.19%
2025-08-24 08:39:36,699 - client_100 - INFO - [Client 1] Completed local epoch 7/16 | Final Loss: 3.4551 | Final Train Acc: 16.51%
2025-08-24 08:39:45,515 - client_100 - INFO - [Client 1] Completed local epoch 8/16 | Final Loss: 3.3367 | Final Train Acc: 18.37%
2025-08-24 08:39:54,787 - client_100 - INFO - [Client 1] Completed local epoch 9/16 | Final Loss: 3.2210 | Final Train Acc: 20.42%
2025-08-24 08:40:03,115 - client_100 - INFO - [Client 1] Completed local epoch 10/16 | Final Loss: 3.1288 | Final Train Acc: 21.76%
2025-08-24 08:40:12,134 - client_100 - INFO - [Client 1] Completed local epoch 11/16 | Final Loss: 3.0547 | Final Train Acc: 23.10%
2025-08-24 08:40:21,552 - client_100 - INFO - [Client 1] Completed local epoch 12/16 | Final Loss: 2.9723 | Final Train Acc: 25.09%
2025-08-24 08:40:29,683 - client_100 - INFO - [Client 1] Completed local epoch 13/16 | Final Loss: 2.9255 | Final Train Acc: 25.48%
2025-08-24 08:40:38,807 - client_100 - INFO - [Client 1] Completed local epoch 14/16 | Final Loss: 2.8464 | Final Train Acc: 27.59%
2025-08-24 08:40:48,391 - client_100 - INFO - [Client 1] Completed local epoch 15/16 | Final Loss: 2.7781 | Final Train Acc: 28.57%
2025-08-24 08:40:56,635 - client_100 - INFO - [Client 1] Completed local epoch 16/16 | Final Loss: 2.7355 | Final Train Acc: 29.04%
2025-08-24 08:41:05,582 - client_100 - INFO - [Client 2] Completed local epoch 1/16 | Final Loss: 4.4370 | Final Train Acc: 3.63%
2025-08-24 08:41:15,292 - client_100 - INFO - [Client 2] Completed local epoch 2/16 | Final Loss: 4.0463 | Final Train Acc: 7.69%
2025-08-24 08:41:23,444 - client_100 - INFO - [Client 2] Completed local epoch 3/16 | Final Loss: 3.8538 | Final Train Acc: 10.47%
2025-08-24 08:41:32,416 - client_100 - INFO - [Client 2] Completed local epoch 4/16 | Final Loss: 3.7533 | Final Train Acc: 11.84%
2025-08-24 08:41:41,685 - client_100 - INFO - [Client 2] Completed local epoch 5/16 | Final Loss: 3.7197 | Final Train Acc: 12.56%
2025-08-24 08:41:49,938 - client_100 - INFO - [Client 2] Completed local epoch 6/16 | Final Loss: 3.5812 | Final Train Acc: 14.84%
2025-08-24 08:41:59,183 - client_100 - INFO - [Client 2] Completed local epoch 7/16 | Final Loss: 3.4264 | Final Train Acc: 16.75%
2025-08-24 08:42:08,199 - client_100 - INFO - [Client 2] Completed local epoch 8/16 | Final Loss: 3.2834 | Final Train Acc: 19.00%
2025-08-24 08:42:16,682 - client_100 - INFO - [Client 2] Completed local epoch 9/16 | Final Loss: 3.1592 | Final Train Acc: 20.92%
2025-08-24 08:42:25,741 - client_100 - INFO - [Client 2] Completed local epoch 10/16 | Final Loss: 3.1075 | Final Train Acc: 22.32%
2025-08-24 08:42:34,065 - client_100 - INFO - [Client 2] Completed local epoch 11/16 | Final Loss: 2.9886 | Final Train Acc: 24.41%
2025-08-24 08:42:42,840 - client_100 - INFO - [Client 2] Completed local epoch 12/16 | Final Loss: 2.9249 | Final Train Acc: 25.88%
2025-08-24 08:42:51,944 - client_100 - INFO - [Client 2] Completed local epoch 13/16 | Final Loss: 2.8598 | Final Train Acc: 27.31%
2025-08-24 08:43:00,007 - client_100 - INFO - [Client 2] Completed local epoch 14/16 | Final Loss: 2.7718 | Final Train Acc: 28.69%
2025-08-24 08:43:09,052 - client_100 - INFO - [Client 2] Completed local epoch 15/16 | Final Loss: 2.7280 | Final Train Acc: 29.79%
2025-08-24 08:43:18,363 - client_100 - INFO - [Client 2] Completed local epoch 16/16 | Final Loss: 2.6865 | Final Train Acc: 30.63%
2025-08-24 08:43:26,391 - client_100 - INFO - [Client 3] Completed local epoch 1/16 | Final Loss: 4.4180 | Final Train Acc: 3.98%
2025-08-24 08:43:35,098 - client_100 - INFO - [Client 3] Completed local epoch 2/16 | Final Loss: 4.0303 | Final Train Acc: 7.78%
2025-08-24 08:43:44,456 - client_100 - INFO - [Client 3] Completed local epoch 3/16 | Final Loss: 3.8542 | Final Train Acc: 10.06%
2025-08-24 08:43:52,341 - client_100 - INFO - [Client 3] Completed local epoch 4/16 | Final Loss: 3.7369 | Final Train Acc: 11.84%
2025-08-24 08:44:01,150 - client_100 - INFO - [Client 3] Completed local epoch 5/16 | Final Loss: 3.7110 | Final Train Acc: 12.82%
2025-08-24 08:44:09,977 - client_100 - INFO - [Client 3] Completed local epoch 6/16 | Final Loss: 3.5604 | Final Train Acc: 15.39%
2025-08-24 08:44:18,366 - client_100 - INFO - [Client 3] Completed local epoch 7/16 | Final Loss: 3.4183 | Final Train Acc: 16.66%
2025-08-24 08:44:27,336 - client_100 - INFO - [Client 3] Completed local epoch 8/16 | Final Loss: 3.3143 | Final Train Acc: 18.95%
2025-08-24 08:44:35,552 - client_100 - INFO - [Client 3] Completed local epoch 9/16 | Final Loss: 3.1862 | Final Train Acc: 21.31%
2025-08-24 08:44:44,509 - client_100 - INFO - [Client 3] Completed local epoch 10/16 | Final Loss: 3.1156 | Final Train Acc: 23.03%
2025-08-24 08:44:53,788 - client_100 - INFO - [Client 3] Completed local epoch 11/16 | Final Loss: 3.0102 | Final Train Acc: 23.97%
2025-08-24 08:45:01,855 - client_100 - INFO - [Client 3] Completed local epoch 12/16 | Final Loss: 2.9415 | Final Train Acc: 25.43%
2025-08-24 08:45:10,989 - client_100 - INFO - [Client 3] Completed local epoch 13/16 | Final Loss: 2.8618 | Final Train Acc: 26.94%
2025-08-24 08:45:20,619 - client_100 - INFO - [Client 3] Completed local epoch 14/16 | Final Loss: 2.7960 | Final Train Acc: 28.63%
2025-08-24 08:45:28,948 - client_100 - INFO - [Client 3] Completed local epoch 15/16 | Final Loss: 2.7458 | Final Train Acc: 29.31%
2025-08-24 08:45:38,076 - client_100 - INFO - [Client 3] Completed local epoch 16/16 | Final Loss: 2.6669 | Final Train Acc: 31.19%
2025-08-24 08:45:42,892 - client_100 - INFO - --- Round 2/9 (tau = 16) ---
2025-08-24 08:45:47,709 - client_100 - INFO - [Client 0] Completed local epoch 1/16 | Final Loss: 3.0479 | Final Train Acc: 25.36%
2025-08-24 08:45:55,808 - client_100 - INFO - [Client 0] Completed local epoch 2/16 | Final Loss: 2.8381 | Final Train Acc: 27.55%
2025-08-24 08:46:04,757 - client_100 - INFO - [Client 0] Completed local epoch 3/16 | Final Loss: 2.8125 | Final Train Acc: 28.48%
2025-08-24 08:46:14,292 - client_100 - INFO - [Client 0] Completed local epoch 4/16 | Final Loss: 2.7677 | Final Train Acc: 28.93%
2025-08-24 08:46:22,436 - client_100 - INFO - [Client 0] Completed local epoch 5/16 | Final Loss: 2.7895 | Final Train Acc: 28.68%
2025-08-24 08:46:31,527 - client_100 - INFO - [Client 0] Completed local epoch 6/16 | Final Loss: 2.6794 | Final Train Acc: 30.93%
2025-08-24 08:46:40,974 - client_100 - INFO - [Client 0] Completed local epoch 7/16 | Final Loss: 2.6269 | Final Train Acc: 31.95%
2025-08-24 08:46:49,242 - client_100 - INFO - [Client 0] Completed local epoch 8/16 | Final Loss: 2.5230 | Final Train Acc: 33.96%
2025-08-24 08:46:58,351 - client_100 - INFO - [Client 0] Completed local epoch 9/16 | Final Loss: 2.4939 | Final Train Acc: 35.29%
2025-08-24 08:47:07,366 - client_100 - INFO - [Client 0] Completed local epoch 10/16 | Final Loss: 2.3975 | Final Train Acc: 36.51%
2025-08-24 08:47:15,951 - client_100 - INFO - [Client 0] Completed local epoch 11/16 | Final Loss: 2.3544 | Final Train Acc: 37.91%
2025-08-24 08:47:25,237 - client_100 - INFO - [Client 0] Completed local epoch 12/16 | Final Loss: 2.2894 | Final Train Acc: 38.72%
2025-08-24 08:47:33,732 - client_100 - INFO - [Client 0] Completed local epoch 13/16 | Final Loss: 2.2724 | Final Train Acc: 39.61%
2025-08-24 08:47:42,883 - client_100 - INFO - [Client 0] Completed local epoch 14/16 | Final Loss: 2.2262 | Final Train Acc: 40.69%
2025-08-24 08:47:52,044 - client_100 - INFO - [Client 0] Completed local epoch 15/16 | Final Loss: 2.1472 | Final Train Acc: 42.69%
2025-08-24 08:48:00,161 - client_100 - INFO - [Client 0] Completed local epoch 16/16 | Final Loss: 2.1222 | Final Train Acc: 42.25%
2025-08-24 08:48:09,394 - client_100 - INFO - [Client 1] Completed local epoch 1/16 | Final Loss: 3.0677 | Final Train Acc: 24.32%
2025-08-24 08:48:18,798 - client_100 - INFO - [Client 1] Completed local epoch 2/16 | Final Loss: 2.8544 | Final Train Acc: 27.74%
2025-08-24 08:48:26,888 - client_100 - INFO - [Client 1] Completed local epoch 3/16 | Final Loss: 2.7954 | Final Train Acc: 28.46%
2025-08-24 08:48:35,976 - client_100 - INFO - [Client 1] Completed local epoch 4/16 | Final Loss: 2.8246 | Final Train Acc: 27.75%
2025-08-24 08:48:45,571 - client_100 - INFO - [Client 1] Completed local epoch 5/16 | Final Loss: 2.7988 | Final Train Acc: 28.19%
2025-08-24 08:48:53,726 - client_100 - INFO - [Client 1] Completed local epoch 6/16 | Final Loss: 2.7226 | Final Train Acc: 29.78%
2025-08-24 08:49:02,932 - client_100 - INFO - [Client 1] Completed local epoch 7/16 | Final Loss: 2.6486 | Final Train Acc: 30.55%
2025-08-24 08:49:12,458 - client_100 - INFO - [Client 1] Completed local epoch 8/16 | Final Loss: 2.5881 | Final Train Acc: 32.46%
2025-08-24 08:49:20,517 - client_100 - INFO - [Client 1] Completed local epoch 9/16 | Final Loss: 2.5183 | Final Train Acc: 34.22%
2025-08-24 08:49:29,671 - client_100 - INFO - [Client 1] Completed local epoch 10/16 | Final Loss: 2.4777 | Final Train Acc: 34.81%
2025-08-24 08:49:38,944 - client_100 - INFO - [Client 1] Completed local epoch 11/16 | Final Loss: 2.3871 | Final Train Acc: 36.53%
2025-08-24 08:49:47,478 - client_100 - INFO - [Client 1] Completed local epoch 12/16 | Final Loss: 2.3411 | Final Train Acc: 37.61%
2025-08-24 08:49:56,710 - client_100 - INFO - [Client 1] Completed local epoch 13/16 | Final Loss: 2.2958 | Final Train Acc: 38.64%
2025-08-24 08:50:05,937 - client_100 - INFO - [Client 1] Completed local epoch 14/16 | Final Loss: 2.2526 | Final Train Acc: 39.13%
2025-08-24 08:50:14,556 - client_100 - INFO - [Client 1] Completed local epoch 15/16 | Final Loss: 2.2004 | Final Train Acc: 40.52%
2025-08-24 08:50:23,848 - client_100 - INFO - [Client 1] Completed local epoch 16/16 | Final Loss: 2.1960 | Final Train Acc: 41.07%
2025-08-24 08:50:32,800 - client_100 - INFO - [Client 2] Completed local epoch 1/16 | Final Loss: 3.0351 | Final Train Acc: 25.32%
2025-08-24 08:50:41,914 - client_100 - INFO - [Client 2] Completed local epoch 2/16 | Final Loss: 2.8236 | Final Train Acc: 27.84%
2025-08-24 08:50:51,094 - client_100 - INFO - [Client 2] Completed local epoch 3/16 | Final Loss: 2.7929 | Final Train Acc: 27.94%
2025-08-24 08:51:00,012 - client_100 - INFO - [Client 2] Completed local epoch 4/16 | Final Loss: 2.7694 | Final Train Acc: 29.00%
2025-08-24 08:51:09,129 - client_100 - INFO - [Client 2] Completed local epoch 5/16 | Final Loss: 2.7652 | Final Train Acc: 28.71%
2025-08-24 08:51:18,414 - client_100 - INFO - [Client 2] Completed local epoch 6/16 | Final Loss: 2.6876 | Final Train Acc: 30.68%
2025-08-24 08:51:26,874 - client_100 - INFO - [Client 2] Completed local epoch 7/16 | Final Loss: 2.6067 | Final Train Acc: 32.15%
2025-08-24 08:51:35,997 - client_100 - INFO - [Client 2] Completed local epoch 8/16 | Final Loss: 2.5440 | Final Train Acc: 33.51%
2025-08-24 08:51:45,431 - client_100 - INFO - [Client 2] Completed local epoch 9/16 | Final Loss: 2.4886 | Final Train Acc: 34.21%
2025-08-24 08:51:53,539 - client_100 - INFO - [Client 2] Completed local epoch 10/16 | Final Loss: 2.4073 | Final Train Acc: 36.34%
2025-08-24 08:52:02,756 - client_100 - INFO - [Client 2] Completed local epoch 11/16 | Final Loss: 2.3654 | Final Train Acc: 37.19%
2025-08-24 08:52:12,261 - client_100 - INFO - [Client 2] Completed local epoch 12/16 | Final Loss: 2.3093 | Final Train Acc: 38.17%
2025-08-24 08:52:20,328 - client_100 - INFO - [Client 2] Completed local epoch 13/16 | Final Loss: 2.2654 | Final Train Acc: 39.31%
2025-08-24 08:52:29,390 - client_100 - INFO - [Client 2] Completed local epoch 14/16 | Final Loss: 2.2147 | Final Train Acc: 40.67%
2025-08-24 08:52:39,147 - client_100 - INFO - [Client 2] Completed local epoch 15/16 | Final Loss: 2.1778 | Final Train Acc: 41.14%
2025-08-24 08:52:47,268 - client_100 - INFO - [Client 2] Completed local epoch 16/16 | Final Loss: 2.1260 | Final Train Acc: 43.32%
2025-08-24 08:52:56,396 - client_100 - INFO - [Client 3] Completed local epoch 1/16 | Final Loss: 3.0325 | Final Train Acc: 25.94%
2025-08-24 08:53:05,785 - client_100 - INFO - [Client 3] Completed local epoch 2/16 | Final Loss: 2.8240 | Final Train Acc: 27.73%
2025-08-24 08:53:14,335 - client_100 - INFO - [Client 3] Completed local epoch 3/16 | Final Loss: 2.7964 | Final Train Acc: 28.44%
2025-08-24 08:53:23,449 - client_100 - INFO - [Client 3] Completed local epoch 4/16 | Final Loss: 2.7525 | Final Train Acc: 28.67%
2025-08-24 08:53:32,734 - client_100 - INFO - [Client 3] Completed local epoch 5/16 | Final Loss: 2.7492 | Final Train Acc: 29.26%
2025-08-24 08:53:41,175 - client_100 - INFO - [Client 3] Completed local epoch 6/16 | Final Loss: 2.7055 | Final Train Acc: 30.14%
2025-08-24 08:53:50,039 - client_100 - INFO - [Client 3] Completed local epoch 7/16 | Final Loss: 2.6018 | Final Train Acc: 32.40%
2025-08-24 08:53:58,787 - client_100 - INFO - [Client 3] Completed local epoch 8/16 | Final Loss: 2.5640 | Final Train Acc: 32.87%
2025-08-24 08:54:07,620 - client_100 - INFO - [Client 3] Completed local epoch 9/16 | Final Loss: 2.4805 | Final Train Acc: 35.13%
2025-08-24 08:54:16,704 - client_100 - INFO - [Client 3] Completed local epoch 10/16 | Final Loss: 2.4000 | Final Train Acc: 36.53%
2025-08-24 08:54:24,935 - client_100 - INFO - [Client 3] Completed local epoch 11/16 | Final Loss: 2.3743 | Final Train Acc: 36.96%
2025-08-24 08:54:33,877 - client_100 - INFO - [Client 3] Completed local epoch 12/16 | Final Loss: 2.3043 | Final Train Acc: 38.92%
2025-08-24 08:54:43,453 - client_100 - INFO - [Client 3] Completed local epoch 13/16 | Final Loss: 2.2789 | Final Train Acc: 39.57%
2025-08-24 08:54:51,390 - client_100 - INFO - [Client 3] Completed local epoch 14/16 | Final Loss: 2.2134 | Final Train Acc: 41.07%
2025-08-24 08:55:00,476 - client_100 - INFO - [Client 3] Completed local epoch 15/16 | Final Loss: 2.1568 | Final Train Acc: 42.20%
2025-08-24 08:55:10,098 - client_100 - INFO - [Client 3] Completed local epoch 16/16 | Final Loss: 2.1489 | Final Train Acc: 42.20%
2025-08-24 08:55:14,816 - client_100 - INFO - --- Round 3/9 (tau = 16) ---
2025-08-24 08:55:18,322 - client_100 - INFO - [Client 0] Completed local epoch 1/16 | Final Loss: 2.1752 | Final Train Acc: 42.63%
2025-08-24 08:55:27,341 - client_100 - INFO - [Client 0] Completed local epoch 2/16 | Final Loss: 2.1671 | Final Train Acc: 42.52%
2025-08-24 08:55:36,416 - client_100 - INFO - [Client 0] Completed local epoch 3/16 | Final Loss: 2.1625 | Final Train Acc: 42.46%
2025-08-24 08:55:44,935 - client_100 - INFO - [Client 0] Completed local epoch 4/16 | Final Loss: 2.1775 | Final Train Acc: 41.54%
2025-08-24 08:55:54,000 - client_100 - INFO - [Client 0] Completed local epoch 5/16 | Final Loss: 2.2186 | Final Train Acc: 40.26%
2025-08-24 08:56:02,741 - client_100 - INFO - [Client 0] Completed local epoch 6/16 | Final Loss: 2.2203 | Final Train Acc: 40.63%
2025-08-24 08:56:11,597 - client_100 - INFO - [Client 0] Completed local epoch 7/16 | Final Loss: 2.1441 | Final Train Acc: 42.29%
2025-08-24 08:56:20,738 - client_100 - INFO - [Client 0] Completed local epoch 8/16 | Final Loss: 2.1168 | Final Train Acc: 42.92%
2025-08-24 08:56:29,252 - client_100 - INFO - [Client 0] Completed local epoch 9/16 | Final Loss: 2.0555 | Final Train Acc: 43.93%
2025-08-24 08:56:38,043 - client_100 - INFO - [Client 0] Completed local epoch 10/16 | Final Loss: 2.0247 | Final Train Acc: 44.74%
2025-08-24 08:56:47,317 - client_100 - INFO - [Client 0] Completed local epoch 11/16 | Final Loss: 2.0365 | Final Train Acc: 44.33%
2025-08-24 08:56:55,555 - client_100 - INFO - [Client 0] Completed local epoch 12/16 | Final Loss: 1.9447 | Final Train Acc: 46.45%
2025-08-24 08:57:04,667 - client_100 - INFO - [Client 0] Completed local epoch 13/16 | Final Loss: 1.9363 | Final Train Acc: 47.23%
2025-08-24 08:57:14,122 - client_100 - INFO - [Client 0] Completed local epoch 14/16 | Final Loss: 1.9047 | Final Train Acc: 47.50%
2025-08-24 08:57:22,151 - client_100 - INFO - [Client 0] Completed local epoch 15/16 | Final Loss: 1.8757 | Final Train Acc: 48.36%
2025-08-24 08:57:31,099 - client_100 - INFO - [Client 0] Completed local epoch 16/16 | Final Loss: 1.8300 | Final Train Acc: 48.43%
2025-08-24 08:57:40,593 - client_100 - INFO - [Client 1] Completed local epoch 1/16 | Final Loss: 2.2163 | Final Train Acc: 41.51%
2025-08-24 08:57:48,542 - client_100 - INFO - [Client 1] Completed local epoch 2/16 | Final Loss: 2.1857 | Final Train Acc: 41.30%
2025-08-24 08:57:57,491 - client_100 - INFO - [Client 1] Completed local epoch 3/16 | Final Loss: 2.1842 | Final Train Acc: 42.12%
2025-08-24 08:58:06,420 - client_100 - INFO - [Client 1] Completed local epoch 4/16 | Final Loss: 2.2402 | Final Train Acc: 39.71%
2025-08-24 08:58:14,846 - client_100 - INFO - [Client 1] Completed local epoch 5/16 | Final Loss: 2.2575 | Final Train Acc: 39.25%
2025-08-24 08:58:23,796 - client_100 - INFO - [Client 1] Completed local epoch 6/16 | Final Loss: 2.2410 | Final Train Acc: 39.49%
2025-08-24 08:58:31,863 - client_100 - INFO - [Client 1] Completed local epoch 7/16 | Final Loss: 2.1618 | Final Train Acc: 41.34%
2025-08-24 08:58:40,758 - client_100 - INFO - [Client 1] Completed local epoch 8/16 | Final Loss: 2.1266 | Final Train Acc: 42.22%
2025-08-24 08:58:50,052 - client_100 - INFO - [Client 1] Completed local epoch 9/16 | Final Loss: 2.1234 | Final Train Acc: 42.23%
2025-08-24 08:58:58,145 - client_100 - INFO - [Client 1] Completed local epoch 10/16 | Final Loss: 2.0642 | Final Train Acc: 43.85%
2025-08-24 08:59:07,154 - client_100 - INFO - [Client 1] Completed local epoch 11/16 | Final Loss: 2.0329 | Final Train Acc: 44.71%
2025-08-24 08:59:16,605 - client_100 - INFO - [Client 1] Completed local epoch 12/16 | Final Loss: 2.0008 | Final Train Acc: 45.29%
2025-08-24 08:59:24,530 - client_100 - INFO - [Client 1] Completed local epoch 13/16 | Final Loss: 1.9322 | Final Train Acc: 47.11%
2025-08-24 08:59:33,325 - client_100 - INFO - [Client 1] Completed local epoch 14/16 | Final Loss: 1.9312 | Final Train Acc: 46.33%
2025-08-24 08:59:42,527 - client_100 - INFO - [Client 1] Completed local epoch 15/16 | Final Loss: 1.9102 | Final Train Acc: 46.81%
2025-08-24 08:59:50,978 - client_100 - INFO - [Client 1] Completed local epoch 16/16 | Final Loss: 1.8695 | Final Train Acc: 48.27%
2025-08-24 09:00:00,078 - client_100 - INFO - [Client 2] Completed local epoch 1/16 | Final Loss: 2.1881 | Final Train Acc: 42.48%
2025-08-24 09:00:08,531 - client_100 - INFO - [Client 2] Completed local epoch 2/16 | Final Loss: 2.1501 | Final Train Acc: 42.31%
2025-08-24 09:00:17,287 - client_100 - INFO - [Client 2] Completed local epoch 3/16 | Final Loss: 2.1696 | Final Train Acc: 41.31%
2025-08-24 09:00:26,388 - client_100 - INFO - [Client 2] Completed local epoch 4/16 | Final Loss: 2.1968 | Final Train Acc: 40.76%
2025-08-24 09:00:34,297 - client_100 - INFO - [Client 2] Completed local epoch 5/16 | Final Loss: 2.2493 | Final Train Acc: 39.82%
2025-08-24 09:00:43,277 - client_100 - INFO - [Client 2] Completed local epoch 6/16 | Final Loss: 2.1839 | Final Train Acc: 41.54%
2025-08-24 09:00:52,733 - client_100 - INFO - [Client 2] Completed local epoch 7/16 | Final Loss: 2.1678 | Final Train Acc: 41.89%
2025-08-24 09:01:00,763 - client_100 - INFO - [Client 2] Completed local epoch 8/16 | Final Loss: 2.0966 | Final Train Acc: 43.36%
2025-08-24 09:01:09,730 - client_100 - INFO - [Client 2] Completed local epoch 9/16 | Final Loss: 2.0954 | Final Train Acc: 42.88%
2025-08-24 09:01:18,881 - client_100 - INFO - [Client 2] Completed local epoch 10/16 | Final Loss: 2.0317 | Final Train Acc: 44.40%
2025-08-24 09:01:27,133 - client_100 - INFO - [Client 2] Completed local epoch 11/16 | Final Loss: 1.9780 | Final Train Acc: 45.57%
2025-08-24 09:01:36,033 - client_100 - INFO - [Client 2] Completed local epoch 12/16 | Final Loss: 1.9613 | Final Train Acc: 46.54%
2025-08-24 09:01:44,938 - client_100 - INFO - [Client 2] Completed local epoch 13/16 | Final Loss: 1.9201 | Final Train Acc: 46.96%
2025-08-24 09:01:53,693 - client_100 - INFO - [Client 2] Completed local epoch 14/16 | Final Loss: 1.8898 | Final Train Acc: 47.76%
2025-08-24 09:02:02,959 - client_100 - INFO - [Client 2] Completed local epoch 15/16 | Final Loss: 1.8844 | Final Train Acc: 47.90%
2025-08-24 09:02:11,204 - client_100 - INFO - [Client 2] Completed local epoch 16/16 | Final Loss: 1.8565 | Final Train Acc: 48.74%
2025-08-24 09:02:20,112 - client_100 - INFO - [Client 3] Completed local epoch 1/16 | Final Loss: 2.1690 | Final Train Acc: 42.19%
2025-08-24 09:02:29,486 - client_100 - INFO - [Client 3] Completed local epoch 2/16 | Final Loss: 2.1435 | Final Train Acc: 42.42%
2025-08-24 09:02:37,398 - client_100 - INFO - [Client 3] Completed local epoch 3/16 | Final Loss: 2.1556 | Final Train Acc: 42.36%
2025-08-24 09:02:46,525 - client_100 - INFO - [Client 3] Completed local epoch 4/16 | Final Loss: 2.1531 | Final Train Acc: 42.94%
2025-08-24 09:02:55,994 - client_100 - INFO - [Client 3] Completed local epoch 5/16 | Final Loss: 2.2422 | Final Train Acc: 39.86%
2025-08-24 09:03:03,996 - client_100 - INFO - [Client 3] Completed local epoch 6/16 | Final Loss: 2.1772 | Final Train Acc: 41.74%
2025-08-24 09:03:12,884 - client_100 - INFO - [Client 3] Completed local epoch 7/16 | Final Loss: 2.1561 | Final Train Acc: 41.82%
2025-08-24 09:03:22,292 - client_100 - INFO - [Client 3] Completed local epoch 8/16 | Final Loss: 2.1129 | Final Train Acc: 42.38%
2025-08-24 09:03:30,442 - client_100 - INFO - [Client 3] Completed local epoch 9/16 | Final Loss: 2.0452 | Final Train Acc: 44.52%
2025-08-24 09:03:39,362 - client_100 - INFO - [Client 3] Completed local epoch 10/16 | Final Loss: 2.0290 | Final Train Acc: 44.52%
2025-08-24 09:03:48,192 - client_100 - INFO - [Client 3] Completed local epoch 11/16 | Final Loss: 2.0059 | Final Train Acc: 45.30%
2025-08-24 09:03:56,983 - client_100 - INFO - [Client 3] Completed local epoch 12/16 | Final Loss: 1.9640 | Final Train Acc: 46.22%
2025-08-24 09:04:05,882 - client_100 - INFO - [Client 3] Completed local epoch 13/16 | Final Loss: 1.9215 | Final Train Acc: 47.45%
2025-08-24 09:04:13,894 - client_100 - INFO - [Client 3] Completed local epoch 14/16 | Final Loss: 1.9035 | Final Train Acc: 47.03%
2025-08-24 09:04:22,728 - client_100 - INFO - [Client 3] Completed local epoch 15/16 | Final Loss: 1.8589 | Final Train Acc: 48.80%
2025-08-24 09:04:31,912 - client_100 - INFO - [Client 3] Completed local epoch 16/16 | Final Loss: 1.8441 | Final Train Acc: 48.73%
2025-08-24 09:04:36,481 - client_100 - INFO - --- Round 4/9 (tau = 16) ---
2025-08-24 09:04:40,001 - client_100 - INFO - [Client 0] Completed local epoch 1/16 | Final Loss: 1.8934 | Final Train Acc: 49.29%
2025-08-24 09:04:49,027 - client_100 - INFO - [Client 0] Completed local epoch 2/16 | Final Loss: 1.8779 | Final Train Acc: 49.06%
2025-08-24 09:04:58,641 - client_100 - INFO - [Client 0] Completed local epoch 3/16 | Final Loss: 1.8921 | Final Train Acc: 48.20%
2025-08-24 09:05:06,647 - client_100 - INFO - [Client 0] Completed local epoch 4/16 | Final Loss: 1.9192 | Final Train Acc: 47.15%
2025-08-24 09:05:15,522 - client_100 - INFO - [Client 0] Completed local epoch 5/16 | Final Loss: 1.9657 | Final Train Acc: 46.34%
2025-08-24 09:05:24,636 - client_100 - INFO - [Client 0] Completed local epoch 6/16 | Final Loss: 1.9357 | Final Train Acc: 46.68%
2025-08-24 09:05:32,885 - client_100 - INFO - [Client 0] Completed local epoch 7/16 | Final Loss: 1.8931 | Final Train Acc: 48.26%
2025-08-24 09:05:41,774 - client_100 - INFO - [Client 0] Completed local epoch 8/16 | Final Loss: 1.9145 | Final Train Acc: 46.98%
2025-08-24 09:05:50,652 - client_100 - INFO - [Client 0] Completed local epoch 9/16 | Final Loss: 1.8608 | Final Train Acc: 48.65%
2025-08-24 09:05:59,428 - client_100 - INFO - [Client 0] Completed local epoch 10/16 | Final Loss: 1.8367 | Final Train Acc: 49.04%
2025-08-24 09:06:08,759 - client_100 - INFO - [Client 0] Completed local epoch 11/16 | Final Loss: 1.8187 | Final Train Acc: 49.90%
2025-08-24 09:06:17,267 - client_100 - INFO - [Client 0] Completed local epoch 12/16 | Final Loss: 1.7823 | Final Train Acc: 50.25%
2025-08-24 09:06:26,268 - client_100 - INFO - [Client 0] Completed local epoch 13/16 | Final Loss: 1.7520 | Final Train Acc: 51.63%
2025-08-24 09:06:35,353 - client_100 - INFO - [Client 0] Completed local epoch 14/16 | Final Loss: 1.7171 | Final Train Acc: 51.80%
2025-08-24 09:06:43,537 - client_100 - INFO - [Client 0] Completed local epoch 15/16 | Final Loss: 1.6714 | Final Train Acc: 52.72%
2025-08-24 09:06:52,843 - client_100 - INFO - [Client 0] Completed local epoch 16/16 | Final Loss: 1.6574 | Final Train Acc: 53.26%
2025-08-24 09:07:02,176 - client_100 - INFO - [Client 1] Completed local epoch 1/16 | Final Loss: 1.9346 | Final Train Acc: 47.86%
2025-08-24 09:07:10,102 - client_100 - INFO - [Client 1] Completed local epoch 2/16 | Final Loss: 1.9301 | Final Train Acc: 48.02%
2025-08-24 09:07:18,915 - client_100 - INFO - [Client 1] Completed local epoch 3/16 | Final Loss: 1.9278 | Final Train Acc: 47.69%
2025-08-24 09:07:28,292 - client_100 - INFO - [Client 1] Completed local epoch 4/16 | Final Loss: 1.9393 | Final Train Acc: 47.04%
2025-08-24 09:07:36,301 - client_100 - INFO - [Client 1] Completed local epoch 5/16 | Final Loss: 2.0106 | Final Train Acc: 45.62%
2025-08-24 09:07:45,285 - client_100 - INFO - [Client 1] Completed local epoch 6/16 | Final Loss: 1.9854 | Final Train Acc: 45.49%
2025-08-24 09:07:54,767 - client_100 - INFO - [Client 1] Completed local epoch 7/16 | Final Loss: 1.9656 | Final Train Acc: 45.98%
2025-08-24 09:08:03,019 - client_100 - INFO - [Client 1] Completed local epoch 8/16 | Final Loss: 1.9193 | Final Train Acc: 46.96%
2025-08-24 09:08:12,065 - client_100 - INFO - [Client 1] Completed local epoch 9/16 | Final Loss: 1.8724 | Final Train Acc: 48.01%
2025-08-24 09:08:21,019 - client_100 - INFO - [Client 1] Completed local epoch 10/16 | Final Loss: 1.8492 | Final Train Acc: 48.70%
2025-08-24 09:08:29,706 - client_100 - INFO - [Client 1] Completed local epoch 11/16 | Final Loss: 1.8320 | Final Train Acc: 49.19%
2025-08-24 09:08:39,007 - client_100 - INFO - [Client 1] Completed local epoch 12/16 | Final Loss: 1.7910 | Final Train Acc: 50.25%
2025-08-24 09:08:47,865 - client_100 - INFO - [Client 1] Completed local epoch 13/16 | Final Loss: 1.7855 | Final Train Acc: 50.12%
2025-08-24 09:08:57,329 - client_100 - INFO - [Client 1] Completed local epoch 14/16 | Final Loss: 1.7282 | Final Train Acc: 51.34%
2025-08-24 09:09:07,049 - client_100 - INFO - [Client 1] Completed local epoch 15/16 | Final Loss: 1.7440 | Final Train Acc: 51.13%
2025-08-24 09:09:16,412 - client_100 - INFO - [Client 1] Completed local epoch 16/16 | Final Loss: 1.7083 | Final Train Acc: 52.15%
2025-08-24 09:09:25,506 - client_100 - INFO - [Client 2] Completed local epoch 1/16 | Final Loss: 1.8856 | Final Train Acc: 48.70%
2025-08-24 09:09:34,684 - client_100 - INFO - [Client 2] Completed local epoch 2/16 | Final Loss: 1.8712 | Final Train Acc: 49.01%
2025-08-24 09:09:44,441 - client_100 - INFO - [Client 2] Completed local epoch 3/16 | Final Loss: 1.8739 | Final Train Acc: 48.54%
2025-08-24 09:09:53,697 - client_100 - INFO - [Client 2] Completed local epoch 4/16 | Final Loss: 1.8944 | Final Train Acc: 48.16%
2025-08-24 09:10:03,468 - client_100 - INFO - [Client 2] Completed local epoch 5/16 | Final Loss: 1.9790 | Final Train Acc: 45.82%
2025-08-24 09:10:13,928 - client_100 - INFO - [Client 2] Completed local epoch 6/16 | Final Loss: 2.0060 | Final Train Acc: 45.54%
2025-08-24 09:10:22,581 - client_100 - INFO - [Client 2] Completed local epoch 7/16 | Final Loss: 1.9225 | Final Train Acc: 47.32%
2025-08-24 09:10:32,100 - client_100 - INFO - [Client 2] Completed local epoch 8/16 | Final Loss: 1.9033 | Final Train Acc: 47.84%
2025-08-24 09:10:41,806 - client_100 - INFO - [Client 2] Completed local epoch 9/16 | Final Loss: 1.8488 | Final Train Acc: 48.89%
2025-08-24 09:10:49,894 - client_100 - INFO - [Client 2] Completed local epoch 10/16 | Final Loss: 1.8256 | Final Train Acc: 48.98%
2025-08-24 09:10:59,087 - client_100 - INFO - [Client 2] Completed local epoch 11/16 | Final Loss: 1.7978 | Final Train Acc: 49.31%
2025-08-24 09:11:08,619 - client_100 - INFO - [Client 2] Completed local epoch 12/16 | Final Loss: 1.8228 | Final Train Acc: 49.11%
2025-08-24 09:11:16,978 - client_100 - INFO - [Client 2] Completed local epoch 13/16 | Final Loss: 1.7639 | Final Train Acc: 50.98%
2025-08-24 09:11:26,096 - client_100 - INFO - [Client 2] Completed local epoch 14/16 | Final Loss: 1.7261 | Final Train Acc: 51.27%
2025-08-24 09:11:35,203 - client_100 - INFO - [Client 2] Completed local epoch 15/16 | Final Loss: 1.6667 | Final Train Acc: 53.08%
2025-08-24 09:11:43,929 - client_100 - INFO - [Client 2] Completed local epoch 16/16 | Final Loss: 1.6442 | Final Train Acc: 53.47%
2025-08-24 09:11:53,245 - client_100 - INFO - [Client 3] Completed local epoch 1/16 | Final Loss: 1.8873 | Final Train Acc: 49.04%
2025-08-24 09:12:02,175 - client_100 - INFO - [Client 3] Completed local epoch 2/16 | Final Loss: 1.8741 | Final Train Acc: 49.16%
2025-08-24 09:12:10,878 - client_100 - INFO - [Client 3] Completed local epoch 3/16 | Final Loss: 1.8942 | Final Train Acc: 48.18%
2025-08-24 09:12:20,130 - client_100 - INFO - [Client 3] Completed local epoch 4/16 | Final Loss: 1.9277 | Final Train Acc: 47.42%
2025-08-24 09:12:28,889 - client_100 - INFO - [Client 3] Completed local epoch 5/16 | Final Loss: 1.9817 | Final Train Acc: 45.87%
2025-08-24 09:12:37,846 - client_100 - INFO - [Client 3] Completed local epoch 6/16 | Final Loss: 1.9695 | Final Train Acc: 46.10%
2025-08-24 09:12:47,095 - client_100 - INFO - [Client 3] Completed local epoch 7/16 | Final Loss: 1.9307 | Final Train Acc: 45.95%
2025-08-24 09:12:55,664 - client_100 - INFO - [Client 3] Completed local epoch 8/16 | Final Loss: 1.8811 | Final Train Acc: 47.69%
2025-08-24 09:13:04,829 - client_100 - INFO - [Client 3] Completed local epoch 9/16 | Final Loss: 1.8737 | Final Train Acc: 48.16%
2025-08-24 09:13:14,181 - client_100 - INFO - [Client 3] Completed local epoch 10/16 | Final Loss: 1.8196 | Final Train Acc: 50.20%
2025-08-24 09:13:22,424 - client_100 - INFO - [Client 3] Completed local epoch 11/16 | Final Loss: 1.7999 | Final Train Acc: 50.15%
2025-08-24 09:13:31,725 - client_100 - INFO - [Client 3] Completed local epoch 12/16 | Final Loss: 1.7805 | Final Train Acc: 50.23%
2025-08-24 09:13:41,228 - client_100 - INFO - [Client 3] Completed local epoch 13/16 | Final Loss: 1.7454 | Final Train Acc: 51.77%
2025-08-24 09:13:49,330 - client_100 - INFO - [Client 3] Completed local epoch 14/16 | Final Loss: 1.7340 | Final Train Acc: 51.20%
2025-08-24 09:13:58,644 - client_100 - INFO - [Client 3] Completed local epoch 15/16 | Final Loss: 1.6917 | Final Train Acc: 51.78%
2025-08-24 09:14:08,299 - client_100 - INFO - [Client 3] Completed local epoch 16/16 | Final Loss: 1.6712 | Final Train Acc: 52.86%
2025-08-24 09:14:13,094 - client_100 - INFO - --- Round 5/9 (tau = 16) ---
2025-08-24 09:14:16,683 - client_100 - INFO - [Client 0] Completed local epoch 1/16 | Final Loss: 1.7463 | Final Train Acc: 52.52%
2025-08-24 09:14:25,912 - client_100 - INFO - [Client 0] Completed local epoch 2/16 | Final Loss: 1.7374 | Final Train Acc: 52.22%
2025-08-24 09:14:35,610 - client_100 - INFO - [Client 0] Completed local epoch 3/16 | Final Loss: 1.7408 | Final Train Acc: 51.64%
2025-08-24 09:14:43,857 - client_100 - INFO - [Client 0] Completed local epoch 4/16 | Final Loss: 1.7783 | Final Train Acc: 50.48%
2025-08-24 09:14:53,075 - client_100 - INFO - [Client 0] Completed local epoch 5/16 | Final Loss: 1.8233 | Final Train Acc: 49.97%
2025-08-24 09:15:02,795 - client_100 - INFO - [Client 0] Completed local epoch 6/16 | Final Loss: 1.7999 | Final Train Acc: 50.36%
2025-08-24 09:15:10,975 - client_100 - INFO - [Client 0] Completed local epoch 7/16 | Final Loss: 1.8148 | Final Train Acc: 49.60%
2025-08-24 09:15:20,235 - client_100 - INFO - [Client 0] Completed local epoch 8/16 | Final Loss: 1.7462 | Final Train Acc: 51.07%
2025-08-24 09:15:30,168 - client_100 - INFO - [Client 0] Completed local epoch 9/16 | Final Loss: 1.7196 | Final Train Acc: 52.59%
2025-08-24 09:15:38,461 - client_100 - INFO - [Client 0] Completed local epoch 10/16 | Final Loss: 1.7069 | Final Train Acc: 52.25%
2025-08-24 09:15:47,624 - client_100 - INFO - [Client 0] Completed local epoch 11/16 | Final Loss: 1.6868 | Final Train Acc: 52.72%
2025-08-24 09:15:57,143 - client_100 - INFO - [Client 0] Completed local epoch 12/16 | Final Loss: 1.6467 | Final Train Acc: 53.41%
2025-08-24 09:16:05,544 - client_100 - INFO - [Client 0] Completed local epoch 13/16 | Final Loss: 1.6051 | Final Train Acc: 54.67%
2025-08-24 09:16:14,671 - client_100 - INFO - [Client 0] Completed local epoch 14/16 | Final Loss: 1.5992 | Final Train Acc: 54.56%
2025-08-24 09:16:23,805 - client_100 - INFO - [Client 0] Completed local epoch 15/16 | Final Loss: 1.5609 | Final Train Acc: 55.99%
2025-08-24 09:16:32,558 - client_100 - INFO - [Client 0] Completed local epoch 16/16 | Final Loss: 1.5321 | Final Train Acc: 56.88%
2025-08-24 09:16:41,798 - client_100 - INFO - [Client 1] Completed local epoch 1/16 | Final Loss: 1.7869 | Final Train Acc: 50.78%
2025-08-24 09:16:50,502 - client_100 - INFO - [Client 1] Completed local epoch 2/16 | Final Loss: 1.7630 | Final Train Acc: 51.58%
2025-08-24 09:16:59,630 - client_100 - INFO - [Client 1] Completed local epoch 3/16 | Final Loss: 1.7513 | Final Train Acc: 52.29%
2025-08-24 09:17:08,918 - client_100 - INFO - [Client 1] Completed local epoch 4/16 | Final Loss: 1.8224 | Final Train Acc: 50.01%
2025-08-24 09:17:17,457 - client_100 - INFO - [Client 1] Completed local epoch 5/16 | Final Loss: 1.8382 | Final Train Acc: 49.14%
2025-08-24 09:17:26,696 - client_100 - INFO - [Client 1] Completed local epoch 6/16 | Final Loss: 1.8498 | Final Train Acc: 48.67%
2025-08-24 09:17:36,078 - client_100 - INFO - [Client 1] Completed local epoch 7/16 | Final Loss: 1.8040 | Final Train Acc: 49.57%
2025-08-24 09:17:44,581 - client_100 - INFO - [Client 1] Completed local epoch 8/16 | Final Loss: 1.7484 | Final Train Acc: 51.30%
2025-08-24 09:17:53,699 - client_100 - INFO - [Client 1] Completed local epoch 9/16 | Final Loss: 1.7712 | Final Train Acc: 50.67%
2025-08-24 09:18:03,157 - client_100 - INFO - [Client 1] Completed local epoch 10/16 | Final Loss: 1.7089 | Final Train Acc: 51.77%
2025-08-24 09:18:11,356 - client_100 - INFO - [Client 1] Completed local epoch 11/16 | Final Loss: 1.6904 | Final Train Acc: 52.39%
2025-08-24 09:18:20,679 - client_100 - INFO - [Client 1] Completed local epoch 12/16 | Final Loss: 1.6425 | Final Train Acc: 53.13%
2025-08-24 09:18:30,429 - client_100 - INFO - [Client 1] Completed local epoch 13/16 | Final Loss: 1.6483 | Final Train Acc: 53.33%
2025-08-24 09:18:38,589 - client_100 - INFO - [Client 1] Completed local epoch 14/16 | Final Loss: 1.6502 | Final Train Acc: 53.72%
2025-08-24 09:18:47,715 - client_100 - INFO - [Client 1] Completed local epoch 15/16 | Final Loss: 1.6272 | Final Train Acc: 53.75%
2025-08-24 09:18:57,476 - client_100 - INFO - [Client 1] Completed local epoch 16/16 | Final Loss: 1.5386 | Final Train Acc: 56.17%
2025-08-24 09:19:05,665 - client_100 - INFO - [Client 2] Completed local epoch 1/16 | Final Loss: 1.7393 | Final Train Acc: 52.30%
2025-08-24 09:19:14,785 - client_100 - INFO - [Client 2] Completed local epoch 2/16 | Final Loss: 1.7069 | Final Train Acc: 52.80%
2025-08-24 09:19:24,352 - client_100 - INFO - [Client 2] Completed local epoch 3/16 | Final Loss: 1.7178 | Final Train Acc: 52.16%
2025-08-24 09:19:32,787 - client_100 - INFO - [Client 2] Completed local epoch 4/16 | Final Loss: 1.7370 | Final Train Acc: 51.62%
2025-08-24 09:19:41,919 - client_100 - INFO - [Client 2] Completed local epoch 5/16 | Final Loss: 1.8143 | Final Train Acc: 49.34%
2025-08-24 09:19:51,189 - client_100 - INFO - [Client 2] Completed local epoch 6/16 | Final Loss: 1.8166 | Final Train Acc: 49.34%
2025-08-24 09:19:59,916 - client_100 - INFO - [Client 2] Completed local epoch 7/16 | Final Loss: 1.7631 | Final Train Acc: 50.91%
2025-08-24 09:20:09,192 - client_100 - INFO - [Client 2] Completed local epoch 8/16 | Final Loss: 1.7725 | Final Train Acc: 50.13%
2025-08-24 09:20:18,186 - client_100 - INFO - [Client 2] Completed local epoch 9/16 | Final Loss: 1.6954 | Final Train Acc: 52.41%
2025-08-24 09:20:27,075 - client_100 - INFO - [Client 2] Completed local epoch 10/16 | Final Loss: 1.6690 | Final Train Acc: 53.00%
2025-08-24 09:20:36,425 - client_100 - INFO - [Client 2] Completed local epoch 11/16 | Final Loss: 1.6480 | Final Train Acc: 52.92%
2025-08-24 09:20:45,375 - client_100 - INFO - [Client 2] Completed local epoch 12/16 | Final Loss: 1.6437 | Final Train Acc: 53.31%
2025-08-24 09:20:54,456 - client_100 - INFO - [Client 2] Completed local epoch 13/16 | Final Loss: 1.6101 | Final Train Acc: 54.75%
2025-08-24 09:21:04,006 - client_100 - INFO - [Client 2] Completed local epoch 14/16 | Final Loss: 1.5787 | Final Train Acc: 54.99%
2025-08-24 09:21:13,033 - client_100 - INFO - [Client 2] Completed local epoch 15/16 | Final Loss: 1.5670 | Final Train Acc: 56.18%
2025-08-24 09:21:21,963 - client_100 - INFO - [Client 2] Completed local epoch 16/16 | Final Loss: 1.5325 | Final Train Acc: 56.36%
2025-08-24 09:21:31,386 - client_100 - INFO - [Client 3] Completed local epoch 1/16 | Final Loss: 1.7298 | Final Train Acc: 53.05%
2025-08-24 09:21:39,892 - client_100 - INFO - [Client 3] Completed local epoch 2/16 | Final Loss: 1.7175 | Final Train Acc: 53.23%
2025-08-24 09:21:49,057 - client_100 - INFO - [Client 3] Completed local epoch 3/16 | Final Loss: 1.7228 | Final Train Acc: 52.43%
2025-08-24 09:21:58,635 - client_100 - INFO - [Client 3] Completed local epoch 4/16 | Final Loss: 1.7701 | Final Train Acc: 51.03%
2025-08-24 09:22:06,907 - client_100 - INFO - [Client 3] Completed local epoch 5/16 | Final Loss: 1.8284 | Final Train Acc: 49.94%
2025-08-24 09:22:15,956 - client_100 - INFO - [Client 3] Completed local epoch 6/16 | Final Loss: 1.7908 | Final Train Acc: 49.97%
2025-08-24 09:22:25,413 - client_100 - INFO - [Client 3] Completed local epoch 7/16 | Final Loss: 1.7710 | Final Train Acc: 50.84%
2025-08-24 09:22:33,589 - client_100 - INFO - [Client 3] Completed local epoch 8/16 | Final Loss: 1.7772 | Final Train Acc: 50.51%
2025-08-24 09:22:42,734 - client_100 - INFO - [Client 3] Completed local epoch 9/16 | Final Loss: 1.7361 | Final Train Acc: 51.95%
2025-08-24 09:22:52,314 - client_100 - INFO - [Client 3] Completed local epoch 10/16 | Final Loss: 1.6795 | Final Train Acc: 52.20%
2025-08-24 09:23:00,453 - client_100 - INFO - [Client 3] Completed local epoch 11/16 | Final Loss: 1.6743 | Final Train Acc: 52.41%
2025-08-24 09:23:09,521 - client_100 - INFO - [Client 3] Completed local epoch 12/16 | Final Loss: 1.6189 | Final Train Acc: 53.93%
2025-08-24 09:23:19,127 - client_100 - INFO - [Client 3] Completed local epoch 13/16 | Final Loss: 1.6273 | Final Train Acc: 54.17%
2025-08-24 09:23:27,206 - client_100 - INFO - [Client 3] Completed local epoch 14/16 | Final Loss: 1.5907 | Final Train Acc: 54.68%
2025-08-24 09:23:36,270 - client_100 - INFO - [Client 3] Completed local epoch 15/16 | Final Loss: 1.5726 | Final Train Acc: 55.07%
2025-08-24 09:23:45,871 - client_100 - INFO - [Client 3] Completed local epoch 16/16 | Final Loss: 1.5360 | Final Train Acc: 56.47%
2025-08-24 09:23:50,657 - client_100 - INFO - --- Round 6/9 (tau = 16) ---
2025-08-24 09:23:54,252 - client_100 - INFO - [Client 0] Completed local epoch 1/16 | Final Loss: 1.6507 | Final Train Acc: 54.43%
2025-08-24 09:24:03,513 - client_100 - INFO - [Client 0] Completed local epoch 2/16 | Final Loss: 1.6082 | Final Train Acc: 55.67%
2025-08-24 09:24:12,856 - client_100 - INFO - [Client 0] Completed local epoch 3/16 | Final Loss: 1.6222 | Final Train Acc: 54.41%
2025-08-24 09:24:21,223 - client_100 - INFO - [Client 0] Completed local epoch 4/16 | Final Loss: 1.6424 | Final Train Acc: 54.05%
2025-08-24 09:24:30,183 - client_100 - INFO - [Client 0] Completed local epoch 5/16 | Final Loss: 1.7303 | Final Train Acc: 51.82%
2025-08-24 09:24:39,114 - client_100 - INFO - [Client 0] Completed local epoch 6/16 | Final Loss: 1.6992 | Final Train Acc: 52.57%
2025-08-24 09:24:47,849 - client_100 - INFO - [Client 0] Completed local epoch 7/16 | Final Loss: 1.7208 | Final Train Acc: 52.08%
2025-08-24 09:24:57,217 - client_100 - INFO - [Client 0] Completed local epoch 8/16 | Final Loss: 1.6419 | Final Train Acc: 53.20%
2025-08-24 09:25:05,660 - client_100 - INFO - [Client 0] Completed local epoch 9/16 | Final Loss: 1.6058 | Final Train Acc: 54.43%
2025-08-24 09:25:14,941 - client_100 - INFO - [Client 0] Completed local epoch 10/16 | Final Loss: 1.5984 | Final Train Acc: 54.96%
2025-08-24 09:25:24,645 - client_100 - INFO - [Client 0] Completed local epoch 11/16 | Final Loss: 1.5725 | Final Train Acc: 55.64%
2025-08-24 09:25:33,435 - client_100 - INFO - [Client 0] Completed local epoch 12/16 | Final Loss: 1.5444 | Final Train Acc: 56.29%
2025-08-24 09:25:42,684 - client_100 - INFO - [Client 0] Completed local epoch 13/16 | Final Loss: 1.5631 | Final Train Acc: 55.31%
2025-08-24 09:25:52,177 - client_100 - INFO - [Client 0] Completed local epoch 14/16 | Final Loss: 1.5246 | Final Train Acc: 56.43%
2025-08-24 09:26:00,398 - client_100 - INFO - [Client 0] Completed local epoch 15/16 | Final Loss: 1.5007 | Final Train Acc: 56.80%
2025-08-24 09:26:09,722 - client_100 - INFO - [Client 0] Completed local epoch 16/16 | Final Loss: 1.5062 | Final Train Acc: 57.34%
2025-08-24 09:26:19,459 - client_100 - INFO - [Client 1] Completed local epoch 1/16 | Final Loss: 1.6754 | Final Train Acc: 53.72%
2025-08-24 09:26:27,703 - client_100 - INFO - [Client 1] Completed local epoch 2/16 | Final Loss: 1.6345 | Final Train Acc: 54.66%
2025-08-24 09:26:37,033 - client_100 - INFO - [Client 1] Completed local epoch 3/16 | Final Loss: 1.6708 | Final Train Acc: 53.34%
2025-08-24 09:26:46,565 - client_100 - INFO - [Client 1] Completed local epoch 4/16 | Final Loss: 1.6824 | Final Train Acc: 52.81%
2025-08-24 09:26:54,724 - client_100 - INFO - [Client 1] Completed local epoch 5/16 | Final Loss: 1.7596 | Final Train Acc: 50.87%
2025-08-24 09:27:03,902 - client_100 - INFO - [Client 1] Completed local epoch 6/16 | Final Loss: 1.7310 | Final Train Acc: 51.35%
2025-08-24 09:27:13,543 - client_100 - INFO - [Client 1] Completed local epoch 7/16 | Final Loss: 1.7424 | Final Train Acc: 51.17%
2025-08-24 09:27:21,662 - client_100 - INFO - [Client 1] Completed local epoch 8/16 | Final Loss: 1.6902 | Final Train Acc: 52.09%
2025-08-24 09:27:30,806 - client_100 - INFO - [Client 1] Completed local epoch 9/16 | Final Loss: 1.6365 | Final Train Acc: 53.77%
2025-08-24 09:27:40,257 - client_100 - INFO - [Client 1] Completed local epoch 10/16 | Final Loss: 1.6308 | Final Train Acc: 53.62%
2025-08-24 09:27:48,499 - client_100 - INFO - [Client 1] Completed local epoch 11/16 | Final Loss: 1.5944 | Final Train Acc: 54.57%
2025-08-24 09:27:57,464 - client_100 - INFO - [Client 1] Completed local epoch 12/16 | Final Loss: 1.5617 | Final Train Acc: 55.36%
2025-08-24 09:28:06,430 - client_100 - INFO - [Client 1] Completed local epoch 13/16 | Final Loss: 1.5710 | Final Train Acc: 56.07%
2025-08-24 09:28:15,036 - client_100 - INFO - [Client 1] Completed local epoch 14/16 | Final Loss: 1.5220 | Final Train Acc: 56.31%
2025-08-24 09:28:24,183 - client_100 - INFO - [Client 1] Completed local epoch 15/16 | Final Loss: 1.5168 | Final Train Acc: 56.55%
2025-08-24 09:28:32,398 - client_100 - INFO - [Client 1] Completed local epoch 16/16 | Final Loss: 1.4955 | Final Train Acc: 56.72%
2025-08-24 09:28:41,530 - client_100 - INFO - [Client 2] Completed local epoch 1/16 | Final Loss: 1.6251 | Final Train Acc: 54.33%
2025-08-24 09:28:50,836 - client_100 - INFO - [Client 2] Completed local epoch 2/16 | Final Loss: 1.5991 | Final Train Acc: 55.48%
2025-08-24 09:28:58,958 - client_100 - INFO - [Client 2] Completed local epoch 3/16 | Final Loss: 1.6174 | Final Train Acc: 54.80%
2025-08-24 09:29:08,305 - client_100 - INFO - [Client 2] Completed local epoch 4/16 | Final Loss: 1.6333 | Final Train Acc: 53.89%
2025-08-24 09:29:17,741 - client_100 - INFO - [Client 2] Completed local epoch 5/16 | Final Loss: 1.7172 | Final Train Acc: 51.56%
2025-08-24 09:29:25,922 - client_100 - INFO - [Client 2] Completed local epoch 6/16 | Final Loss: 1.7257 | Final Train Acc: 51.85%
2025-08-24 09:29:35,002 - client_100 - INFO - [Client 2] Completed local epoch 7/16 | Final Loss: 1.6736 | Final Train Acc: 53.16%
2025-08-24 09:29:44,681 - client_100 - INFO - [Client 2] Completed local epoch 8/16 | Final Loss: 1.6603 | Final Train Acc: 52.99%
2025-08-24 09:29:52,797 - client_100 - INFO - [Client 2] Completed local epoch 9/16 | Final Loss: 1.6286 | Final Train Acc: 54.15%
2025-08-24 09:30:01,745 - client_100 - INFO - [Client 2] Completed local epoch 10/16 | Final Loss: 1.6133 | Final Train Acc: 54.25%
2025-08-24 09:30:11,279 - client_100 - INFO - [Client 2] Completed local epoch 11/16 | Final Loss: 1.5616 | Final Train Acc: 55.04%
2025-08-24 09:30:19,422 - client_100 - INFO - [Client 2] Completed local epoch 12/16 | Final Loss: 1.5104 | Final Train Acc: 57.29%
2025-08-24 09:30:28,322 - client_100 - INFO - [Client 2] Completed local epoch 13/16 | Final Loss: 1.5599 | Final Train Acc: 55.44%
2025-08-24 09:30:36,908 - client_100 - INFO - [Client 2] Completed local epoch 14/16 | Final Loss: 1.5017 | Final Train Acc: 57.00%
2025-08-24 09:30:45,676 - client_100 - INFO - [Client 2] Completed local epoch 15/16 | Final Loss: 1.4923 | Final Train Acc: 56.83%
2025-08-24 09:30:55,054 - client_100 - INFO - [Client 2] Completed local epoch 16/16 | Final Loss: 1.4483 | Final Train Acc: 58.30%
2025-08-24 09:31:03,530 - client_100 - INFO - [Client 3] Completed local epoch 1/16 | Final Loss: 1.6471 | Final Train Acc: 54.05%
2025-08-24 09:31:12,745 - client_100 - INFO - [Client 3] Completed local epoch 2/16 | Final Loss: 1.6145 | Final Train Acc: 54.57%
2025-08-24 09:31:22,257 - client_100 - INFO - [Client 3] Completed local epoch 3/16 | Final Loss: 1.6152 | Final Train Acc: 54.12%
2025-08-24 09:31:30,702 - client_100 - INFO - [Client 3] Completed local epoch 4/16 | Final Loss: 1.6546 | Final Train Acc: 53.28%
2025-08-24 09:31:39,884 - client_100 - INFO - [Client 3] Completed local epoch 5/16 | Final Loss: 1.7338 | Final Train Acc: 51.57%
2025-08-24 09:31:49,351 - client_100 - INFO - [Client 3] Completed local epoch 6/16 | Final Loss: 1.7230 | Final Train Acc: 51.80%
2025-08-24 09:31:57,771 - client_100 - INFO - [Client 3] Completed local epoch 7/16 | Final Loss: 1.6910 | Final Train Acc: 52.30%
2025-08-24 09:32:07,148 - client_100 - INFO - [Client 3] Completed local epoch 8/16 | Final Loss: 1.6724 | Final Train Acc: 52.78%
2025-08-24 09:32:16,785 - client_100 - INFO - [Client 3] Completed local epoch 9/16 | Final Loss: 1.6229 | Final Train Acc: 54.27%
2025-08-24 09:32:25,079 - client_100 - INFO - [Client 3] Completed local epoch 10/16 | Final Loss: 1.6138 | Final Train Acc: 54.55%
2025-08-24 09:32:34,464 - client_100 - INFO - [Client 3] Completed local epoch 11/16 | Final Loss: 1.5969 | Final Train Acc: 54.98%
2025-08-24 09:32:44,226 - client_100 - INFO - [Client 3] Completed local epoch 12/16 | Final Loss: 1.5583 | Final Train Acc: 55.95%
2025-08-24 09:32:52,464 - client_100 - INFO - [Client 3] Completed local epoch 13/16 | Final Loss: 1.5148 | Final Train Acc: 56.77%
2025-08-24 09:33:01,777 - client_100 - INFO - [Client 3] Completed local epoch 14/16 | Final Loss: 1.5095 | Final Train Acc: 56.83%
2025-08-24 09:33:11,546 - client_100 - INFO - [Client 3] Completed local epoch 15/16 | Final Loss: 1.4852 | Final Train Acc: 57.04%
2025-08-24 09:33:19,703 - client_100 - INFO - [Client 3] Completed local epoch 16/16 | Final Loss: 1.4731 | Final Train Acc: 57.55%
2025-08-24 09:33:25,541 - client_100 - INFO - --- Round 7/9 (tau = 16) ---
2025-08-24 09:33:29,127 - client_100 - INFO - [Client 0] Completed local epoch 1/16 | Final Loss: 1.5697 | Final Train Acc: 56.23%
2025-08-24 09:33:38,962 - client_100 - INFO - [Client 0] Completed local epoch 2/16 | Final Loss: 1.5637 | Final Train Acc: 56.30%
2025-08-24 09:33:47,281 - client_100 - INFO - [Client 0] Completed local epoch 3/16 | Final Loss: 1.5669 | Final Train Acc: 55.93%
2025-08-24 09:33:56,622 - client_100 - INFO - [Client 0] Completed local epoch 4/16 | Final Loss: 1.5869 | Final Train Acc: 55.33%
2025-08-24 09:34:06,305 - client_100 - INFO - [Client 0] Completed local epoch 5/16 | Final Loss: 1.6697 | Final Train Acc: 53.20%
2025-08-24 09:34:14,631 - client_100 - INFO - [Client 0] Completed local epoch 6/16 | Final Loss: 1.6679 | Final Train Acc: 53.37%
2025-08-24 09:34:24,039 - client_100 - INFO - [Client 0] Completed local epoch 7/16 | Final Loss: 1.6050 | Final Train Acc: 54.95%
2025-08-24 09:34:33,798 - client_100 - INFO - [Client 0] Completed local epoch 8/16 | Final Loss: 1.5899 | Final Train Acc: 54.76%
2025-08-24 09:34:42,132 - client_100 - INFO - [Client 0] Completed local epoch 9/16 | Final Loss: 1.5681 | Final Train Acc: 55.76%
2025-08-24 09:34:51,322 - client_100 - INFO - [Client 0] Completed local epoch 10/16 | Final Loss: 1.5466 | Final Train Acc: 55.75%
2025-08-24 09:35:01,114 - client_100 - INFO - [Client 0] Completed local epoch 11/16 | Final Loss: 1.5120 | Final Train Acc: 57.19%
2025-08-24 09:35:09,409 - client_100 - INFO - [Client 0] Completed local epoch 12/16 | Final Loss: 1.4695 | Final Train Acc: 57.91%
2025-08-24 09:35:18,563 - client_100 - INFO - [Client 0] Completed local epoch 13/16 | Final Loss: 1.4832 | Final Train Acc: 57.56%
2025-08-24 09:35:28,042 - client_100 - INFO - [Client 0] Completed local epoch 14/16 | Final Loss: 1.4282 | Final Train Acc: 58.89%
2025-08-24 09:35:36,122 - client_100 - INFO - [Client 0] Completed local epoch 15/16 | Final Loss: 1.4440 | Final Train Acc: 58.89%
2025-08-24 09:35:45,278 - client_100 - INFO - [Client 0] Completed local epoch 16/16 | Final Loss: 1.4225 | Final Train Acc: 59.09%
2025-08-24 09:35:54,845 - client_100 - INFO - [Client 1] Completed local epoch 1/16 | Final Loss: 1.5815 | Final Train Acc: 56.15%
2025-08-24 09:36:03,396 - client_100 - INFO - [Client 1] Completed local epoch 2/16 | Final Loss: 1.5646 | Final Train Acc: 56.50%
2025-08-24 09:36:12,591 - client_100 - INFO - [Client 1] Completed local epoch 3/16 | Final Loss: 1.5716 | Final Train Acc: 55.62%
2025-08-24 09:36:21,769 - client_100 - INFO - [Client 1] Completed local epoch 4/16 | Final Loss: 1.6138 | Final Train Acc: 54.92%
2025-08-24 09:36:30,237 - client_100 - INFO - [Client 1] Completed local epoch 5/16 | Final Loss: 1.6548 | Final Train Acc: 53.67%
2025-08-24 09:36:39,365 - client_100 - INFO - [Client 1] Completed local epoch 6/16 | Final Loss: 1.6744 | Final Train Acc: 52.60%
2025-08-24 09:36:48,151 - client_100 - INFO - [Client 1] Completed local epoch 7/16 | Final Loss: 1.6557 | Final Train Acc: 53.64%
2025-08-24 09:36:57,145 - client_100 - INFO - [Client 1] Completed local epoch 8/16 | Final Loss: 1.6368 | Final Train Acc: 53.89%
2025-08-24 09:37:06,439 - client_100 - INFO - [Client 1] Completed local epoch 9/16 | Final Loss: 1.5751 | Final Train Acc: 54.93%
2025-08-24 09:37:14,898 - client_100 - INFO - [Client 1] Completed local epoch 10/16 | Final Loss: 1.5490 | Final Train Acc: 55.70%
2025-08-24 09:37:24,085 - client_100 - INFO - [Client 1] Completed local epoch 11/16 | Final Loss: 1.5487 | Final Train Acc: 55.65%
2025-08-24 09:37:33,470 - client_100 - INFO - [Client 1] Completed local epoch 12/16 | Final Loss: 1.5155 | Final Train Acc: 57.03%
2025-08-24 09:37:41,724 - client_100 - INFO - [Client 1] Completed local epoch 13/16 | Final Loss: 1.4903 | Final Train Acc: 57.71%
2025-08-24 09:37:51,170 - client_100 - INFO - [Client 1] Completed local epoch 14/16 | Final Loss: 1.4867 | Final Train Acc: 57.47%
2025-08-24 09:38:00,760 - client_100 - INFO - [Client 1] Completed local epoch 15/16 | Final Loss: 1.4690 | Final Train Acc: 57.36%
2025-08-24 09:38:08,908 - client_100 - INFO - [Client 1] Completed local epoch 16/16 | Final Loss: 1.4420 | Final Train Acc: 58.19%
2025-08-24 09:38:18,022 - client_100 - INFO - [Client 2] Completed local epoch 1/16 | Final Loss: 1.5685 | Final Train Acc: 56.29%
2025-08-24 09:38:27,663 - client_100 - INFO - [Client 2] Completed local epoch 2/16 | Final Loss: 1.5088 | Final Train Acc: 57.63%
2025-08-24 09:38:35,846 - client_100 - INFO - [Client 2] Completed local epoch 3/16 | Final Loss: 1.5028 | Final Train Acc: 57.34%
2025-08-24 09:38:45,047 - client_100 - INFO - [Client 2] Completed local epoch 4/16 | Final Loss: 1.5948 | Final Train Acc: 55.11%
2025-08-24 09:38:54,615 - client_100 - INFO - [Client 2] Completed local epoch 5/16 | Final Loss: 1.6430 | Final Train Acc: 54.29%
2025-08-24 09:39:02,606 - client_100 - INFO - [Client 2] Completed local epoch 6/16 | Final Loss: 1.6606 | Final Train Acc: 53.42%
2025-08-24 09:39:11,679 - client_100 - INFO - [Client 2] Completed local epoch 7/16 | Final Loss: 1.6023 | Final Train Acc: 54.31%
2025-08-24 09:39:20,994 - client_100 - INFO - [Client 2] Completed local epoch 8/16 | Final Loss: 1.5699 | Final Train Acc: 55.41%
2025-08-24 09:39:29,506 - client_100 - INFO - [Client 2] Completed local epoch 9/16 | Final Loss: 1.5522 | Final Train Acc: 55.67%
2025-08-24 09:39:38,626 - client_100 - INFO - [Client 2] Completed local epoch 10/16 | Final Loss: 1.5258 | Final Train Acc: 56.59%
2025-08-24 09:39:47,863 - client_100 - INFO - [Client 2] Completed local epoch 11/16 | Final Loss: 1.4820 | Final Train Acc: 57.70%
2025-08-24 09:39:56,659 - client_100 - INFO - [Client 2] Completed local epoch 12/16 | Final Loss: 1.4724 | Final Train Acc: 57.29%
2025-08-24 09:40:05,858 - client_100 - INFO - [Client 2] Completed local epoch 13/16 | Final Loss: 1.4361 | Final Train Acc: 58.98%
2025-08-24 09:40:14,794 - client_100 - INFO - [Client 2] Completed local epoch 14/16 | Final Loss: 1.4488 | Final Train Acc: 58.93%
2025-08-24 09:40:23,755 - client_100 - INFO - [Client 2] Completed local epoch 15/16 | Final Loss: 1.4241 | Final Train Acc: 58.80%
2025-08-24 09:40:32,967 - client_100 - INFO - [Client 2] Completed local epoch 16/16 | Final Loss: 1.4160 | Final Train Acc: 58.64%
2025-08-24 09:40:41,667 - client_100 - INFO - [Client 3] Completed local epoch 1/16 | Final Loss: 1.5599 | Final Train Acc: 56.72%
2025-08-24 09:40:50,597 - client_100 - INFO - [Client 3] Completed local epoch 2/16 | Final Loss: 1.5273 | Final Train Acc: 57.42%
2025-08-24 09:41:00,115 - client_100 - INFO - [Client 3] Completed local epoch 3/16 | Final Loss: 1.5454 | Final Train Acc: 56.95%
2025-08-24 09:41:08,784 - client_100 - INFO - [Client 3] Completed local epoch 4/16 | Final Loss: 1.5878 | Final Train Acc: 55.54%
2025-08-24 09:41:18,095 - client_100 - INFO - [Client 3] Completed local epoch 5/16 | Final Loss: 1.6344 | Final Train Acc: 54.51%
2025-08-24 09:41:27,627 - client_100 - INFO - [Client 3] Completed local epoch 6/16 | Final Loss: 1.6380 | Final Train Acc: 53.62%
2025-08-24 09:41:35,954 - client_100 - INFO - [Client 3] Completed local epoch 7/16 | Final Loss: 1.6231 | Final Train Acc: 54.39%
2025-08-24 09:41:45,137 - client_100 - INFO - [Client 3] Completed local epoch 8/16 | Final Loss: 1.5741 | Final Train Acc: 54.94%
2025-08-24 09:41:54,847 - client_100 - INFO - [Client 3] Completed local epoch 9/16 | Final Loss: 1.5746 | Final Train Acc: 55.62%
2025-08-24 09:42:03,139 - client_100 - INFO - [Client 3] Completed local epoch 10/16 | Final Loss: 1.5663 | Final Train Acc: 55.35%
2025-08-24 09:42:12,406 - client_100 - INFO - [Client 3] Completed local epoch 11/16 | Final Loss: 1.5293 | Final Train Acc: 56.25%
2025-08-24 09:42:22,029 - client_100 - INFO - [Client 3] Completed local epoch 12/16 | Final Loss: 1.4961 | Final Train Acc: 58.25%
2025-08-24 09:42:30,368 - client_100 - INFO - [Client 3] Completed local epoch 13/16 | Final Loss: 1.4493 | Final Train Acc: 57.85%
2025-08-24 09:42:39,376 - client_100 - INFO - [Client 3] Completed local epoch 14/16 | Final Loss: 1.4461 | Final Train Acc: 58.18%
2025-08-24 09:42:48,956 - client_100 - INFO - [Client 3] Completed local epoch 15/16 | Final Loss: 1.4244 | Final Train Acc: 58.71%
2025-08-24 09:42:57,226 - client_100 - INFO - [Client 3] Completed local epoch 16/16 | Final Loss: 1.4186 | Final Train Acc: 58.78%
2025-08-24 09:43:02,913 - client_100 - INFO - --- Round 8/9 (tau = 16) ---
2025-08-24 09:43:06,529 - client_100 - INFO - [Client 0] Completed local epoch 1/16 | Final Loss: 1.5190 | Final Train Acc: 57.61%
2025-08-24 09:43:16,172 - client_100 - INFO - [Client 0] Completed local epoch 2/16 | Final Loss: 1.4926 | Final Train Acc: 58.64%
2025-08-24 09:43:24,518 - client_100 - INFO - [Client 0] Completed local epoch 3/16 | Final Loss: 1.4869 | Final Train Acc: 57.95%
2025-08-24 09:43:33,647 - client_100 - INFO - [Client 0] Completed local epoch 4/16 | Final Loss: 1.5173 | Final Train Acc: 57.32%
2025-08-24 09:43:43,271 - client_100 - INFO - [Client 0] Completed local epoch 5/16 | Final Loss: 1.6083 | Final Train Acc: 54.27%
2025-08-24 09:43:51,428 - client_100 - INFO - [Client 0] Completed local epoch 6/16 | Final Loss: 1.5961 | Final Train Acc: 55.25%
2025-08-24 09:44:00,558 - client_100 - INFO - [Client 0] Completed local epoch 7/16 | Final Loss: 1.5810 | Final Train Acc: 55.06%
2025-08-24 09:44:10,146 - client_100 - INFO - [Client 0] Completed local epoch 8/16 | Final Loss: 1.5399 | Final Train Acc: 56.06%
2025-08-24 09:44:18,453 - client_100 - INFO - [Client 0] Completed local epoch 9/16 | Final Loss: 1.4975 | Final Train Acc: 57.17%
2025-08-24 09:44:27,662 - client_100 - INFO - [Client 0] Completed local epoch 10/16 | Final Loss: 1.4688 | Final Train Acc: 57.53%
2025-08-24 09:44:36,993 - client_100 - INFO - [Client 0] Completed local epoch 11/16 | Final Loss: 1.4501 | Final Train Acc: 58.23%
2025-08-24 09:44:45,573 - client_100 - INFO - [Client 0] Completed local epoch 12/16 | Final Loss: 1.4498 | Final Train Acc: 58.67%
2025-08-24 09:44:54,870 - client_100 - INFO - [Client 0] Completed local epoch 13/16 | Final Loss: 1.4265 | Final Train Acc: 59.11%
2025-08-24 09:45:04,074 - client_100 - INFO - [Client 0] Completed local epoch 14/16 | Final Loss: 1.3760 | Final Train Acc: 59.99%
2025-08-24 09:45:12,815 - client_100 - INFO - [Client 0] Completed local epoch 15/16 | Final Loss: 1.3839 | Final Train Acc: 59.44%
2025-08-24 09:45:21,970 - client_100 - INFO - [Client 0] Completed local epoch 16/16 | Final Loss: 1.3770 | Final Train Acc: 60.20%
2025-08-24 09:45:31,283 - client_100 - INFO - [Client 1] Completed local epoch 1/16 | Final Loss: 1.5282 | Final Train Acc: 57.14%
2025-08-24 09:45:39,957 - client_100 - INFO - [Client 1] Completed local epoch 2/16 | Final Loss: 1.5418 | Final Train Acc: 56.49%
2025-08-24 09:45:49,116 - client_100 - INFO - [Client 1] Completed local epoch 3/16 | Final Loss: 1.5265 | Final Train Acc: 56.84%
2025-08-24 09:45:58,248 - client_100 - INFO - [Client 1] Completed local epoch 4/16 | Final Loss: 1.5284 | Final Train Acc: 56.18%
2025-08-24 09:46:07,186 - client_100 - INFO - [Client 1] Completed local epoch 5/16 | Final Loss: 1.6455 | Final Train Acc: 53.75%
2025-08-24 09:46:16,620 - client_100 - INFO - [Client 1] Completed local epoch 6/16 | Final Loss: 1.5821 | Final Train Acc: 55.73%
2025-08-24 09:46:25,966 - client_100 - INFO - [Client 1] Completed local epoch 7/16 | Final Loss: 1.5965 | Final Train Acc: 55.13%
2025-08-24 09:46:34,772 - client_100 - INFO - [Client 1] Completed local epoch 8/16 | Final Loss: 1.5405 | Final Train Acc: 55.98%
2025-08-24 09:46:44,057 - client_100 - INFO - [Client 1] Completed local epoch 9/16 | Final Loss: 1.5614 | Final Train Acc: 54.96%
2025-08-24 09:46:52,871 - client_100 - INFO - [Client 1] Completed local epoch 10/16 | Final Loss: 1.5327 | Final Train Acc: 56.32%
2025-08-24 09:47:01,731 - client_100 - INFO - [Client 1] Completed local epoch 11/16 | Final Loss: 1.4735 | Final Train Acc: 57.35%
2025-08-24 09:47:11,051 - client_100 - INFO - [Client 1] Completed local epoch 12/16 | Final Loss: 1.4697 | Final Train Acc: 57.68%
2025-08-24 09:47:19,341 - client_100 - INFO - [Client 1] Completed local epoch 13/16 | Final Loss: 1.4403 | Final Train Acc: 58.25%
2025-08-24 09:47:28,511 - client_100 - INFO - [Client 1] Completed local epoch 14/16 | Final Loss: 1.4276 | Final Train Acc: 58.49%
2025-08-24 09:47:37,877 - client_100 - INFO - [Client 1] Completed local epoch 15/16 | Final Loss: 1.3979 | Final Train Acc: 59.44%
2025-08-24 09:47:46,178 - client_100 - INFO - [Client 1] Completed local epoch 16/16 | Final Loss: 1.4259 | Final Train Acc: 58.98%
2025-08-24 09:47:55,511 - client_100 - INFO - [Client 2] Completed local epoch 1/16 | Final Loss: 1.5027 | Final Train Acc: 57.94%
2025-08-24 09:48:05,038 - client_100 - INFO - [Client 2] Completed local epoch 2/16 | Final Loss: 1.4656 | Final Train Acc: 58.58%
2025-08-24 09:48:13,163 - client_100 - INFO - [Client 2] Completed local epoch 3/16 | Final Loss: 1.5044 | Final Train Acc: 57.85%
2025-08-24 09:48:22,415 - client_100 - INFO - [Client 2] Completed local epoch 4/16 | Final Loss: 1.5109 | Final Train Acc: 57.03%
2025-08-24 09:48:31,860 - client_100 - INFO - [Client 2] Completed local epoch 5/16 | Final Loss: 1.6028 | Final Train Acc: 54.04%
2025-08-24 09:48:39,947 - client_100 - INFO - [Client 2] Completed local epoch 6/16 | Final Loss: 1.5658 | Final Train Acc: 55.99%
2025-08-24 09:48:48,921 - client_100 - INFO - [Client 2] Completed local epoch 7/16 | Final Loss: 1.5794 | Final Train Acc: 55.21%
2025-08-24 09:48:58,863 - client_100 - INFO - [Client 2] Completed local epoch 8/16 | Final Loss: 1.5074 | Final Train Acc: 57.59%
2025-08-24 09:49:07,030 - client_100 - INFO - [Client 2] Completed local epoch 9/16 | Final Loss: 1.4990 | Final Train Acc: 57.60%
2025-08-24 09:49:15,907 - client_100 - INFO - [Client 2] Completed local epoch 10/16 | Final Loss: 1.4966 | Final Train Acc: 56.96%
2025-08-24 09:49:25,235 - client_100 - INFO - [Client 2] Completed local epoch 11/16 | Final Loss: 1.4628 | Final Train Acc: 57.68%
2025-08-24 09:49:33,745 - client_100 - INFO - [Client 2] Completed local epoch 12/16 | Final Loss: 1.4352 | Final Train Acc: 58.44%
2025-08-24 09:49:42,966 - client_100 - INFO - [Client 2] Completed local epoch 13/16 | Final Loss: 1.4007 | Final Train Acc: 59.34%
2025-08-24 09:49:52,465 - client_100 - INFO - [Client 2] Completed local epoch 14/16 | Final Loss: 1.4036 | Final Train Acc: 59.61%
2025-08-24 09:50:01,191 - client_100 - INFO - [Client 2] Completed local epoch 15/16 | Final Loss: 1.3707 | Final Train Acc: 60.17%
2025-08-24 09:50:10,450 - client_100 - INFO - [Client 2] Completed local epoch 16/16 | Final Loss: 1.3627 | Final Train Acc: 60.41%
2025-08-24 09:50:19,629 - client_100 - INFO - [Client 3] Completed local epoch 1/16 | Final Loss: 1.5123 | Final Train Acc: 57.55%
2025-08-24 09:50:28,171 - client_100 - INFO - [Client 3] Completed local epoch 2/16 | Final Loss: 1.4733 | Final Train Acc: 58.01%
2025-08-24 09:50:37,374 - client_100 - INFO - [Client 3] Completed local epoch 3/16 | Final Loss: 1.4787 | Final Train Acc: 57.84%
2025-08-24 09:50:46,280 - client_100 - INFO - [Client 3] Completed local epoch 4/16 | Final Loss: 1.5393 | Final Train Acc: 56.49%
2025-08-24 09:50:55,112 - client_100 - INFO - [Client 3] Completed local epoch 5/16 | Final Loss: 1.5915 | Final Train Acc: 54.67%
2025-08-24 09:51:04,415 - client_100 - INFO - [Client 3] Completed local epoch 6/16 | Final Loss: 1.5801 | Final Train Acc: 55.67%
2025-08-24 09:51:13,047 - client_100 - INFO - [Client 3] Completed local epoch 7/16 | Final Loss: 1.5425 | Final Train Acc: 55.85%
2025-08-24 09:51:22,176 - client_100 - INFO - [Client 3] Completed local epoch 8/16 | Final Loss: 1.5146 | Final Train Acc: 56.63%
2025-08-24 09:51:31,648 - client_100 - INFO - [Client 3] Completed local epoch 9/16 | Final Loss: 1.5125 | Final Train Acc: 57.21%
2025-08-24 09:51:40,274 - client_100 - INFO - [Client 3] Completed local epoch 10/16 | Final Loss: 1.4852 | Final Train Acc: 57.11%
2025-08-24 09:51:49,365 - client_100 - INFO - [Client 3] Completed local epoch 11/16 | Final Loss: 1.4812 | Final Train Acc: 57.24%
2025-08-24 09:51:58,922 - client_100 - INFO - [Client 3] Completed local epoch 12/16 | Final Loss: 1.4272 | Final Train Acc: 58.87%
2025-08-24 09:52:07,360 - client_100 - INFO - [Client 3] Completed local epoch 13/16 | Final Loss: 1.4161 | Final Train Acc: 59.14%
2025-08-24 09:52:16,561 - client_100 - INFO - [Client 3] Completed local epoch 14/16 | Final Loss: 1.4028 | Final Train Acc: 59.78%
2025-08-24 09:52:26,082 - client_100 - INFO - [Client 3] Completed local epoch 15/16 | Final Loss: 1.4217 | Final Train Acc: 58.90%
2025-08-24 09:52:34,320 - client_100 - INFO - [Client 3] Completed local epoch 16/16 | Final Loss: 1.3551 | Final Train Acc: 60.67%
2025-08-24 09:52:40,193 - client_100 - INFO - --- Round 9/9 (tau = 16) ---
2025-08-24 09:52:43,793 - client_100 - INFO - [Client 0] Completed local epoch 1/16 | Final Loss: 1.4607 | Final Train Acc: 59.11%
2025-08-24 09:52:53,502 - client_100 - INFO - [Client 0] Completed local epoch 2/16 | Final Loss: 1.4420 | Final Train Acc: 59.06%
2025-08-24 09:53:01,849 - client_100 - INFO - [Client 0] Completed local epoch 3/16 | Final Loss: 1.4510 | Final Train Acc: 59.12%
2025-08-24 09:53:11,331 - client_100 - INFO - [Client 0] Completed local epoch 4/16 | Final Loss: 1.4915 | Final Train Acc: 57.87%
2025-08-24 09:53:21,103 - client_100 - INFO - [Client 0] Completed local epoch 5/16 | Final Loss: 1.5536 | Final Train Acc: 56.27%
2025-08-24 09:53:29,486 - client_100 - INFO - [Client 0] Completed local epoch 6/16 | Final Loss: 1.5595 | Final Train Acc: 55.11%
2025-08-24 09:53:38,854 - client_100 - INFO - [Client 0] Completed local epoch 7/16 | Final Loss: 1.4982 | Final Train Acc: 57.33%
2025-08-24 09:53:48,604 - client_100 - INFO - [Client 0] Completed local epoch 8/16 | Final Loss: 1.5044 | Final Train Acc: 57.13%
2025-08-24 09:53:56,963 - client_100 - INFO - [Client 0] Completed local epoch 9/16 | Final Loss: 1.4916 | Final Train Acc: 57.70%
2025-08-24 09:54:06,483 - client_100 - INFO - [Client 0] Completed local epoch 10/16 | Final Loss: 1.4540 | Final Train Acc: 58.32%
2025-08-24 09:54:16,359 - client_100 - INFO - [Client 0] Completed local epoch 11/16 | Final Loss: 1.4292 | Final Train Acc: 58.93%
2025-08-24 09:54:24,882 - client_100 - INFO - [Client 0] Completed local epoch 12/16 | Final Loss: 1.4458 | Final Train Acc: 58.84%
2025-08-24 09:54:34,402 - client_100 - INFO - [Client 0] Completed local epoch 13/16 | Final Loss: 1.3812 | Final Train Acc: 60.34%
2025-08-24 09:54:44,340 - client_100 - INFO - [Client 0] Completed local epoch 14/16 | Final Loss: 1.3806 | Final Train Acc: 60.78%
2025-08-24 09:54:52,678 - client_100 - INFO - [Client 0] Completed local epoch 15/16 | Final Loss: 1.3261 | Final Train Acc: 61.52%
2025-08-24 09:55:02,113 - client_100 - INFO - [Client 0] Completed local epoch 16/16 | Final Loss: 1.3184 | Final Train Acc: 61.42%
2025-08-24 09:55:11,854 - client_100 - INFO - [Client 1] Completed local epoch 1/16 | Final Loss: 1.4962 | Final Train Acc: 57.96%
2025-08-24 09:55:20,265 - client_100 - INFO - [Client 1] Completed local epoch 2/16 | Final Loss: 1.4619 | Final Train Acc: 58.87%
2025-08-24 09:55:29,848 - client_100 - INFO - [Client 1] Completed local epoch 3/16 | Final Loss: 1.4667 | Final Train Acc: 58.55%
2025-08-24 09:55:39,719 - client_100 - INFO - [Client 1] Completed local epoch 4/16 | Final Loss: 1.4847 | Final Train Acc: 58.13%
2025-08-24 09:55:47,913 - client_100 - INFO - [Client 1] Completed local epoch 5/16 | Final Loss: 1.5831 | Final Train Acc: 55.54%
2025-08-24 09:55:57,356 - client_100 - INFO - [Client 1] Completed local epoch 6/16 | Final Loss: 1.5946 | Final Train Acc: 54.84%
2025-08-24 09:56:07,276 - client_100 - INFO - [Client 1] Completed local epoch 7/16 | Final Loss: 1.5501 | Final Train Acc: 55.70%
2025-08-24 09:56:15,552 - client_100 - INFO - [Client 1] Completed local epoch 8/16 | Final Loss: 1.4993 | Final Train Acc: 57.25%
2025-08-24 09:56:24,888 - client_100 - INFO - [Client 1] Completed local epoch 9/16 | Final Loss: 1.4596 | Final Train Acc: 58.09%
2025-08-24 09:56:34,611 - client_100 - INFO - [Client 1] Completed local epoch 10/16 | Final Loss: 1.4390 | Final Train Acc: 58.82%
2025-08-24 09:56:42,950 - client_100 - INFO - [Client 1] Completed local epoch 11/16 | Final Loss: 1.5077 | Final Train Acc: 56.92%
2025-08-24 09:56:52,226 - client_100 - INFO - [Client 1] Completed local epoch 12/16 | Final Loss: 1.4302 | Final Train Acc: 58.38%
2025-08-24 09:57:02,115 - client_100 - INFO - [Client 1] Completed local epoch 13/16 | Final Loss: 1.4003 | Final Train Acc: 59.10%
2025-08-24 09:57:10,515 - client_100 - INFO - [Client 1] Completed local epoch 14/16 | Final Loss: 1.3584 | Final Train Acc: 60.40%
2025-08-24 09:57:19,687 - client_100 - INFO - [Client 1] Completed local epoch 15/16 | Final Loss: 1.3774 | Final Train Acc: 60.74%
2025-08-24 09:57:29,471 - client_100 - INFO - [Client 1] Completed local epoch 16/16 | Final Loss: 1.3373 | Final Train Acc: 61.16%
2025-08-24 09:57:37,750 - client_100 - INFO - [Client 2] Completed local epoch 1/16 | Final Loss: 1.4698 | Final Train Acc: 58.51%
2025-08-24 09:57:46,814 - client_100 - INFO - [Client 2] Completed local epoch 2/16 | Final Loss: 1.4060 | Final Train Acc: 60.39%
2025-08-24 09:57:56,541 - client_100 - INFO - [Client 2] Completed local epoch 3/16 | Final Loss: 1.4523 | Final Train Acc: 58.51%
2025-08-24 09:58:04,853 - client_100 - INFO - [Client 2] Completed local epoch 4/16 | Final Loss: 1.4708 | Final Train Acc: 57.66%
2025-08-24 09:58:14,253 - client_100 - INFO - [Client 2] Completed local epoch 5/16 | Final Loss: 1.5295 | Final Train Acc: 56.42%
2025-08-24 09:58:24,053 - client_100 - INFO - [Client 2] Completed local epoch 6/16 | Final Loss: 1.5184 | Final Train Acc: 56.58%
2025-08-24 09:58:32,281 - client_100 - INFO - [Client 2] Completed local epoch 7/16 | Final Loss: 1.5655 | Final Train Acc: 55.24%
2025-08-24 09:58:41,711 - client_100 - INFO - [Client 2] Completed local epoch 8/16 | Final Loss: 1.4743 | Final Train Acc: 57.70%
2025-08-24 09:58:51,517 - client_100 - INFO - [Client 2] Completed local epoch 9/16 | Final Loss: 1.4589 | Final Train Acc: 57.99%
2025-08-24 09:58:59,816 - client_100 - INFO - [Client 2] Completed local epoch 10/16 | Final Loss: 1.4170 | Final Train Acc: 58.85%
2025-08-24 09:59:09,198 - client_100 - INFO - [Client 2] Completed local epoch 11/16 | Final Loss: 1.4079 | Final Train Acc: 59.30%
2025-08-24 09:59:19,007 - client_100 - INFO - [Client 2] Completed local epoch 12/16 | Final Loss: 1.4098 | Final Train Acc: 59.56%
2025-08-24 09:59:27,316 - client_100 - INFO - [Client 2] Completed local epoch 13/16 | Final Loss: 1.4095 | Final Train Acc: 59.22%
2025-08-24 09:59:36,471 - client_100 - INFO - [Client 2] Completed local epoch 14/16 | Final Loss: 1.3849 | Final Train Acc: 60.15%
2025-08-24 09:59:46,129 - client_100 - INFO - [Client 2] Completed local epoch 15/16 | Final Loss: 1.3640 | Final Train Acc: 60.68%
2025-08-24 09:59:54,590 - client_100 - INFO - [Client 2] Completed local epoch 16/16 | Final Loss: 1.3152 | Final Train Acc: 61.49%
2025-08-24 10:00:03,919 - client_100 - INFO - [Client 3] Completed local epoch 1/16 | Final Loss: 1.4646 | Final Train Acc: 58.90%
2025-08-24 10:00:13,718 - client_100 - INFO - [Client 3] Completed local epoch 2/16 | Final Loss: 1.4334 | Final Train Acc: 59.76%
2025-08-24 10:00:22,054 - client_100 - INFO - [Client 3] Completed local epoch 3/16 | Final Loss: 1.4195 | Final Train Acc: 60.39%
2025-08-24 10:00:31,265 - client_100 - INFO - [Client 3] Completed local epoch 4/16 | Final Loss: 1.4911 | Final Train Acc: 57.85%
2025-08-24 10:00:40,774 - client_100 - INFO - [Client 3] Completed local epoch 5/16 | Final Loss: 1.5816 | Final Train Acc: 55.33%
2025-08-24 10:00:49,363 - client_100 - INFO - [Client 3] Completed local epoch 6/16 | Final Loss: 1.5316 | Final Train Acc: 56.34%
2025-08-24 10:00:58,630 - client_100 - INFO - [Client 3] Completed local epoch 7/16 | Final Loss: 1.5335 | Final Train Acc: 56.15%
2025-08-24 10:01:07,892 - client_100 - INFO - [Client 3] Completed local epoch 8/16 | Final Loss: 1.4687 | Final Train Acc: 58.19%
2025-08-24 10:01:16,612 - client_100 - INFO - [Client 3] Completed local epoch 9/16 | Final Loss: 1.4717 | Final Train Acc: 57.92%
2025-08-24 10:01:25,892 - client_100 - INFO - [Client 3] Completed local epoch 10/16 | Final Loss: 1.4805 | Final Train Acc: 57.41%
2025-08-24 10:01:34,584 - client_100 - INFO - [Client 3] Completed local epoch 11/16 | Final Loss: 1.3827 | Final Train Acc: 59.80%
2025-08-24 10:01:43,767 - client_100 - INFO - [Client 3] Completed local epoch 12/16 | Final Loss: 1.4026 | Final Train Acc: 58.84%
2025-08-24 10:01:53,049 - client_100 - INFO - [Client 3] Completed local epoch 13/16 | Final Loss: 1.3998 | Final Train Acc: 60.11%
2025-08-24 10:02:01,546 - client_100 - INFO - [Client 3] Completed local epoch 14/16 | Final Loss: 1.3454 | Final Train Acc: 61.51%
2025-08-24 10:02:10,661 - client_100 - INFO - [Client 3] Completed local epoch 15/16 | Final Loss: 1.3623 | Final Train Acc: 60.67%
2025-08-24 10:02:19,971 - client_100 - INFO - [Client 3] Completed local epoch 16/16 | Final Loss: 1.3324 | Final Train Acc: 61.05%
2025-08-24 10:02:24,746 - client_100 - INFO - --- Final round (tau = 6) ---
