2025-05-23 07:12:30,099 - trainer_0 - INFO - Started training experiment: centralized_lars_lr0.5_wd0.0001_20250523_071230
2025-05-23 07:12:30,100 - trainer_0 - INFO - Log file: centralized_lars_lr0.5_wd0.0001/centralized_lars_lr0.5_wd0.0001_20250523_071230.log
2025-05-23 07:12:30,102 - trainer_0 - INFO - Training centralized on device: cpu
2025-05-23 07:12:30,102 - trainer_0 - INFO - Optimizer: LARS, Epochs: 150, LR: 0.5
2025-05-23 07:12:39,389 - trainer_0 - INFO - [DEBUG] Train dataset size: 40000 | Expected batches: 313
2025-05-23 07:12:39,404 - trainer_0 - INFO - Scaled LR using sqrt mode to: 0.5
2025-05-23 07:12:39,405 - trainer_0 - INFO - Checking if there is any checkpoint. Resuming False, Checkpoint path: checkpoint.pth
2025-05-23 07:12:42,328 - trainer_0 - INFO - Epoch: 1 | Batch: 10/312 | Loss: 4.6246 | Images/sec: 94.15 | Progress: 2.9% | Time: 12.24s | lr: 0.0000 | train_acc: 1.4062
2025-05-23 07:12:45,275 - trainer_0 - INFO - Epoch: 1 | Batch: 20/312 | Loss: 4.6247 | Images/sec: 160.18 | Progress: 6.1% | Time: 15.18s | lr: 0.0000 | train_acc: 1.2500
2025-05-23 07:12:47,670 - trainer_0 - INFO - Epoch: 1 | Batch: 30/312 | Loss: 4.6208 | Images/sec: 211.19 | Progress: 9.3% | Time: 17.58s | lr: 0.0000 | train_acc: 1.2240
2025-05-23 07:12:50,014 - trainer_0 - INFO - Epoch: 1 | Batch: 40/312 | Loss: 4.6189 | Images/sec: 250.58 | Progress: 12.5% | Time: 19.92s | lr: 0.0000 | train_acc: 1.2109
2025-05-23 07:12:52,245 - trainer_0 - INFO - Epoch: 1 | Batch: 50/312 | Loss: 4.6157 | Images/sec: 283.13 | Progress: 15.7% | Time: 22.15s | lr: 0.0000 | train_acc: 1.1406
2025-05-23 07:12:54,500 - trainer_0 - INFO - Epoch: 1 | Batch: 60/312 | Loss: 4.6264 | Images/sec: 309.41 | Progress: 18.9% | Time: 24.41s | lr: 0.0000 | train_acc: 1.1719
2025-05-23 07:12:57,366 - trainer_0 - INFO - Epoch: 1 | Batch: 70/312 | Loss: 4.6180 | Images/sec: 323.83 | Progress: 22.1% | Time: 27.27s | lr: 0.0000 | train_acc: 1.1942
2025-05-23 07:12:59,641 - trainer_0 - INFO - Epoch: 1 | Batch: 80/312 | Loss: 4.6167 | Images/sec: 342.22 | Progress: 25.3% | Time: 29.55s | lr: 0.0000 | train_acc: 1.2109
2025-05-23 07:13:01,887 - trainer_0 - INFO - Epoch: 1 | Batch: 90/312 | Loss: 4.6300 | Images/sec: 358.30 | Progress: 28.5% | Time: 31.79s | lr: 0.0000 | train_acc: 1.1632
2025-05-23 07:13:04,191 - trainer_0 - INFO - Epoch: 1 | Batch: 100/312 | Loss: 4.6118 | Images/sec: 371.63 | Progress: 31.7% | Time: 34.10s | lr: 0.0000 | train_acc: 1.1719
2025-05-23 07:13:06,499 - trainer_0 - INFO - Epoch: 1 | Batch: 110/312 | Loss: 4.6233 | Images/sec: 383.23 | Progress: 34.9% | Time: 36.41s | lr: 0.0000 | train_acc: 1.1080
2025-05-23 07:13:09,297 - trainer_0 - INFO - Epoch: 1 | Batch: 120/312 | Loss: 4.6131 | Images/sec: 388.53 | Progress: 38.1% | Time: 39.20s | lr: 0.0000 | train_acc: 1.1068
2025-05-23 07:13:11,580 - trainer_0 - INFO - Epoch: 1 | Batch: 130/312 | Loss: 4.6182 | Images/sec: 398.00 | Progress: 41.3% | Time: 41.49s | lr: 0.0000 | train_acc: 1.0938
2025-05-23 07:13:13,811 - trainer_0 - INFO - Epoch: 1 | Batch: 140/312 | Loss: 4.6232 | Images/sec: 406.96 | Progress: 44.5% | Time: 43.72s | lr: 0.0000 | train_acc: 1.0826
2025-05-23 07:13:16,044 - trainer_0 - INFO - Epoch: 1 | Batch: 150/312 | Loss: 4.6246 | Images/sec: 415.05 | Progress: 47.7% | Time: 45.95s | lr: 0.0000 | train_acc: 1.1094
2025-05-23 07:13:18,321 - trainer_0 - INFO - Epoch: 1 | Batch: 160/312 | Loss: 4.6223 | Images/sec: 421.99 | Progress: 50.9% | Time: 48.23s | lr: 0.0000 | train_acc: 1.0938
2025-05-23 07:13:20,944 - trainer_0 - INFO - Epoch: 1 | Batch: 170/312 | Loss: 4.6165 | Images/sec: 425.40 | Progress: 54.1% | Time: 50.85s | lr: 0.0000 | train_acc: 1.1167
2025-05-23 07:13:23,466 - trainer_0 - INFO - Epoch: 1 | Batch: 180/312 | Loss: 4.6147 | Images/sec: 429.28 | Progress: 57.3% | Time: 53.37s | lr: 0.0000 | train_acc: 1.1024
2025-05-23 07:13:25,765 - trainer_0 - INFO - Epoch: 1 | Batch: 190/312 | Loss: 4.6189 | Images/sec: 434.55 | Progress: 60.5% | Time: 55.67s | lr: 0.0000 | train_acc: 1.0855
2025-05-23 07:13:28,067 - trainer_0 - INFO - Epoch: 1 | Batch: 200/312 | Loss: 4.6155 | Images/sec: 439.37 | Progress: 63.7% | Time: 57.97s | lr: 0.0000 | train_acc: 1.0898
2025-05-23 07:13:30,337 - trainer_0 - INFO - Epoch: 1 | Batch: 210/312 | Loss: 4.6224 | Images/sec: 444.06 | Progress: 66.9% | Time: 60.24s | lr: 0.0000 | train_acc: 1.0751
2025-05-23 07:13:33,004 - trainer_0 - INFO - Epoch: 1 | Batch: 220/312 | Loss: 4.6128 | Images/sec: 445.58 | Progress: 70.1% | Time: 62.91s | lr: 0.0000 | train_acc: 1.0831
2025-05-23 07:13:35,594 - trainer_0 - INFO - Epoch: 1 | Batch: 230/312 | Loss: 4.6180 | Images/sec: 447.50 | Progress: 73.3% | Time: 65.50s | lr: 0.0000 | train_acc: 1.0971
2025-05-23 07:13:37,891 - trainer_0 - INFO - Epoch: 1 | Batch: 240/312 | Loss: 4.6169 | Images/sec: 451.22 | Progress: 76.5% | Time: 67.80s | lr: 0.0000 | train_acc: 1.0938
2025-05-23 07:13:40,127 - trainer_0 - INFO - Epoch: 1 | Batch: 250/312 | Loss: 4.6179 | Images/sec: 455.09 | Progress: 79.7% | Time: 70.03s | lr: 0.0000 | train_acc: 1.1156
2025-05-23 07:13:42,366 - trainer_0 - INFO - Epoch: 1 | Batch: 260/312 | Loss: 4.6284 | Images/sec: 458.71 | Progress: 82.9% | Time: 72.27s | lr: 0.0000 | train_acc: 1.1148
2025-05-23 07:13:44,987 - trainer_0 - INFO - Epoch: 1 | Batch: 270/312 | Loss: 4.6182 | Images/sec: 459.74 | Progress: 86.1% | Time: 74.89s | lr: 0.0000 | train_acc: 1.1285
2025-05-23 07:13:47,568 - trainer_0 - INFO - Epoch: 1 | Batch: 280/312 | Loss: 4.6149 | Images/sec: 460.95 | Progress: 89.3% | Time: 77.47s | lr: 0.0000 | train_acc: 1.1049
2025-05-23 07:13:49,855 - trainer_0 - INFO - Epoch: 1 | Batch: 290/312 | Loss: 4.6234 | Images/sec: 463.78 | Progress: 92.5% | Time: 79.76s | lr: 0.0000 | train_acc: 1.0938
2025-05-23 07:13:52,102 - trainer_0 - INFO - Epoch: 1 | Batch: 300/312 | Loss: 4.6106 | Images/sec: 466.68 | Progress: 95.7% | Time: 82.01s | lr: 0.0000 | train_acc: 1.0911
2025-05-23 07:13:54,339 - trainer_0 - INFO - Epoch: 1 | Batch: 310/312 | Loss: 4.6120 | Images/sec: 469.48 | Progress: 98.9% | Time: 84.25s | lr: 0.0000 | train_acc: 1.0938
2025-05-23 07:14:12,327 - trainer_0 - INFO - Epoch 1 completed in 92.92s | Average Loss: 4.6192 | train_acc: 1.0975 | val_loss: 4.6101 | val_acc: 1.1300 | lr: 0.0250
2025-05-23 07:14:16,108 - trainer_0 - INFO - Epoch: 2 | Batch: 10/312 | Loss: 4.6121 | Images/sec: 10.87 | Progress: 2.9% | Time: 106.02s | lr: 0.0250 | train_acc: 1.0938
2025-05-23 07:14:18,438 - trainer_0 - INFO - Epoch: 2 | Batch: 20/312 | Loss: 4.6134 | Images/sec: 22.45 | Progress: 6.1% | Time: 108.35s | lr: 0.0250 | train_acc: 0.9766
2025-05-23 07:14:20,746 - trainer_0 - INFO - Epoch: 2 | Batch: 30/312 | Loss: 4.6162 | Images/sec: 33.55 | Progress: 9.3% | Time: 110.65s | lr: 0.0250 | train_acc: 0.9635
2025-05-23 07:14:23,707 - trainer_0 - INFO - Epoch: 2 | Batch: 40/312 | Loss: 4.6103 | Images/sec: 43.94 | Progress: 12.5% | Time: 113.61s | lr: 0.0250 | train_acc: 1.0352
2025-05-23 07:14:26,004 - trainer_0 - INFO - Epoch: 2 | Batch: 50/312 | Loss: 4.6079 | Images/sec: 54.11 | Progress: 15.7% | Time: 115.91s | lr: 0.0250 | train_acc: 1.0781
2025-05-23 07:14:28,253 - trainer_0 - INFO - Epoch: 2 | Batch: 60/312 | Loss: 4.6170 | Images/sec: 63.91 | Progress: 18.9% | Time: 118.16s | lr: 0.0250 | train_acc: 1.0286
2025-05-23 07:14:30,554 - trainer_0 - INFO - Epoch: 2 | Batch: 70/312 | Loss: 4.6091 | Images/sec: 73.32 | Progress: 22.1% | Time: 120.46s | lr: 0.0250 | train_acc: 1.0379
2025-05-23 07:14:32,891 - trainer_0 - INFO - Epoch: 2 | Batch: 80/312 | Loss: 4.5967 | Images/sec: 82.35 | Progress: 25.3% | Time: 122.80s | lr: 0.0250 | train_acc: 1.1035
2025-05-23 07:14:35,811 - trainer_0 - INFO - Epoch: 2 | Batch: 90/312 | Loss: 4.6043 | Images/sec: 90.62 | Progress: 28.5% | Time: 125.72s | lr: 0.0250 | train_acc: 1.1198
2025-05-23 07:14:38,176 - trainer_0 - INFO - Epoch: 2 | Batch: 100/312 | Loss: 4.5994 | Images/sec: 98.94 | Progress: 31.7% | Time: 128.08s | lr: 0.0250 | train_acc: 1.1328
2025-05-23 07:14:40,476 - trainer_0 - INFO - Epoch: 2 | Batch: 110/312 | Loss: 4.6060 | Images/sec: 107.01 | Progress: 34.9% | Time: 130.38s | lr: 0.0250 | train_acc: 1.1364
2025-05-23 07:14:42,741 - trainer_0 - INFO - Epoch: 2 | Batch: 120/312 | Loss: 4.6005 | Images/sec: 114.83 | Progress: 38.1% | Time: 132.65s | lr: 0.0250 | train_acc: 1.1458
2025-05-23 07:14:45,089 - trainer_0 - INFO - Epoch: 2 | Batch: 130/312 | Loss: 4.5979 | Images/sec: 122.31 | Progress: 41.3% | Time: 135.00s | lr: 0.0250 | train_acc: 1.1178
2025-05-23 07:14:48,070 - trainer_0 - INFO - Epoch: 2 | Batch: 140/312 | Loss: 4.5906 | Images/sec: 128.95 | Progress: 44.5% | Time: 137.98s | lr: 0.0250 | train_acc: 1.1942
2025-05-23 07:14:50,359 - trainer_0 - INFO - Epoch: 2 | Batch: 150/312 | Loss: 4.5881 | Images/sec: 135.97 | Progress: 47.7% | Time: 140.27s | lr: 0.0250 | train_acc: 1.2448
2025-05-23 07:14:52,703 - trainer_0 - INFO - Epoch: 2 | Batch: 160/312 | Loss: 4.5885 | Images/sec: 142.71 | Progress: 50.9% | Time: 142.61s | lr: 0.0250 | train_acc: 1.2744
2025-05-23 07:14:54,997 - trainer_0 - INFO - Epoch: 2 | Batch: 170/312 | Loss: 4.5870 | Images/sec: 149.28 | Progress: 54.1% | Time: 144.90s | lr: 0.0250 | train_acc: 1.2960
2025-05-23 07:14:57,338 - trainer_0 - INFO - Epoch: 2 | Batch: 180/312 | Loss: 4.5843 | Images/sec: 155.60 | Progress: 57.3% | Time: 147.25s | lr: 0.0250 | train_acc: 1.2760
2025-05-23 07:15:00,348 - trainer_0 - INFO - Epoch: 2 | Batch: 190/312 | Loss: 4.5804 | Images/sec: 161.01 | Progress: 60.5% | Time: 150.26s | lr: 0.0250 | train_acc: 1.3076
2025-05-23 07:15:02,710 - trainer_0 - INFO - Epoch: 2 | Batch: 200/312 | Loss: 4.5827 | Images/sec: 166.90 | Progress: 63.7% | Time: 152.62s | lr: 0.0250 | train_acc: 1.3047
2025-05-23 07:15:05,082 - trainer_0 - INFO - Epoch: 2 | Batch: 210/312 | Loss: 4.5919 | Images/sec: 172.61 | Progress: 66.9% | Time: 154.99s | lr: 0.0250 | train_acc: 1.3132
2025-05-23 07:15:07,441 - trainer_0 - INFO - Epoch: 2 | Batch: 220/312 | Loss: 4.5841 | Images/sec: 178.15 | Progress: 70.1% | Time: 157.35s | lr: 0.0250 | train_acc: 1.3104
2025-05-23 07:15:09,842 - trainer_0 - INFO - Epoch: 2 | Batch: 230/312 | Loss: 4.5823 | Images/sec: 183.49 | Progress: 73.3% | Time: 159.75s | lr: 0.0250 | train_acc: 1.3485
2025-05-23 07:15:12,811 - trainer_0 - INFO - Epoch: 2 | Batch: 240/312 | Loss: 4.5718 | Images/sec: 188.01 | Progress: 76.5% | Time: 162.72s | lr: 0.0250 | train_acc: 1.3509
2025-05-23 07:15:15,151 - trainer_0 - INFO - Epoch: 2 | Batch: 250/312 | Loss: 4.5703 | Images/sec: 193.10 | Progress: 79.7% | Time: 165.06s | lr: 0.0250 | train_acc: 1.3469
2025-05-23 07:15:17,469 - trainer_0 - INFO - Epoch: 2 | Batch: 260/312 | Loss: 4.5714 | Images/sec: 198.07 | Progress: 82.9% | Time: 167.38s | lr: 0.0250 | train_acc: 1.3672
2025-05-23 07:15:19,761 - trainer_0 - INFO - Epoch: 2 | Batch: 270/312 | Loss: 4.5698 | Images/sec: 202.94 | Progress: 86.1% | Time: 169.67s | lr: 0.0250 | train_acc: 1.4120
2025-05-23 07:15:22,208 - trainer_0 - INFO - Epoch: 2 | Batch: 280/312 | Loss: 4.5660 | Images/sec: 207.49 | Progress: 89.3% | Time: 172.11s | lr: 0.0250 | train_acc: 1.4286
2025-05-23 07:15:25,000 - trainer_0 - INFO - Epoch: 2 | Batch: 290/312 | Loss: 4.5618 | Images/sec: 211.49 | Progress: 92.5% | Time: 174.91s | lr: 0.0250 | train_acc: 1.4386
2025-05-23 07:15:27,271 - trainer_0 - INFO - Epoch: 2 | Batch: 300/312 | Loss: 4.5708 | Images/sec: 216.01 | Progress: 95.7% | Time: 177.18s | lr: 0.0250 | train_acc: 1.4974
2025-05-23 07:15:29,532 - trainer_0 - INFO - Epoch: 2 | Batch: 310/312 | Loss: 4.5645 | Images/sec: 220.42 | Progress: 98.9% | Time: 179.44s | lr: 0.0250 | train_acc: 1.5272
2025-05-23 07:15:46,946 - trainer_0 - INFO - Epoch 2 completed in 93.51s | Average Loss: 4.5902 | train_acc: 1.5275 | val_loss: 4.5522 | val_acc: 3.5400 | lr: 0.0500
2025-05-23 07:15:50,108 - trainer_0 - INFO - Epoch: 3 | Batch: 10/312 | Loss: 4.5567 | Images/sec: 5.76 | Progress: 2.9% | Time: 200.02s | lr: 0.0500 | train_acc: 1.8750
2025-05-23 07:15:52,389 - trainer_0 - INFO - Epoch: 3 | Batch: 20/312 | Loss: 4.5574 | Images/sec: 12.02 | Progress: 6.1% | Time: 202.30s | lr: 0.0500 | train_acc: 1.8359
2025-05-23 07:15:54,681 - trainer_0 - INFO - Epoch: 3 | Batch: 30/312 | Loss: 4.5529 | Images/sec: 18.14 | Progress: 9.3% | Time: 204.59s | lr: 0.0500 | train_acc: 2.1094
2025-05-23 07:15:56,937 - trainer_0 - INFO - Epoch: 3 | Batch: 40/312 | Loss: 4.5484 | Images/sec: 24.13 | Progress: 12.5% | Time: 206.84s | lr: 0.0500 | train_acc: 2.1875
2025-05-23 07:15:59,742 - trainer_0 - INFO - Epoch: 3 | Batch: 50/312 | Loss: 4.5458 | Images/sec: 29.92 | Progress: 15.7% | Time: 209.65s | lr: 0.0500 | train_acc: 2.3438
2025-05-23 07:16:02,256 - trainer_0 - INFO - Epoch: 3 | Batch: 60/312 | Loss: 4.5410 | Images/sec: 35.60 | Progress: 18.9% | Time: 212.16s | lr: 0.0500 | train_acc: 2.4349
2025-05-23 07:16:05,086 - trainer_0 - INFO - Epoch: 3 | Batch: 70/312 | Loss: 4.5279 | Images/sec: 41.08 | Progress: 22.1% | Time: 214.99s | lr: 0.0500 | train_acc: 2.6339
2025-05-23 07:16:07,558 - trainer_0 - INFO - Epoch: 3 | Batch: 80/312 | Loss: 4.5255 | Images/sec: 46.50 | Progress: 25.3% | Time: 217.47s | lr: 0.0500 | train_acc: 2.7539
2025-05-23 07:16:09,849 - trainer_0 - INFO - Epoch: 3 | Batch: 90/312 | Loss: 4.5298 | Images/sec: 51.84 | Progress: 28.5% | Time: 219.76s | lr: 0.0500 | train_acc: 2.7083
2025-05-23 07:16:12,859 - trainer_0 - INFO - Epoch: 3 | Batch: 100/312 | Loss: 4.5249 | Images/sec: 56.88 | Progress: 31.7% | Time: 222.77s | lr: 0.0500 | train_acc: 2.8438
2025-05-23 07:16:15,119 - trainer_0 - INFO - Epoch: 3 | Batch: 110/312 | Loss: 4.5223 | Images/sec: 62.00 | Progress: 34.9% | Time: 225.03s | lr: 0.0500 | train_acc: 2.8267
2025-05-23 07:16:17,404 - trainer_0 - INFO - Epoch: 3 | Batch: 120/312 | Loss: 4.5068 | Images/sec: 67.01 | Progress: 38.1% | Time: 227.31s | lr: 0.0500 | train_acc: 2.8255
2025-05-23 07:16:19,655 - trainer_0 - INFO - Epoch: 3 | Batch: 130/312 | Loss: 4.5197 | Images/sec: 71.93 | Progress: 41.3% | Time: 229.56s | lr: 0.0500 | train_acc: 2.8606
2025-05-23 07:16:21,886 - trainer_0 - INFO - Epoch: 3 | Batch: 140/312 | Loss: 4.5046 | Images/sec: 76.76 | Progress: 44.5% | Time: 231.79s | lr: 0.0500 | train_acc: 2.8850
2025-05-23 07:16:24,780 - trainer_0 - INFO - Epoch: 3 | Batch: 150/312 | Loss: 4.5035 | Images/sec: 81.27 | Progress: 47.7% | Time: 234.69s | lr: 0.0500 | train_acc: 2.9635
2025-05-23 07:16:27,081 - trainer_0 - INFO - Epoch: 3 | Batch: 160/312 | Loss: 4.4952 | Images/sec: 85.88 | Progress: 50.9% | Time: 236.99s | lr: 0.0500 | train_acc: 3.0127
2025-05-23 07:16:29,346 - trainer_0 - INFO - Epoch: 3 | Batch: 170/312 | Loss: 4.4750 | Images/sec: 90.41 | Progress: 54.1% | Time: 239.25s | lr: 0.0500 | train_acc: 3.1112
2025-05-23 07:16:31,713 - trainer_0 - INFO - Epoch: 3 | Batch: 180/312 | Loss: 4.4873 | Images/sec: 94.83 | Progress: 57.3% | Time: 241.62s | lr: 0.0500 | train_acc: 3.1597
2025-05-23 07:16:34,056 - trainer_0 - INFO - Epoch: 3 | Batch: 190/312 | Loss: 4.4729 | Images/sec: 99.16 | Progress: 60.5% | Time: 243.96s | lr: 0.0500 | train_acc: 3.2237
2025-05-23 07:16:37,031 - trainer_0 - INFO - Epoch: 3 | Batch: 200/312 | Loss: 4.4601 | Images/sec: 103.15 | Progress: 63.7% | Time: 246.94s | lr: 0.0500 | train_acc: 3.3242
2025-05-23 07:16:39,275 - trainer_0 - INFO - Epoch: 3 | Batch: 210/312 | Loss: 4.4646 | Images/sec: 107.36 | Progress: 66.9% | Time: 249.18s | lr: 0.0500 | train_acc: 3.3296
2025-05-23 07:16:41,526 - trainer_0 - INFO - Epoch: 3 | Batch: 220/312 | Loss: 4.4637 | Images/sec: 111.49 | Progress: 70.1% | Time: 251.43s | lr: 0.0500 | train_acc: 3.3452
2025-05-23 07:16:43,826 - trainer_0 - INFO - Epoch: 3 | Batch: 230/312 | Loss: 4.4722 | Images/sec: 115.52 | Progress: 73.3% | Time: 253.73s | lr: 0.0500 | train_acc: 3.3424
2025-05-23 07:16:46,166 - trainer_0 - INFO - Epoch: 3 | Batch: 240/312 | Loss: 4.4451 | Images/sec: 119.47 | Progress: 76.5% | Time: 256.07s | lr: 0.0500 | train_acc: 3.3822
2025-05-23 07:16:49,078 - trainer_0 - INFO - Epoch: 3 | Batch: 250/312 | Loss: 4.4489 | Images/sec: 123.07 | Progress: 79.7% | Time: 258.99s | lr: 0.0500 | train_acc: 3.4062
2025-05-23 07:16:51,294 - trainer_0 - INFO - Epoch: 3 | Batch: 260/312 | Loss: 4.4510 | Images/sec: 126.92 | Progress: 82.9% | Time: 261.20s | lr: 0.0500 | train_acc: 3.3984
2025-05-23 07:16:53,545 - trainer_0 - INFO - Epoch: 3 | Batch: 270/312 | Loss: 4.4293 | Images/sec: 130.70 | Progress: 86.1% | Time: 263.45s | lr: 0.0500 | train_acc: 3.4520
2025-05-23 07:16:55,841 - trainer_0 - INFO - Epoch: 3 | Batch: 280/312 | Loss: 4.4067 | Images/sec: 134.38 | Progress: 89.3% | Time: 265.75s | lr: 0.0500 | train_acc: 3.5240
2025-05-23 07:16:58,093 - trainer_0 - INFO - Epoch: 3 | Batch: 290/312 | Loss: 4.4254 | Images/sec: 138.03 | Progress: 92.5% | Time: 268.00s | lr: 0.0500 | train_acc: 3.5668
2025-05-23 07:17:00,931 - trainer_0 - INFO - Epoch: 3 | Batch: 300/312 | Loss: 4.4063 | Images/sec: 141.31 | Progress: 95.7% | Time: 270.84s | lr: 0.0500 | train_acc: 3.5781
2025-05-23 07:17:03,248 - trainer_0 - INFO - Epoch: 3 | Batch: 310/312 | Loss: 4.4202 | Images/sec: 144.80 | Progress: 98.9% | Time: 273.16s | lr: 0.0500 | train_acc: 3.5988
2025-05-23 07:17:20,452 - trainer_0 - INFO - Epoch 3 completed in 93.47s | Average Loss: 4.4891 | train_acc: 3.6125 | val_loss: 4.3737 | val_acc: 5.6000 | lr: 0.0750
2025-05-23 07:17:23,190 - trainer_0 - INFO - Epoch: 4 | Batch: 10/312 | Loss: 4.3942 | Images/sec: 3.93 | Progress: 2.9% | Time: 293.10s | lr: 0.0750 | train_acc: 4.4531
2025-05-23 07:17:26,216 - trainer_0 - INFO - Epoch: 4 | Batch: 20/312 | Loss: 4.4114 | Images/sec: 8.21 | Progress: 6.1% | Time: 296.12s | lr: 0.0750 | train_acc: 4.2578
2025-05-23 07:17:28,570 - trainer_0 - INFO - Epoch: 4 | Batch: 30/312 | Loss: 4.3706 | Images/sec: 12.44 | Progress: 9.3% | Time: 298.48s | lr: 0.0750 | train_acc: 4.8438
2025-05-23 07:17:30,838 - trainer_0 - INFO - Epoch: 4 | Batch: 40/312 | Loss: 4.3796 | Images/sec: 16.60 | Progress: 12.5% | Time: 300.75s | lr: 0.0750 | train_acc: 4.9609
2025-05-23 07:17:33,147 - trainer_0 - INFO - Epoch: 4 | Batch: 50/312 | Loss: 4.3799 | Images/sec: 20.70 | Progress: 15.7% | Time: 303.05s | lr: 0.0750 | train_acc: 4.9531
2025-05-23 07:17:35,461 - trainer_0 - INFO - Epoch: 4 | Batch: 60/312 | Loss: 4.3673 | Images/sec: 24.73 | Progress: 18.9% | Time: 305.37s | lr: 0.0750 | train_acc: 5.0391
2025-05-23 07:17:38,435 - trainer_0 - INFO - Epoch: 4 | Batch: 70/312 | Loss: 4.3663 | Images/sec: 28.64 | Progress: 22.1% | Time: 308.34s | lr: 0.0750 | train_acc: 4.9665
2025-05-23 07:17:40,729 - trainer_0 - INFO - Epoch: 4 | Batch: 80/312 | Loss: 4.3639 | Images/sec: 32.55 | Progress: 25.3% | Time: 310.64s | lr: 0.0750 | train_acc: 4.9805
2025-05-23 07:17:43,097 - trainer_0 - INFO - Epoch: 4 | Batch: 90/312 | Loss: 4.3479 | Images/sec: 36.40 | Progress: 28.5% | Time: 313.00s | lr: 0.0750 | train_acc: 4.9653
2025-05-23 07:17:45,409 - trainer_0 - INFO - Epoch: 4 | Batch: 100/312 | Loss: 4.3489 | Images/sec: 40.19 | Progress: 31.7% | Time: 315.32s | lr: 0.0750 | train_acc: 4.9297
2025-05-23 07:17:47,874 - trainer_0 - INFO - Epoch: 4 | Batch: 110/312 | Loss: 4.3371 | Images/sec: 43.90 | Progress: 34.9% | Time: 317.78s | lr: 0.0750 | train_acc: 4.9290
2025-05-23 07:17:50,758 - trainer_0 - INFO - Epoch: 4 | Batch: 120/312 | Loss: 4.3379 | Images/sec: 47.50 | Progress: 38.1% | Time: 320.67s | lr: 0.0750 | train_acc: 4.9349
2025-05-23 07:17:53,051 - trainer_0 - INFO - Epoch: 4 | Batch: 130/312 | Loss: 4.3166 | Images/sec: 51.13 | Progress: 41.3% | Time: 322.96s | lr: 0.0750 | train_acc: 4.9880
2025-05-23 07:17:55,341 - trainer_0 - INFO - Epoch: 4 | Batch: 140/312 | Loss: 4.3187 | Images/sec: 54.70 | Progress: 44.5% | Time: 325.25s | lr: 0.0750 | train_acc: 4.9721
2025-05-23 07:17:57,608 - trainer_0 - INFO - Epoch: 4 | Batch: 150/312 | Loss: 4.2799 | Images/sec: 58.23 | Progress: 47.7% | Time: 327.52s | lr: 0.0750 | train_acc: 4.9896
2025-05-23 07:17:59,961 - trainer_0 - INFO - Epoch: 4 | Batch: 160/312 | Loss: 4.3146 | Images/sec: 61.70 | Progress: 50.9% | Time: 329.87s | lr: 0.0750 | train_acc: 5.0244
2025-05-23 07:18:02,794 - trainer_0 - INFO - Epoch: 4 | Batch: 170/312 | Loss: 4.2849 | Images/sec: 65.02 | Progress: 54.1% | Time: 332.70s | lr: 0.0750 | train_acc: 5.0551
2025-05-23 07:18:05,126 - trainer_0 - INFO - Epoch: 4 | Batch: 180/312 | Loss: 4.3001 | Images/sec: 68.39 | Progress: 57.3% | Time: 335.03s | lr: 0.0750 | train_acc: 5.0868
2025-05-23 07:18:07,440 - trainer_0 - INFO - Epoch: 4 | Batch: 190/312 | Loss: 4.2847 | Images/sec: 71.71 | Progress: 60.5% | Time: 337.35s | lr: 0.0750 | train_acc: 5.1562
2025-05-23 07:18:09,772 - trainer_0 - INFO - Epoch: 4 | Batch: 200/312 | Loss: 4.3109 | Images/sec: 74.99 | Progress: 63.7% | Time: 339.68s | lr: 0.0750 | train_acc: 5.1445
2025-05-23 07:18:12,146 - trainer_0 - INFO - Epoch: 4 | Batch: 210/312 | Loss: 4.2540 | Images/sec: 78.21 | Progress: 66.9% | Time: 342.05s | lr: 0.0750 | train_acc: 5.2344
2025-05-23 07:18:14,974 - trainer_0 - INFO - Epoch: 4 | Batch: 220/312 | Loss: 4.2993 | Images/sec: 81.28 | Progress: 70.1% | Time: 344.88s | lr: 0.0750 | train_acc: 5.2663
2025-05-23 07:18:17,233 - trainer_0 - INFO - Epoch: 4 | Batch: 230/312 | Loss: 4.2731 | Images/sec: 84.44 | Progress: 73.3% | Time: 347.14s | lr: 0.0750 | train_acc: 5.3193
2025-05-23 07:18:19,467 - trainer_0 - INFO - Epoch: 4 | Batch: 240/312 | Loss: 4.2556 | Images/sec: 87.56 | Progress: 76.5% | Time: 349.37s | lr: 0.0750 | train_acc: 5.3646
2025-05-23 07:18:21,747 - trainer_0 - INFO - Epoch: 4 | Batch: 250/312 | Loss: 4.2289 | Images/sec: 90.63 | Progress: 79.7% | Time: 351.65s | lr: 0.0750 | train_acc: 5.4281
2025-05-23 07:18:24,021 - trainer_0 - INFO - Epoch: 4 | Batch: 260/312 | Loss: 4.2765 | Images/sec: 93.67 | Progress: 82.9% | Time: 353.93s | lr: 0.0750 | train_acc: 5.4117
2025-05-23 07:18:26,937 - trainer_0 - INFO - Epoch: 4 | Batch: 270/312 | Loss: 4.2713 | Images/sec: 96.49 | Progress: 86.1% | Time: 356.84s | lr: 0.0750 | train_acc: 5.3877
2025-05-23 07:18:29,241 - trainer_0 - INFO - Epoch: 4 | Batch: 280/312 | Loss: 4.2487 | Images/sec: 99.44 | Progress: 89.3% | Time: 359.15s | lr: 0.0750 | train_acc: 5.4074
2025-05-23 07:18:31,498 - trainer_0 - INFO - Epoch: 4 | Batch: 290/312 | Loss: 4.2496 | Images/sec: 102.36 | Progress: 92.5% | Time: 361.41s | lr: 0.0750 | train_acc: 5.4418
2025-05-23 07:18:33,802 - trainer_0 - INFO - Epoch: 4 | Batch: 300/312 | Loss: 4.2266 | Images/sec: 105.23 | Progress: 95.7% | Time: 363.71s | lr: 0.0750 | train_acc: 5.4766
2025-05-23 07:18:36,035 - trainer_0 - INFO - Epoch: 4 | Batch: 310/312 | Loss: 4.2365 | Images/sec: 108.08 | Progress: 98.9% | Time: 365.94s | lr: 0.0750 | train_acc: 5.5066
2025-05-23 07:18:55,930 - trainer_0 - INFO - Epoch 4 completed in 95.45s | Average Loss: 4.3104 | train_acc: 5.5025 | val_loss: 4.1664 | val_acc: 8.2800 | lr: 0.1000
2025-05-23 07:18:59,684 - trainer_0 - INFO - Epoch: 5 | Batch: 10/312 | Loss: 4.2842 | Images/sec: 2.96 | Progress: 2.9% | Time: 389.59s | lr: 0.1000 | train_acc: 5.6250
2025-05-23 07:19:02,094 - trainer_0 - INFO - Epoch: 5 | Batch: 20/312 | Loss: 4.2157 | Images/sec: 6.20 | Progress: 6.1% | Time: 392.00s | lr: 0.1000 | train_acc: 6.0156
2025-05-23 07:19:05,175 - trainer_0 - INFO - Epoch: 5 | Batch: 30/312 | Loss: 4.2281 | Images/sec: 9.40 | Progress: 9.3% | Time: 395.08s | lr: 0.1000 | train_acc: 6.0677
2025-05-23 07:19:07,622 - trainer_0 - INFO - Epoch: 5 | Batch: 40/312 | Loss: 4.2171 | Images/sec: 12.56 | Progress: 12.5% | Time: 397.53s | lr: 0.1000 | train_acc: 6.2109
2025-05-23 07:19:10,067 - trainer_0 - INFO - Epoch: 5 | Batch: 50/312 | Loss: 4.2240 | Images/sec: 15.68 | Progress: 15.7% | Time: 399.97s | lr: 0.1000 | train_acc: 6.2656
2025-05-23 07:19:12,460 - trainer_0 - INFO - Epoch: 5 | Batch: 60/312 | Loss: 4.2220 | Images/sec: 18.77 | Progress: 18.9% | Time: 402.37s | lr: 0.1000 | train_acc: 6.2109
2025-05-23 07:19:14,977 - trainer_0 - INFO - Epoch: 5 | Batch: 70/312 | Loss: 4.2155 | Images/sec: 21.81 | Progress: 22.1% | Time: 404.88s | lr: 0.1000 | train_acc: 6.1942
2025-05-23 07:19:17,884 - trainer_0 - INFO - Epoch: 5 | Batch: 80/312 | Loss: 4.1576 | Images/sec: 24.80 | Progress: 25.3% | Time: 407.79s | lr: 0.1000 | train_acc: 6.2988
2025-05-23 07:19:20,276 - trainer_0 - INFO - Epoch: 5 | Batch: 90/312 | Loss: 4.1413 | Images/sec: 27.77 | Progress: 28.5% | Time: 410.18s | lr: 0.1000 | train_acc: 6.4410
2025-05-23 07:19:22,650 - trainer_0 - INFO - Epoch: 5 | Batch: 100/312 | Loss: 4.2211 | Images/sec: 30.72 | Progress: 31.7% | Time: 412.56s | lr: 0.1000 | train_acc: 6.3438
2025-05-23 07:19:25,004 - trainer_0 - INFO - Epoch: 5 | Batch: 110/312 | Loss: 4.1994 | Images/sec: 33.63 | Progress: 34.9% | Time: 414.91s | lr: 0.1000 | train_acc: 6.3068
2025-05-23 07:19:27,707 - trainer_0 - INFO - Epoch: 5 | Batch: 120/312 | Loss: 4.1646 | Images/sec: 36.47 | Progress: 38.1% | Time: 417.61s | lr: 0.1000 | train_acc: 6.3802
2025-05-23 07:19:30,357 - trainer_0 - INFO - Epoch: 5 | Batch: 130/312 | Loss: 4.1595 | Images/sec: 39.29 | Progress: 41.3% | Time: 420.26s | lr: 0.1000 | train_acc: 6.4964
2025-05-23 07:19:32,744 - trainer_0 - INFO - Epoch: 5 | Batch: 140/312 | Loss: 4.1662 | Images/sec: 42.10 | Progress: 44.5% | Time: 422.65s | lr: 0.1000 | train_acc: 6.5569
2025-05-23 07:19:35,125 - trainer_0 - INFO - Epoch: 5 | Batch: 150/312 | Loss: 4.1644 | Images/sec: 44.87 | Progress: 47.7% | Time: 425.03s | lr: 0.1000 | train_acc: 6.6354
2025-05-23 07:19:37,554 - trainer_0 - INFO - Epoch: 5 | Batch: 160/312 | Loss: 4.1160 | Images/sec: 47.61 | Progress: 50.9% | Time: 427.46s | lr: 0.1000 | train_acc: 6.6846
2025-05-23 07:19:40,450 - trainer_0 - INFO - Epoch: 5 | Batch: 170/312 | Loss: 4.1326 | Images/sec: 50.27 | Progress: 54.1% | Time: 430.36s | lr: 0.1000 | train_acc: 6.6774
2025-05-23 07:19:42,980 - trainer_0 - INFO - Epoch: 5 | Batch: 180/312 | Loss: 4.1047 | Images/sec: 52.93 | Progress: 57.3% | Time: 432.89s | lr: 0.1000 | train_acc: 6.7274
2025-05-23 07:19:45,370 - trainer_0 - INFO - Epoch: 5 | Batch: 190/312 | Loss: 4.1197 | Images/sec: 55.58 | Progress: 60.5% | Time: 435.28s | lr: 0.1000 | train_acc: 6.7599
2025-05-23 07:19:47,768 - trainer_0 - INFO - Epoch: 5 | Batch: 200/312 | Loss: 4.1231 | Images/sec: 58.20 | Progress: 63.7% | Time: 437.68s | lr: 0.1000 | train_acc: 6.7734
2025-05-23 07:19:50,130 - trainer_0 - INFO - Epoch: 5 | Batch: 210/312 | Loss: 4.1219 | Images/sec: 60.79 | Progress: 66.9% | Time: 440.04s | lr: 0.1000 | train_acc: 6.7820
2025-05-23 07:19:53,229 - trainer_0 - INFO - Epoch: 5 | Batch: 220/312 | Loss: 4.1424 | Images/sec: 63.26 | Progress: 70.1% | Time: 443.14s | lr: 0.1000 | train_acc: 6.8821
2025-05-23 07:19:55,614 - trainer_0 - INFO - Epoch: 5 | Batch: 230/312 | Loss: 4.0776 | Images/sec: 65.79 | Progress: 73.3% | Time: 445.52s | lr: 0.1000 | train_acc: 6.9973
2025-05-23 07:19:58,007 - trainer_0 - INFO - Epoch: 5 | Batch: 240/312 | Loss: 4.1055 | Images/sec: 68.30 | Progress: 76.5% | Time: 447.91s | lr: 0.1000 | train_acc: 7.0638
2025-05-23 07:20:00,428 - trainer_0 - INFO - Epoch: 5 | Batch: 250/312 | Loss: 4.1404 | Images/sec: 70.77 | Progress: 79.7% | Time: 450.34s | lr: 0.1000 | train_acc: 7.0781
2025-05-23 07:20:02,816 - trainer_0 - INFO - Epoch: 5 | Batch: 260/312 | Loss: 4.1223 | Images/sec: 73.23 | Progress: 82.9% | Time: 452.72s | lr: 0.1000 | train_acc: 7.0944
2025-05-23 07:20:05,916 - trainer_0 - INFO - Epoch: 5 | Batch: 270/312 | Loss: 4.1212 | Images/sec: 75.54 | Progress: 86.1% | Time: 455.82s | lr: 0.1000 | train_acc: 7.1065
2025-05-23 07:20:08,318 - trainer_0 - INFO - Epoch: 5 | Batch: 280/312 | Loss: 4.0642 | Images/sec: 77.94 | Progress: 89.3% | Time: 458.23s | lr: 0.1000 | train_acc: 7.1540
2025-05-23 07:20:10,742 - trainer_0 - INFO - Epoch: 5 | Batch: 290/312 | Loss: 4.0953 | Images/sec: 80.30 | Progress: 92.5% | Time: 460.65s | lr: 0.1000 | train_acc: 7.1929
2025-05-23 07:20:13,147 - trainer_0 - INFO - Epoch: 5 | Batch: 300/312 | Loss: 4.1174 | Images/sec: 82.65 | Progress: 95.7% | Time: 463.05s | lr: 0.1000 | train_acc: 7.2005
2025-05-23 07:20:15,629 - trainer_0 - INFO - Epoch: 5 | Batch: 310/312 | Loss: 4.0824 | Images/sec: 84.96 | Progress: 98.9% | Time: 465.54s | lr: 0.1000 | train_acc: 7.2177
2025-05-23 07:20:33,946 - trainer_0 - INFO - Epoch 5 completed in 97.97s | Average Loss: 4.1532 | train_acc: 7.2225 | val_loss: 3.9944 | val_acc: 11.3500 | lr: 0.1250
2025-05-23 07:20:37,060 - trainer_0 - INFO - Epoch: 6 | Batch: 10/312 | Loss: 4.0661 | Images/sec: 2.37 | Progress: 2.9% | Time: 486.97s | lr: 0.1250 | train_acc: 7.5000
2025-05-23 07:20:39,469 - trainer_0 - INFO - Epoch: 6 | Batch: 20/312 | Loss: 4.0866 | Images/sec: 4.97 | Progress: 6.1% | Time: 489.38s | lr: 0.1250 | train_acc: 7.4219
2025-05-23 07:20:42,560 - trainer_0 - INFO - Epoch: 6 | Batch: 30/312 | Loss: 4.1008 | Images/sec: 7.54 | Progress: 9.3% | Time: 492.47s | lr: 0.1250 | train_acc: 7.6823
2025-05-23 07:20:44,978 - trainer_0 - INFO - Epoch: 6 | Batch: 40/312 | Loss: 4.0452 | Images/sec: 10.09 | Progress: 12.5% | Time: 494.89s | lr: 0.1250 | train_acc: 7.9102
2025-05-23 07:20:47,348 - trainer_0 - INFO - Epoch: 6 | Batch: 50/312 | Loss: 4.0434 | Images/sec: 12.61 | Progress: 15.7% | Time: 497.25s | lr: 0.1250 | train_acc: 8.0469
2025-05-23 07:20:49,734 - trainer_0 - INFO - Epoch: 6 | Batch: 60/312 | Loss: 4.0417 | Images/sec: 15.11 | Progress: 18.9% | Time: 499.64s | lr: 0.1250 | train_acc: 8.3333
2025-05-23 07:20:52,104 - trainer_0 - INFO - Epoch: 6 | Batch: 70/312 | Loss: 4.0428 | Images/sec: 17.59 | Progress: 22.1% | Time: 502.01s | lr: 0.1250 | train_acc: 8.2143
2025-05-23 07:20:55,095 - trainer_0 - INFO - Epoch: 6 | Batch: 80/312 | Loss: 4.0203 | Images/sec: 20.02 | Progress: 25.3% | Time: 505.00s | lr: 0.1250 | train_acc: 8.4180
2025-05-23 07:20:57,559 - trainer_0 - INFO - Epoch: 6 | Batch: 90/312 | Loss: 4.0266 | Images/sec: 22.45 | Progress: 28.5% | Time: 507.47s | lr: 0.1250 | train_acc: 8.3333
2025-05-23 07:20:59,939 - trainer_0 - INFO - Epoch: 6 | Batch: 100/312 | Loss: 4.0216 | Images/sec: 24.85 | Progress: 31.7% | Time: 509.85s | lr: 0.1250 | train_acc: 8.4766
2025-05-23 07:21:02,291 - trainer_0 - INFO - Epoch: 6 | Batch: 110/312 | Loss: 3.9966 | Images/sec: 27.24 | Progress: 34.9% | Time: 512.20s | lr: 0.1250 | train_acc: 8.5511
2025-05-23 07:21:04,922 - trainer_0 - INFO - Epoch: 6 | Batch: 120/312 | Loss: 4.0530 | Images/sec: 29.59 | Progress: 38.1% | Time: 514.83s | lr: 0.1250 | train_acc: 8.5286
2025-05-23 07:21:07,847 - trainer_0 - INFO - Epoch: 6 | Batch: 130/312 | Loss: 4.0237 | Images/sec: 31.89 | Progress: 41.3% | Time: 517.75s | lr: 0.1250 | train_acc: 8.6118
2025-05-23 07:21:10,352 - trainer_0 - INFO - Epoch: 6 | Batch: 140/312 | Loss: 4.0078 | Images/sec: 34.20 | Progress: 44.5% | Time: 520.26s | lr: 0.1250 | train_acc: 8.6049
2025-05-23 07:21:12,793 - trainer_0 - INFO - Epoch: 6 | Batch: 150/312 | Loss: 4.0223 | Images/sec: 36.49 | Progress: 47.7% | Time: 522.70s | lr: 0.1250 | train_acc: 8.5260
2025-05-23 07:21:15,264 - trainer_0 - INFO - Epoch: 6 | Batch: 160/312 | Loss: 3.9747 | Images/sec: 38.75 | Progress: 50.9% | Time: 525.17s | lr: 0.1250 | train_acc: 8.6328
2025-05-23 07:21:18,298 - trainer_0 - INFO - Epoch: 6 | Batch: 170/312 | Loss: 4.0256 | Images/sec: 40.95 | Progress: 54.1% | Time: 528.21s | lr: 0.1250 | train_acc: 8.6535
2025-05-23 07:21:20,840 - trainer_0 - INFO - Epoch: 6 | Batch: 180/312 | Loss: 4.0035 | Images/sec: 43.17 | Progress: 57.3% | Time: 530.75s | lr: 0.1250 | train_acc: 8.7717
2025-05-23 07:21:23,191 - trainer_0 - INFO - Epoch: 6 | Batch: 190/312 | Loss: 3.9909 | Images/sec: 45.38 | Progress: 60.5% | Time: 533.10s | lr: 0.1250 | train_acc: 8.7788
2025-05-23 07:21:25,640 - trainer_0 - INFO - Epoch: 6 | Batch: 200/312 | Loss: 3.9864 | Images/sec: 47.56 | Progress: 63.7% | Time: 535.55s | lr: 0.1250 | train_acc: 8.8672
2025-05-23 07:21:28,041 - trainer_0 - INFO - Epoch: 6 | Batch: 210/312 | Loss: 3.9668 | Images/sec: 49.73 | Progress: 66.9% | Time: 537.95s | lr: 0.1250 | train_acc: 8.8839
2025-05-23 07:21:31,133 - trainer_0 - INFO - Epoch: 6 | Batch: 220/312 | Loss: 4.0143 | Images/sec: 51.81 | Progress: 70.1% | Time: 541.04s | lr: 0.1250 | train_acc: 8.8494
2025-05-23 07:21:33,507 - trainer_0 - INFO - Epoch: 6 | Batch: 230/312 | Loss: 4.0097 | Images/sec: 53.94 | Progress: 73.3% | Time: 543.41s | lr: 0.1250 | train_acc: 8.8043
2025-05-23 07:21:35,864 - trainer_0 - INFO - Epoch: 6 | Batch: 240/312 | Loss: 3.9898 | Images/sec: 56.05 | Progress: 76.5% | Time: 545.77s | lr: 0.1250 | train_acc: 8.8444
2025-05-23 07:21:38,208 - trainer_0 - INFO - Epoch: 6 | Batch: 250/312 | Loss: 3.9455 | Images/sec: 58.15 | Progress: 79.7% | Time: 548.12s | lr: 0.1250 | train_acc: 8.8594
2025-05-23 07:21:40,602 - trainer_0 - INFO - Epoch: 6 | Batch: 260/312 | Loss: 3.9578 | Images/sec: 60.22 | Progress: 82.9% | Time: 550.51s | lr: 0.1250 | train_acc: 8.8912
2025-05-23 07:21:43,617 - trainer_0 - INFO - Epoch: 6 | Batch: 270/312 | Loss: 3.9634 | Images/sec: 62.21 | Progress: 86.1% | Time: 553.52s | lr: 0.1250 | train_acc: 8.8744
2025-05-23 07:21:45,977 - trainer_0 - INFO - Epoch: 6 | Batch: 280/312 | Loss: 3.9808 | Images/sec: 64.24 | Progress: 89.3% | Time: 555.88s | lr: 0.1250 | train_acc: 8.8839
2025-05-23 07:21:48,478 - trainer_0 - INFO - Epoch: 6 | Batch: 290/312 | Loss: 3.9832 | Images/sec: 66.25 | Progress: 92.5% | Time: 558.39s | lr: 0.1250 | train_acc: 8.8793
2025-05-23 07:21:50,964 - trainer_0 - INFO - Epoch: 6 | Batch: 300/312 | Loss: 3.9309 | Images/sec: 68.24 | Progress: 95.7% | Time: 560.87s | lr: 0.1250 | train_acc: 8.9245
2025-05-23 07:21:53,476 - trainer_0 - INFO - Epoch: 6 | Batch: 310/312 | Loss: 3.9630 | Images/sec: 70.20 | Progress: 98.9% | Time: 563.38s | lr: 0.1250 | train_acc: 8.9214
2025-05-23 07:22:12,854 - trainer_0 - INFO - Epoch 6 completed in 98.88s | Average Loss: 4.0084 | train_acc: 8.9125 | val_loss: 3.8360 | val_acc: 13.1800 | lr: 0.1500
2025-05-23 07:22:15,853 - trainer_0 - INFO - Epoch: 7 | Batch: 10/312 | Loss: 3.9316 | Images/sec: 1.97 | Progress: 2.9% | Time: 585.76s | lr: 0.1500 | train_acc: 10.7812
2025-05-23 07:22:18,324 - trainer_0 - INFO - Epoch: 7 | Batch: 20/312 | Loss: 3.9464 | Images/sec: 4.13 | Progress: 6.1% | Time: 588.23s | lr: 0.1500 | train_acc: 10.0781
2025-05-23 07:22:21,121 - trainer_0 - INFO - Epoch: 7 | Batch: 30/312 | Loss: 3.9385 | Images/sec: 6.28 | Progress: 9.3% | Time: 591.03s | lr: 0.1500 | train_acc: 9.6875
2025-05-23 07:22:23,395 - trainer_0 - INFO - Epoch: 7 | Batch: 40/312 | Loss: 3.8875 | Images/sec: 8.41 | Progress: 12.5% | Time: 593.30s | lr: 0.1500 | train_acc: 10.1562
2025-05-23 07:22:25,676 - trainer_0 - INFO - Epoch: 7 | Batch: 50/312 | Loss: 3.9455 | Images/sec: 10.53 | Progress: 15.7% | Time: 595.58s | lr: 0.1500 | train_acc: 9.9688
2025-05-23 07:22:27,972 - trainer_0 - INFO - Epoch: 7 | Batch: 60/312 | Loss: 3.8659 | Images/sec: 12.63 | Progress: 18.9% | Time: 597.88s | lr: 0.1500 | train_acc: 10.1432
2025-05-23 07:22:30,608 - trainer_0 - INFO - Epoch: 7 | Batch: 70/312 | Loss: 3.9241 | Images/sec: 14.71 | Progress: 22.1% | Time: 600.52s | lr: 0.1500 | train_acc: 10.1451
2025-05-23 07:22:33,440 - trainer_0 - INFO - Epoch: 7 | Batch: 80/312 | Loss: 3.9251 | Images/sec: 16.76 | Progress: 25.3% | Time: 603.35s | lr: 0.1500 | train_acc: 10.0586
2025-05-23 07:22:35,783 - trainer_0 - INFO - Epoch: 7 | Batch: 90/312 | Loss: 3.9155 | Images/sec: 18.81 | Progress: 28.5% | Time: 605.69s | lr: 0.1500 | train_acc: 10.1562
2025-05-23 07:22:38,158 - trainer_0 - INFO - Epoch: 7 | Batch: 100/312 | Loss: 3.8939 | Images/sec: 20.84 | Progress: 31.7% | Time: 608.07s | lr: 0.1500 | train_acc: 10.2031
2025-05-23 07:22:40,566 - trainer_0 - INFO - Epoch: 7 | Batch: 110/312 | Loss: 3.8201 | Images/sec: 22.85 | Progress: 34.9% | Time: 610.47s | lr: 0.1500 | train_acc: 10.4972
2025-05-23 07:22:43,296 - trainer_0 - INFO - Epoch: 7 | Batch: 120/312 | Loss: 3.9219 | Images/sec: 24.84 | Progress: 38.1% | Time: 613.20s | lr: 0.1500 | train_acc: 10.4622
2025-05-23 07:22:46,007 - trainer_0 - INFO - Epoch: 7 | Batch: 130/312 | Loss: 3.9327 | Images/sec: 26.81 | Progress: 41.3% | Time: 615.91s | lr: 0.1500 | train_acc: 10.4567
2025-05-23 07:22:48,416 - trainer_0 - INFO - Epoch: 7 | Batch: 140/312 | Loss: 3.8941 | Images/sec: 28.77 | Progress: 44.5% | Time: 618.32s | lr: 0.1500 | train_acc: 10.5413
2025-05-23 07:22:50,759 - trainer_0 - INFO - Epoch: 7 | Batch: 150/312 | Loss: 3.8612 | Images/sec: 30.73 | Progress: 47.7% | Time: 620.67s | lr: 0.1500 | train_acc: 10.6250
2025-05-23 07:22:53,124 - trainer_0 - INFO - Epoch: 7 | Batch: 160/312 | Loss: 3.9009 | Images/sec: 32.67 | Progress: 50.9% | Time: 623.03s | lr: 0.1500 | train_acc: 10.5908
2025-05-23 07:22:55,965 - trainer_0 - INFO - Epoch: 7 | Batch: 170/312 | Loss: 3.8478 | Images/sec: 34.56 | Progress: 54.1% | Time: 625.87s | lr: 0.1500 | train_acc: 10.5607
2025-05-23 07:22:58,584 - trainer_0 - INFO - Epoch: 7 | Batch: 180/312 | Loss: 3.9028 | Images/sec: 36.46 | Progress: 57.3% | Time: 628.49s | lr: 0.1500 | train_acc: 10.6250
2025-05-23 07:23:00,973 - trainer_0 - INFO - Epoch: 7 | Batch: 190/312 | Loss: 3.8854 | Images/sec: 38.35 | Progress: 60.5% | Time: 630.88s | lr: 0.1500 | train_acc: 10.6086
2025-05-23 07:23:03,358 - trainer_0 - INFO - Epoch: 7 | Batch: 200/312 | Loss: 3.8150 | Images/sec: 40.22 | Progress: 63.7% | Time: 633.27s | lr: 0.1500 | train_acc: 10.6719
2025-05-23 07:23:05,726 - trainer_0 - INFO - Epoch: 7 | Batch: 210/312 | Loss: 3.8220 | Images/sec: 42.09 | Progress: 66.9% | Time: 635.63s | lr: 0.1500 | train_acc: 10.7031
2025-05-23 07:23:08,901 - trainer_0 - INFO - Epoch: 7 | Batch: 220/312 | Loss: 3.8318 | Images/sec: 43.88 | Progress: 70.1% | Time: 638.81s | lr: 0.1500 | train_acc: 10.7564
2025-05-23 07:23:11,458 - trainer_0 - INFO - Epoch: 7 | Batch: 230/312 | Loss: 3.8355 | Images/sec: 45.70 | Progress: 73.3% | Time: 641.37s | lr: 0.1500 | train_acc: 10.7880
2025-05-23 07:23:13,908 - trainer_0 - INFO - Epoch: 7 | Batch: 240/312 | Loss: 3.8454 | Images/sec: 47.52 | Progress: 76.5% | Time: 643.81s | lr: 0.1500 | train_acc: 10.8138
2025-05-23 07:23:16,324 - trainer_0 - INFO - Epoch: 7 | Batch: 250/312 | Loss: 3.8147 | Images/sec: 49.32 | Progress: 79.7% | Time: 646.23s | lr: 0.1500 | train_acc: 10.8406
2025-05-23 07:23:18,718 - trainer_0 - INFO - Epoch: 7 | Batch: 260/312 | Loss: 3.8338 | Images/sec: 51.11 | Progress: 82.9% | Time: 648.63s | lr: 0.1500 | train_acc: 10.8894
2025-05-23 07:23:21,730 - trainer_0 - INFO - Epoch: 7 | Batch: 270/312 | Loss: 3.8192 | Images/sec: 52.84 | Progress: 86.1% | Time: 651.64s | lr: 0.1500 | train_acc: 10.9201
2025-05-23 07:23:24,124 - trainer_0 - INFO - Epoch: 7 | Batch: 280/312 | Loss: 3.8221 | Images/sec: 54.60 | Progress: 89.3% | Time: 654.03s | lr: 0.1500 | train_acc: 10.9710
2025-05-23 07:23:26,522 - trainer_0 - INFO - Epoch: 7 | Batch: 290/312 | Loss: 3.7859 | Images/sec: 56.35 | Progress: 92.5% | Time: 656.43s | lr: 0.1500 | train_acc: 10.9779
2025-05-23 07:23:28,914 - trainer_0 - INFO - Epoch: 7 | Batch: 300/312 | Loss: 3.8417 | Images/sec: 58.09 | Progress: 95.7% | Time: 658.82s | lr: 0.1500 | train_acc: 10.9974
2025-05-23 07:23:31,400 - trainer_0 - INFO - Epoch: 7 | Batch: 310/312 | Loss: 3.7764 | Images/sec: 59.81 | Progress: 98.9% | Time: 661.31s | lr: 0.1500 | train_acc: 11.0685
2025-05-23 07:23:49,826 - trainer_0 - INFO - Epoch 7 completed in 96.94s | Average Loss: 3.8689 | train_acc: 11.0825 | val_loss: 3.6863 | val_acc: 14.9700 | lr: 0.1750
2025-05-23 07:23:52,646 - trainer_0 - INFO - Epoch: 8 | Batch: 10/312 | Loss: 3.8011 | Images/sec: 1.69 | Progress: 2.9% | Time: 682.55s | lr: 0.1750 | train_acc: 12.8906
2025-05-23 07:23:55,089 - trainer_0 - INFO - Epoch: 8 | Batch: 20/312 | Loss: 3.7745 | Images/sec: 3.55 | Progress: 6.1% | Time: 685.00s | lr: 0.1750 | train_acc: 12.4609
2025-05-23 07:23:58,488 - trainer_0 - INFO - Epoch: 8 | Batch: 30/312 | Loss: 3.8439 | Images/sec: 5.39 | Progress: 9.3% | Time: 688.40s | lr: 0.1750 | train_acc: 12.0573
2025-05-23 07:24:00,986 - trainer_0 - INFO - Epoch: 8 | Batch: 40/312 | Loss: 3.7319 | Images/sec: 7.23 | Progress: 12.5% | Time: 690.89s | lr: 0.1750 | train_acc: 11.9922
2025-05-23 07:24:03,446 - trainer_0 - INFO - Epoch: 8 | Batch: 50/312 | Loss: 3.7811 | Images/sec: 9.05 | Progress: 15.7% | Time: 693.35s | lr: 0.1750 | train_acc: 12.0000
2025-05-23 07:24:05,844 - trainer_0 - INFO - Epoch: 8 | Batch: 60/312 | Loss: 3.7867 | Images/sec: 10.85 | Progress: 18.9% | Time: 695.75s | lr: 0.1750 | train_acc: 12.0573
2025-05-23 07:24:08,440 - trainer_0 - INFO - Epoch: 8 | Batch: 70/312 | Loss: 3.7615 | Images/sec: 12.65 | Progress: 22.1% | Time: 698.35s | lr: 0.1750 | train_acc: 12.2433
2025-05-23 07:24:11,383 - trainer_0 - INFO - Epoch: 8 | Batch: 80/312 | Loss: 3.7840 | Images/sec: 14.42 | Progress: 25.3% | Time: 701.29s | lr: 0.1750 | train_acc: 12.4219
2025-05-23 07:24:13,776 - trainer_0 - INFO - Epoch: 8 | Batch: 90/312 | Loss: 3.8101 | Images/sec: 16.19 | Progress: 28.5% | Time: 703.68s | lr: 0.1750 | train_acc: 12.3177
2025-05-23 07:24:16,177 - trainer_0 - INFO - Epoch: 8 | Batch: 100/312 | Loss: 3.7881 | Images/sec: 17.95 | Progress: 31.7% | Time: 706.08s | lr: 0.1750 | train_acc: 12.2500
2025-05-23 07:24:18,548 - trainer_0 - INFO - Epoch: 8 | Batch: 110/312 | Loss: 3.7818 | Images/sec: 19.69 | Progress: 34.9% | Time: 708.46s | lr: 0.1750 | train_acc: 12.1520
2025-05-23 07:24:21,263 - trainer_0 - INFO - Epoch: 8 | Batch: 120/312 | Loss: 3.7286 | Images/sec: 21.42 | Progress: 38.1% | Time: 711.17s | lr: 0.1750 | train_acc: 12.2786
2025-05-23 07:24:23,985 - trainer_0 - INFO - Epoch: 8 | Batch: 130/312 | Loss: 3.8308 | Images/sec: 23.13 | Progress: 41.3% | Time: 713.89s | lr: 0.1750 | train_acc: 12.2596
2025-05-23 07:24:26,412 - trainer_0 - INFO - Epoch: 8 | Batch: 140/312 | Loss: 3.7111 | Images/sec: 24.84 | Progress: 44.5% | Time: 716.32s | lr: 0.1750 | train_acc: 12.2991
2025-05-23 07:24:28,771 - trainer_0 - INFO - Epoch: 8 | Batch: 150/312 | Loss: 3.7758 | Images/sec: 26.54 | Progress: 47.7% | Time: 718.68s | lr: 0.1750 | train_acc: 12.3125
2025-05-23 07:24:31,195 - trainer_0 - INFO - Epoch: 8 | Batch: 160/312 | Loss: 3.7505 | Images/sec: 28.22 | Progress: 50.9% | Time: 721.10s | lr: 0.1750 | train_acc: 12.3438
2025-05-23 07:24:34,127 - trainer_0 - INFO - Epoch: 8 | Batch: 170/312 | Loss: 3.7830 | Images/sec: 29.88 | Progress: 54.1% | Time: 724.03s | lr: 0.1750 | train_acc: 12.3024
2025-05-23 07:24:36,632 - trainer_0 - INFO - Epoch: 8 | Batch: 180/312 | Loss: 3.7272 | Images/sec: 31.54 | Progress: 57.3% | Time: 726.54s | lr: 0.1750 | train_acc: 12.3264
2025-05-23 07:24:38,986 - trainer_0 - INFO - Epoch: 8 | Batch: 190/312 | Loss: 3.6842 | Images/sec: 33.19 | Progress: 60.5% | Time: 728.89s | lr: 0.1750 | train_acc: 12.3314
2025-05-23 07:24:41,371 - trainer_0 - INFO - Epoch: 8 | Batch: 200/312 | Loss: 3.7111 | Images/sec: 34.83 | Progress: 63.7% | Time: 731.28s | lr: 0.1750 | train_acc: 12.3906
2025-05-23 07:24:43,765 - trainer_0 - INFO - Epoch: 8 | Batch: 210/312 | Loss: 3.6365 | Images/sec: 36.46 | Progress: 66.9% | Time: 733.67s | lr: 0.1750 | train_acc: 12.4293
2025-05-23 07:24:46,834 - trainer_0 - INFO - Epoch: 8 | Batch: 220/312 | Loss: 3.7068 | Images/sec: 38.05 | Progress: 70.1% | Time: 736.74s | lr: 0.1750 | train_acc: 12.4467
2025-05-23 07:24:49,242 - trainer_0 - INFO - Epoch: 8 | Batch: 230/312 | Loss: 3.6044 | Images/sec: 39.66 | Progress: 73.3% | Time: 739.15s | lr: 0.1750 | train_acc: 12.5645
2025-05-23 07:24:51,688 - trainer_0 - INFO - Epoch: 8 | Batch: 240/312 | Loss: 3.7012 | Images/sec: 41.25 | Progress: 76.5% | Time: 741.60s | lr: 0.1750 | train_acc: 12.5749
2025-05-23 07:24:54,128 - trainer_0 - INFO - Epoch: 8 | Batch: 250/312 | Loss: 3.6687 | Images/sec: 42.84 | Progress: 79.7% | Time: 744.04s | lr: 0.1750 | train_acc: 12.6719
2025-05-23 07:24:56,581 - trainer_0 - INFO - Epoch: 8 | Batch: 260/312 | Loss: 3.7005 | Images/sec: 44.41 | Progress: 82.9% | Time: 746.49s | lr: 0.1750 | train_acc: 12.7404
2025-05-23 07:24:59,660 - trainer_0 - INFO - Epoch: 8 | Batch: 270/312 | Loss: 3.7111 | Images/sec: 45.94 | Progress: 86.1% | Time: 749.57s | lr: 0.1750 | train_acc: 12.6997
2025-05-23 07:25:02,109 - trainer_0 - INFO - Epoch: 8 | Batch: 280/312 | Loss: 3.6926 | Images/sec: 47.49 | Progress: 89.3% | Time: 752.02s | lr: 0.1750 | train_acc: 12.6981
2025-05-23 07:25:04,578 - trainer_0 - INFO - Epoch: 8 | Batch: 290/312 | Loss: 3.6696 | Images/sec: 49.03 | Progress: 92.5% | Time: 754.49s | lr: 0.1750 | train_acc: 12.7694
2025-05-23 07:25:06,984 - trainer_0 - INFO - Epoch: 8 | Batch: 300/312 | Loss: 3.6956 | Images/sec: 50.56 | Progress: 95.7% | Time: 756.89s | lr: 0.1750 | train_acc: 12.7969
2025-05-23 07:25:09,673 - trainer_0 - INFO - Epoch: 8 | Batch: 310/312 | Loss: 3.6896 | Images/sec: 52.07 | Progress: 98.9% | Time: 759.58s | lr: 0.1750 | train_acc: 12.8528
2025-05-23 07:25:27,843 - trainer_0 - INFO - Epoch 8 completed in 97.99s | Average Loss: 3.7367 | train_acc: 12.8625 | val_loss: 3.5468 | val_acc: 17.8600 | lr: 0.2000
2025-05-23 07:25:30,736 - trainer_0 - INFO - Epoch: 9 | Batch: 10/312 | Loss: 3.6657 | Images/sec: 1.48 | Progress: 2.9% | Time: 780.64s | lr: 0.2000 | train_acc: 12.5781
2025-05-23 07:25:33,148 - trainer_0 - INFO - Epoch: 9 | Batch: 20/312 | Loss: 3.6581 | Images/sec: 3.11 | Progress: 6.1% | Time: 783.06s | lr: 0.2000 | train_acc: 13.9453
2025-05-23 07:25:36,193 - trainer_0 - INFO - Epoch: 9 | Batch: 30/312 | Loss: 3.7289 | Images/sec: 4.72 | Progress: 9.3% | Time: 786.10s | lr: 0.2000 | train_acc: 13.9062
2025-05-23 07:25:38,762 - trainer_0 - INFO - Epoch: 9 | Batch: 40/312 | Loss: 3.6513 | Images/sec: 6.33 | Progress: 12.5% | Time: 788.67s | lr: 0.2000 | train_acc: 14.2383
2025-05-23 07:25:41,258 - trainer_0 - INFO - Epoch: 9 | Batch: 50/312 | Loss: 3.6600 | Images/sec: 7.93 | Progress: 15.7% | Time: 791.16s | lr: 0.2000 | train_acc: 14.2969
2025-05-23 07:25:43,649 - trainer_0 - INFO - Epoch: 9 | Batch: 60/312 | Loss: 3.6225 | Images/sec: 9.52 | Progress: 18.9% | Time: 793.56s | lr: 0.2000 | train_acc: 14.3620
2025-05-23 07:25:46,478 - trainer_0 - INFO - Epoch: 9 | Batch: 70/312 | Loss: 3.6614 | Images/sec: 11.09 | Progress: 22.1% | Time: 796.39s | lr: 0.2000 | train_acc: 14.5089
2025-05-23 07:25:49,117 - trainer_0 - INFO - Epoch: 9 | Batch: 80/312 | Loss: 3.7372 | Images/sec: 12.66 | Progress: 25.3% | Time: 799.02s | lr: 0.2000 | train_acc: 14.4434
2025-05-23 07:25:51,513 - trainer_0 - INFO - Epoch: 9 | Batch: 90/312 | Loss: 3.6163 | Images/sec: 14.21 | Progress: 28.5% | Time: 801.42s | lr: 0.2000 | train_acc: 14.4965
2025-05-23 07:25:53,923 - trainer_0 - INFO - Epoch: 9 | Batch: 100/312 | Loss: 3.6884 | Images/sec: 15.76 | Progress: 31.7% | Time: 803.83s | lr: 0.2000 | train_acc: 14.2578
2025-05-23 07:25:56,308 - trainer_0 - INFO - Epoch: 9 | Batch: 110/312 | Loss: 3.5859 | Images/sec: 17.31 | Progress: 34.9% | Time: 806.22s | lr: 0.2000 | train_acc: 14.3537
2025-05-23 07:25:59,245 - trainer_0 - INFO - Epoch: 9 | Batch: 120/312 | Loss: 3.6178 | Images/sec: 18.82 | Progress: 38.1% | Time: 809.15s | lr: 0.2000 | train_acc: 14.3750
2025-05-23 07:26:01,767 - trainer_0 - INFO - Epoch: 9 | Batch: 130/312 | Loss: 3.6302 | Images/sec: 20.34 | Progress: 41.3% | Time: 811.67s | lr: 0.2000 | train_acc: 14.3690
2025-05-23 07:26:04,227 - trainer_0 - INFO - Epoch: 9 | Batch: 140/312 | Loss: 3.6020 | Images/sec: 21.85 | Progress: 44.5% | Time: 814.13s | lr: 0.2000 | train_acc: 14.3750
2025-05-23 07:26:06,635 - trainer_0 - INFO - Epoch: 9 | Batch: 150/312 | Loss: 3.6371 | Images/sec: 23.36 | Progress: 47.7% | Time: 816.54s | lr: 0.2000 | train_acc: 14.3333
2025-05-23 07:26:09,061 - trainer_0 - INFO - Epoch: 9 | Batch: 160/312 | Loss: 3.6206 | Images/sec: 24.85 | Progress: 50.9% | Time: 818.97s | lr: 0.2000 | train_acc: 14.3506
2025-05-23 07:26:12,084 - trainer_0 - INFO - Epoch: 9 | Batch: 170/312 | Loss: 3.6418 | Images/sec: 26.32 | Progress: 54.1% | Time: 821.99s | lr: 0.2000 | train_acc: 14.3704
2025-05-23 07:26:14,520 - trainer_0 - INFO - Epoch: 9 | Batch: 180/312 | Loss: 3.6316 | Images/sec: 27.79 | Progress: 57.3% | Time: 824.43s | lr: 0.2000 | train_acc: 14.3099
2025-05-23 07:26:16,993 - trainer_0 - INFO - Epoch: 9 | Batch: 190/312 | Loss: 3.5728 | Images/sec: 29.26 | Progress: 60.5% | Time: 826.90s | lr: 0.2000 | train_acc: 14.3997
2025-05-23 07:26:19,496 - trainer_0 - INFO - Epoch: 9 | Batch: 200/312 | Loss: 3.6201 | Images/sec: 30.71 | Progress: 63.7% | Time: 829.40s | lr: 0.2000 | train_acc: 14.4648
2025-05-23 07:26:22,040 - trainer_0 - INFO - Epoch: 9 | Batch: 210/312 | Loss: 3.6386 | Images/sec: 32.16 | Progress: 66.9% | Time: 831.95s | lr: 0.2000 | train_acc: 14.4792
2025-05-23 07:26:24,976 - trainer_0 - INFO - Epoch: 9 | Batch: 220/312 | Loss: 3.5929 | Images/sec: 33.58 | Progress: 70.1% | Time: 834.88s | lr: 0.2000 | train_acc: 14.4957
2025-05-23 07:26:27,360 - trainer_0 - INFO - Epoch: 9 | Batch: 230/312 | Loss: 3.5626 | Images/sec: 35.01 | Progress: 73.3% | Time: 837.27s | lr: 0.2000 | train_acc: 14.4939
2025-05-23 07:26:29,754 - trainer_0 - INFO - Epoch: 9 | Batch: 240/312 | Loss: 3.5956 | Images/sec: 36.43 | Progress: 76.5% | Time: 839.66s | lr: 0.2000 | train_acc: 14.5638
2025-05-23 07:26:32,140 - trainer_0 - INFO - Epoch: 9 | Batch: 250/312 | Loss: 3.5550 | Images/sec: 37.85 | Progress: 79.7% | Time: 842.05s | lr: 0.2000 | train_acc: 14.6406
2025-05-23 07:26:34,797 - trainer_0 - INFO - Epoch: 9 | Batch: 260/312 | Loss: 3.5753 | Images/sec: 39.25 | Progress: 82.9% | Time: 844.70s | lr: 0.2000 | train_acc: 14.6815
