2025-06-11 22:39:12,919 - trainer_0 - INFO - Started training experiment: centralized_lamb_lr0.0075_wd0.05_batch_size2048_20250611_223912
2025-06-11 22:39:12,920 - trainer_0 - INFO - Log file: centralized_lamb_lr0.0075_wd0.05_batch_size2048/centralized_lamb_lr0.0075_wd0.05_batch_size2048_20250611_223912_rank0.log
2025-06-11 22:39:12,966 - trainer_0 - INFO - Training centralized on device: cuda
2025-06-11 22:39:12,966 - trainer_0 - INFO - Optimizer: LAMB, Epochs: 150, LR: 0.0075
2025-06-11 22:39:18,954 - trainer_0 - INFO - [DEBUG] Train dataset size: 40000 | Expected batches: 20
2025-06-11 22:39:19,223 - trainer_0 - INFO - Scaled LR using sqrt mode to: 0.03
2025-06-11 22:39:19,224 - trainer_0 - INFO - Checking if there is any checkpoint. Resuming False, Checkpoint path: checkpoint.pth
2025-06-11 22:39:28,841 - trainer_0 - INFO - Epoch: 1 | Batch: 10/20 | Loss: 4.6196 | Images/sec: 1157.28 | Progress: 51.2% | Time: 15.93s | lr: 0.0000 | train_acc: 1.1523
2025-06-11 22:39:33,111 - trainer_0 - INFO - Epoch: 1 | Batch: 20/20 | Loss: 4.6205 | Images/sec: 1926.59 | Progress: 102.4% | Time: 20.20s | lr: 0.0000 | train_acc: 1.1650
2025-06-11 22:39:40,784 - trainer_0 - INFO - Epoch 1 completed in 21.56s | Average Loss: 4.6201 | train_acc: 1.1650 | val_loss: 4.6082 | val_acc: 0.9700 | lr: 0.0015
2025-06-11 22:39:50,873 - trainer_0 - INFO - Epoch: 2 | Batch: 10/20 | Loss: 4.5983 | Images/sec: 485.57 | Progress: 51.2% | Time: 37.96s | lr: 0.0015 | train_acc: 1.4062
2025-06-11 22:39:56,243 - trainer_0 - INFO - Epoch: 2 | Batch: 20/20 | Loss: 4.5509 | Images/sec: 898.05 | Progress: 102.4% | Time: 43.33s | lr: 0.0015 | train_acc: 2.0875
2025-06-11 22:40:03,099 - trainer_0 - INFO - Epoch 2 completed in 20.66s | Average Loss: 4.5746 | train_acc: 2.0875 | val_loss: 4.5192 | val_acc: 4.7100 | lr: 0.0030
2025-06-11 22:40:12,426 - trainer_0 - INFO - Epoch: 3 | Batch: 10/20 | Loss: 4.4613 | Images/sec: 309.72 | Progress: 51.2% | Time: 59.51s | lr: 0.0030 | train_acc: 4.3945
2025-06-11 22:40:17,021 - trainer_0 - INFO - Epoch: 3 | Batch: 20/20 | Loss: 4.3271 | Images/sec: 606.99 | Progress: 102.4% | Time: 64.11s | lr: 0.0030 | train_acc: 4.8950
2025-06-11 22:40:24,756 - trainer_0 - INFO - Epoch 3 completed in 21.61s | Average Loss: 4.3942 | train_acc: 4.8950 | val_loss: 4.1884 | val_acc: 7.1500 | lr: 0.0045
2025-06-11 22:40:32,572 - trainer_0 - INFO - Epoch: 4 | Batch: 10/20 | Loss: 4.1905 | Images/sec: 231.39 | Progress: 51.2% | Time: 79.66s | lr: 0.0045 | train_acc: 6.6602
2025-06-11 22:40:38,611 - trainer_0 - INFO - Epoch: 4 | Batch: 20/20 | Loss: 4.0548 | Images/sec: 454.06 | Progress: 102.4% | Time: 85.70s | lr: 0.0045 | train_acc: 7.5125
2025-06-11 22:40:45,214 - trainer_0 - INFO - Epoch 4 completed in 20.41s | Average Loss: 4.1226 | train_acc: 7.5125 | val_loss: 3.9046 | val_acc: 11.9100 | lr: 0.0060
2025-06-11 22:40:54,330 - trainer_0 - INFO - Epoch: 5 | Batch: 10/20 | Loss: 3.9219 | Images/sec: 181.75 | Progress: 51.2% | Time: 101.42s | lr: 0.0060 | train_acc: 9.9121
2025-06-11 22:40:59,011 - trainer_0 - INFO - Epoch: 5 | Batch: 20/20 | Loss: 3.7908 | Images/sec: 366.76 | Progress: 102.4% | Time: 106.10s | lr: 0.0060 | train_acc: 10.8475
2025-06-11 22:41:06,953 - trainer_0 - INFO - Epoch 5 completed in 21.69s | Average Loss: 3.8563 | train_acc: 10.8475 | val_loss: 3.6726 | val_acc: 15.3700 | lr: 0.0075
2025-06-11 22:41:14,699 - trainer_0 - INFO - Epoch: 6 | Batch: 10/20 | Loss: 3.6530 | Images/sec: 151.35 | Progress: 51.2% | Time: 121.79s | lr: 0.0075 | train_acc: 14.1895
2025-06-11 22:41:20,664 - trainer_0 - INFO - Epoch: 6 | Batch: 20/20 | Loss: 3.5493 | Images/sec: 304.60 | Progress: 102.4% | Time: 127.75s | lr: 0.0075 | train_acc: 14.7775
2025-06-11 22:41:27,002 - trainer_0 - INFO - Epoch 6 completed in 20.00s | Average Loss: 3.6012 | train_acc: 14.7775 | val_loss: 3.4926 | val_acc: 18.1200 | lr: 0.0090
2025-06-11 22:41:36,167 - trainer_0 - INFO - Epoch: 7 | Batch: 10/20 | Loss: 3.4270 | Images/sec: 128.67 | Progress: 51.2% | Time: 143.25s | lr: 0.0090 | train_acc: 17.7051
2025-06-11 22:41:40,757 - trainer_0 - INFO - Epoch: 7 | Batch: 20/20 | Loss: 3.3098 | Images/sec: 263.20 | Progress: 102.4% | Time: 147.84s | lr: 0.0090 | train_acc: 18.6600
2025-06-11 22:41:48,697 - trainer_0 - INFO - Epoch 7 completed in 21.64s | Average Loss: 3.3684 | train_acc: 18.6600 | val_loss: 3.2418 | val_acc: 20.7400 | lr: 0.0105
2025-06-11 22:41:56,187 - trainer_0 - INFO - Epoch: 8 | Batch: 10/20 | Loss: 3.2289 | Images/sec: 112.89 | Progress: 51.2% | Time: 163.27s | lr: 0.0105 | train_acc: 21.0938
2025-06-11 22:42:02,326 - trainer_0 - INFO - Epoch: 8 | Batch: 20/20 | Loss: 3.1296 | Images/sec: 229.69 | Progress: 102.4% | Time: 169.41s | lr: 0.0105 | train_acc: 22.0225
2025-06-11 22:42:08,710 - trainer_0 - INFO - Epoch 8 completed in 19.97s | Average Loss: 3.1792 | train_acc: 22.0225 | val_loss: 2.9977 | val_acc: 26.0100 | lr: 0.0120
2025-06-11 22:42:17,973 - trainer_0 - INFO - Epoch: 9 | Batch: 10/20 | Loss: 3.0609 | Images/sec: 99.60 | Progress: 51.2% | Time: 185.06s | lr: 0.0120 | train_acc: 24.1357
2025-06-11 22:42:22,726 - trainer_0 - INFO - Epoch: 9 | Batch: 20/20 | Loss: 3.0238 | Images/sec: 205.00 | Progress: 102.4% | Time: 189.81s | lr: 0.0120 | train_acc: 24.4900
2025-06-11 22:42:30,541 - trainer_0 - INFO - Epoch 9 completed in 21.78s | Average Loss: 3.0423 | train_acc: 24.4900 | val_loss: 2.9665 | val_acc: 25.8400 | lr: 0.0135
2025-06-11 22:42:38,378 - trainer_0 - INFO - Epoch: 10 | Batch: 10/20 | Loss: 2.9808 | Images/sec: 89.71 | Progress: 51.2% | Time: 205.46s | lr: 0.0135 | train_acc: 25.4785
2025-06-11 22:42:44,415 - trainer_0 - INFO - Epoch: 10 | Batch: 20/20 | Loss: 2.9503 | Images/sec: 183.98 | Progress: 102.4% | Time: 211.50s | lr: 0.0135 | train_acc: 25.8475
2025-06-11 22:42:51,087 - trainer_0 - INFO - Epoch 10 completed in 20.50s | Average Loss: 2.9656 | train_acc: 25.8475 | val_loss: 2.8858 | val_acc: 27.6700 | lr: 0.0150
2025-06-11 22:43:00,399 - trainer_0 - INFO - Epoch: 11 | Batch: 10/20 | Loss: 2.8581 | Images/sec: 81.03 | Progress: 51.2% | Time: 227.48s | lr: 0.0150 | train_acc: 27.9199
2025-06-11 22:43:04,829 - trainer_0 - INFO - Epoch: 11 | Batch: 20/20 | Loss: 2.8642 | Images/sec: 167.79 | Progress: 102.4% | Time: 231.91s | lr: 0.0150 | train_acc: 27.9650
2025-06-11 22:43:12,724 - trainer_0 - INFO - Epoch 11 completed in 21.58s | Average Loss: 2.8612 | train_acc: 27.9650 | val_loss: 2.9070 | val_acc: 27.6500 | lr: 0.0165
2025-06-11 22:43:20,910 - trainer_0 - INFO - Epoch: 12 | Batch: 10/20 | Loss: 2.8629 | Images/sec: 74.32 | Progress: 51.2% | Time: 248.00s | lr: 0.0165 | train_acc: 27.8223
2025-06-11 22:43:26,740 - trainer_0 - INFO - Epoch: 12 | Batch: 20/20 | Loss: 2.7894 | Images/sec: 153.30 | Progress: 102.4% | Time: 253.83s | lr: 0.0165 | train_acc: 28.4975
2025-06-11 22:43:33,200 - trainer_0 - INFO - Epoch 12 completed in 20.43s | Average Loss: 2.8262 | train_acc: 28.4975 | val_loss: 2.7435 | val_acc: 30.5500 | lr: 0.0180
2025-06-11 22:43:42,159 - trainer_0 - INFO - Epoch: 13 | Batch: 10/20 | Loss: 2.7955 | Images/sec: 68.46 | Progress: 51.2% | Time: 269.25s | lr: 0.0180 | train_acc: 29.2334
2025-06-11 22:43:46,917 - trainer_0 - INFO - Epoch: 13 | Batch: 20/20 | Loss: 2.7875 | Images/sec: 142.01 | Progress: 102.4% | Time: 274.00s | lr: 0.0180 | train_acc: 29.2900
2025-06-11 22:43:54,762 - trainer_0 - INFO - Epoch 13 completed in 21.51s | Average Loss: 2.7915 | train_acc: 29.2900 | val_loss: 2.8504 | val_acc: 28.9200 | lr: 0.0195
2025-06-11 22:44:02,546 - trainer_0 - INFO - Epoch: 14 | Batch: 10/20 | Loss: 2.7486 | Images/sec: 63.64 | Progress: 51.2% | Time: 289.63s | lr: 0.0195 | train_acc: 30.3711
2025-06-11 22:44:08,490 - trainer_0 - INFO - Epoch: 14 | Batch: 20/20 | Loss: 2.8316 | Images/sec: 131.65 | Progress: 102.4% | Time: 295.58s | lr: 0.0195 | train_acc: 29.6025
2025-06-11 22:44:14,801 - trainer_0 - INFO - Epoch 14 completed in 19.97s | Average Loss: 2.7901 | train_acc: 29.6025 | val_loss: 2.7265 | val_acc: 31.5300 | lr: 0.0210
2025-06-11 22:44:23,877 - trainer_0 - INFO - Epoch: 15 | Batch: 10/20 | Loss: 2.7437 | Images/sec: 59.27 | Progress: 51.2% | Time: 310.96s | lr: 0.0210 | train_acc: 29.8926
2025-06-11 22:44:28,611 - trainer_0 - INFO - Epoch: 15 | Batch: 20/20 | Loss: 2.7576 | Images/sec: 123.26 | Progress: 102.4% | Time: 315.70s | lr: 0.0210 | train_acc: 29.6500
2025-06-11 22:44:36,306 - trainer_0 - INFO - Epoch 15 completed in 21.46s | Average Loss: 2.7506 | train_acc: 29.6500 | val_loss: 2.6459 | val_acc: 33.5900 | lr: 0.0225
2025-06-11 22:44:43,979 - trainer_0 - INFO - Epoch: 16 | Batch: 10/20 | Loss: 2.7487 | Images/sec: 55.67 | Progress: 51.2% | Time: 331.06s | lr: 0.0225 | train_acc: 29.6094
2025-06-11 22:44:50,049 - trainer_0 - INFO - Epoch: 16 | Batch: 20/20 | Loss: 2.8578 | Images/sec: 115.42 | Progress: 102.4% | Time: 337.13s | lr: 0.0225 | train_acc: 28.8600
2025-06-11 22:44:56,332 - trainer_0 - INFO - Epoch 16 completed in 19.98s | Average Loss: 2.8032 | train_acc: 28.8600 | val_loss: 2.9113 | val_acc: 27.7900 | lr: 0.0240
2025-06-11 22:45:05,157 - trainer_0 - INFO - Epoch: 17 | Batch: 10/20 | Loss: 2.7797 | Images/sec: 52.33 | Progress: 51.2% | Time: 352.24s | lr: 0.0240 | train_acc: 29.2090
2025-06-11 22:45:09,797 - trainer_0 - INFO - Epoch: 17 | Batch: 20/20 | Loss: 2.8177 | Images/sec: 109.03 | Progress: 102.4% | Time: 356.88s | lr: 0.0240 | train_acc: 29.0575
2025-06-11 22:45:17,616 - trainer_0 - INFO - Epoch 17 completed in 21.24s | Average Loss: 2.7987 | train_acc: 29.0575 | val_loss: 2.9082 | val_acc: 28.2800 | lr: 0.0255
2025-06-11 22:45:25,133 - trainer_0 - INFO - Epoch: 18 | Batch: 10/20 | Loss: 2.7856 | Images/sec: 49.52 | Progress: 51.2% | Time: 372.22s | lr: 0.0255 | train_acc: 29.1455
2025-06-11 22:45:30,837 - trainer_0 - INFO - Epoch: 18 | Batch: 20/20 | Loss: 2.8895 | Images/sec: 102.96 | Progress: 102.4% | Time: 377.92s | lr: 0.0255 | train_acc: 28.0850
2025-06-11 22:45:37,644 - trainer_0 - INFO - Epoch 18 completed in 19.97s | Average Loss: 2.8376 | train_acc: 28.0850 | val_loss: 2.8866 | val_acc: 28.8000 | lr: 0.0270
2025-06-11 22:45:46,730 - trainer_0 - INFO - Epoch: 19 | Batch: 10/20 | Loss: 2.7881 | Images/sec: 46.80 | Progress: 51.2% | Time: 393.82s | lr: 0.0270 | train_acc: 29.3262
2025-06-11 22:45:51,421 - trainer_0 - INFO - Epoch: 19 | Batch: 20/20 | Loss: 2.8280 | Images/sec: 97.64 | Progress: 102.4% | Time: 398.51s | lr: 0.0270 | train_acc: 28.8050
2025-06-11 22:45:58,678 - trainer_0 - INFO - Epoch 19 completed in 20.99s | Average Loss: 2.8081 | train_acc: 28.8050 | val_loss: 2.7964 | val_acc: 29.9000 | lr: 0.0285
2025-06-11 22:46:06,585 - trainer_0 - INFO - Epoch: 20 | Batch: 10/20 | Loss: 2.7881 | Images/sec: 44.56 | Progress: 51.2% | Time: 413.67s | lr: 0.0285 | train_acc: 29.1699
2025-06-11 22:46:11,813 - trainer_0 - INFO - Epoch: 20 | Batch: 20/20 | Loss: 2.8329 | Images/sec: 92.89 | Progress: 102.4% | Time: 418.90s | lr: 0.0285 | train_acc: 28.6275
2025-06-11 22:46:18,981 - trainer_0 - INFO - Epoch 20 completed in 20.23s | Average Loss: 2.8105 | train_acc: 28.6275 | val_loss: 3.3904 | val_acc: 23.0300 | lr: 0.0300
2025-06-11 22:46:28,063 - trainer_0 - INFO - Epoch: 21 | Batch: 10/20 | Loss: 2.8144 | Images/sec: 42.36 | Progress: 51.2% | Time: 435.15s | lr: 0.0300 | train_acc: 28.6768
2025-06-11 22:46:32,662 - trainer_0 - INFO - Epoch: 21 | Batch: 20/20 | Loss: 2.9002 | Images/sec: 88.49 | Progress: 102.4% | Time: 439.75s | lr: 0.0300 | train_acc: 27.9250
2025-06-11 22:46:39,700 - trainer_0 - INFO - Epoch 21 completed in 20.67s | Average Loss: 2.8573 | train_acc: 27.9250 | val_loss: 2.9586 | val_acc: 26.5600 | lr: 0.0300
2025-06-11 22:46:48,040 - trainer_0 - INFO - Epoch: 22 | Batch: 10/20 | Loss: 2.8310 | Images/sec: 40.50 | Progress: 51.2% | Time: 455.13s | lr: 0.0300 | train_acc: 28.2129
2025-06-11 22:46:53,065 - trainer_0 - INFO - Epoch: 22 | Batch: 20/20 | Loss: 2.9306 | Images/sec: 84.56 | Progress: 102.4% | Time: 460.15s | lr: 0.0300 | train_acc: 27.2125
2025-06-11 22:47:00,218 - trainer_0 - INFO - Epoch 22 completed in 20.45s | Average Loss: 2.8808 | train_acc: 27.2125 | val_loss: 3.1749 | val_acc: 24.1400 | lr: 0.0300
2025-06-11 22:47:08,861 - trainer_0 - INFO - Epoch: 23 | Batch: 10/20 | Loss: 2.8568 | Images/sec: 38.73 | Progress: 51.2% | Time: 475.95s | lr: 0.0300 | train_acc: 27.5293
2025-06-11 22:47:13,848 - trainer_0 - INFO - Epoch: 23 | Batch: 20/20 | Loss: 2.8817 | Images/sec: 80.91 | Progress: 102.4% | Time: 480.93s | lr: 0.0300 | train_acc: 27.3400
2025-06-11 22:47:20,655 - trainer_0 - INFO - Epoch 23 completed in 20.38s | Average Loss: 2.8693 | train_acc: 27.3400 | val_loss: 3.3758 | val_acc: 22.3100 | lr: 0.0300
2025-06-11 22:47:29,440 - trainer_0 - INFO - Epoch: 24 | Batch: 10/20 | Loss: 2.8924 | Images/sec: 37.12 | Progress: 51.2% | Time: 496.53s | lr: 0.0300 | train_acc: 26.8994
2025-06-11 22:47:34,140 - trainer_0 - INFO - Epoch: 24 | Batch: 20/20 | Loss: 2.8997 | Images/sec: 77.63 | Progress: 102.4% | Time: 501.23s | lr: 0.0300 | train_acc: 26.8950
2025-06-11 22:47:41,597 - trainer_0 - INFO - Epoch 24 completed in 20.88s | Average Loss: 2.8961 | train_acc: 26.8950 | val_loss: 3.2225 | val_acc: 24.1100 | lr: 0.0299
2025-06-11 22:47:49,606 - trainer_0 - INFO - Epoch: 25 | Batch: 10/20 | Loss: 2.8558 | Images/sec: 35.67 | Progress: 51.2% | Time: 516.69s | lr: 0.0299 | train_acc: 27.4365
2025-06-11 22:47:55,173 - trainer_0 - INFO - Epoch: 25 | Batch: 20/20 | Loss: 2.8532 | Images/sec: 74.51 | Progress: 102.4% | Time: 522.26s | lr: 0.0299 | train_acc: 27.5375
2025-06-11 22:48:01,477 - trainer_0 - INFO - Epoch 25 completed in 19.83s | Average Loss: 2.8545 | train_acc: 27.5375 | val_loss: 2.8094 | val_acc: 29.0400 | lr: 0.0299
2025-06-11 22:48:10,303 - trainer_0 - INFO - Epoch: 26 | Batch: 10/20 | Loss: 2.8437 | Images/sec: 34.30 | Progress: 51.2% | Time: 537.39s | lr: 0.0299 | train_acc: 28.3789
2025-06-11 22:48:14,868 - trainer_0 - INFO - Epoch: 26 | Batch: 20/20 | Loss: 2.8646 | Images/sec: 71.80 | Progress: 102.4% | Time: 541.95s | lr: 0.0299 | train_acc: 28.0450
2025-06-11 22:48:22,712 - trainer_0 - INFO - Epoch 26 completed in 21.18s | Average Loss: 2.8542 | train_acc: 28.0450 | val_loss: 2.9171 | val_acc: 26.7000 | lr: 0.0298
2025-06-11 22:48:30,640 - trainer_0 - INFO - Epoch: 27 | Batch: 10/20 | Loss: 2.8095 | Images/sec: 33.05 | Progress: 51.2% | Time: 557.73s | lr: 0.0298 | train_acc: 28.8477
2025-06-11 22:48:36,366 - trainer_0 - INFO - Epoch: 27 | Batch: 20/20 | Loss: 2.8633 | Images/sec: 69.06 | Progress: 102.4% | Time: 563.45s | lr: 0.0298 | train_acc: 28.2600
2025-06-11 22:48:42,717 - trainer_0 - INFO - Epoch 27 completed in 19.96s | Average Loss: 2.8364 | train_acc: 28.2600 | val_loss: 2.8673 | val_acc: 28.0900 | lr: 0.0298
2025-06-11 22:48:52,081 - trainer_0 - INFO - Epoch: 28 | Batch: 10/20 | Loss: 2.8169 | Images/sec: 31.83 | Progress: 51.2% | Time: 579.17s | lr: 0.0298 | train_acc: 28.1494
2025-06-11 22:48:56,343 - trainer_0 - INFO - Epoch: 28 | Batch: 20/20 | Loss: 2.8627 | Images/sec: 66.70 | Progress: 102.4% | Time: 583.43s | lr: 0.0298 | train_acc: 27.9550
2025-06-11 22:49:03,902 - trainer_0 - INFO - Epoch 28 completed in 21.14s | Average Loss: 2.8398 | train_acc: 27.9550 | val_loss: 3.0227 | val_acc: 25.1300 | lr: 0.0297
2025-06-11 22:49:11,477 - trainer_0 - INFO - Epoch: 29 | Batch: 10/20 | Loss: 2.8598 | Images/sec: 30.79 | Progress: 51.2% | Time: 598.56s | lr: 0.0297 | train_acc: 27.4023
2025-06-11 22:49:17,255 - trainer_0 - INFO - Epoch: 29 | Batch: 20/20 | Loss: 2.8524 | Images/sec: 64.39 | Progress: 102.4% | Time: 604.34s | lr: 0.0297 | train_acc: 27.7200
2025-06-11 22:49:23,640 - trainer_0 - INFO - Epoch 29 completed in 19.69s | Average Loss: 2.8561 | train_acc: 27.7200 | val_loss: 2.8528 | val_acc: 28.2800 | lr: 0.0296
2025-06-11 22:49:32,921 - trainer_0 - INFO - Epoch: 30 | Batch: 10/20 | Loss: 2.8113 | Images/sec: 29.73 | Progress: 51.2% | Time: 620.01s | lr: 0.0296 | train_acc: 28.1006
2025-06-11 22:49:37,136 - trainer_0 - INFO - Epoch: 30 | Batch: 20/20 | Loss: 2.7974 | Images/sec: 62.34 | Progress: 102.4% | Time: 624.22s | lr: 0.0296 | train_acc: 28.5850
2025-06-11 22:49:44,836 - trainer_0 - INFO - Epoch 30 completed in 21.14s | Average Loss: 2.8043 | train_acc: 28.5850 | val_loss: 2.8687 | val_acc: 28.0400 | lr: 0.0296
2025-06-11 22:49:52,167 - trainer_0 - INFO - Epoch: 31 | Batch: 10/20 | Loss: 2.7936 | Images/sec: 28.83 | Progress: 51.2% | Time: 639.25s | lr: 0.0296 | train_acc: 28.7646
2025-06-11 22:49:58,581 - trainer_0 - INFO - Epoch: 31 | Batch: 20/20 | Loss: 2.7844 | Images/sec: 60.27 | Progress: 102.4% | Time: 645.67s | lr: 0.0296 | train_acc: 29.0200
2025-06-11 22:50:04,939 - trainer_0 - INFO - Epoch 31 completed in 20.06s | Average Loss: 2.7890 | train_acc: 29.0200 | val_loss: 2.8638 | val_acc: 27.1900 | lr: 0.0295
2025-06-11 22:50:13,717 - trainer_0 - INFO - Epoch: 32 | Batch: 10/20 | Loss: 2.7389 | Images/sec: 27.89 | Progress: 51.2% | Time: 660.80s | lr: 0.0295 | train_acc: 29.6826
2025-06-11 22:50:18,432 - trainer_0 - INFO - Epoch: 32 | Batch: 20/20 | Loss: 2.7785 | Images/sec: 58.47 | Progress: 102.4% | Time: 665.52s | lr: 0.0295 | train_acc: 29.6175
2025-06-11 22:50:26,234 - trainer_0 - INFO - Epoch 32 completed in 21.24s | Average Loss: 2.7587 | train_acc: 29.6175 | val_loss: 2.9509 | val_acc: 26.9200 | lr: 0.0294
2025-06-11 22:50:33,697 - trainer_0 - INFO - Epoch: 33 | Batch: 10/20 | Loss: 2.7320 | Images/sec: 27.07 | Progress: 51.2% | Time: 680.78s | lr: 0.0294 | train_acc: 29.9219
2025-06-11 22:50:39,717 - trainer_0 - INFO - Epoch: 33 | Batch: 20/20 | Loss: 2.7707 | Images/sec: 56.66 | Progress: 102.4% | Time: 686.80s | lr: 0.0294 | train_acc: 29.5225
2025-06-11 22:50:45,908 - trainer_0 - INFO - Epoch 33 completed in 19.63s | Average Loss: 2.7514 | train_acc: 29.5225 | val_loss: 2.9016 | val_acc: 27.9900 | lr: 0.0293
2025-06-11 22:50:55,090 - trainer_0 - INFO - Epoch: 34 | Batch: 10/20 | Loss: 2.7189 | Images/sec: 26.25 | Progress: 51.2% | Time: 702.18s | lr: 0.0293 | train_acc: 30.5615
2025-06-11 22:50:59,211 - trainer_0 - INFO - Epoch: 34 | Batch: 20/20 | Loss: 2.7337 | Images/sec: 55.09 | Progress: 102.4% | Time: 706.30s | lr: 0.0293 | train_acc: 30.3325
2025-06-11 22:51:06,722 - trainer_0 - INFO - Epoch 34 completed in 20.77s | Average Loss: 2.7263 | train_acc: 30.3325 | val_loss: 2.8891 | val_acc: 27.9400 | lr: 0.0291
2025-06-11 22:51:13,958 - trainer_0 - INFO - Epoch: 35 | Batch: 10/20 | Loss: 2.6941 | Images/sec: 25.56 | Progress: 51.2% | Time: 721.04s | lr: 0.0291 | train_acc: 30.9082
2025-06-11 22:51:19,566 - trainer_0 - INFO - Epoch: 35 | Batch: 20/20 | Loss: 2.7419 | Images/sec: 53.55 | Progress: 102.4% | Time: 726.65s | lr: 0.0291 | train_acc: 30.5050
2025-06-11 22:51:26,286 - trainer_0 - INFO - Epoch 35 completed in 19.50s | Average Loss: 2.7180 | train_acc: 30.5050 | val_loss: 2.9188 | val_acc: 28.4300 | lr: 0.0290
2025-06-11 22:51:35,232 - trainer_0 - INFO - Epoch: 36 | Batch: 10/20 | Loss: 2.7181 | Images/sec: 24.83 | Progress: 51.2% | Time: 742.32s | lr: 0.0290 | train_acc: 30.4297
2025-06-11 22:51:39,575 - trainer_0 - INFO - Epoch: 36 | Batch: 20/20 | Loss: 2.6894 | Images/sec: 52.11 | Progress: 102.4% | Time: 746.66s | lr: 0.0290 | train_acc: 30.7675
2025-06-11 22:51:46,427 - trainer_0 - INFO - Epoch 36 completed in 20.10s | Average Loss: 2.7038 | train_acc: 30.7675 | val_loss: 2.8516 | val_acc: 28.1400 | lr: 0.0289
2025-06-11 22:51:54,525 - trainer_0 - INFO - Epoch: 37 | Batch: 10/20 | Loss: 2.7070 | Images/sec: 24.20 | Progress: 51.2% | Time: 761.61s | lr: 0.0289 | train_acc: 30.6543
2025-06-11 22:51:59,253 - trainer_0 - INFO - Epoch: 37 | Batch: 20/20 | Loss: 2.6740 | Images/sec: 50.78 | Progress: 102.4% | Time: 766.34s | lr: 0.0289 | train_acc: 30.9975
2025-06-11 22:52:06,511 - trainer_0 - INFO - Epoch 37 completed in 20.01s | Average Loss: 2.6905 | train_acc: 30.9975 | val_loss: 2.5794 | val_acc: 33.4000 | lr: 0.0288
2025-06-11 22:52:15,211 - trainer_0 - INFO - Epoch: 38 | Batch: 10/20 | Loss: 2.5925 | Images/sec: 23.56 | Progress: 51.2% | Time: 782.30s | lr: 0.0288 | train_acc: 32.7783
2025-06-11 22:52:19,878 - trainer_0 - INFO - Epoch: 38 | Batch: 20/20 | Loss: 2.6379 | Images/sec: 49.45 | Progress: 102.4% | Time: 786.96s | lr: 0.0288 | train_acc: 32.3525
2025-06-11 22:52:26,283 - trainer_0 - INFO - Epoch 38 completed in 19.72s | Average Loss: 2.6152 | train_acc: 32.3525 | val_loss: 2.8333 | val_acc: 29.4700 | lr: 0.0286
2025-06-11 22:52:35,089 - trainer_0 - INFO - Epoch: 39 | Batch: 10/20 | Loss: 2.5735 | Images/sec: 22.98 | Progress: 51.2% | Time: 802.18s | lr: 0.0286 | train_acc: 33.3691
2025-06-11 22:52:39,720 - trainer_0 - INFO - Epoch: 39 | Batch: 20/20 | Loss: 2.5855 | Images/sec: 48.23 | Progress: 102.4% | Time: 806.81s | lr: 0.0286 | train_acc: 33.2275
2025-06-11 22:52:47,560 - trainer_0 - INFO - Epoch 39 completed in 21.21s | Average Loss: 2.5795 | train_acc: 33.2275 | val_loss: 2.7477 | val_acc: 31.0400 | lr: 0.0284
2025-06-11 22:52:55,646 - trainer_0 - INFO - Epoch: 40 | Batch: 10/20 | Loss: 2.5460 | Images/sec: 22.40 | Progress: 51.2% | Time: 822.73s | lr: 0.0284 | train_acc: 33.7842
2025-06-11 22:53:01,145 - trainer_0 - INFO - Epoch: 40 | Batch: 20/20 | Loss: 2.5506 | Images/sec: 46.98 | Progress: 102.4% | Time: 828.23s | lr: 0.0284 | train_acc: 33.8700
2025-06-11 22:53:07,421 - trainer_0 - INFO - Epoch 40 completed in 19.81s | Average Loss: 2.5483 | train_acc: 33.8700 | val_loss: 2.6209 | val_acc: 32.7700 | lr: 0.0283
2025-06-11 22:53:16,228 - trainer_0 - INFO - Epoch: 41 | Batch: 10/20 | Loss: 2.5335 | Images/sec: 21.86 | Progress: 51.2% | Time: 843.31s | lr: 0.0283 | train_acc: 33.9453
2025-06-11 22:53:20,914 - trainer_0 - INFO - Epoch: 41 | Batch: 20/20 | Loss: 2.5296 | Images/sec: 45.89 | Progress: 102.4% | Time: 848.00s | lr: 0.0283 | train_acc: 33.9500
2025-06-11 22:53:28,678 - trainer_0 - INFO - Epoch 41 completed in 21.20s | Average Loss: 2.5315 | train_acc: 33.9500 | val_loss: 2.6283 | val_acc: 32.8800 | lr: 0.0281
2025-06-11 22:53:36,444 - trainer_0 - INFO - Epoch: 42 | Batch: 10/20 | Loss: 2.4635 | Images/sec: 21.34 | Progress: 51.2% | Time: 863.53s | lr: 0.0281 | train_acc: 35.8545
2025-06-11 22:53:42,279 - trainer_0 - INFO - Epoch: 42 | Batch: 20/20 | Loss: 2.4915 | Images/sec: 44.76 | Progress: 102.4% | Time: 869.37s | lr: 0.0281 | train_acc: 35.4325
2025-06-11 22:53:48,705 - trainer_0 - INFO - Epoch 42 completed in 19.98s | Average Loss: 2.4775 | train_acc: 35.4325 | val_loss: 2.5350 | val_acc: 34.5000 | lr: 0.0279
2025-06-11 22:53:57,848 - trainer_0 - INFO - Epoch: 43 | Batch: 10/20 | Loss: 2.4469 | Images/sec: 20.83 | Progress: 51.2% | Time: 884.93s | lr: 0.0279 | train_acc: 36.2256
2025-06-11 22:54:02,464 - trainer_0 - INFO - Epoch: 43 | Batch: 20/20 | Loss: 2.4920 | Images/sec: 43.74 | Progress: 102.4% | Time: 889.55s | lr: 0.0279 | train_acc: 35.7725
2025-06-11 22:54:10,032 - trainer_0 - INFO - Epoch 43 completed in 21.28s | Average Loss: 2.4694 | train_acc: 35.7725 | val_loss: 2.5872 | val_acc: 33.6600 | lr: 0.0277
2025-06-11 22:54:17,355 - trainer_0 - INFO - Epoch: 44 | Batch: 10/20 | Loss: 2.4511 | Images/sec: 20.38 | Progress: 51.2% | Time: 904.44s | lr: 0.0277 | train_acc: 35.7812
2025-06-11 22:54:23,584 - trainer_0 - INFO - Epoch: 44 | Batch: 20/20 | Loss: 2.4631 | Images/sec: 42.73 | Progress: 102.4% | Time: 910.67s | lr: 0.0277 | train_acc: 35.9775
2025-06-11 22:54:29,954 - trainer_0 - INFO - Epoch 44 completed in 19.88s | Average Loss: 2.4571 | train_acc: 35.9775 | val_loss: 2.4916 | val_acc: 35.7700 | lr: 0.0275
2025-06-11 22:54:39,213 - trainer_0 - INFO - Epoch: 45 | Batch: 10/20 | Loss: 2.4045 | Images/sec: 19.90 | Progress: 51.2% | Time: 926.30s | lr: 0.0275 | train_acc: 37.3486
2025-06-11 22:54:43,398 - trainer_0 - INFO - Epoch: 45 | Batch: 20/20 | Loss: 2.4806 | Images/sec: 41.82 | Progress: 102.4% | Time: 930.48s | lr: 0.0275 | train_acc: 36.5925
2025-06-11 22:54:51,056 - trainer_0 - INFO - Epoch 45 completed in 21.05s | Average Loss: 2.4426 | train_acc: 36.5925 | val_loss: 2.4565 | val_acc: 36.5900 | lr: 0.0273
2025-06-11 22:54:58,405 - trainer_0 - INFO - Epoch: 46 | Batch: 10/20 | Loss: 2.4172 | Images/sec: 19.49 | Progress: 51.2% | Time: 945.49s | lr: 0.0273 | train_acc: 36.4502
2025-06-11 22:55:04,511 - trainer_0 - INFO - Epoch: 46 | Batch: 20/20 | Loss: 2.4355 | Images/sec: 40.89 | Progress: 102.4% | Time: 951.60s | lr: 0.0273 | train_acc: 36.4225
2025-06-11 22:55:10,689 - trainer_0 - INFO - Epoch 46 completed in 19.59s | Average Loss: 2.4263 | train_acc: 36.4225 | val_loss: 2.5720 | val_acc: 34.1200 | lr: 0.0271
2025-06-11 22:55:19,853 - trainer_0 - INFO - Epoch: 47 | Batch: 10/20 | Loss: 2.3645 | Images/sec: 19.06 | Progress: 51.2% | Time: 966.94s | lr: 0.0271 | train_acc: 38.3936
2025-06-11 22:55:24,182 - trainer_0 - INFO - Epoch: 47 | Batch: 20/20 | Loss: 2.4772 | Images/sec: 40.06 | Progress: 102.4% | Time: 971.27s | lr: 0.0271 | train_acc: 37.1050
2025-06-11 22:55:32,083 - trainer_0 - INFO - Epoch 47 completed in 21.35s | Average Loss: 2.4208 | train_acc: 37.1050 | val_loss: 2.8903 | val_acc: 30.9500 | lr: 0.0269
2025-06-11 22:55:39,499 - trainer_0 - INFO - Epoch: 48 | Batch: 10/20 | Loss: 2.3962 | Images/sec: 18.68 | Progress: 51.2% | Time: 986.59s | lr: 0.0269 | train_acc: 37.1387
2025-06-11 22:55:45,528 - trainer_0 - INFO - Epoch: 48 | Batch: 20/20 | Loss: 2.3945 | Images/sec: 39.20 | Progress: 102.4% | Time: 992.61s | lr: 0.0269 | train_acc: 37.1350
2025-06-11 22:55:51,718 - trainer_0 - INFO - Epoch 48 completed in 19.59s | Average Loss: 2.3953 | train_acc: 37.1350 | val_loss: 2.4923 | val_acc: 36.7100 | lr: 0.0267
2025-06-11 22:56:00,931 - trainer_0 - INFO - Epoch: 49 | Batch: 10/20 | Loss: 2.3132 | Images/sec: 18.29 | Progress: 51.2% | Time: 1008.02s | lr: 0.0267 | train_acc: 39.1211
2025-06-11 22:56:05,381 - trainer_0 - INFO - Epoch: 49 | Batch: 20/20 | Loss: 2.3812 | Images/sec: 38.43 | Progress: 102.4% | Time: 1012.47s | lr: 0.0267 | train_acc: 38.2425
2025-06-11 22:56:12,466 - trainer_0 - INFO - Epoch 49 completed in 20.70s | Average Loss: 2.3472 | train_acc: 38.2425 | val_loss: 2.6065 | val_acc: 33.7500 | lr: 0.0265
2025-06-11 22:56:20,126 - trainer_0 - INFO - Epoch: 50 | Batch: 10/20 | Loss: 2.3449 | Images/sec: 17.94 | Progress: 51.2% | Time: 1027.20s | lr: 0.0265 | train_acc: 38.2910
2025-06-11 22:56:25,066 - trainer_0 - INFO - Epoch: 50 | Batch: 20/20 | Loss: 2.3619 | Images/sec: 37.70 | Progress: 102.4% | Time: 1032.15s | lr: 0.0265 | train_acc: 38.3200
2025-06-11 22:56:32,304 - trainer_0 - INFO - Epoch 50 completed in 19.78s | Average Loss: 2.3534 | train_acc: 38.3200 | val_loss: 2.5440 | val_acc: 35.6500 | lr: 0.0262
2025-06-11 22:56:40,719 - trainer_0 - INFO - Epoch: 51 | Batch: 10/20 | Loss: 2.3221 | Images/sec: 17.59 | Progress: 51.2% | Time: 1047.80s | lr: 0.0262 | train_acc: 38.7598
2025-06-11 22:56:46,030 - trainer_0 - INFO - Epoch: 51 | Batch: 20/20 | Loss: 2.3841 | Images/sec: 36.95 | Progress: 102.4% | Time: 1053.12s | lr: 0.0262 | train_acc: 38.0525
2025-06-11 22:56:52,992 - trainer_0 - INFO - Epoch 51 completed in 20.64s | Average Loss: 2.3531 | train_acc: 38.0525 | val_loss: 2.6151 | val_acc: 34.5700 | lr: 0.0260
2025-06-11 22:57:02,163 - trainer_0 - INFO - Epoch: 52 | Batch: 10/20 | Loss: 2.3104 | Images/sec: 17.24 | Progress: 51.2% | Time: 1069.25s | lr: 0.0260 | train_acc: 38.6768
2025-06-11 22:57:07,020 - trainer_0 - INFO - Epoch: 52 | Batch: 20/20 | Loss: 2.2988 | Images/sec: 36.23 | Progress: 102.4% | Time: 1074.11s | lr: 0.0260 | train_acc: 38.9250
2025-06-11 22:57:14,613 - trainer_0 - INFO - Epoch 52 completed in 21.55s | Average Loss: 2.3046 | train_acc: 38.9250 | val_loss: 2.4983 | val_acc: 35.9200 | lr: 0.0257
2025-06-11 22:57:23,773 - trainer_0 - INFO - Epoch: 53 | Batch: 10/20 | Loss: 2.3309 | Images/sec: 16.90 | Progress: 51.2% | Time: 1090.84s | lr: 0.0257 | train_acc: 38.4717
2025-06-11 22:57:28,553 - trainer_0 - INFO - Epoch: 53 | Batch: 20/20 | Loss: 2.3573 | Images/sec: 35.52 | Progress: 102.4% | Time: 1095.64s | lr: 0.0257 | train_acc: 38.3225
2025-06-11 22:57:35,287 - trainer_0 - INFO - Epoch 53 completed in 20.62s | Average Loss: 2.3441 | train_acc: 38.3225 | val_loss: 2.7693 | val_acc: 33.3400 | lr: 0.0255
2025-06-11 22:57:44,067 - trainer_0 - INFO - Epoch: 54 | Batch: 10/20 | Loss: 2.2797 | Images/sec: 16.59 | Progress: 51.2% | Time: 1111.15s | lr: 0.0255 | train_acc: 39.6289
2025-06-11 22:57:48,826 - trainer_0 - INFO - Epoch: 54 | Batch: 20/20 | Loss: 2.3397 | Images/sec: 34.87 | Progress: 102.4% | Time: 1115.91s | lr: 0.0255 | train_acc: 39.0700
2025-06-11 22:57:56,509 - trainer_0 - INFO - Epoch 54 completed in 21.16s | Average Loss: 2.3097 | train_acc: 39.0700 | val_loss: 2.6004 | val_acc: 34.4200 | lr: 0.0252
2025-06-11 22:58:05,424 - trainer_0 - INFO - Epoch: 55 | Batch: 10/20 | Loss: 2.2547 | Images/sec: 16.28 | Progress: 51.2% | Time: 1132.51s | lr: 0.0252 | train_acc: 40.0342
2025-06-11 22:58:10,290 - trainer_0 - INFO - Epoch: 55 | Batch: 20/20 | Loss: 2.3129 | Images/sec: 34.21 | Progress: 102.4% | Time: 1137.38s | lr: 0.0252 | train_acc: 39.6550
2025-06-11 22:58:16,930 - trainer_0 - INFO - Epoch 55 completed in 20.36s | Average Loss: 2.2838 | train_acc: 39.6550 | val_loss: 2.6099 | val_acc: 34.7000 | lr: 0.0249
2025-06-11 22:58:25,529 - trainer_0 - INFO - Epoch: 56 | Batch: 10/20 | Loss: 2.2619 | Images/sec: 15.99 | Progress: 51.2% | Time: 1152.62s | lr: 0.0249 | train_acc: 40.0928
2025-06-11 22:58:30,473 - trainer_0 - INFO - Epoch: 56 | Batch: 20/20 | Loss: 2.3277 | Images/sec: 33.62 | Progress: 102.4% | Time: 1157.56s | lr: 0.0249 | train_acc: 39.5425
2025-06-11 22:58:37,987 - trainer_0 - INFO - Epoch 56 completed in 20.99s | Average Loss: 2.2948 | train_acc: 39.5425 | val_loss: 2.3473 | val_acc: 39.2000 | lr: 0.0247
2025-06-11 22:58:47,073 - trainer_0 - INFO - Epoch: 57 | Batch: 10/20 | Loss: 2.2219 | Images/sec: 15.70 | Progress: 51.2% | Time: 1174.16s | lr: 0.0247 | train_acc: 41.0986
2025-06-11 22:58:51,669 - trainer_0 - INFO - Epoch: 57 | Batch: 20/20 | Loss: 2.3428 | Images/sec: 33.01 | Progress: 102.4% | Time: 1178.76s | lr: 0.0247 | train_acc: 39.7575
2025-06-11 22:58:58,311 - trainer_0 - INFO - Epoch 57 completed in 20.28s | Average Loss: 2.2823 | train_acc: 39.7575 | val_loss: 2.4522 | val_acc: 36.9300 | lr: 0.0244
2025-06-11 22:59:07,292 - trainer_0 - INFO - Epoch: 58 | Batch: 10/20 | Loss: 2.2371 | Images/sec: 15.43 | Progress: 51.2% | Time: 1194.38s | lr: 0.0244 | train_acc: 41.0254
2025-06-11 22:59:11,537 - trainer_0 - INFO - Epoch: 58 | Batch: 20/20 | Loss: 2.2831 | Images/sec: 32.46 | Progress: 102.4% | Time: 1198.62s | lr: 0.0244 | train_acc: 40.1275
2025-06-11 22:59:19,213 - trainer_0 - INFO - Epoch 58 completed in 20.84s | Average Loss: 2.2601 | train_acc: 40.1275 | val_loss: 2.5607 | val_acc: 35.2900 | lr: 0.0241
2025-06-11 22:59:28,053 - trainer_0 - INFO - Epoch: 59 | Batch: 10/20 | Loss: 2.2314 | Images/sec: 15.17 | Progress: 51.2% | Time: 1215.14s | lr: 0.0241 | train_acc: 40.4297
2025-06-11 22:59:33,066 - trainer_0 - INFO - Epoch: 59 | Batch: 20/20 | Loss: 2.2324 | Images/sec: 31.89 | Progress: 102.4% | Time: 1220.15s | lr: 0.0241 | train_acc: 40.6950
2025-06-11 22:59:39,401 - trainer_0 - INFO - Epoch 59 completed in 20.14s | Average Loss: 2.2319 | train_acc: 40.6950 | val_loss: 2.2309 | val_acc: 41.0700 | lr: 0.0238
2025-06-11 22:59:48,516 - trainer_0 - INFO - Epoch: 60 | Batch: 10/20 | Loss: 2.1887 | Images/sec: 14.92 | Progress: 51.2% | Time: 1235.60s | lr: 0.0238 | train_acc: 42.0215
2025-06-11 22:59:52,837 - trainer_0 - INFO - Epoch: 60 | Batch: 20/20 | Loss: 2.2399 | Images/sec: 31.38 | Progress: 102.4% | Time: 1239.92s | lr: 0.0238 | train_acc: 41.2725
2025-06-11 23:00:00,567 - trainer_0 - INFO - Epoch 60 completed in 21.12s | Average Loss: 2.2143 | train_acc: 41.2725 | val_loss: 2.5194 | val_acc: 36.1400 | lr: 0.0235
2025-06-11 23:00:08,156 - trainer_0 - INFO - Epoch: 61 | Batch: 10/20 | Loss: 2.1932 | Images/sec: 14.68 | Progress: 51.2% | Time: 1255.24s | lr: 0.0235 | train_acc: 42.0508
2025-06-11 23:00:13,861 - trainer_0 - INFO - Epoch: 61 | Batch: 20/20 | Loss: 2.2560 | Images/sec: 30.86 | Progress: 102.4% | Time: 1260.95s | lr: 0.0235 | train_acc: 41.1550
2025-06-11 23:00:20,277 - trainer_0 - INFO - Epoch 61 completed in 19.66s | Average Loss: 2.2246 | train_acc: 41.1550 | val_loss: 2.5294 | val_acc: 37.0700 | lr: 0.0232
2025-06-11 23:00:29,934 - trainer_0 - INFO - Epoch: 62 | Batch: 10/20 | Loss: 2.1554 | Images/sec: 14.43 | Progress: 51.2% | Time: 1277.02s | lr: 0.0232 | train_acc: 42.4658
2025-06-11 23:00:34,034 - trainer_0 - INFO - Epoch: 62 | Batch: 20/20 | Loss: 2.2308 | Images/sec: 30.37 | Progress: 102.4% | Time: 1281.12s | lr: 0.0232 | train_acc: 41.8525
2025-06-11 23:00:41,648 - trainer_0 - INFO - Epoch 62 completed in 21.32s | Average Loss: 2.1931 | train_acc: 41.8525 | val_loss: 2.4167 | val_acc: 38.6400 | lr: 0.0229
2025-06-11 23:00:49,450 - trainer_0 - INFO - Epoch: 63 | Batch: 10/20 | Loss: 2.1415 | Images/sec: 14.22 | Progress: 51.2% | Time: 1296.54s | lr: 0.0229 | train_acc: 42.7881
2025-06-11 23:00:55,447 - trainer_0 - INFO - Epoch: 63 | Batch: 20/20 | Loss: 2.1774 | Images/sec: 29.87 | Progress: 102.4% | Time: 1302.53s | lr: 0.0229 | train_acc: 42.5075
2025-06-11 23:01:01,914 - trainer_0 - INFO - Epoch 63 completed in 20.22s | Average Loss: 2.1594 | train_acc: 42.5075 | val_loss: 2.5355 | val_acc: 35.9600 | lr: 0.0226
2025-06-11 23:01:10,968 - trainer_0 - INFO - Epoch: 64 | Batch: 10/20 | Loss: 2.1739 | Images/sec: 13.98 | Progress: 51.2% | Time: 1318.05s | lr: 0.0226 | train_acc: 41.8652
2025-06-11 23:01:15,696 - trainer_0 - INFO - Epoch: 64 | Batch: 20/20 | Loss: 2.1764 | Images/sec: 29.42 | Progress: 102.4% | Time: 1322.78s | lr: 0.0226 | train_acc: 41.9125
2025-06-11 23:01:23,558 - trainer_0 - INFO - Epoch 64 completed in 21.59s | Average Loss: 2.1752 | train_acc: 41.9125 | val_loss: 2.3114 | val_acc: 39.7600 | lr: 0.0223
2025-06-11 23:01:31,610 - trainer_0 - INFO - Epoch: 65 | Batch: 10/20 | Loss: 2.1059 | Images/sec: 13.77 | Progress: 51.2% | Time: 1338.70s | lr: 0.0223 | train_acc: 43.7158
2025-06-11 23:01:37,742 - trainer_0 - INFO - Epoch: 65 | Batch: 20/20 | Loss: 2.1769 | Images/sec: 28.93 | Progress: 102.4% | Time: 1344.83s | lr: 0.0223 | train_acc: 43.1250
2025-06-11 23:01:44,279 - trainer_0 - INFO - Epoch 65 completed in 20.67s | Average Loss: 2.1414 | train_acc: 43.1250 | val_loss: 2.3180 | val_acc: 39.4700 | lr: 0.0220
2025-06-11 23:01:53,389 - trainer_0 - INFO - Epoch: 66 | Batch: 10/20 | Loss: 2.1094 | Images/sec: 13.55 | Progress: 51.2% | Time: 1360.48s | lr: 0.0220 | train_acc: 43.3643
2025-06-11 23:01:58,198 - trainer_0 - INFO - Epoch: 66 | Batch: 20/20 | Loss: 2.1870 | Images/sec: 28.50 | Progress: 102.4% | Time: 1365.28s | lr: 0.0220 | train_acc: 42.6300
2025-06-11 23:02:06,186 - trainer_0 - INFO - Epoch 66 completed in 21.86s | Average Loss: 2.1482 | train_acc: 42.6300 | val_loss: 2.3697 | val_acc: 38.8500 | lr: 0.0216
2025-06-11 23:02:15,395 - trainer_0 - INFO - Epoch: 67 | Batch: 10/20 | Loss: 2.1230 | Images/sec: 13.33 | Progress: 51.2% | Time: 1382.47s | lr: 0.0216 | train_acc: 43.0762
2025-06-11 23:02:20,318 - trainer_0 - INFO - Epoch: 67 | Batch: 20/20 | Loss: 2.1102 | Images/sec: 28.05 | Progress: 102.4% | Time: 1387.40s | lr: 0.0216 | train_acc: 43.3075
2025-06-11 23:02:26,796 - trainer_0 - INFO - Epoch 67 completed in 20.56s | Average Loss: 2.1166 | train_acc: 43.3075 | val_loss: 2.3522 | val_acc: 39.0000 | lr: 0.0213
2025-06-11 23:02:35,841 - trainer_0 - INFO - Epoch: 68 | Batch: 10/20 | Loss: 2.0829 | Images/sec: 13.14 | Progress: 51.2% | Time: 1402.93s | lr: 0.0213 | train_acc: 44.0186
2025-06-11 23:02:40,515 - trainer_0 - INFO - Epoch: 68 | Batch: 20/20 | Loss: 2.1279 | Images/sec: 27.64 | Progress: 102.4% | Time: 1407.60s | lr: 0.0213 | train_acc: 43.7500
2025-06-11 23:02:48,332 - trainer_0 - INFO - Epoch 68 completed in 21.48s | Average Loss: 2.1054 | train_acc: 43.7500 | val_loss: 2.3080 | val_acc: 40.7400 | lr: 0.0210
2025-06-11 23:02:56,008 - trainer_0 - INFO - Epoch: 69 | Batch: 10/20 | Loss: 2.0635 | Images/sec: 12.95 | Progress: 51.2% | Time: 1423.09s | lr: 0.0210 | train_acc: 44.5898
2025-06-11 23:03:02,284 - trainer_0 - INFO - Epoch: 69 | Batch: 20/20 | Loss: 2.0975 | Images/sec: 27.22 | Progress: 102.4% | Time: 1429.37s | lr: 0.0210 | train_acc: 44.2925
2025-06-11 23:03:08,725 - trainer_0 - INFO - Epoch 69 completed in 20.34s | Average Loss: 2.0805 | train_acc: 44.2925 | val_loss: 2.3913 | val_acc: 38.9500 | lr: 0.0207
2025-06-11 23:03:18,335 - trainer_0 - INFO - Epoch: 70 | Batch: 10/20 | Loss: 2.0689 | Images/sec: 12.75 | Progress: 51.2% | Time: 1445.42s | lr: 0.0207 | train_acc: 44.4434
2025-06-11 23:03:22,634 - trainer_0 - INFO - Epoch: 70 | Batch: 20/20 | Loss: 2.0404 | Images/sec: 26.84 | Progress: 102.4% | Time: 1449.72s | lr: 0.0207 | train_acc: 44.9175
2025-06-11 23:03:30,398 - trainer_0 - INFO - Epoch 70 completed in 21.63s | Average Loss: 2.0546 | train_acc: 44.9175 | val_loss: 2.1642 | val_acc: 42.3100 | lr: 0.0203
2025-06-11 23:03:37,875 - trainer_0 - INFO - Epoch: 71 | Batch: 10/20 | Loss: 2.0368 | Images/sec: 12.58 | Progress: 51.2% | Time: 1464.95s | lr: 0.0203 | train_acc: 45.1611
2025-06-11 23:03:44,188 - trainer_0 - INFO - Epoch: 71 | Batch: 20/20 | Loss: 2.0554 | Images/sec: 26.45 | Progress: 102.4% | Time: 1471.27s | lr: 0.0203 | train_acc: 44.7250
2025-06-11 23:03:50,602 - trainer_0 - INFO - Epoch 71 completed in 20.16s | Average Loss: 2.0461 | train_acc: 44.7250 | val_loss: 2.1938 | val_acc: 42.7000 | lr: 0.0200
2025-06-11 23:03:59,617 - trainer_0 - INFO - Epoch: 72 | Batch: 10/20 | Loss: 1.9831 | Images/sec: 12.40 | Progress: 51.2% | Time: 1486.70s | lr: 0.0200 | train_acc: 46.2305
2025-06-11 23:04:04,287 - trainer_0 - INFO - Epoch: 72 | Batch: 20/20 | Loss: 2.0181 | Images/sec: 26.09 | Progress: 102.4% | Time: 1491.37s | lr: 0.0200 | train_acc: 45.9275
2025-06-11 23:04:12,102 - trainer_0 - INFO - Epoch 72 completed in 21.45s | Average Loss: 2.0006 | train_acc: 45.9275 | val_loss: 2.1126 | val_acc: 43.6600 | lr: 0.0196
2025-06-11 23:04:19,763 - trainer_0 - INFO - Epoch: 73 | Batch: 10/20 | Loss: 2.0009 | Images/sec: 12.23 | Progress: 51.2% | Time: 1506.85s | lr: 0.0196 | train_acc: 46.0254
2025-06-11 23:04:25,759 - trainer_0 - INFO - Epoch: 73 | Batch: 20/20 | Loss: 2.0239 | Images/sec: 25.72 | Progress: 102.4% | Time: 1512.84s | lr: 0.0196 | train_acc: 45.9550
2025-06-11 23:04:32,192 - trainer_0 - INFO - Epoch 73 completed in 20.04s | Average Loss: 2.0124 | train_acc: 45.9550 | val_loss: 2.1907 | val_acc: 43.1600 | lr: 0.0193
2025-06-11 23:04:41,334 - trainer_0 - INFO - Epoch: 74 | Batch: 10/20 | Loss: 1.9781 | Images/sec: 12.06 | Progress: 51.2% | Time: 1528.42s | lr: 0.0193 | train_acc: 46.8750
2025-06-11 23:04:46,066 - trainer_0 - INFO - Epoch: 74 | Batch: 20/20 | Loss: 2.0128 | Images/sec: 25.38 | Progress: 102.4% | Time: 1533.15s | lr: 0.0193 | train_acc: 46.3550
2025-06-11 23:04:53,942 - trainer_0 - INFO - Epoch 74 completed in 21.70s | Average Loss: 1.9954 | train_acc: 46.3550 | val_loss: 2.2375 | val_acc: 41.8900 | lr: 0.0189
2025-06-11 23:05:01,429 - trainer_0 - INFO - Epoch: 75 | Batch: 10/20 | Loss: 1.9731 | Images/sec: 11.90 | Progress: 51.2% | Time: 1548.51s | lr: 0.0189 | train_acc: 46.3330
2025-06-11 23:05:07,911 - trainer_0 - INFO - Epoch: 75 | Batch: 20/20 | Loss: 2.0054 | Images/sec: 25.02 | Progress: 102.4% | Time: 1555.00s | lr: 0.0189 | train_acc: 46.0825
2025-06-11 23:05:14,400 - trainer_0 - INFO - Epoch 75 completed in 20.41s | Average Loss: 1.9893 | train_acc: 46.0825 | val_loss: 2.1943 | val_acc: 43.0000 | lr: 0.0186
2025-06-11 23:05:23,749 - trainer_0 - INFO - Epoch: 76 | Batch: 10/20 | Loss: 1.9421 | Images/sec: 11.73 | Progress: 51.2% | Time: 1570.83s | lr: 0.0186 | train_acc: 47.4512
2025-06-11 23:05:28,236 - trainer_0 - INFO - Epoch: 76 | Batch: 20/20 | Loss: 1.9646 | Images/sec: 24.70 | Progress: 102.4% | Time: 1575.32s | lr: 0.0186 | train_acc: 46.9250
2025-06-11 23:05:36,159 - trainer_0 - INFO - Epoch 76 completed in 21.71s | Average Loss: 1.9533 | train_acc: 46.9250 | val_loss: 2.1534 | val_acc: 43.4900 | lr: 0.0182
2025-06-11 23:05:43,765 - trainer_0 - INFO - Epoch: 77 | Batch: 10/20 | Loss: 1.9345 | Images/sec: 11.59 | Progress: 51.2% | Time: 1590.85s | lr: 0.0182 | train_acc: 47.5342
2025-06-11 23:05:49,895 - trainer_0 - INFO - Epoch: 77 | Batch: 20/20 | Loss: 1.9252 | Images/sec: 24.37 | Progress: 102.4% | Time: 1596.98s | lr: 0.0182 | train_acc: 47.5275
2025-06-11 23:05:56,242 - trainer_0 - INFO - Epoch 77 completed in 20.04s | Average Loss: 1.9298 | train_acc: 47.5275 | val_loss: 2.2059 | val_acc: 43.2700 | lr: 0.0179
2025-06-11 23:06:05,695 - trainer_0 - INFO - Epoch: 78 | Batch: 10/20 | Loss: 1.8718 | Images/sec: 11.43 | Progress: 51.2% | Time: 1612.78s | lr: 0.0179 | train_acc: 49.0625
2025-06-11 23:06:10,076 - trainer_0 - INFO - Epoch: 78 | Batch: 20/20 | Loss: 1.9516 | Images/sec: 24.06 | Progress: 102.4% | Time: 1617.16s | lr: 0.0179 | train_acc: 47.9250
2025-06-11 23:06:18,018 - trainer_0 - INFO - Epoch 78 completed in 21.72s | Average Loss: 1.9117 | train_acc: 47.9250 | val_loss: 2.1822 | val_acc: 43.2500 | lr: 0.0175
2025-06-11 23:06:25,808 - trainer_0 - INFO - Epoch: 79 | Batch: 10/20 | Loss: 1.8877 | Images/sec: 11.29 | Progress: 51.2% | Time: 1632.89s | lr: 0.0175 | train_acc: 48.5400
2025-06-11 23:06:31,858 - trainer_0 - INFO - Epoch: 79 | Batch: 20/20 | Loss: 1.9273 | Images/sec: 23.74 | Progress: 102.4% | Time: 1638.94s | lr: 0.0175 | train_acc: 48.2825
2025-06-11 23:06:38,332 - trainer_0 - INFO - Epoch 79 completed in 20.27s | Average Loss: 1.9075 | train_acc: 48.2825 | val_loss: 2.0406 | val_acc: 46.0000 | lr: 0.0172
2025-06-11 23:06:47,506 - trainer_0 - INFO - Epoch: 80 | Batch: 10/20 | Loss: 1.8824 | Images/sec: 11.14 | Progress: 51.2% | Time: 1654.59s | lr: 0.0172 | train_acc: 48.6621
2025-06-11 23:06:52,001 - trainer_0 - INFO - Epoch: 80 | Batch: 20/20 | Loss: 1.8549 | Images/sec: 23.45 | Progress: 102.4% | Time: 1659.09s | lr: 0.0172 | train_acc: 49.0000
2025-06-11 23:06:59,677 - trainer_0 - INFO - Epoch 80 completed in 21.30s | Average Loss: 1.8686 | train_acc: 49.0000 | val_loss: 2.2295 | val_acc: 42.1800 | lr: 0.0168
2025-06-11 23:07:07,116 - trainer_0 - INFO - Epoch: 81 | Batch: 10/20 | Loss: 1.8188 | Images/sec: 11.01 | Progress: 51.2% | Time: 1674.19s | lr: 0.0168 | train_acc: 49.8633
2025-06-11 23:07:13,334 - trainer_0 - INFO - Epoch: 81 | Batch: 20/20 | Loss: 1.9164 | Images/sec: 23.16 | Progress: 102.4% | Time: 1680.42s | lr: 0.0168 | train_acc: 49.0525
2025-06-11 23:07:19,801 - trainer_0 - INFO - Epoch 81 completed in 20.08s | Average Loss: 1.8676 | train_acc: 49.0525 | val_loss: 2.0997 | val_acc: 44.5700 | lr: 0.0164
2025-06-11 23:07:28,581 - trainer_0 - INFO - Epoch: 82 | Batch: 10/20 | Loss: 1.8196 | Images/sec: 10.87 | Progress: 51.2% | Time: 1695.67s | lr: 0.0164 | train_acc: 50.1172
2025-06-11 23:07:33,455 - trainer_0 - INFO - Epoch: 82 | Batch: 20/20 | Loss: 1.8448 | Images/sec: 22.88 | Progress: 102.4% | Time: 1700.54s | lr: 0.0164 | train_acc: 49.8125
2025-06-11 23:07:41,448 - trainer_0 - INFO - Epoch 82 completed in 21.60s | Average Loss: 1.8322 | train_acc: 49.8125 | val_loss: 2.0619 | val_acc: 45.9600 | lr: 0.0161
2025-06-11 23:07:49,342 - trainer_0 - INFO - Epoch: 83 | Batch: 10/20 | Loss: 1.8253 | Images/sec: 10.74 | Progress: 51.2% | Time: 1716.43s | lr: 0.0161 | train_acc: 49.5801
2025-06-11 23:07:55,322 - trainer_0 - INFO - Epoch: 83 | Batch: 20/20 | Loss: 1.8157 | Images/sec: 22.59 | Progress: 102.4% | Time: 1722.41s | lr: 0.0161 | train_acc: 49.7325
2025-06-11 23:08:01,759 - trainer_0 - INFO - Epoch 83 completed in 20.25s | Average Loss: 1.8205 | train_acc: 49.7325 | val_loss: 2.1504 | val_acc: 44.4400 | lr: 0.0157
2025-06-11 23:08:11,352 - trainer_0 - INFO - Epoch: 84 | Batch: 10/20 | Loss: 1.8144 | Images/sec: 10.60 | Progress: 51.2% | Time: 1738.42s | lr: 0.0157 | train_acc: 50.1855
2025-06-11 23:08:16,227 - trainer_0 - INFO - Epoch: 84 | Batch: 20/20 | Loss: 1.8141 | Images/sec: 22.32 | Progress: 102.4% | Time: 1743.31s | lr: 0.0157 | train_acc: 50.1425
2025-06-11 23:08:24,232 - trainer_0 - INFO - Epoch 84 completed in 22.42s | Average Loss: 1.8142 | train_acc: 50.1425 | val_loss: 2.0822 | val_acc: 46.1800 | lr: 0.0154
2025-06-11 23:08:32,014 - trainer_0 - INFO - Epoch: 85 | Batch: 10/20 | Loss: 1.7673 | Images/sec: 10.48 | Progress: 51.2% | Time: 1759.10s | lr: 0.0154 | train_acc: 51.3037
2025-06-11 23:08:38,492 - trainer_0 - INFO - Epoch: 85 | Batch: 20/20 | Loss: 1.7957 | Images/sec: 22.04 | Progress: 102.4% | Time: 1765.58s | lr: 0.0154 | train_acc: 50.8325
2025-06-11 23:08:44,996 - trainer_0 - INFO - Epoch 85 completed in 20.72s | Average Loss: 1.7815 | train_acc: 50.8325 | val_loss: 2.1814 | val_acc: 44.9700 | lr: 0.0150
2025-06-11 23:08:54,263 - trainer_0 - INFO - Epoch: 86 | Batch: 10/20 | Loss: 1.7291 | Images/sec: 10.35 | Progress: 51.2% | Time: 1781.35s | lr: 0.0150 | train_acc: 52.6562
2025-06-11 23:08:58,895 - trainer_0 - INFO - Epoch: 86 | Batch: 20/20 | Loss: 1.7871 | Images/sec: 21.79 | Progress: 102.4% | Time: 1785.98s | lr: 0.0150 | train_acc: 51.6575
2025-06-11 23:09:06,922 - trainer_0 - INFO - Epoch 86 completed in 21.88s | Average Loss: 1.7581 | train_acc: 51.6575 | val_loss: 2.0286 | val_acc: 46.5300 | lr: 0.0146
2025-06-11 23:09:14,798 - trainer_0 - INFO - Epoch: 87 | Batch: 10/20 | Loss: 1.7454 | Images/sec: 10.23 | Progress: 51.2% | Time: 1801.88s | lr: 0.0146 | train_acc: 51.6504
2025-06-11 23:09:20,928 - trainer_0 - INFO - Epoch: 87 | Batch: 20/20 | Loss: 1.7525 | Images/sec: 21.52 | Progress: 102.4% | Time: 1808.01s | lr: 0.0146 | train_acc: 51.6800
2025-06-11 23:09:27,499 - trainer_0 - INFO - Epoch 87 completed in 20.53s | Average Loss: 1.7489 | train_acc: 51.6800 | val_loss: 1.9957 | val_acc: 47.0700 | lr: 0.0143
2025-06-11 23:09:36,929 - trainer_0 - INFO - Epoch: 88 | Batch: 10/20 | Loss: 1.7222 | Images/sec: 10.11 | Progress: 51.2% | Time: 1824.01s | lr: 0.0143 | train_acc: 52.3145
2025-06-11 23:09:41,642 - trainer_0 - INFO - Epoch: 88 | Batch: 20/20 | Loss: 1.7453 | Images/sec: 21.28 | Progress: 102.4% | Time: 1828.73s | lr: 0.0143 | train_acc: 52.0925
2025-06-11 23:09:49,463 - trainer_0 - INFO - Epoch 88 completed in 21.91s | Average Loss: 1.7337 | train_acc: 52.0925 | val_loss: 1.8607 | val_acc: 49.7400 | lr: 0.0139
2025-06-11 23:09:56,829 - trainer_0 - INFO - Epoch: 89 | Batch: 10/20 | Loss: 1.6638 | Images/sec: 10.00 | Progress: 51.2% | Time: 1843.91s | lr: 0.0139 | train_acc: 53.7646
2025-06-11 23:10:03,166 - trainer_0 - INFO - Epoch: 89 | Batch: 20/20 | Loss: 1.7299 | Images/sec: 21.03 | Progress: 102.4% | Time: 1850.25s | lr: 0.0139 | train_acc: 52.7500
2025-06-11 23:10:09,649 - trainer_0 - INFO - Epoch 89 completed in 20.14s | Average Loss: 1.6968 | train_acc: 52.7500 | val_loss: 2.2154 | val_acc: 43.9200 | lr: 0.0136
2025-06-11 23:10:19,032 - trainer_0 - INFO - Epoch: 90 | Batch: 10/20 | Loss: 1.7035 | Images/sec: 9.88 | Progress: 51.2% | Time: 1866.12s | lr: 0.0136 | train_acc: 52.4219
2025-06-11 23:10:23,698 - trainer_0 - INFO - Epoch: 90 | Batch: 20/20 | Loss: 1.7176 | Images/sec: 20.80 | Progress: 102.4% | Time: 1870.78s | lr: 0.0136 | train_acc: 52.3800
2025-06-11 23:10:31,524 - trainer_0 - INFO - Epoch 90 completed in 21.83s | Average Loss: 1.7105 | train_acc: 52.3800 | val_loss: 2.0002 | val_acc: 47.4200 | lr: 0.0132
2025-06-11 23:10:39,387 - trainer_0 - INFO - Epoch: 91 | Batch: 10/20 | Loss: 1.6790 | Images/sec: 9.77 | Progress: 51.2% | Time: 1886.47s | lr: 0.0132 | train_acc: 52.9492
2025-06-11 23:10:45,354 - trainer_0 - INFO - Epoch: 91 | Batch: 20/20 | Loss: 1.7008 | Images/sec: 20.56 | Progress: 102.4% | Time: 1892.44s | lr: 0.0132 | train_acc: 52.9450
2025-06-11 23:10:51,790 - trainer_0 - INFO - Epoch 91 completed in 20.21s | Average Loss: 1.6899 | train_acc: 52.9450 | val_loss: 1.9353 | val_acc: 49.1100 | lr: 0.0128
2025-06-11 23:11:00,890 - trainer_0 - INFO - Epoch: 92 | Batch: 10/20 | Loss: 1.6499 | Images/sec: 9.66 | Progress: 51.2% | Time: 1907.98s | lr: 0.0128 | train_acc: 53.7061
2025-06-11 23:11:05,485 - trainer_0 - INFO - Epoch: 92 | Batch: 20/20 | Loss: 1.6562 | Images/sec: 20.35 | Progress: 102.4% | Time: 1912.57s | lr: 0.0128 | train_acc: 53.8025
2025-06-11 23:11:13,316 - trainer_0 - INFO - Epoch 92 completed in 21.48s | Average Loss: 1.6530 | train_acc: 53.8025 | val_loss: 1.9452 | val_acc: 48.1900 | lr: 0.0125
2025-06-11 23:11:21,581 - trainer_0 - INFO - Epoch: 93 | Batch: 10/20 | Loss: 1.6329 | Images/sec: 9.56 | Progress: 51.2% | Time: 1928.67s | lr: 0.0125 | train_acc: 54.5068
2025-06-11 23:11:27,034 - trainer_0 - INFO - Epoch: 93 | Batch: 20/20 | Loss: 1.6677 | Images/sec: 20.12 | Progress: 102.4% | Time: 1934.12s | lr: 0.0125 | train_acc: 53.8600
2025-06-11 23:11:33,446 - trainer_0 - INFO - Epoch 93 completed in 20.08s | Average Loss: 1.6503 | train_acc: 53.8600 | val_loss: 1.9323 | val_acc: 49.5700 | lr: 0.0121
2025-06-11 23:11:42,849 - trainer_0 - INFO - Epoch: 94 | Batch: 10/20 | Loss: 1.5903 | Images/sec: 9.45 | Progress: 51.2% | Time: 1949.93s | lr: 0.0121 | train_acc: 55.7910
2025-06-11 23:11:47,575 - trainer_0 - INFO - Epoch: 94 | Batch: 20/20 | Loss: 1.6230 | Images/sec: 19.91 | Progress: 102.4% | Time: 1954.66s | lr: 0.0121 | train_acc: 55.1650
2025-06-11 23:11:55,331 - trainer_0 - INFO - Epoch 94 completed in 21.84s | Average Loss: 1.6066 | train_acc: 55.1650 | val_loss: 1.9155 | val_acc: 48.8500 | lr: 0.0118
2025-06-11 23:12:02,619 - trainer_0 - INFO - Epoch: 95 | Batch: 10/20 | Loss: 1.5659 | Images/sec: 9.36 | Progress: 51.2% | Time: 1969.70s | lr: 0.0118 | train_acc: 55.8789
2025-06-11 23:12:09,081 - trainer_0 - INFO - Epoch: 95 | Batch: 20/20 | Loss: 1.6102 | Images/sec: 19.69 | Progress: 102.4% | Time: 1976.17s | lr: 0.0118 | train_acc: 55.3050
2025-06-11 23:12:15,542 - trainer_0 - INFO - Epoch 95 completed in 20.16s | Average Loss: 1.5880 | train_acc: 55.3050 | val_loss: 1.8631 | val_acc: 50.1700 | lr: 0.0114
2025-06-11 23:12:24,550 - trainer_0 - INFO - Epoch: 96 | Batch: 10/20 | Loss: 1.5686 | Images/sec: 9.25 | Progress: 51.2% | Time: 1991.64s | lr: 0.0114 | train_acc: 55.7959
2025-06-11 23:12:29,113 - trainer_0 - INFO - Epoch: 96 | Batch: 20/20 | Loss: 1.5587 | Images/sec: 19.49 | Progress: 102.4% | Time: 1996.20s | lr: 0.0114 | train_acc: 55.8675
2025-06-11 23:12:36,840 - trainer_0 - INFO - Epoch 96 completed in 21.25s | Average Loss: 1.5636 | train_acc: 55.8675 | val_loss: 1.9806 | val_acc: 47.5900 | lr: 0.0111
2025-06-11 23:12:44,503 - trainer_0 - INFO - Epoch: 97 | Batch: 10/20 | Loss: 1.5458 | Images/sec: 9.16 | Progress: 51.2% | Time: 2011.59s | lr: 0.0111 | train_acc: 56.2695
2025-06-11 23:12:50,614 - trainer_0 - INFO - Epoch: 97 | Batch: 20/20 | Loss: 1.5603 | Images/sec: 19.29 | Progress: 102.4% | Time: 2017.70s | lr: 0.0111 | train_acc: 56.1025
2025-06-11 23:12:56,920 - trainer_0 - INFO - Epoch 97 completed in 20.04s | Average Loss: 1.5530 | train_acc: 56.1025 | val_loss: 1.8925 | val_acc: 49.4200 | lr: 0.0107
2025-06-11 23:13:05,893 - trainer_0 - INFO - Epoch: 98 | Batch: 10/20 | Loss: 1.5383 | Images/sec: 9.07 | Progress: 51.2% | Time: 2032.98s | lr: 0.0107 | train_acc: 56.6357
2025-06-11 23:13:10,442 - trainer_0 - INFO - Epoch: 98 | Batch: 20/20 | Loss: 1.5368 | Images/sec: 19.10 | Progress: 102.4% | Time: 2037.53s | lr: 0.0107 | train_acc: 56.7100
2025-06-11 23:13:18,343 - trainer_0 - INFO - Epoch 98 completed in 21.38s | Average Loss: 1.5376 | train_acc: 56.7100 | val_loss: 1.8094 | val_acc: 51.2500 | lr: 0.0104
2025-06-11 23:13:26,141 - trainer_0 - INFO - Epoch: 99 | Batch: 10/20 | Loss: 1.4798 | Images/sec: 8.98 | Progress: 51.2% | Time: 2053.22s | lr: 0.0104 | train_acc: 58.1543
2025-06-11 23:13:32,147 - trainer_0 - INFO - Epoch: 99 | Batch: 20/20 | Loss: 1.5220 | Images/sec: 18.90 | Progress: 102.4% | Time: 2059.23s | lr: 0.0104 | train_acc: 57.5550
2025-06-11 23:13:38,406 - trainer_0 - INFO - Epoch 99 completed in 20.02s | Average Loss: 1.5009 | train_acc: 57.5550 | val_loss: 1.8996 | val_acc: 50.4900 | lr: 0.0100
2025-06-11 23:13:47,375 - trainer_0 - INFO - Epoch: 100 | Batch: 10/20 | Loss: 1.4706 | Images/sec: 8.89 | Progress: 51.2% | Time: 2074.46s | lr: 0.0100 | train_acc: 58.3545
2025-06-11 23:13:51,963 - trainer_0 - INFO - Epoch: 100 | Batch: 20/20 | Loss: 1.5151 | Images/sec: 18.72 | Progress: 102.4% | Time: 2079.05s | lr: 0.0100 | train_acc: 57.8875
2025-06-11 23:13:59,791 - trainer_0 - INFO - Epoch 100 completed in 21.34s | Average Loss: 1.4928 | train_acc: 57.8875 | val_loss: 1.8595 | val_acc: 50.9800 | lr: 0.0097
2025-06-11 23:14:07,554 - trainer_0 - INFO - Epoch: 101 | Batch: 10/20 | Loss: 1.4620 | Images/sec: 8.80 | Progress: 51.2% | Time: 2094.64s | lr: 0.0097 | train_acc: 58.4619
2025-06-11 23:14:13,449 - trainer_0 - INFO - Epoch: 101 | Batch: 20/20 | Loss: 1.4963 | Images/sec: 18.52 | Progress: 102.4% | Time: 2100.54s | lr: 0.0097 | train_acc: 57.9250
2025-06-11 23:14:19,796 - trainer_0 - INFO - Epoch 101 completed in 19.96s | Average Loss: 1.4792 | train_acc: 57.9250 | val_loss: 1.7695 | val_acc: 52.3200 | lr: 0.0093
2025-06-11 23:14:28,655 - trainer_0 - INFO - Epoch: 102 | Batch: 10/20 | Loss: 1.4488 | Images/sec: 8.71 | Progress: 51.2% | Time: 2115.74s | lr: 0.0093 | train_acc: 58.7061
2025-06-11 23:14:33,339 - trainer_0 - INFO - Epoch: 102 | Batch: 20/20 | Loss: 1.4530 | Images/sec: 18.35 | Progress: 102.4% | Time: 2120.43s | lr: 0.0093 | train_acc: 58.8225
2025-06-11 23:14:40,926 - trainer_0 - INFO - Epoch 102 completed in 21.08s | Average Loss: 1.4509 | train_acc: 58.8225 | val_loss: 1.7029 | val_acc: 53.4400 | lr: 0.0090
2025-06-11 23:14:48,899 - trainer_0 - INFO - Epoch: 103 | Batch: 10/20 | Loss: 1.4310 | Images/sec: 8.63 | Progress: 51.2% | Time: 2135.97s | lr: 0.0090 | train_acc: 58.5449
2025-06-11 23:14:54,157 - trainer_0 - INFO - Epoch: 103 | Batch: 20/20 | Loss: 1.4508 | Images/sec: 18.17 | Progress: 102.4% | Time: 2141.24s | lr: 0.0090 | train_acc: 58.6675
2025-06-11 23:15:00,897 - trainer_0 - INFO - Epoch 103 completed in 19.90s | Average Loss: 1.4409 | train_acc: 58.6675 | val_loss: 1.7820 | val_acc: 51.9100 | lr: 0.0087
2025-06-11 23:15:10,196 - trainer_0 - INFO - Epoch: 104 | Batch: 10/20 | Loss: 1.4038 | Images/sec: 8.54 | Progress: 51.2% | Time: 2157.28s | lr: 0.0087 | train_acc: 59.3408
2025-06-11 23:15:14,809 - trainer_0 - INFO - Epoch: 104 | Batch: 20/20 | Loss: 1.4333 | Images/sec: 18.00 | Progress: 102.4% | Time: 2161.89s | lr: 0.0087 | train_acc: 59.3425
2025-06-11 23:15:22,466 - trainer_0 - INFO - Epoch 104 completed in 21.52s | Average Loss: 1.4186 | train_acc: 59.3425 | val_loss: 1.6929 | val_acc: 53.9100 | lr: 0.0084
2025-06-11 23:15:30,548 - trainer_0 - INFO - Epoch: 105 | Batch: 10/20 | Loss: 1.3733 | Images/sec: 8.46 | Progress: 51.2% | Time: 2177.63s | lr: 0.0084 | train_acc: 60.0928
2025-06-11 23:15:35,909 - trainer_0 - INFO - Epoch: 105 | Batch: 20/20 | Loss: 1.4385 | Images/sec: 17.83 | Progress: 102.4% | Time: 2183.00s | lr: 0.0084 | train_acc: 59.6250
2025-06-11 23:15:42,857 - trainer_0 - INFO - Epoch 105 completed in 20.32s | Average Loss: 1.4059 | train_acc: 59.6250 | val_loss: 1.7954 | val_acc: 51.8200 | lr: 0.0080
2025-06-11 23:15:52,177 - trainer_0 - INFO - Epoch: 106 | Batch: 10/20 | Loss: 1.3806 | Images/sec: 8.38 | Progress: 51.2% | Time: 2199.26s | lr: 0.0080 | train_acc: 59.9902
2025-06-11 23:15:56,476 - trainer_0 - INFO - Epoch: 106 | Batch: 20/20 | Loss: 1.4009 | Images/sec: 17.66 | Progress: 102.4% | Time: 2203.56s | lr: 0.0080 | train_acc: 59.8325
2025-06-11 23:16:03,884 - trainer_0 - INFO - Epoch 106 completed in 20.97s | Average Loss: 1.3907 | train_acc: 59.8325 | val_loss: 1.7821 | val_acc: 53.2200 | lr: 0.0077
2025-06-11 23:16:11,873 - trainer_0 - INFO - Epoch: 107 | Batch: 10/20 | Loss: 1.3556 | Images/sec: 8.31 | Progress: 51.2% | Time: 2218.96s | lr: 0.0077 | train_acc: 61.0449
2025-06-11 23:16:17,549 - trainer_0 - INFO - Epoch: 107 | Batch: 20/20 | Loss: 1.3854 | Images/sec: 17.49 | Progress: 102.4% | Time: 2224.64s | lr: 0.0077 | train_acc: 60.5975
2025-06-11 23:16:24,484 - trainer_0 - INFO - Epoch 107 completed in 20.53s | Average Loss: 1.3705 | train_acc: 60.5975 | val_loss: 1.6847 | val_acc: 54.3100 | lr: 0.0074
2025-06-11 23:16:33,575 - trainer_0 - INFO - Epoch: 108 | Batch: 10/20 | Loss: 1.3582 | Images/sec: 8.23 | Progress: 51.2% | Time: 2240.66s | lr: 0.0074 | train_acc: 61.1230
2025-06-11 23:16:38,199 - trainer_0 - INFO - Epoch: 108 | Batch: 20/20 | Loss: 1.3593 | Images/sec: 17.33 | Progress: 102.4% | Time: 2245.29s | lr: 0.0074 | train_acc: 60.9450
2025-06-11 23:16:45,907 - trainer_0 - INFO - Epoch 108 completed in 21.38s | Average Loss: 1.3587 | train_acc: 60.9450 | val_loss: 1.7123 | val_acc: 54.7200 | lr: 0.0071
2025-06-11 23:16:53,902 - trainer_0 - INFO - Epoch: 109 | Batch: 10/20 | Loss: 1.3220 | Images/sec: 8.15 | Progress: 51.2% | Time: 2260.99s | lr: 0.0071 | train_acc: 61.7480
2025-06-11 23:16:59,755 - trainer_0 - INFO - Epoch: 109 | Batch: 20/20 | Loss: 1.3488 | Images/sec: 17.17 | Progress: 102.4% | Time: 2266.84s | lr: 0.0071 | train_acc: 61.3825
2025-06-11 23:17:06,598 - trainer_0 - INFO - Epoch 109 completed in 20.62s | Average Loss: 1.3354 | train_acc: 61.3825 | val_loss: 1.6652 | val_acc: 54.9100 | lr: 0.0068
2025-06-11 23:17:16,496 - trainer_0 - INFO - Epoch: 110 | Batch: 10/20 | Loss: 1.3105 | Images/sec: 8.07 | Progress: 51.2% | Time: 2283.58s | lr: 0.0068 | train_acc: 62.1582
2025-06-11 23:17:20,819 - trainer_0 - INFO - Epoch: 110 | Batch: 20/20 | Loss: 1.3196 | Images/sec: 17.01 | Progress: 102.4% | Time: 2287.90s | lr: 0.0068 | train_acc: 61.8800
2025-06-11 23:17:28,622 - trainer_0 - INFO - Epoch 110 completed in 21.97s | Average Loss: 1.3150 | train_acc: 61.8800 | val_loss: 1.7346 | val_acc: 54.4300 | lr: 0.0065
2025-06-11 23:17:36,477 - trainer_0 - INFO - Epoch: 111 | Batch: 10/20 | Loss: 1.2825 | Images/sec: 8.00 | Progress: 51.2% | Time: 2303.56s | lr: 0.0065 | train_acc: 62.8223
2025-06-11 23:17:42,350 - trainer_0 - INFO - Epoch: 111 | Batch: 20/20 | Loss: 1.3034 | Images/sec: 16.85 | Progress: 102.4% | Time: 2309.44s | lr: 0.0065 | train_acc: 62.5800
2025-06-11 23:17:49,254 - trainer_0 - INFO - Epoch 111 completed in 20.56s | Average Loss: 1.2930 | train_acc: 62.5800 | val_loss: 1.6846 | val_acc: 55.4200 | lr: 0.0062
2025-06-11 23:17:58,713 - trainer_0 - INFO - Epoch: 112 | Batch: 10/20 | Loss: 1.2683 | Images/sec: 7.93 | Progress: 51.2% | Time: 2325.80s | lr: 0.0062 | train_acc: 63.1982
2025-06-11 23:18:03,297 - trainer_0 - INFO - Epoch: 112 | Batch: 20/20 | Loss: 1.3061 | Images/sec: 16.70 | Progress: 102.4% | Time: 2330.38s | lr: 0.0062 | train_acc: 62.5375
2025-06-11 23:18:11,305 - trainer_0 - INFO - Epoch 112 completed in 22.01s | Average Loss: 1.2872 | train_acc: 62.5375 | val_loss: 1.6594 | val_acc: 54.7400 | lr: 0.0059
2025-06-11 23:18:19,314 - trainer_0 - INFO - Epoch: 113 | Batch: 10/20 | Loss: 1.2669 | Images/sec: 7.86 | Progress: 51.2% | Time: 2346.40s | lr: 0.0059 | train_acc: 63.3398
2025-06-11 23:18:25,129 - trainer_0 - INFO - Epoch: 113 | Batch: 20/20 | Loss: 1.2580 | Images/sec: 16.54 | Progress: 102.4% | Time: 2352.21s | lr: 0.0059 | train_acc: 63.2300
2025-06-11 23:18:31,643 - trainer_0 - INFO - Epoch 113 completed in 20.29s | Average Loss: 1.2625 | train_acc: 63.2300 | val_loss: 1.6633 | val_acc: 55.2600 | lr: 0.0056
2025-06-11 23:18:40,884 - trainer_0 - INFO - Epoch: 114 | Batch: 10/20 | Loss: 1.2279 | Images/sec: 7.78 | Progress: 51.2% | Time: 2367.97s | lr: 0.0056 | train_acc: 63.9990
2025-06-11 23:18:45,613 - trainer_0 - INFO - Epoch: 114 | Batch: 20/20 | Loss: 1.2486 | Images/sec: 16.40 | Progress: 102.4% | Time: 2372.70s | lr: 0.0056 | train_acc: 63.9650
2025-06-11 23:18:53,614 - trainer_0 - INFO - Epoch 114 completed in 21.92s | Average Loss: 1.2383 | train_acc: 63.9650 | val_loss: 1.6273 | val_acc: 55.7600 | lr: 0.0053
2025-06-11 23:19:01,233 - trainer_0 - INFO - Epoch: 115 | Batch: 10/20 | Loss: 1.2410 | Images/sec: 7.72 | Progress: 51.2% | Time: 2388.32s | lr: 0.0053 | train_acc: 63.6963
2025-06-11 23:19:07,216 - trainer_0 - INFO - Epoch: 115 | Batch: 20/20 | Loss: 1.2471 | Images/sec: 16.25 | Progress: 102.4% | Time: 2394.30s | lr: 0.0053 | train_acc: 63.3775
2025-06-11 23:19:13,805 - trainer_0 - INFO - Epoch 115 completed in 20.14s | Average Loss: 1.2441 | train_acc: 63.3775 | val_loss: 1.6608 | val_acc: 55.2300 | lr: 0.0051
2025-06-11 23:19:22,797 - trainer_0 - INFO - Epoch: 116 | Batch: 10/20 | Loss: 1.2079 | Images/sec: 7.65 | Progress: 51.2% | Time: 2409.88s | lr: 0.0051 | train_acc: 64.4238
2025-06-11 23:19:27,532 - trainer_0 - INFO - Epoch: 116 | Batch: 20/20 | Loss: 1.2374 | Images/sec: 16.12 | Progress: 102.4% | Time: 2414.62s | lr: 0.0051 | train_acc: 64.1925
2025-06-11 23:19:35,398 - trainer_0 - INFO - Epoch 116 completed in 21.55s | Average Loss: 1.2226 | train_acc: 64.1925 | val_loss: 1.6572 | val_acc: 55.6000 | lr: 0.0048
2025-06-11 23:19:43,161 - trainer_0 - INFO - Epoch: 117 | Batch: 10/20 | Loss: 1.1993 | Images/sec: 7.58 | Progress: 51.2% | Time: 2430.25s | lr: 0.0048 | train_acc: 64.5947
2025-06-11 23:19:49,358 - trainer_0 - INFO - Epoch: 117 | Batch: 20/20 | Loss: 1.2071 | Images/sec: 15.97 | Progress: 102.4% | Time: 2436.44s | lr: 0.0048 | train_acc: 64.5750
2025-06-11 23:19:55,753 - trainer_0 - INFO - Epoch 117 completed in 20.31s | Average Loss: 1.2032 | train_acc: 64.5750 | val_loss: 1.6188 | val_acc: 56.4100 | lr: 0.0045
2025-06-11 23:20:04,969 - trainer_0 - INFO - Epoch: 118 | Batch: 10/20 | Loss: 1.1770 | Images/sec: 7.52 | Progress: 51.2% | Time: 2452.05s | lr: 0.0045 | train_acc: 65.0732
2025-06-11 23:20:09,504 - trainer_0 - INFO - Epoch: 118 | Batch: 20/20 | Loss: 1.1981 | Images/sec: 15.84 | Progress: 102.4% | Time: 2456.59s | lr: 0.0045 | train_acc: 64.5925
2025-06-11 23:20:17,591 - trainer_0 - INFO - Epoch 118 completed in 21.79s | Average Loss: 1.1876 | train_acc: 64.5925 | val_loss: 1.6180 | val_acc: 56.1400 | lr: 0.0043
2025-06-11 23:20:25,268 - trainer_0 - INFO - Epoch: 119 | Batch: 10/20 | Loss: 1.1710 | Images/sec: 7.46 | Progress: 51.2% | Time: 2472.35s | lr: 0.0043 | train_acc: 66.0010
2025-06-11 23:20:31,344 - trainer_0 - INFO - Epoch: 119 | Batch: 20/20 | Loss: 1.2065 | Images/sec: 15.70 | Progress: 102.4% | Time: 2478.43s | lr: 0.0043 | train_acc: 65.2400
2025-06-11 23:20:37,999 - trainer_0 - INFO - Epoch 119 completed in 20.36s | Average Loss: 1.1887 | train_acc: 65.2400 | val_loss: 1.5833 | val_acc: 57.2800 | lr: 0.0040
2025-06-11 23:20:47,747 - trainer_0 - INFO - Epoch: 120 | Batch: 10/20 | Loss: 1.1558 | Images/sec: 7.39 | Progress: 51.2% | Time: 2494.83s | lr: 0.0040 | train_acc: 66.0156
2025-06-11 23:20:52,166 - trainer_0 - INFO - Epoch: 120 | Batch: 20/20 | Loss: 1.1631 | Images/sec: 15.57 | Progress: 102.4% | Time: 2499.25s | lr: 0.0040 | train_acc: 65.8275
2025-06-11 23:21:00,155 - trainer_0 - INFO - Epoch 120 completed in 22.11s | Average Loss: 1.1595 | train_acc: 65.8275 | val_loss: 1.6084 | val_acc: 56.6800 | lr: 0.0038
2025-06-11 23:21:07,684 - trainer_0 - INFO - Epoch: 121 | Batch: 10/20 | Loss: 1.1488 | Images/sec: 7.33 | Progress: 51.2% | Time: 2514.77s | lr: 0.0038 | train_acc: 66.0742
2025-06-11 23:21:13,998 - trainer_0 - INFO - Epoch: 121 | Batch: 20/20 | Loss: 1.1639 | Images/sec: 15.43 | Progress: 102.4% | Time: 2521.08s | lr: 0.0038 | train_acc: 65.8100
2025-06-11 23:21:20,638 - trainer_0 - INFO - Epoch 121 completed in 20.44s | Average Loss: 1.1563 | train_acc: 65.8100 | val_loss: 1.5644 | val_acc: 57.2300 | lr: 0.0035
2025-06-11 23:21:29,546 - trainer_0 - INFO - Epoch: 122 | Batch: 10/20 | Loss: 1.1295 | Images/sec: 7.27 | Progress: 51.2% | Time: 2536.63s | lr: 0.0035 | train_acc: 66.7480
2025-06-11 23:21:34,383 - trainer_0 - INFO - Epoch: 122 | Batch: 20/20 | Loss: 1.1528 | Images/sec: 15.31 | Progress: 102.4% | Time: 2541.47s | lr: 0.0035 | train_acc: 66.4575
2025-06-11 23:21:42,257 - trainer_0 - INFO - Epoch 122 completed in 21.57s | Average Loss: 1.1411 | train_acc: 66.4575 | val_loss: 1.6038 | val_acc: 56.3300 | lr: 0.0033
2025-06-11 23:21:50,032 - trainer_0 - INFO - Epoch: 123 | Batch: 10/20 | Loss: 1.1160 | Images/sec: 7.21 | Progress: 51.2% | Time: 2557.12s | lr: 0.0033 | train_acc: 67.0801
2025-06-11 23:21:56,068 - trainer_0 - INFO - Epoch: 123 | Batch: 20/20 | Loss: 1.1372 | Images/sec: 15.18 | Progress: 102.4% | Time: 2563.15s | lr: 0.0033 | train_acc: 66.6625
2025-06-11 23:22:02,493 - trainer_0 - INFO - Epoch 123 completed in 20.19s | Average Loss: 1.1266 | train_acc: 66.6625 | val_loss: 1.5599 | val_acc: 57.7300 | lr: 0.0031
2025-06-11 23:22:11,667 - trainer_0 - INFO - Epoch: 124 | Batch: 10/20 | Loss: 1.1018 | Images/sec: 7.15 | Progress: 51.2% | Time: 2578.75s | lr: 0.0031 | train_acc: 67.1729
2025-06-11 23:22:16,278 - trainer_0 - INFO - Epoch: 124 | Batch: 20/20 | Loss: 1.1169 | Images/sec: 15.06 | Progress: 102.4% | Time: 2583.36s | lr: 0.0031 | train_acc: 67.1125
2025-06-11 23:22:24,243 - trainer_0 - INFO - Epoch 124 completed in 21.70s | Average Loss: 1.1094 | train_acc: 67.1125 | val_loss: 1.5910 | val_acc: 56.8100 | lr: 0.0029
2025-06-11 23:22:31,709 - trainer_0 - INFO - Epoch: 125 | Batch: 10/20 | Loss: 1.0909 | Images/sec: 7.09 | Progress: 51.2% | Time: 2598.80s | lr: 0.0029 | train_acc: 67.8662
2025-06-11 23:22:38,082 - trainer_0 - INFO - Epoch: 125 | Batch: 20/20 | Loss: 1.1054 | Images/sec: 14.94 | Progress: 102.4% | Time: 2605.17s | lr: 0.0029 | train_acc: 67.6150
2025-06-11 23:22:44,630 - trainer_0 - INFO - Epoch 125 completed in 20.34s | Average Loss: 1.0982 | train_acc: 67.6150 | val_loss: 1.5835 | val_acc: 57.7700 | lr: 0.0027
2025-06-11 23:22:53,731 - trainer_0 - INFO - Epoch: 126 | Batch: 10/20 | Loss: 1.0952 | Images/sec: 7.03 | Progress: 51.2% | Time: 2620.82s | lr: 0.0027 | train_acc: 67.1484
2025-06-11 23:22:58,574 - trainer_0 - INFO - Epoch: 126 | Batch: 20/20 | Loss: 1.0818 | Images/sec: 14.82 | Progress: 102.4% | Time: 2625.66s | lr: 0.0027 | train_acc: 67.3675
2025-06-11 23:23:06,536 - trainer_0 - INFO - Epoch 126 completed in 21.86s | Average Loss: 1.0885 | train_acc: 67.3675 | val_loss: 1.5475 | val_acc: 58.4000 | lr: 0.0025
2025-06-11 23:23:14,149 - trainer_0 - INFO - Epoch: 127 | Batch: 10/20 | Loss: 1.0803 | Images/sec: 6.98 | Progress: 51.2% | Time: 2641.24s | lr: 0.0025 | train_acc: 67.8662
2025-06-11 23:23:20,533 - trainer_0 - INFO - Epoch: 127 | Batch: 20/20 | Loss: 1.0665 | Images/sec: 14.70 | Progress: 102.4% | Time: 2647.62s | lr: 0.0025 | train_acc: 68.0775
2025-06-11 23:23:27,091 - trainer_0 - INFO - Epoch 127 completed in 20.51s | Average Loss: 1.0734 | train_acc: 68.0775 | val_loss: 1.5575 | val_acc: 58.1700 | lr: 0.0023
2025-06-11 23:23:36,091 - trainer_0 - INFO - Epoch: 128 | Batch: 10/20 | Loss: 1.0590 | Images/sec: 6.92 | Progress: 51.2% | Time: 2663.18s | lr: 0.0023 | train_acc: 68.6963
2025-06-11 23:23:40,983 - trainer_0 - INFO - Epoch: 128 | Batch: 20/20 | Loss: 1.0747 | Images/sec: 14.58 | Progress: 102.4% | Time: 2668.07s | lr: 0.0023 | train_acc: 68.4100
2025-06-11 23:23:49,349 - trainer_0 - INFO - Epoch 128 completed in 22.21s | Average Loss: 1.0668 | train_acc: 68.4100 | val_loss: 1.5522 | val_acc: 58.0800 | lr: 0.0021
2025-06-11 23:23:56,947 - trainer_0 - INFO - Epoch: 129 | Batch: 10/20 | Loss: 1.0527 | Images/sec: 6.87 | Progress: 51.2% | Time: 2684.03s | lr: 0.0021 | train_acc: 68.4326
2025-06-11 23:24:03,340 - trainer_0 - INFO - Epoch: 129 | Batch: 20/20 | Loss: 1.0584 | Images/sec: 14.46 | Progress: 102.4% | Time: 2690.43s | lr: 0.0021 | train_acc: 68.4125
2025-06-11 23:24:09,810 - trainer_0 - INFO - Epoch 129 completed in 20.41s | Average Loss: 1.0556 | train_acc: 68.4125 | val_loss: 1.5577 | val_acc: 58.3100 | lr: 0.0019
2025-06-11 23:24:19,177 - trainer_0 - INFO - Epoch: 130 | Batch: 10/20 | Loss: 1.0466 | Images/sec: 6.81 | Progress: 51.2% | Time: 2706.26s | lr: 0.0019 | train_acc: 68.6230
2025-06-11 23:24:23,911 - trainer_0 - INFO - Epoch: 130 | Batch: 20/20 | Loss: 1.0672 | Images/sec: 14.35 | Progress: 102.4% | Time: 2711.00s | lr: 0.0019 | train_acc: 68.2800
2025-06-11 23:24:31,792 - trainer_0 - INFO - Epoch 130 completed in 21.93s | Average Loss: 1.0569 | train_acc: 68.2800 | val_loss: 1.5388 | val_acc: 59.0500 | lr: 0.0017
2025-06-11 23:24:39,593 - trainer_0 - INFO - Epoch: 131 | Batch: 10/20 | Loss: 1.0519 | Images/sec: 6.76 | Progress: 51.2% | Time: 2726.68s | lr: 0.0017 | train_acc: 68.4570
2025-06-11 23:24:45,892 - trainer_0 - INFO - Epoch: 131 | Batch: 20/20 | Loss: 1.0231 | Images/sec: 14.24 | Progress: 102.4% | Time: 2732.98s | lr: 0.0017 | train_acc: 68.8675
2025-06-11 23:24:52,514 - trainer_0 - INFO - Epoch 131 completed in 20.68s | Average Loss: 1.0375 | train_acc: 68.8675 | val_loss: 1.5352 | val_acc: 59.1300 | lr: 0.0016
2025-06-11 23:25:01,757 - trainer_0 - INFO - Epoch: 132 | Batch: 10/20 | Loss: 1.0317 | Images/sec: 6.71 | Progress: 51.2% | Time: 2748.84s | lr: 0.0016 | train_acc: 69.4141
2025-06-11 23:25:06,339 - trainer_0 - INFO - Epoch: 132 | Batch: 20/20 | Loss: 1.0290 | Images/sec: 14.13 | Progress: 102.4% | Time: 2753.42s | lr: 0.0016 | train_acc: 69.4450
2025-06-11 23:25:14,201 - trainer_0 - INFO - Epoch 132 completed in 21.64s | Average Loss: 1.0304 | train_acc: 69.4450 | val_loss: 1.5340 | val_acc: 58.6800 | lr: 0.0014
2025-06-11 23:25:22,009 - trainer_0 - INFO - Epoch: 133 | Batch: 10/20 | Loss: 1.0217 | Images/sec: 6.66 | Progress: 51.2% | Time: 2769.09s | lr: 0.0014 | train_acc: 69.0430
2025-06-11 23:25:28,395 - trainer_0 - INFO - Epoch: 133 | Batch: 20/20 | Loss: 1.0211 | Images/sec: 14.02 | Progress: 102.4% | Time: 2775.48s | lr: 0.0014 | train_acc: 69.3025
2025-06-11 23:25:34,946 - trainer_0 - INFO - Epoch 133 completed in 20.70s | Average Loss: 1.0214 | train_acc: 69.3025 | val_loss: 1.5224 | val_acc: 59.2900 | lr: 0.0012
2025-06-11 23:25:44,241 - trainer_0 - INFO - Epoch: 134 | Batch: 10/20 | Loss: 1.0027 | Images/sec: 6.60 | Progress: 51.2% | Time: 2791.33s | lr: 0.0012 | train_acc: 70.0732
2025-06-11 23:25:48,745 - trainer_0 - INFO - Epoch: 134 | Batch: 20/20 | Loss: 1.0226 | Images/sec: 13.92 | Progress: 102.4% | Time: 2795.83s | lr: 0.0012 | train_acc: 69.9500
2025-06-11 23:25:56,581 - trainer_0 - INFO - Epoch 134 completed in 21.59s | Average Loss: 1.0126 | train_acc: 69.9500 | val_loss: 1.5325 | val_acc: 59.0200 | lr: 0.0011
2025-06-11 23:26:04,279 - trainer_0 - INFO - Epoch: 135 | Batch: 10/20 | Loss: 1.0094 | Images/sec: 6.56 | Progress: 51.2% | Time: 2811.36s | lr: 0.0011 | train_acc: 69.8145
2025-06-11 23:26:10,484 - trainer_0 - INFO - Epoch: 135 | Batch: 20/20 | Loss: 1.0024 | Images/sec: 13.81 | Progress: 102.4% | Time: 2817.57s | lr: 0.0011 | train_acc: 69.8550
2025-06-11 23:26:17,026 - trainer_0 - INFO - Epoch 135 completed in 20.40s | Average Loss: 1.0059 | train_acc: 69.8550 | val_loss: 1.5223 | val_acc: 59.5700 | lr: 0.0010
2025-06-11 23:26:26,259 - trainer_0 - INFO - Epoch: 136 | Batch: 10/20 | Loss: 0.9941 | Images/sec: 6.51 | Progress: 51.2% | Time: 2833.35s | lr: 0.0010 | train_acc: 69.7266
2025-06-11 23:26:30,977 - trainer_0 - INFO - Epoch: 136 | Batch: 20/20 | Loss: 1.0010 | Images/sec: 13.71 | Progress: 102.4% | Time: 2838.06s | lr: 0.0010 | train_acc: 69.9850
2025-06-11 23:26:38,867 - trainer_0 - INFO - Epoch 136 completed in 21.79s | Average Loss: 0.9976 | train_acc: 69.9850 | val_loss: 1.5106 | val_acc: 59.2000 | lr: 0.0009
2025-06-11 23:26:46,539 - trainer_0 - INFO - Epoch: 137 | Batch: 10/20 | Loss: 0.9960 | Images/sec: 6.46 | Progress: 51.2% | Time: 2853.62s | lr: 0.0009 | train_acc: 69.9609
2025-06-11 23:26:52,869 - trainer_0 - INFO - Epoch: 137 | Batch: 20/20 | Loss: 0.9854 | Images/sec: 13.61 | Progress: 102.4% | Time: 2859.95s | lr: 0.0009 | train_acc: 70.0150
2025-06-11 23:26:59,236 - trainer_0 - INFO - Epoch 137 completed in 20.32s | Average Loss: 0.9907 | train_acc: 70.0150 | val_loss: 1.5175 | val_acc: 59.5900 | lr: 0.0007
2025-06-11 23:27:08,634 - trainer_0 - INFO - Epoch: 138 | Batch: 10/20 | Loss: 0.9884 | Images/sec: 6.41 | Progress: 51.2% | Time: 2875.72s | lr: 0.0007 | train_acc: 70.8105
2025-06-11 23:27:13,017 - trainer_0 - INFO - Epoch: 138 | Batch: 20/20 | Loss: 0.9864 | Images/sec: 13.51 | Progress: 102.4% | Time: 2880.10s | lr: 0.0007 | train_acc: 70.5625
2025-06-11 23:27:20,899 - trainer_0 - INFO - Epoch 138 completed in 21.62s | Average Loss: 0.9874 | train_acc: 70.5625 | val_loss: 1.4961 | val_acc: 59.5000 | lr: 0.0006
2025-06-11 23:27:28,786 - trainer_0 - INFO - Epoch: 139 | Batch: 10/20 | Loss: 0.9674 | Images/sec: 6.36 | Progress: 51.2% | Time: 2895.87s | lr: 0.0006 | train_acc: 71.1816
2025-06-11 23:27:34,711 - trainer_0 - INFO - Epoch: 139 | Batch: 20/20 | Loss: 1.0056 | Images/sec: 13.41 | Progress: 102.4% | Time: 2901.80s | lr: 0.0006 | train_acc: 70.5625
2025-06-11 23:27:41,197 - trainer_0 - INFO - Epoch 139 completed in 20.25s | Average Loss: 0.9865 | train_acc: 70.5625 | val_loss: 1.5106 | val_acc: 59.4800 | lr: 0.0005
2025-06-11 23:27:50,702 - trainer_0 - INFO - Epoch: 140 | Batch: 10/20 | Loss: 0.9818 | Images/sec: 6.32 | Progress: 51.2% | Time: 2917.79s | lr: 0.0005 | train_acc: 70.6934
2025-06-11 23:27:55,058 - trainer_0 - INFO - Epoch: 140 | Batch: 20/20 | Loss: 0.9670 | Images/sec: 13.32 | Progress: 102.4% | Time: 2922.14s | lr: 0.0005 | train_acc: 70.8050
2025-06-11 23:28:02,804 - trainer_0 - INFO - Epoch 140 completed in 21.56s | Average Loss: 0.9744 | train_acc: 70.8050 | val_loss: 1.5007 | val_acc: 59.6600 | lr: 0.0004
2025-06-11 23:28:10,515 - trainer_0 - INFO - Epoch: 141 | Batch: 10/20 | Loss: 0.9828 | Images/sec: 6.27 | Progress: 51.2% | Time: 2937.60s | lr: 0.0004 | train_acc: 70.7812
2025-06-11 23:28:16,467 - trainer_0 - INFO - Epoch: 141 | Batch: 20/20 | Loss: 0.9800 | Images/sec: 13.22 | Progress: 102.4% | Time: 2943.55s | lr: 0.0004 | train_acc: 70.7175
2025-06-11 23:28:22,953 - trainer_0 - INFO - Epoch 141 completed in 20.10s | Average Loss: 0.9814 | train_acc: 70.7175 | val_loss: 1.5038 | val_acc: 59.6300 | lr: 0.0004
2025-06-11 23:28:32,030 - trainer_0 - INFO - Epoch: 142 | Batch: 10/20 | Loss: 0.9657 | Images/sec: 6.23 | Progress: 51.2% | Time: 2959.12s | lr: 0.0004 | train_acc: 70.8350
2025-06-11 23:28:36,592 - trainer_0 - INFO - Epoch: 142 | Batch: 20/20 | Loss: 0.9747 | Images/sec: 13.13 | Progress: 102.4% | Time: 2963.68s | lr: 0.0004 | train_acc: 70.7675
2025-06-11 23:28:44,467 - trainer_0 - INFO - Epoch 142 completed in 21.46s | Average Loss: 0.9702 | train_acc: 70.7675 | val_loss: 1.4991 | val_acc: 59.6000 | lr: 0.0003
2025-06-11 23:28:51,997 - trainer_0 - INFO - Epoch: 143 | Batch: 10/20 | Loss: 0.9571 | Images/sec: 6.19 | Progress: 51.2% | Time: 2979.08s | lr: 0.0003 | train_acc: 71.0156
2025-06-11 23:28:58,058 - trainer_0 - INFO - Epoch: 143 | Batch: 20/20 | Loss: 0.9681 | Images/sec: 13.04 | Progress: 102.4% | Time: 2985.14s | lr: 0.0003 | train_acc: 70.9875
2025-06-11 23:29:04,561 - trainer_0 - INFO - Epoch 143 completed in 20.02s | Average Loss: 0.9626 | train_acc: 70.9875 | val_loss: 1.4933 | val_acc: 59.6200 | lr: 0.0002
2025-06-11 23:29:13,544 - trainer_0 - INFO - Epoch: 144 | Batch: 10/20 | Loss: 0.9592 | Images/sec: 6.14 | Progress: 51.2% | Time: 3000.63s | lr: 0.0002 | train_acc: 70.9326
2025-06-11 23:29:18,323 - trainer_0 - INFO - Epoch: 144 | Batch: 20/20 | Loss: 0.9677 | Images/sec: 12.95 | Progress: 102.4% | Time: 3005.41s | lr: 0.0002 | train_acc: 70.6950
2025-06-11 23:29:26,277 - trainer_0 - INFO - Epoch 144 completed in 21.67s | Average Loss: 0.9635 | train_acc: 70.6950 | val_loss: 1.4851 | val_acc: 59.5700 | lr: 0.0002
2025-06-11 23:29:33,785 - trainer_0 - INFO - Epoch: 145 | Batch: 10/20 | Loss: 0.9657 | Images/sec: 6.10 | Progress: 51.2% | Time: 3020.87s | lr: 0.0002 | train_acc: 70.7959
2025-06-11 23:29:39,912 - trainer_0 - INFO - Epoch: 145 | Batch: 20/20 | Loss: 0.9651 | Images/sec: 12.85 | Progress: 102.4% | Time: 3027.00s | lr: 0.0002 | train_acc: 70.8675
2025-06-11 23:29:46,383 - trainer_0 - INFO - Epoch 145 completed in 20.06s | Average Loss: 0.9654 | train_acc: 70.8675 | val_loss: 1.4910 | val_acc: 59.9700 | lr: 0.0001
2025-06-11 23:29:55,940 - trainer_0 - INFO - Epoch: 146 | Batch: 10/20 | Loss: 0.9738 | Images/sec: 6.06 | Progress: 51.2% | Time: 3043.03s | lr: 0.0001 | train_acc: 70.5615
2025-06-11 23:30:00,162 - trainer_0 - INFO - Epoch: 146 | Batch: 20/20 | Loss: 0.9592 | Images/sec: 12.77 | Progress: 102.4% | Time: 3047.25s | lr: 0.0001 | train_acc: 70.8900
2025-06-11 23:30:07,753 - trainer_0 - INFO - Epoch 146 completed in 21.32s | Average Loss: 0.9665 | train_acc: 70.8900 | val_loss: 1.4970 | val_acc: 59.6300 | lr: 0.0001
2025-06-11 23:30:15,417 - trainer_0 - INFO - Epoch: 147 | Batch: 10/20 | Loss: 0.9638 | Images/sec: 6.02 | Progress: 51.2% | Time: 3062.50s | lr: 0.0001 | train_acc: 71.2695
2025-06-11 23:30:21,070 - trainer_0 - INFO - Epoch: 147 | Batch: 20/20 | Loss: 0.9600 | Images/sec: 12.68 | Progress: 102.4% | Time: 3068.16s | lr: 0.0001 | train_acc: 71.1725
2025-06-11 23:30:28,119 - trainer_0 - INFO - Epoch 147 completed in 20.29s | Average Loss: 0.9619 | train_acc: 71.1725 | val_loss: 1.4905 | val_acc: 59.7500 | lr: 0.0000
2025-06-11 23:30:37,277 - trainer_0 - INFO - Epoch: 148 | Batch: 10/20 | Loss: 0.9639 | Images/sec: 5.98 | Progress: 51.2% | Time: 3084.36s | lr: 0.0000 | train_acc: 71.3623
2025-06-11 23:30:41,828 - trainer_0 - INFO - Epoch: 148 | Batch: 20/20 | Loss: 0.9607 | Images/sec: 12.60 | Progress: 102.4% | Time: 3088.91s | lr: 0.0000 | train_acc: 71.2925
2025-06-11 23:30:49,023 - trainer_0 - INFO - Epoch 148 completed in 20.86s | Average Loss: 0.9623 | train_acc: 71.2925 | val_loss: 1.4955 | val_acc: 59.8000 | lr: 0.0000
2025-06-11 23:30:57,600 - trainer_0 - INFO - Epoch: 149 | Batch: 10/20 | Loss: 0.9673 | Images/sec: 5.94 | Progress: 51.2% | Time: 3104.69s | lr: 0.0000 | train_acc: 70.6689
2025-06-11 23:31:02,467 - trainer_0 - INFO - Epoch: 149 | Batch: 20/20 | Loss: 0.9520 | Images/sec: 12.51 | Progress: 102.4% | Time: 3109.55s | lr: 0.0000 | train_acc: 71.0825
2025-06-11 23:31:09,706 - trainer_0 - INFO - Epoch 149 completed in 20.62s | Average Loss: 0.9597 | train_acc: 71.0825 | val_loss: 1.4949 | val_acc: 60.1200 | lr: 0.0000
2025-06-11 23:31:18,636 - trainer_0 - INFO - Epoch: 150 | Batch: 10/20 | Loss: 0.9580 | Images/sec: 5.90 | Progress: 51.2% | Time: 3125.72s | lr: 0.0000 | train_acc: 71.0352
2025-06-11 23:31:23,457 - trainer_0 - INFO - Epoch: 150 | Batch: 20/20 | Loss: 0.9551 | Images/sec: 12.43 | Progress: 102.4% | Time: 3130.54s | lr: 0.0000 | train_acc: 71.0625
2025-06-11 23:31:30,545 - trainer_0 - INFO - Epoch 150 completed in 20.79s | Average Loss: 0.9565 | train_acc: 71.0625 | val_loss: 1.4895 | val_acc: 60.0800 | lr: 0.0000
2025-06-11 23:31:30,606 - trainer_0 - INFO - Training completed in 3131.38 seconds.
2025-06-11 23:31:30,606 - trainer_0 - INFO - Average throughput: 1916.09 Images/sec
2025-06-11 23:31:30,607 - trainer_0 - INFO - Total processes: 1
2025-06-11 23:31:30,627 - trainer_0 - INFO - Metrics saved to centralized_lamb_lr0.0075_wd0.05_batch_size2048/centralized_lamb_lr0.0075_wd0.05_batch_size2048_20250611_223912_metrics_rank0.json
2025-06-11 23:31:31,132 - trainer_0 - INFO - Model saved to model_centralized_lamb.pth
2025-06-11 23:31:31,132 - trainer_0 - INFO - Generating training plots...
2025-06-11 23:31:34,763 - trainer_0 - INFO - Training complete. Plots generated.
