2025-08-23 17:20:35,103 - client_100 - INFO - Started training for Client 100
2025-08-23 17:20:35,105 - client_100 - INFO - Log file: logs/localSGD_lenet5_seq_cifar100_w4_20250823_172035_client100.log
2025-08-23 17:20:35,106 - client_100 - INFO - Simulating LocalSGD training with 4 clients (sequential execution)
2025-08-23 17:20:35,107 - client_100 - INFO - Device: cpu
2025-08-23 17:20:35,109 - client_100 - INFO - Config: batch_size=128, lr=0.05, epochs=150, tau=8
2025-08-23 17:20:46,597 - client_100 - INFO - [INFO] Total train set size: 40000
2025-08-23 17:20:46,613 - client_100 - INFO - --- Round 1/18 (tau = 8) ---
2025-08-23 17:21:22,779 - client_100 - INFO - [Client 0] Completed local epoch 1/8 | Final Loss: 4.4437 | Final Train Acc: 3.63%
2025-08-23 17:22:20,500 - client_100 - INFO - [Client 0] Completed local epoch 2/8 | Final Loss: 4.0309 | Final Train Acc: 8.11%
2025-08-23 17:23:15,182 - client_100 - INFO - [Client 0] Completed local epoch 3/8 | Final Loss: 3.8415 | Final Train Acc: 10.14%
2025-08-23 17:24:08,918 - client_100 - INFO - [Client 0] Completed local epoch 4/8 | Final Loss: 3.7979 | Final Train Acc: 11.38%
2025-08-23 17:25:04,307 - client_100 - INFO - [Client 0] Completed local epoch 5/8 | Final Loss: 3.6980 | Final Train Acc: 12.87%
2025-08-23 17:25:57,935 - client_100 - INFO - [Client 0] Completed local epoch 6/8 | Final Loss: 3.5492 | Final Train Acc: 15.29%
2025-08-23 17:26:52,832 - client_100 - INFO - [Client 0] Completed local epoch 7/8 | Final Loss: 3.4127 | Final Train Acc: 17.60%
2025-08-23 17:27:47,516 - client_100 - INFO - [Client 0] Completed local epoch 8/8 | Final Loss: 3.3005 | Final Train Acc: 19.14%
2025-08-23 17:28:41,724 - client_100 - INFO - [Client 1] Completed local epoch 1/8 | Final Loss: 4.4422 | Final Train Acc: 3.53%
2025-08-23 17:29:37,265 - client_100 - INFO - [Client 1] Completed local epoch 2/8 | Final Loss: 4.0524 | Final Train Acc: 7.91%
2025-08-23 17:30:30,464 - client_100 - INFO - [Client 1] Completed local epoch 3/8 | Final Loss: 3.8542 | Final Train Acc: 10.43%
2025-08-23 17:31:25,584 - client_100 - INFO - [Client 1] Completed local epoch 4/8 | Final Loss: 3.7897 | Final Train Acc: 11.34%
2025-08-23 17:32:26,214 - client_100 - INFO - [Client 1] Completed local epoch 5/8 | Final Loss: 3.7082 | Final Train Acc: 12.30%
2025-08-23 17:33:19,391 - client_100 - INFO - [Client 1] Completed local epoch 6/8 | Final Loss: 3.5908 | Final Train Acc: 14.13%
2025-08-23 17:34:14,309 - client_100 - INFO - [Client 1] Completed local epoch 7/8 | Final Loss: 3.4558 | Final Train Acc: 16.72%
2025-08-23 17:35:08,076 - client_100 - INFO - [Client 1] Completed local epoch 8/8 | Final Loss: 3.3190 | Final Train Acc: 19.06%
2025-08-23 17:36:03,374 - client_100 - INFO - [Client 2] Completed local epoch 1/8 | Final Loss: 4.4350 | Final Train Acc: 3.53%
2025-08-23 17:36:59,965 - client_100 - INFO - [Client 2] Completed local epoch 2/8 | Final Loss: 4.0208 | Final Train Acc: 8.15%
2025-08-23 17:37:54,040 - client_100 - INFO - [Client 2] Completed local epoch 3/8 | Final Loss: 3.8686 | Final Train Acc: 10.69%
2025-08-23 17:38:48,860 - client_100 - INFO - [Client 2] Completed local epoch 4/8 | Final Loss: 3.7547 | Final Train Acc: 11.84%
2025-08-23 17:39:43,592 - client_100 - INFO - [Client 2] Completed local epoch 5/8 | Final Loss: 3.6949 | Final Train Acc: 12.74%
2025-08-23 17:40:37,210 - client_100 - INFO - [Client 2] Completed local epoch 6/8 | Final Loss: 3.5647 | Final Train Acc: 14.49%
2025-08-23 17:41:33,031 - client_100 - INFO - [Client 2] Completed local epoch 7/8 | Final Loss: 3.4126 | Final Train Acc: 17.42%
2025-08-23 17:42:33,209 - client_100 - INFO - [Client 2] Completed local epoch 8/8 | Final Loss: 3.3212 | Final Train Acc: 19.21%
2025-08-23 17:43:27,651 - client_100 - INFO - [Client 3] Completed local epoch 1/8 | Final Loss: 4.4300 | Final Train Acc: 4.04%
2025-08-23 17:44:23,127 - client_100 - INFO - [Client 3] Completed local epoch 2/8 | Final Loss: 4.0304 | Final Train Acc: 7.96%
2025-08-23 17:45:16,870 - client_100 - INFO - [Client 3] Completed local epoch 3/8 | Final Loss: 3.8406 | Final Train Acc: 11.04%
2025-08-23 17:46:11,830 - client_100 - INFO - [Client 3] Completed local epoch 4/8 | Final Loss: 3.7556 | Final Train Acc: 11.97%
2025-08-23 17:47:07,015 - client_100 - INFO - [Client 3] Completed local epoch 5/8 | Final Loss: 3.7068 | Final Train Acc: 12.70%
2025-08-23 17:48:01,246 - client_100 - INFO - [Client 3] Completed local epoch 6/8 | Final Loss: 3.5698 | Final Train Acc: 15.11%
2025-08-23 17:48:56,275 - client_100 - INFO - [Client 3] Completed local epoch 7/8 | Final Loss: 3.4185 | Final Train Acc: 17.22%
2025-08-23 17:49:50,074 - client_100 - INFO - [Client 3] Completed local epoch 8/8 | Final Loss: 3.2913 | Final Train Acc: 19.10%
2025-08-23 17:50:11,104 - client_100 - INFO - --- Round 2/18 (tau = 8) ---
2025-08-23 17:50:44,402 - client_100 - INFO - [Client 0] Completed local epoch 1/8 | Final Loss: 3.3174 | Final Train Acc: 20.03%
2025-08-23 17:51:39,661 - client_100 - INFO - [Client 0] Completed local epoch 2/8 | Final Loss: 3.1550 | Final Train Acc: 20.99%
2025-08-23 17:52:33,506 - client_100 - INFO - [Client 0] Completed local epoch 3/8 | Final Loss: 3.0928 | Final Train Acc: 23.09%
2025-08-23 17:53:29,595 - client_100 - INFO - [Client 0] Completed local epoch 4/8 | Final Loss: 3.0875 | Final Train Acc: 22.68%
2025-08-23 17:54:25,004 - client_100 - INFO - [Client 0] Completed local epoch 5/8 | Final Loss: 3.0395 | Final Train Acc: 23.56%
2025-08-23 17:55:18,335 - client_100 - INFO - [Client 0] Completed local epoch 6/8 | Final Loss: 3.0036 | Final Train Acc: 24.35%
2025-08-23 17:56:13,176 - client_100 - INFO - [Client 0] Completed local epoch 7/8 | Final Loss: 2.8909 | Final Train Acc: 26.67%
2025-08-23 17:57:07,405 - client_100 - INFO - [Client 0] Completed local epoch 8/8 | Final Loss: 2.7865 | Final Train Acc: 28.81%
2025-08-23 17:58:02,423 - client_100 - INFO - [Client 1] Completed local epoch 1/8 | Final Loss: 3.3121 | Final Train Acc: 20.05%
2025-08-23 17:58:57,103 - client_100 - INFO - [Client 1] Completed local epoch 2/8 | Final Loss: 3.1495 | Final Train Acc: 21.43%
2025-08-23 17:59:50,842 - client_100 - INFO - [Client 1] Completed local epoch 3/8 | Final Loss: 3.1211 | Final Train Acc: 21.55%
2025-08-23 18:00:46,461 - client_100 - INFO - [Client 1] Completed local epoch 4/8 | Final Loss: 3.0711 | Final Train Acc: 22.67%
2025-08-23 18:01:41,359 - client_100 - INFO - [Client 1] Completed local epoch 5/8 | Final Loss: 3.0885 | Final Train Acc: 23.15%
2025-08-23 18:02:35,977 - client_100 - INFO - [Client 1] Completed local epoch 6/8 | Final Loss: 2.9603 | Final Train Acc: 24.76%
2025-08-23 18:03:31,262 - client_100 - INFO - [Client 1] Completed local epoch 7/8 | Final Loss: 2.9047 | Final Train Acc: 25.61%
2025-08-23 18:04:26,014 - client_100 - INFO - [Client 1] Completed local epoch 8/8 | Final Loss: 2.8012 | Final Train Acc: 27.95%
2025-08-23 18:05:19,520 - client_100 - INFO - [Client 2] Completed local epoch 1/8 | Final Loss: 3.3093 | Final Train Acc: 19.99%
2025-08-23 18:06:14,273 - client_100 - INFO - [Client 2] Completed local epoch 2/8 | Final Loss: 3.1342 | Final Train Acc: 22.11%
2025-08-23 18:07:09,458 - client_100 - INFO - [Client 2] Completed local epoch 3/8 | Final Loss: 3.0868 | Final Train Acc: 22.71%
2025-08-23 18:08:03,936 - client_100 - INFO - [Client 2] Completed local epoch 4/8 | Final Loss: 3.0860 | Final Train Acc: 23.37%
2025-08-23 18:08:59,424 - client_100 - INFO - [Client 2] Completed local epoch 5/8 | Final Loss: 3.0375 | Final Train Acc: 23.83%
2025-08-23 18:09:53,940 - client_100 - INFO - [Client 2] Completed local epoch 6/8 | Final Loss: 2.9680 | Final Train Acc: 24.94%
2025-08-23 18:10:48,622 - client_100 - INFO - [Client 2] Completed local epoch 7/8 | Final Loss: 2.8928 | Final Train Acc: 26.26%
2025-08-23 18:11:43,459 - client_100 - INFO - [Client 2] Completed local epoch 8/8 | Final Loss: 2.8046 | Final Train Acc: 27.98%
2025-08-23 18:12:36,815 - client_100 - INFO - [Client 3] Completed local epoch 1/8 | Final Loss: 3.2896 | Final Train Acc: 20.72%
2025-08-23 18:13:32,142 - client_100 - INFO - [Client 3] Completed local epoch 2/8 | Final Loss: 3.1230 | Final Train Acc: 21.98%
2025-08-23 18:14:27,030 - client_100 - INFO - [Client 3] Completed local epoch 3/8 | Final Loss: 3.0910 | Final Train Acc: 21.88%
2025-08-23 18:15:21,353 - client_100 - INFO - [Client 3] Completed local epoch 4/8 | Final Loss: 3.0525 | Final Train Acc: 23.46%
2025-08-23 18:16:16,654 - client_100 - INFO - [Client 3] Completed local epoch 5/8 | Final Loss: 3.0446 | Final Train Acc: 24.23%
2025-08-23 18:17:09,777 - client_100 - INFO - [Client 3] Completed local epoch 6/8 | Final Loss: 2.9778 | Final Train Acc: 24.96%
2025-08-23 18:18:05,030 - client_100 - INFO - [Client 3] Completed local epoch 7/8 | Final Loss: 2.8724 | Final Train Acc: 27.07%
2025-08-23 18:18:59,481 - client_100 - INFO - [Client 3] Completed local epoch 8/8 | Final Loss: 2.7840 | Final Train Acc: 28.96%
2025-08-23 18:19:20,219 - client_100 - INFO - --- Round 3/18 (tau = 8) ---
2025-08-23 18:19:54,336 - client_100 - INFO - [Client 0] Completed local epoch 1/8 | Final Loss: 2.6294 | Final Train Acc: 32.93%
2025-08-23 18:20:50,458 - client_100 - INFO - [Client 0] Completed local epoch 2/8 | Final Loss: 2.5922 | Final Train Acc: 32.97%
2025-08-23 18:21:45,320 - client_100 - INFO - [Client 0] Completed local epoch 3/8 | Final Loss: 2.6156 | Final Train Acc: 32.49%
2025-08-23 18:22:39,574 - client_100 - INFO - [Client 0] Completed local epoch 4/8 | Final Loss: 2.6170 | Final Train Acc: 32.60%
2025-08-23 18:23:34,607 - client_100 - INFO - [Client 0] Completed local epoch 5/8 | Final Loss: 2.6330 | Final Train Acc: 31.62%
2025-08-23 18:24:28,214 - client_100 - INFO - [Client 0] Completed local epoch 6/8 | Final Loss: 2.6182 | Final Train Acc: 31.92%
2025-08-23 18:25:23,852 - client_100 - INFO - [Client 0] Completed local epoch 7/8 | Final Loss: 2.5431 | Final Train Acc: 34.15%
2025-08-23 18:26:19,252 - client_100 - INFO - [Client 0] Completed local epoch 8/8 | Final Loss: 2.4837 | Final Train Acc: 34.95%
2025-08-23 18:27:12,777 - client_100 - INFO - [Client 1] Completed local epoch 1/8 | Final Loss: 2.6468 | Final Train Acc: 32.33%
2025-08-23 18:28:08,060 - client_100 - INFO - [Client 1] Completed local epoch 2/8 | Final Loss: 2.6045 | Final Train Acc: 32.77%
2025-08-23 18:29:03,464 - client_100 - INFO - [Client 1] Completed local epoch 3/8 | Final Loss: 2.6313 | Final Train Acc: 32.00%
2025-08-23 18:29:57,844 - client_100 - INFO - [Client 1] Completed local epoch 4/8 | Final Loss: 2.6517 | Final Train Acc: 30.87%
2025-08-23 18:30:53,070 - client_100 - INFO - [Client 1] Completed local epoch 5/8 | Final Loss: 2.6657 | Final Train Acc: 30.51%
2025-08-23 18:31:47,448 - client_100 - INFO - [Client 1] Completed local epoch 6/8 | Final Loss: 2.6295 | Final Train Acc: 31.51%
2025-08-23 18:32:41,811 - client_100 - INFO - [Client 1] Completed local epoch 7/8 | Final Loss: 2.5697 | Final Train Acc: 32.41%
2025-08-23 18:33:37,135 - client_100 - INFO - [Client 1] Completed local epoch 8/8 | Final Loss: 2.4905 | Final Train Acc: 34.82%
2025-08-23 18:34:30,487 - client_100 - INFO - [Client 2] Completed local epoch 1/8 | Final Loss: 2.6015 | Final Train Acc: 33.06%
2025-08-23 18:35:25,522 - client_100 - INFO - [Client 2] Completed local epoch 2/8 | Final Loss: 2.5824 | Final Train Acc: 33.25%
2025-08-23 18:36:20,462 - client_100 - INFO - [Client 2] Completed local epoch 3/8 | Final Loss: 2.5978 | Final Train Acc: 32.20%
2025-08-23 18:37:14,158 - client_100 - INFO - [Client 2] Completed local epoch 4/8 | Final Loss: 2.6280 | Final Train Acc: 31.80%
2025-08-23 18:38:09,055 - client_100 - INFO - [Client 2] Completed local epoch 5/8 | Final Loss: 2.6562 | Final Train Acc: 31.54%
2025-08-23 18:39:01,930 - client_100 - INFO - [Client 2] Completed local epoch 6/8 | Final Loss: 2.6009 | Final Train Acc: 31.77%
2025-08-23 18:39:57,007 - client_100 - INFO - [Client 2] Completed local epoch 7/8 | Final Loss: 2.5394 | Final Train Acc: 34.09%
2025-08-23 18:40:51,625 - client_100 - INFO - [Client 2] Completed local epoch 8/8 | Final Loss: 2.4673 | Final Train Acc: 34.78%
2025-08-23 18:41:45,478 - client_100 - INFO - [Client 3] Completed local epoch 1/8 | Final Loss: 2.6092 | Final Train Acc: 32.68%
2025-08-23 18:42:40,540 - client_100 - INFO - [Client 3] Completed local epoch 2/8 | Final Loss: 2.5871 | Final Train Acc: 32.88%
2025-08-23 18:43:35,054 - client_100 - INFO - [Client 3] Completed local epoch 3/8 | Final Loss: 2.5977 | Final Train Acc: 32.61%
2025-08-23 18:44:30,134 - client_100 - INFO - [Client 3] Completed local epoch 4/8 | Final Loss: 2.6361 | Final Train Acc: 32.01%
2025-08-23 18:45:25,517 - client_100 - INFO - [Client 3] Completed local epoch 5/8 | Final Loss: 2.6548 | Final Train Acc: 30.76%
2025-08-23 18:46:19,469 - client_100 - INFO - [Client 3] Completed local epoch 6/8 | Final Loss: 2.5842 | Final Train Acc: 32.92%
2025-08-23 18:47:14,288 - client_100 - INFO - [Client 3] Completed local epoch 7/8 | Final Loss: 2.5394 | Final Train Acc: 32.94%
2025-08-23 18:48:09,491 - client_100 - INFO - [Client 3] Completed local epoch 8/8 | Final Loss: 2.4899 | Final Train Acc: 35.02%
2025-08-23 18:48:29,595 - client_100 - INFO - --- Round 4/18 (tau = 8) ---
2025-08-23 18:49:03,089 - client_100 - INFO - [Client 0] Completed local epoch 1/8 | Final Loss: 2.3399 | Final Train Acc: 38.87%
2025-08-23 18:49:58,042 - client_100 - INFO - [Client 0] Completed local epoch 2/8 | Final Loss: 2.3197 | Final Train Acc: 39.01%
2025-08-23 18:50:51,419 - client_100 - INFO - [Client 0] Completed local epoch 3/8 | Final Loss: 2.3483 | Final Train Acc: 37.85%
2025-08-23 18:51:45,780 - client_100 - INFO - [Client 0] Completed local epoch 4/8 | Final Loss: 2.3531 | Final Train Acc: 37.67%
2025-08-23 18:52:40,065 - client_100 - INFO - [Client 0] Completed local epoch 5/8 | Final Loss: 2.4229 | Final Train Acc: 36.37%
2025-08-23 18:53:33,346 - client_100 - INFO - [Client 0] Completed local epoch 6/8 | Final Loss: 2.4080 | Final Train Acc: 36.15%
2025-08-23 18:54:27,872 - client_100 - INFO - [Client 0] Completed local epoch 7/8 | Final Loss: 2.3530 | Final Train Acc: 37.91%
2025-08-23 18:55:21,073 - client_100 - INFO - [Client 0] Completed local epoch 8/8 | Final Loss: 2.2726 | Final Train Acc: 39.37%
2025-08-23 18:56:15,110 - client_100 - INFO - [Client 1] Completed local epoch 1/8 | Final Loss: 2.3473 | Final Train Acc: 38.52%
2025-08-23 18:57:08,178 - client_100 - INFO - [Client 1] Completed local epoch 2/8 | Final Loss: 2.3450 | Final Train Acc: 38.35%
2025-08-23 18:58:02,260 - client_100 - INFO - [Client 1] Completed local epoch 3/8 | Final Loss: 2.3733 | Final Train Acc: 37.41%
2025-08-23 18:58:56,304 - client_100 - INFO - [Client 1] Completed local epoch 4/8 | Final Loss: 2.3820 | Final Train Acc: 37.34%
2025-08-23 18:59:49,309 - client_100 - INFO - [Client 1] Completed local epoch 5/8 | Final Loss: 2.4249 | Final Train Acc: 35.91%
2025-08-23 19:00:43,890 - client_100 - INFO - [Client 1] Completed local epoch 6/8 | Final Loss: 2.4049 | Final Train Acc: 36.51%
2025-08-23 19:01:37,021 - client_100 - INFO - [Client 1] Completed local epoch 7/8 | Final Loss: 2.3691 | Final Train Acc: 36.81%
2025-08-23 19:02:32,237 - client_100 - INFO - [Client 1] Completed local epoch 8/8 | Final Loss: 2.3171 | Final Train Acc: 38.56%
2025-08-23 19:03:26,509 - client_100 - INFO - [Client 2] Completed local epoch 1/8 | Final Loss: 2.3188 | Final Train Acc: 39.09%
2025-08-23 19:04:20,886 - client_100 - INFO - [Client 2] Completed local epoch 2/8 | Final Loss: 2.3268 | Final Train Acc: 38.84%
2025-08-23 19:05:15,430 - client_100 - INFO - [Client 2] Completed local epoch 3/8 | Final Loss: 2.3325 | Final Train Acc: 38.59%
2025-08-23 19:06:08,432 - client_100 - INFO - [Client 2] Completed local epoch 4/8 | Final Loss: 2.3751 | Final Train Acc: 37.38%
2025-08-23 19:07:02,942 - client_100 - INFO - [Client 2] Completed local epoch 5/8 | Final Loss: 2.4019 | Final Train Acc: 36.15%
2025-08-23 19:07:56,270 - client_100 - INFO - [Client 2] Completed local epoch 6/8 | Final Loss: 2.3680 | Final Train Acc: 37.33%
2025-08-23 19:08:51,385 - client_100 - INFO - [Client 2] Completed local epoch 7/8 | Final Loss: 2.3199 | Final Train Acc: 38.46%
2025-08-23 19:09:45,728 - client_100 - INFO - [Client 2] Completed local epoch 8/8 | Final Loss: 2.2775 | Final Train Acc: 39.26%
2025-08-23 19:10:40,185 - client_100 - INFO - [Client 3] Completed local epoch 1/8 | Final Loss: 2.3189 | Final Train Acc: 39.03%
2025-08-23 19:11:35,352 - client_100 - INFO - [Client 3] Completed local epoch 2/8 | Final Loss: 2.2974 | Final Train Acc: 38.99%
2025-08-23 19:12:28,697 - client_100 - INFO - [Client 3] Completed local epoch 3/8 | Final Loss: 2.3153 | Final Train Acc: 38.55%
2025-08-23 19:13:23,528 - client_100 - INFO - [Client 3] Completed local epoch 4/8 | Final Loss: 2.3783 | Final Train Acc: 37.17%
2025-08-23 19:14:16,392 - client_100 - INFO - [Client 3] Completed local epoch 5/8 | Final Loss: 2.4110 | Final Train Acc: 36.22%
2025-08-23 19:15:10,935 - client_100 - INFO - [Client 3] Completed local epoch 6/8 | Final Loss: 2.3692 | Final Train Acc: 37.94%
2025-08-23 19:16:04,263 - client_100 - INFO - [Client 3] Completed local epoch 7/8 | Final Loss: 2.3431 | Final Train Acc: 37.60%
2025-08-23 19:16:58,241 - client_100 - INFO - [Client 3] Completed local epoch 8/8 | Final Loss: 2.3003 | Final Train Acc: 38.41%
2025-08-23 19:17:18,632 - client_100 - INFO - --- Round 5/18 (tau = 8) ---
2025-08-23 19:17:52,531 - client_100 - INFO - [Client 0] Completed local epoch 1/8 | Final Loss: 2.1482 | Final Train Acc: 43.33%
2025-08-23 19:18:45,758 - client_100 - INFO - [Client 0] Completed local epoch 2/8 | Final Loss: 2.1428 | Final Train Acc: 42.37%
2025-08-23 19:19:40,637 - client_100 - INFO - [Client 0] Completed local epoch 3/8 | Final Loss: 2.1527 | Final Train Acc: 42.47%
2025-08-23 19:20:33,535 - client_100 - INFO - [Client 0] Completed local epoch 4/8 | Final Loss: 2.1787 | Final Train Acc: 41.42%
2025-08-23 19:21:28,469 - client_100 - INFO - [Client 0] Completed local epoch 5/8 | Final Loss: 2.2705 | Final Train Acc: 39.40%
2025-08-23 19:22:21,677 - client_100 - INFO - [Client 0] Completed local epoch 6/8 | Final Loss: 2.2228 | Final Train Acc: 40.23%
2025-08-23 19:23:17,052 - client_100 - INFO - [Client 0] Completed local epoch 7/8 | Final Loss: 2.1949 | Final Train Acc: 40.87%
2025-08-23 19:24:12,093 - client_100 - INFO - [Client 0] Completed local epoch 8/8 | Final Loss: 2.1612 | Final Train Acc: 41.81%
2025-08-23 19:25:05,670 - client_100 - INFO - [Client 1] Completed local epoch 1/8 | Final Loss: 2.1703 | Final Train Acc: 42.66%
2025-08-23 19:26:00,694 - client_100 - INFO - [Client 1] Completed local epoch 2/8 | Final Loss: 2.1622 | Final Train Acc: 42.14%
2025-08-23 19:26:54,268 - client_100 - INFO - [Client 1] Completed local epoch 3/8 | Final Loss: 2.1548 | Final Train Acc: 42.37%
2025-08-23 19:27:49,610 - client_100 - INFO - [Client 1] Completed local epoch 4/8 | Final Loss: 2.2326 | Final Train Acc: 40.03%
2025-08-23 19:28:44,649 - client_100 - INFO - [Client 1] Completed local epoch 5/8 | Final Loss: 2.2495 | Final Train Acc: 39.99%
2025-08-23 19:29:38,342 - client_100 - INFO - [Client 1] Completed local epoch 6/8 | Final Loss: 2.2301 | Final Train Acc: 40.10%
2025-08-23 19:30:33,356 - client_100 - INFO - [Client 1] Completed local epoch 7/8 | Final Loss: 2.2055 | Final Train Acc: 40.49%
2025-08-23 19:31:27,461 - client_100 - INFO - [Client 1] Completed local epoch 8/8 | Final Loss: 2.1786 | Final Train Acc: 41.09%
2025-08-23 19:32:22,468 - client_100 - INFO - [Client 2] Completed local epoch 1/8 | Final Loss: 2.1361 | Final Train Acc: 43.23%
2025-08-23 19:33:17,113 - client_100 - INFO - [Client 2] Completed local epoch 2/8 | Final Loss: 2.1133 | Final Train Acc: 43.17%
2025-08-23 19:34:10,854 - client_100 - INFO - [Client 2] Completed local epoch 3/8 | Final Loss: 2.1439 | Final Train Acc: 42.04%
2025-08-23 19:35:06,191 - client_100 - INFO - [Client 2] Completed local epoch 4/8 | Final Loss: 2.1803 | Final Train Acc: 41.02%
2025-08-23 19:36:00,223 - client_100 - INFO - [Client 2] Completed local epoch 5/8 | Final Loss: 2.2649 | Final Train Acc: 39.33%
2025-08-23 19:36:54,549 - client_100 - INFO - [Client 2] Completed local epoch 6/8 | Final Loss: 2.2199 | Final Train Acc: 40.62%
2025-08-23 19:37:49,346 - client_100 - INFO - [Client 2] Completed local epoch 7/8 | Final Loss: 2.1545 | Final Train Acc: 41.98%
2025-08-23 19:38:42,847 - client_100 - INFO - [Client 2] Completed local epoch 8/8 | Final Loss: 2.1406 | Final Train Acc: 41.68%
2025-08-23 19:39:37,985 - client_100 - INFO - [Client 3] Completed local epoch 1/8 | Final Loss: 2.1413 | Final Train Acc: 42.93%
2025-08-23 19:40:32,205 - client_100 - INFO - [Client 3] Completed local epoch 2/8 | Final Loss: 2.1316 | Final Train Acc: 42.55%
2025-08-23 19:41:26,541 - client_100 - INFO - [Client 3] Completed local epoch 3/8 | Final Loss: 2.1593 | Final Train Acc: 42.63%
2025-08-23 19:42:20,035 - client_100 - INFO - [Client 3] Completed local epoch 4/8 | Final Loss: 2.1844 | Final Train Acc: 41.26%
2025-08-23 19:43:13,165 - client_100 - INFO - [Client 3] Completed local epoch 5/8 | Final Loss: 2.2388 | Final Train Acc: 39.87%
2025-08-23 19:44:07,098 - client_100 - INFO - [Client 3] Completed local epoch 6/8 | Final Loss: 2.2249 | Final Train Acc: 40.06%
2025-08-23 19:45:00,296 - client_100 - INFO - [Client 3] Completed local epoch 7/8 | Final Loss: 2.1598 | Final Train Acc: 41.77%
2025-08-23 19:45:55,345 - client_100 - INFO - [Client 3] Completed local epoch 8/8 | Final Loss: 2.1366 | Final Train Acc: 42.61%
2025-08-23 19:46:15,314 - client_100 - INFO - --- Round 6/18 (tau = 8) ---
2025-08-23 19:46:48,679 - client_100 - INFO - [Client 0] Completed local epoch 1/8 | Final Loss: 2.0174 | Final Train Acc: 45.49%
2025-08-23 19:47:44,008 - client_100 - INFO - [Client 0] Completed local epoch 2/8 | Final Loss: 2.0123 | Final Train Acc: 45.53%
2025-08-23 19:48:37,974 - client_100 - INFO - [Client 0] Completed local epoch 3/8 | Final Loss: 2.0015 | Final Train Acc: 46.05%
2025-08-23 19:49:32,523 - client_100 - INFO - [Client 0] Completed local epoch 4/8 | Final Loss: 2.0807 | Final Train Acc: 44.08%
2025-08-23 19:50:27,491 - client_100 - INFO - [Client 0] Completed local epoch 5/8 | Final Loss: 2.1072 | Final Train Acc: 43.67%
2025-08-23 19:51:20,132 - client_100 - INFO - [Client 0] Completed local epoch 6/8 | Final Loss: 2.1087 | Final Train Acc: 43.51%
2025-08-23 19:52:15,489 - client_100 - INFO - [Client 0] Completed local epoch 7/8 | Final Loss: 2.0643 | Final Train Acc: 43.88%
2025-08-23 19:53:09,855 - client_100 - INFO - [Client 0] Completed local epoch 8/8 | Final Loss: 2.0280 | Final Train Acc: 44.69%
2025-08-23 19:54:04,226 - client_100 - INFO - [Client 1] Completed local epoch 1/8 | Final Loss: 2.0217 | Final Train Acc: 45.79%
2025-08-23 19:54:58,862 - client_100 - INFO - [Client 1] Completed local epoch 2/8 | Final Loss: 2.0282 | Final Train Acc: 45.00%
2025-08-23 19:55:51,776 - client_100 - INFO - [Client 1] Completed local epoch 3/8 | Final Loss: 2.0529 | Final Train Acc: 44.63%
2025-08-23 19:56:46,660 - client_100 - INFO - [Client 1] Completed local epoch 4/8 | Final Loss: 2.0666 | Final Train Acc: 44.04%
2025-08-23 19:57:40,241 - client_100 - INFO - [Client 1] Completed local epoch 5/8 | Final Loss: 2.1442 | Final Train Acc: 42.17%
2025-08-23 19:58:35,351 - client_100 - INFO - [Client 1] Completed local epoch 6/8 | Final Loss: 2.1237 | Final Train Acc: 42.35%
2025-08-23 19:59:29,087 - client_100 - INFO - [Client 1] Completed local epoch 7/8 | Final Loss: 2.1113 | Final Train Acc: 42.58%
2025-08-23 20:00:23,321 - client_100 - INFO - [Client 1] Completed local epoch 8/8 | Final Loss: 2.0845 | Final Train Acc: 42.94%
2025-08-23 20:01:18,198 - client_100 - INFO - [Client 2] Completed local epoch 1/8 | Final Loss: 1.9874 | Final Train Acc: 47.06%
2025-08-23 20:02:11,541 - client_100 - INFO - [Client 2] Completed local epoch 2/8 | Final Loss: 1.9858 | Final Train Acc: 46.29%
2025-08-23 20:03:06,946 - client_100 - INFO - [Client 2] Completed local epoch 3/8 | Final Loss: 2.0082 | Final Train Acc: 45.26%
2025-08-23 20:04:00,239 - client_100 - INFO - [Client 2] Completed local epoch 4/8 | Final Loss: 2.1013 | Final Train Acc: 43.02%
2025-08-23 20:04:53,801 - client_100 - INFO - [Client 2] Completed local epoch 5/8 | Final Loss: 2.1408 | Final Train Acc: 42.05%
2025-08-23 20:05:47,408 - client_100 - INFO - [Client 2] Completed local epoch 6/8 | Final Loss: 2.0960 | Final Train Acc: 42.97%
2025-08-23 20:06:40,950 - client_100 - INFO - [Client 2] Completed local epoch 7/8 | Final Loss: 2.0431 | Final Train Acc: 44.04%
2025-08-23 20:07:35,627 - client_100 - INFO - [Client 2] Completed local epoch 8/8 | Final Loss: 2.0591 | Final Train Acc: 44.26%
2025-08-23 20:08:29,198 - client_100 - INFO - [Client 3] Completed local epoch 1/8 | Final Loss: 2.0075 | Final Train Acc: 46.20%
2025-08-23 20:09:24,537 - client_100 - INFO - [Client 3] Completed local epoch 2/8 | Final Loss: 1.9942 | Final Train Acc: 46.12%
2025-08-23 20:10:18,296 - client_100 - INFO - [Client 3] Completed local epoch 3/8 | Final Loss: 2.0348 | Final Train Acc: 44.99%
2025-08-23 20:11:12,498 - client_100 - INFO - [Client 3] Completed local epoch 4/8 | Final Loss: 2.0623 | Final Train Acc: 43.97%
2025-08-23 20:12:06,982 - client_100 - INFO - [Client 3] Completed local epoch 5/8 | Final Loss: 2.1113 | Final Train Acc: 42.32%
2025-08-23 20:12:59,681 - client_100 - INFO - [Client 3] Completed local epoch 6/8 | Final Loss: 2.1255 | Final Train Acc: 42.65%
2025-08-23 20:13:53,968 - client_100 - INFO - [Client 3] Completed local epoch 7/8 | Final Loss: 2.0717 | Final Train Acc: 43.44%
2025-08-23 20:14:46,972 - client_100 - INFO - [Client 3] Completed local epoch 8/8 | Final Loss: 2.0340 | Final Train Acc: 44.25%
2025-08-23 20:15:09,106 - client_100 - INFO - --- Round 7/18 (tau = 8) ---
2025-08-23 20:15:42,967 - client_100 - INFO - [Client 0] Completed local epoch 1/8 | Final Loss: 1.9270 | Final Train Acc: 48.28%
2025-08-23 20:16:37,750 - client_100 - INFO - [Client 0] Completed local epoch 2/8 | Final Loss: 1.8818 | Final Train Acc: 48.79%
2025-08-23 20:17:31,774 - client_100 - INFO - [Client 0] Completed local epoch 3/8 | Final Loss: 1.9285 | Final Train Acc: 47.73%
2025-08-23 20:18:26,651 - client_100 - INFO - [Client 0] Completed local epoch 4/8 | Final Loss: 1.9985 | Final Train Acc: 45.76%
2025-08-23 20:19:20,086 - client_100 - INFO - [Client 0] Completed local epoch 5/8 | Final Loss: 2.0201 | Final Train Acc: 45.19%
2025-08-23 20:20:15,645 - client_100 - INFO - [Client 0] Completed local epoch 6/8 | Final Loss: 2.0303 | Final Train Acc: 44.09%
2025-08-23 20:21:10,337 - client_100 - INFO - [Client 0] Completed local epoch 7/8 | Final Loss: 1.9544 | Final Train Acc: 46.96%
2025-08-23 20:22:04,450 - client_100 - INFO - [Client 0] Completed local epoch 8/8 | Final Loss: 1.9254 | Final Train Acc: 47.26%
2025-08-23 20:22:59,535 - client_100 - INFO - [Client 1] Completed local epoch 1/8 | Final Loss: 1.9305 | Final Train Acc: 47.55%
2025-08-23 20:23:53,054 - client_100 - INFO - [Client 1] Completed local epoch 2/8 | Final Loss: 1.9130 | Final Train Acc: 48.24%
2025-08-23 20:24:48,989 - client_100 - INFO - [Client 1] Completed local epoch 3/8 | Final Loss: 1.9521 | Final Train Acc: 47.03%
2025-08-23 20:25:43,500 - client_100 - INFO - [Client 1] Completed local epoch 4/8 | Final Loss: 1.9840 | Final Train Acc: 46.05%
2025-08-23 20:26:37,881 - client_100 - INFO - [Client 1] Completed local epoch 5/8 | Final Loss: 2.0483 | Final Train Acc: 44.33%
2025-08-23 20:27:33,567 - client_100 - INFO - [Client 1] Completed local epoch 6/8 | Final Loss: 2.0424 | Final Train Acc: 43.86%
2025-08-23 20:28:27,312 - client_100 - INFO - [Client 1] Completed local epoch 7/8 | Final Loss: 2.0072 | Final Train Acc: 44.84%
2025-08-23 20:29:22,865 - client_100 - INFO - [Client 1] Completed local epoch 8/8 | Final Loss: 1.9843 | Final Train Acc: 45.22%
2025-08-23 20:30:18,191 - client_100 - INFO - [Client 2] Completed local epoch 1/8 | Final Loss: 1.9089 | Final Train Acc: 48.06%
2025-08-23 20:31:12,777 - client_100 - INFO - [Client 2] Completed local epoch 2/8 | Final Loss: 1.8780 | Final Train Acc: 48.93%
2025-08-23 20:32:08,909 - client_100 - INFO - [Client 2] Completed local epoch 3/8 | Final Loss: 1.9094 | Final Train Acc: 47.82%
2025-08-23 20:33:03,821 - client_100 - INFO - [Client 2] Completed local epoch 4/8 | Final Loss: 1.9723 | Final Train Acc: 45.83%
2025-08-23 20:33:59,233 - client_100 - INFO - [Client 2] Completed local epoch 5/8 | Final Loss: 2.0564 | Final Train Acc: 43.81%
2025-08-23 20:34:55,285 - client_100 - INFO - [Client 2] Completed local epoch 6/8 | Final Loss: 2.0130 | Final Train Acc: 45.01%
2025-08-23 20:35:50,262 - client_100 - INFO - [Client 2] Completed local epoch 7/8 | Final Loss: 1.9806 | Final Train Acc: 46.48%
2025-08-23 20:36:45,100 - client_100 - INFO - [Client 2] Completed local epoch 8/8 | Final Loss: 1.9269 | Final Train Acc: 46.52%
2025-08-23 20:37:40,385 - client_100 - INFO - [Client 3] Completed local epoch 1/8 | Final Loss: 1.9017 | Final Train Acc: 48.23%
2025-08-23 20:38:34,802 - client_100 - INFO - [Client 3] Completed local epoch 2/8 | Final Loss: 1.9072 | Final Train Acc: 48.10%
2025-08-23 20:39:29,568 - client_100 - INFO - [Client 3] Completed local epoch 3/8 | Final Loss: 1.9057 | Final Train Acc: 47.58%
2025-08-23 20:40:24,870 - client_100 - INFO - [Client 3] Completed local epoch 4/8 | Final Loss: 1.9692 | Final Train Acc: 46.24%
2025-08-23 20:41:18,595 - client_100 - INFO - [Client 3] Completed local epoch 5/8 | Final Loss: 2.0157 | Final Train Acc: 44.76%
2025-08-23 20:42:13,909 - client_100 - INFO - [Client 3] Completed local epoch 6/8 | Final Loss: 2.0279 | Final Train Acc: 44.22%
2025-08-23 20:43:12,619 - client_100 - INFO - [Client 3] Completed local epoch 7/8 | Final Loss: 1.9644 | Final Train Acc: 46.39%
2025-08-23 20:44:06,619 - client_100 - INFO - [Client 3] Completed local epoch 8/8 | Final Loss: 1.9386 | Final Train Acc: 46.48%
2025-08-23 20:44:28,382 - client_100 - INFO - --- Round 8/18 (tau = 8) ---
2025-08-23 20:45:01,877 - client_100 - INFO - [Client 0] Completed local epoch 1/8 | Final Loss: 1.8183 | Final Train Acc: 50.14%
2025-08-23 20:45:57,059 - client_100 - INFO - [Client 0] Completed local epoch 2/8 | Final Loss: 1.7863 | Final Train Acc: 51.19%
2025-08-23 20:46:50,411 - client_100 - INFO - [Client 0] Completed local epoch 3/8 | Final Loss: 1.8437 | Final Train Acc: 49.65%
2025-08-23 20:47:45,577 - client_100 - INFO - [Client 0] Completed local epoch 4/8 | Final Loss: 1.8848 | Final Train Acc: 48.37%
2025-08-23 20:48:39,795 - client_100 - INFO - [Client 0] Completed local epoch 5/8 | Final Loss: 1.9493 | Final Train Acc: 46.43%
2025-08-23 20:49:33,406 - client_100 - INFO - [Client 0] Completed local epoch 6/8 | Final Loss: 1.9414 | Final Train Acc: 47.04%
2025-08-23 20:50:28,112 - client_100 - INFO - [Client 0] Completed local epoch 7/8 | Final Loss: 1.9006 | Final Train Acc: 47.94%
2025-08-23 20:51:21,465 - client_100 - INFO - [Client 0] Completed local epoch 8/8 | Final Loss: 1.8492 | Final Train Acc: 48.45%
2025-08-23 20:52:16,721 - client_100 - INFO - [Client 1] Completed local epoch 1/8 | Final Loss: 1.8426 | Final Train Acc: 50.21%
2025-08-23 20:53:10,423 - client_100 - INFO - [Client 1] Completed local epoch 2/8 | Final Loss: 1.8519 | Final Train Acc: 49.59%
2025-08-23 20:54:04,201 - client_100 - INFO - [Client 1] Completed local epoch 3/8 | Final Loss: 1.8791 | Final Train Acc: 48.73%
2025-08-23 20:54:59,147 - client_100 - INFO - [Client 1] Completed local epoch 4/8 | Final Loss: 1.9098 | Final Train Acc: 47.49%
2025-08-23 20:55:52,291 - client_100 - INFO - [Client 1] Completed local epoch 5/8 | Final Loss: 1.9531 | Final Train Acc: 46.50%
2025-08-23 20:56:47,267 - client_100 - INFO - [Client 1] Completed local epoch 6/8 | Final Loss: 1.9388 | Final Train Acc: 47.05%
2025-08-23 20:57:40,742 - client_100 - INFO - [Client 1] Completed local epoch 7/8 | Final Loss: 1.9356 | Final Train Acc: 46.67%
2025-08-23 20:58:35,507 - client_100 - INFO - [Client 1] Completed local epoch 8/8 | Final Loss: 1.9169 | Final Train Acc: 47.62%
2025-08-23 20:59:30,646 - client_100 - INFO - [Client 2] Completed local epoch 1/8 | Final Loss: 1.8107 | Final Train Acc: 50.79%
2025-08-23 21:00:23,942 - client_100 - INFO - [Client 2] Completed local epoch 2/8 | Final Loss: 1.8042 | Final Train Acc: 50.22%
2025-08-23 21:01:18,773 - client_100 - INFO - [Client 2] Completed local epoch 3/8 | Final Loss: 1.8213 | Final Train Acc: 49.53%
2025-08-23 21:02:13,184 - client_100 - INFO - [Client 2] Completed local epoch 4/8 | Final Loss: 1.8942 | Final Train Acc: 48.15%
2025-08-23 21:03:08,275 - client_100 - INFO - [Client 2] Completed local epoch 5/8 | Final Loss: 1.9642 | Final Train Acc: 46.30%
2025-08-23 21:04:02,904 - client_100 - INFO - [Client 2] Completed local epoch 6/8 | Final Loss: 1.9374 | Final Train Acc: 47.43%
2025-08-23 21:04:55,925 - client_100 - INFO - [Client 2] Completed local epoch 7/8 | Final Loss: 1.9270 | Final Train Acc: 46.92%
2025-08-23 21:05:50,449 - client_100 - INFO - [Client 2] Completed local epoch 8/8 | Final Loss: 1.8843 | Final Train Acc: 47.14%
2025-08-23 21:06:43,658 - client_100 - INFO - [Client 3] Completed local epoch 1/8 | Final Loss: 1.8293 | Final Train Acc: 49.88%
2025-08-23 21:07:38,791 - client_100 - INFO - [Client 3] Completed local epoch 2/8 | Final Loss: 1.7999 | Final Train Acc: 50.67%
2025-08-23 21:08:33,862 - client_100 - INFO - [Client 3] Completed local epoch 3/8 | Final Loss: 1.8342 | Final Train Acc: 49.30%
2025-08-23 21:09:27,541 - client_100 - INFO - [Client 3] Completed local epoch 4/8 | Final Loss: 1.8602 | Final Train Acc: 48.54%
2025-08-23 21:10:22,204 - client_100 - INFO - [Client 3] Completed local epoch 5/8 | Final Loss: 1.9735 | Final Train Acc: 45.87%
2025-08-23 21:11:15,263 - client_100 - INFO - [Client 3] Completed local epoch 6/8 | Final Loss: 1.9042 | Final Train Acc: 47.20%
2025-08-23 21:12:09,784 - client_100 - INFO - [Client 3] Completed local epoch 7/8 | Final Loss: 1.9425 | Final Train Acc: 46.59%
2025-08-23 21:13:03,681 - client_100 - INFO - [Client 3] Completed local epoch 8/8 | Final Loss: 1.8712 | Final Train Acc: 47.90%
2025-08-23 21:13:25,200 - client_100 - INFO - --- Round 9/18 (tau = 8) ---
2025-08-23 21:13:58,613 - client_100 - INFO - [Client 0] Completed local epoch 1/8 | Final Loss: 1.7365 | Final Train Acc: 52.38%
2025-08-23 21:14:54,079 - client_100 - INFO - [Client 0] Completed local epoch 2/8 | Final Loss: 1.7491 | Final Train Acc: 52.03%
2025-08-23 21:15:47,347 - client_100 - INFO - [Client 0] Completed local epoch 3/8 | Final Loss: 1.7720 | Final Train Acc: 50.90%
2025-08-23 21:16:41,977 - client_100 - INFO - [Client 0] Completed local epoch 4/8 | Final Loss: 1.8124 | Final Train Acc: 50.11%
2025-08-23 21:17:36,033 - client_100 - INFO - [Client 0] Completed local epoch 5/8 | Final Loss: 1.8720 | Final Train Acc: 49.24%
2025-08-23 21:18:30,224 - client_100 - INFO - [Client 0] Completed local epoch 6/8 | Final Loss: 1.8783 | Final Train Acc: 47.61%
2025-08-23 21:19:25,073 - client_100 - INFO - [Client 0] Completed local epoch 7/8 | Final Loss: 1.8605 | Final Train Acc: 48.67%
2025-08-23 21:20:18,506 - client_100 - INFO - [Client 0] Completed local epoch 8/8 | Final Loss: 1.8387 | Final Train Acc: 49.41%
2025-08-23 21:21:13,397 - client_100 - INFO - [Client 1] Completed local epoch 1/8 | Final Loss: 1.7659 | Final Train Acc: 51.29%
2025-08-23 21:22:06,676 - client_100 - INFO - [Client 1] Completed local epoch 2/8 | Final Loss: 1.7607 | Final Train Acc: 52.02%
2025-08-23 21:23:01,316 - client_100 - INFO - [Client 1] Completed local epoch 3/8 | Final Loss: 1.7967 | Final Train Acc: 49.99%
2025-08-23 21:23:56,219 - client_100 - INFO - [Client 1] Completed local epoch 4/8 | Final Loss: 1.8463 | Final Train Acc: 48.88%
2025-08-23 21:24:49,498 - client_100 - INFO - [Client 1] Completed local epoch 5/8 | Final Loss: 1.9230 | Final Train Acc: 47.45%
2025-08-23 21:25:44,353 - client_100 - INFO - [Client 1] Completed local epoch 6/8 | Final Loss: 1.9154 | Final Train Acc: 47.18%
2025-08-23 21:26:37,556 - client_100 - INFO - [Client 1] Completed local epoch 7/8 | Final Loss: 1.8799 | Final Train Acc: 48.14%
2025-08-23 21:27:32,814 - client_100 - INFO - [Client 1] Completed local epoch 8/8 | Final Loss: 1.8341 | Final Train Acc: 49.32%
2025-08-23 21:28:27,482 - client_100 - INFO - [Client 2] Completed local epoch 1/8 | Final Loss: 1.7374 | Final Train Acc: 52.48%
2025-08-23 21:29:21,187 - client_100 - INFO - [Client 2] Completed local epoch 2/8 | Final Loss: 1.7332 | Final Train Acc: 52.31%
2025-08-23 21:30:16,434 - client_100 - INFO - [Client 2] Completed local epoch 3/8 | Final Loss: 1.7737 | Final Train Acc: 50.78%
2025-08-23 21:31:09,740 - client_100 - INFO - [Client 2] Completed local epoch 4/8 | Final Loss: 1.8009 | Final Train Acc: 49.90%
2025-08-23 21:32:04,465 - client_100 - INFO - [Client 2] Completed local epoch 5/8 | Final Loss: 1.8589 | Final Train Acc: 48.42%
2025-08-23 21:32:58,631 - client_100 - INFO - [Client 2] Completed local epoch 6/8 | Final Loss: 1.8813 | Final Train Acc: 48.04%
2025-08-23 21:33:53,499 - client_100 - INFO - [Client 2] Completed local epoch 7/8 | Final Loss: 1.8257 | Final Train Acc: 49.14%
2025-08-23 21:34:48,353 - client_100 - INFO - [Client 2] Completed local epoch 8/8 | Final Loss: 1.8415 | Final Train Acc: 49.42%
2025-08-23 21:35:43,334 - client_100 - INFO - [Client 3] Completed local epoch 1/8 | Final Loss: 1.7521 | Final Train Acc: 51.40%
2025-08-23 21:36:39,838 - client_100 - INFO - [Client 3] Completed local epoch 2/8 | Final Loss: 1.7535 | Final Train Acc: 51.63%
2025-08-23 21:37:35,960 - client_100 - INFO - [Client 3] Completed local epoch 3/8 | Final Loss: 1.7631 | Final Train Acc: 51.27%
2025-08-23 21:38:29,915 - client_100 - INFO - [Client 3] Completed local epoch 4/8 | Final Loss: 1.8700 | Final Train Acc: 48.84%
2025-08-23 21:39:25,169 - client_100 - INFO - [Client 3] Completed local epoch 5/8 | Final Loss: 1.8879 | Final Train Acc: 47.59%
2025-08-23 21:40:19,543 - client_100 - INFO - [Client 3] Completed local epoch 6/8 | Final Loss: 1.8586 | Final Train Acc: 48.52%
2025-08-23 21:41:13,760 - client_100 - INFO - [Client 3] Completed local epoch 7/8 | Final Loss: 1.8522 | Final Train Acc: 48.72%
2025-08-23 21:42:08,744 - client_100 - INFO - [Client 3] Completed local epoch 8/8 | Final Loss: 1.7871 | Final Train Acc: 50.25%
2025-08-23 21:42:28,880 - client_100 - INFO - --- Round 10/18 (tau = 8) ---
2025-08-23 21:43:02,507 - client_100 - INFO - [Client 0] Completed local epoch 1/8 | Final Loss: 1.7006 | Final Train Acc: 52.75%
2025-08-23 21:43:57,519 - client_100 - INFO - [Client 0] Completed local epoch 2/8 | Final Loss: 1.6879 | Final Train Acc: 53.26%
2025-08-23 21:44:52,400 - client_100 - INFO - [Client 0] Completed local epoch 3/8 | Final Loss: 1.6992 | Final Train Acc: 52.72%
2025-08-23 21:45:45,565 - client_100 - INFO - [Client 0] Completed local epoch 4/8 | Final Loss: 1.7775 | Final Train Acc: 51.13%
2025-08-23 21:46:40,524 - client_100 - INFO - [Client 0] Completed local epoch 5/8 | Final Loss: 1.8213 | Final Train Acc: 49.72%
2025-08-23 21:47:34,110 - client_100 - INFO - [Client 0] Completed local epoch 6/8 | Final Loss: 1.8463 | Final Train Acc: 48.31%
2025-08-23 21:48:31,534 - client_100 - INFO - [Client 0] Completed local epoch 7/8 | Final Loss: 1.7832 | Final Train Acc: 50.67%
2025-08-23 21:49:29,683 - client_100 - INFO - [Client 0] Completed local epoch 8/8 | Final Loss: 1.7938 | Final Train Acc: 50.21%
2025-08-23 21:50:23,764 - client_100 - INFO - [Client 1] Completed local epoch 1/8 | Final Loss: 1.7197 | Final Train Acc: 52.64%
2025-08-23 21:51:18,521 - client_100 - INFO - [Client 1] Completed local epoch 2/8 | Final Loss: 1.7247 | Final Train Acc: 52.40%
2025-08-23 21:52:13,164 - client_100 - INFO - [Client 1] Completed local epoch 3/8 | Final Loss: 1.7319 | Final Train Acc: 51.84%
2025-08-23 21:53:06,300 - client_100 - INFO - [Client 1] Completed local epoch 4/8 | Final Loss: 1.7885 | Final Train Acc: 50.30%
2025-08-23 21:54:01,570 - client_100 - INFO - [Client 1] Completed local epoch 5/8 | Final Loss: 1.8549 | Final Train Acc: 48.27%
2025-08-23 21:54:56,678 - client_100 - INFO - [Client 1] Completed local epoch 6/8 | Final Loss: 1.8221 | Final Train Acc: 49.73%
2025-08-23 21:55:50,440 - client_100 - INFO - [Client 1] Completed local epoch 7/8 | Final Loss: 1.8099 | Final Train Acc: 48.94%
2025-08-23 21:56:45,249 - client_100 - INFO - [Client 1] Completed local epoch 8/8 | Final Loss: 1.7863 | Final Train Acc: 50.14%
2025-08-23 21:57:38,217 - client_100 - INFO - [Client 2] Completed local epoch 1/8 | Final Loss: 1.6999 | Final Train Acc: 53.48%
2025-08-23 21:58:33,514 - client_100 - INFO - [Client 2] Completed local epoch 2/8 | Final Loss: 1.6700 | Final Train Acc: 53.88%
2025-08-23 21:59:33,004 - client_100 - INFO - [Client 2] Completed local epoch 3/8 | Final Loss: 1.7062 | Final Train Acc: 52.09%
2025-08-23 22:00:26,091 - client_100 - INFO - [Client 2] Completed local epoch 4/8 | Final Loss: 1.7707 | Final Train Acc: 50.62%
2025-08-23 22:01:20,840 - client_100 - INFO - [Client 2] Completed local epoch 5/8 | Final Loss: 1.7990 | Final Train Acc: 50.09%
2025-08-23 22:02:15,001 - client_100 - INFO - [Client 2] Completed local epoch 6/8 | Final Loss: 1.8067 | Final Train Acc: 49.68%
2025-08-23 22:03:09,407 - client_100 - INFO - [Client 2] Completed local epoch 7/8 | Final Loss: 1.7874 | Final Train Acc: 50.07%
2025-08-23 22:04:04,275 - client_100 - INFO - [Client 2] Completed local epoch 8/8 | Final Loss: 1.7396 | Final Train Acc: 51.17%
2025-08-23 22:04:57,299 - client_100 - INFO - [Client 3] Completed local epoch 1/8 | Final Loss: 1.7009 | Final Train Acc: 52.58%
2025-08-23 22:05:52,634 - client_100 - INFO - [Client 3] Completed local epoch 2/8 | Final Loss: 1.6832 | Final Train Acc: 53.20%
2025-08-23 22:06:47,595 - client_100 - INFO - [Client 3] Completed local epoch 3/8 | Final Loss: 1.7115 | Final Train Acc: 52.96%
2025-08-23 22:07:41,436 - client_100 - INFO - [Client 3] Completed local epoch 4/8 | Final Loss: 1.7465 | Final Train Acc: 51.16%
2025-08-23 22:08:36,784 - client_100 - INFO - [Client 3] Completed local epoch 5/8 | Final Loss: 1.8556 | Final Train Acc: 49.54%
2025-08-23 22:09:29,906 - client_100 - INFO - [Client 3] Completed local epoch 6/8 | Final Loss: 1.8463 | Final Train Acc: 48.42%
2025-08-23 22:10:25,747 - client_100 - INFO - [Client 3] Completed local epoch 7/8 | Final Loss: 1.7800 | Final Train Acc: 50.26%
2025-08-23 22:11:20,628 - client_100 - INFO - [Client 3] Completed local epoch 8/8 | Final Loss: 1.7517 | Final Train Acc: 51.12%
2025-08-23 22:11:41,114 - client_100 - INFO - --- Round 11/18 (tau = 8) ---
2025-08-23 22:12:14,430 - client_100 - INFO - [Client 0] Completed local epoch 1/8 | Final Loss: 1.6466 | Final Train Acc: 54.72%
2025-08-23 22:13:09,339 - client_100 - INFO - [Client 0] Completed local epoch 2/8 | Final Loss: 1.6219 | Final Train Acc: 54.88%
2025-08-23 22:14:03,343 - client_100 - INFO - [Client 0] Completed local epoch 3/8 | Final Loss: 1.6578 | Final Train Acc: 54.44%
2025-08-23 22:14:58,925 - client_100 - INFO - [Client 0] Completed local epoch 4/8 | Final Loss: 1.7199 | Final Train Acc: 51.87%
2025-08-23 22:15:53,842 - client_100 - INFO - [Client 0] Completed local epoch 5/8 | Final Loss: 1.7831 | Final Train Acc: 50.33%
2025-08-23 22:16:46,977 - client_100 - INFO - [Client 0] Completed local epoch 6/8 | Final Loss: 1.7702 | Final Train Acc: 50.87%
2025-08-23 22:17:41,884 - client_100 - INFO - [Client 0] Completed local epoch 7/8 | Final Loss: 1.7266 | Final Train Acc: 51.83%
2025-08-23 22:18:35,849 - client_100 - INFO - [Client 0] Completed local epoch 8/8 | Final Loss: 1.7020 | Final Train Acc: 52.17%
2025-08-23 22:19:29,875 - client_100 - INFO - [Client 1] Completed local epoch 1/8 | Final Loss: 1.6666 | Final Train Acc: 53.94%
2025-08-23 22:20:25,114 - client_100 - INFO - [Client 1] Completed local epoch 2/8 | Final Loss: 1.6611 | Final Train Acc: 54.06%
2025-08-23 22:21:18,358 - client_100 - INFO - [Client 1] Completed local epoch 3/8 | Final Loss: 1.6718 | Final Train Acc: 53.48%
2025-08-23 22:22:13,630 - client_100 - INFO - [Client 1] Completed local epoch 4/8 | Final Loss: 1.7479 | Final Train Acc: 51.01%
2025-08-23 22:23:09,216 - client_100 - INFO - [Client 1] Completed local epoch 5/8 | Final Loss: 1.8087 | Final Train Acc: 49.14%
2025-08-23 22:24:07,473 - client_100 - INFO - [Client 1] Completed local epoch 6/8 | Final Loss: 1.8096 | Final Train Acc: 49.86%
2025-08-23 22:25:03,347 - client_100 - INFO - [Client 1] Completed local epoch 7/8 | Final Loss: 1.7739 | Final Train Acc: 50.51%
2025-08-23 22:25:57,835 - client_100 - INFO - [Client 1] Completed local epoch 8/8 | Final Loss: 1.7187 | Final Train Acc: 51.30%
2025-08-23 22:26:51,771 - client_100 - INFO - [Client 2] Completed local epoch 1/8 | Final Loss: 1.6446 | Final Train Acc: 54.60%
2025-08-23 22:27:47,410 - client_100 - INFO - [Client 2] Completed local epoch 2/8 | Final Loss: 1.6547 | Final Train Acc: 54.02%
2025-08-23 22:28:41,621 - client_100 - INFO - [Client 2] Completed local epoch 3/8 | Final Loss: 1.6418 | Final Train Acc: 53.72%
2025-08-23 22:29:36,535 - client_100 - INFO - [Client 2] Completed local epoch 4/8 | Final Loss: 1.7080 | Final Train Acc: 52.39%
2025-08-23 22:30:31,799 - client_100 - INFO - [Client 2] Completed local epoch 5/8 | Final Loss: 1.7864 | Final Train Acc: 50.47%
2025-08-23 22:31:25,131 - client_100 - INFO - [Client 2] Completed local epoch 6/8 | Final Loss: 1.7786 | Final Train Acc: 50.06%
2025-08-23 22:32:20,946 - client_100 - INFO - [Client 2] Completed local epoch 7/8 | Final Loss: 1.7507 | Final Train Acc: 51.06%
2025-08-23 22:33:14,755 - client_100 - INFO - [Client 2] Completed local epoch 8/8 | Final Loss: 1.6959 | Final Train Acc: 52.14%
2025-08-23 22:34:09,005 - client_100 - INFO - [Client 3] Completed local epoch 1/8 | Final Loss: 1.6512 | Final Train Acc: 53.92%
2025-08-23 22:35:04,946 - client_100 - INFO - [Client 3] Completed local epoch 2/8 | Final Loss: 1.6460 | Final Train Acc: 54.11%
2025-08-23 22:35:57,833 - client_100 - INFO - [Client 3] Completed local epoch 3/8 | Final Loss: 1.6465 | Final Train Acc: 53.92%
2025-08-23 22:36:52,993 - client_100 - INFO - [Client 3] Completed local epoch 4/8 | Final Loss: 1.7291 | Final Train Acc: 51.51%
2025-08-23 22:37:47,445 - client_100 - INFO - [Client 3] Completed local epoch 5/8 | Final Loss: 1.8078 | Final Train Acc: 49.69%
2025-08-23 22:38:41,965 - client_100 - INFO - [Client 3] Completed local epoch 6/8 | Final Loss: 1.7524 | Final Train Acc: 51.00%
2025-08-23 22:39:37,078 - client_100 - INFO - [Client 3] Completed local epoch 7/8 | Final Loss: 1.7300 | Final Train Acc: 52.04%
2025-08-23 22:40:30,200 - client_100 - INFO - [Client 3] Completed local epoch 8/8 | Final Loss: 1.7142 | Final Train Acc: 51.86%
2025-08-23 22:40:52,468 - client_100 - INFO - --- Round 12/18 (tau = 8) ---
2025-08-23 22:41:25,752 - client_100 - INFO - [Client 0] Completed local epoch 1/8 | Final Loss: 1.6125 | Final Train Acc: 55.35%
2025-08-23 22:42:20,778 - client_100 - INFO - [Client 0] Completed local epoch 2/8 | Final Loss: 1.5881 | Final Train Acc: 56.25%
2025-08-23 22:43:14,485 - client_100 - INFO - [Client 0] Completed local epoch 3/8 | Final Loss: 1.6099 | Final Train Acc: 54.56%
2025-08-23 22:44:09,745 - client_100 - INFO - [Client 0] Completed local epoch 4/8 | Final Loss: 1.6971 | Final Train Acc: 52.62%
2025-08-23 22:45:03,366 - client_100 - INFO - [Client 0] Completed local epoch 5/8 | Final Loss: 1.7815 | Final Train Acc: 50.38%
2025-08-23 22:45:58,068 - client_100 - INFO - [Client 0] Completed local epoch 6/8 | Final Loss: 1.7310 | Final Train Acc: 52.38%
2025-08-23 22:46:53,187 - client_100 - INFO - [Client 0] Completed local epoch 7/8 | Final Loss: 1.7300 | Final Train Acc: 51.25%
2025-08-23 22:47:46,642 - client_100 - INFO - [Client 0] Completed local epoch 8/8 | Final Loss: 1.6700 | Final Train Acc: 52.88%
2025-08-23 22:48:41,218 - client_100 - INFO - [Client 1] Completed local epoch 1/8 | Final Loss: 1.6219 | Final Train Acc: 55.17%
2025-08-23 22:49:35,380 - client_100 - INFO - [Client 1] Completed local epoch 2/8 | Final Loss: 1.5950 | Final Train Acc: 55.20%
2025-08-23 22:50:30,025 - client_100 - INFO - [Client 1] Completed local epoch 3/8 | Final Loss: 1.6484 | Final Train Acc: 53.86%
2025-08-23 22:51:25,555 - client_100 - INFO - [Client 1] Completed local epoch 4/8 | Final Loss: 1.6737 | Final Train Acc: 52.60%
2025-08-23 22:52:19,123 - client_100 - INFO - [Client 1] Completed local epoch 5/8 | Final Loss: 1.7805 | Final Train Acc: 50.09%
2025-08-23 22:53:14,694 - client_100 - INFO - [Client 1] Completed local epoch 6/8 | Final Loss: 1.7469 | Final Train Acc: 51.20%
2025-08-23 22:54:08,630 - client_100 - INFO - [Client 1] Completed local epoch 7/8 | Final Loss: 1.7151 | Final Train Acc: 51.57%
2025-08-23 22:55:02,835 - client_100 - INFO - [Client 1] Completed local epoch 8/8 | Final Loss: 1.7000 | Final Train Acc: 51.96%
2025-08-23 22:55:58,325 - client_100 - INFO - [Client 2] Completed local epoch 1/8 | Final Loss: 1.6051 | Final Train Acc: 55.10%
2025-08-23 22:56:51,726 - client_100 - INFO - [Client 2] Completed local epoch 2/8 | Final Loss: 1.5547 | Final Train Acc: 56.30%
2025-08-23 22:57:46,895 - client_100 - INFO - [Client 2] Completed local epoch 3/8 | Final Loss: 1.6089 | Final Train Acc: 54.77%
2025-08-23 22:58:41,787 - client_100 - INFO - [Client 2] Completed local epoch 4/8 | Final Loss: 1.6458 | Final Train Acc: 53.45%
2025-08-23 22:59:35,616 - client_100 - INFO - [Client 2] Completed local epoch 5/8 | Final Loss: 1.7612 | Final Train Acc: 50.94%
2025-08-23 23:00:30,706 - client_100 - INFO - [Client 2] Completed local epoch 6/8 | Final Loss: 1.7182 | Final Train Acc: 52.21%
2025-08-23 23:01:24,068 - client_100 - INFO - [Client 2] Completed local epoch 7/8 | Final Loss: 1.6773 | Final Train Acc: 53.08%
2025-08-23 23:02:20,391 - client_100 - INFO - [Client 2] Completed local epoch 8/8 | Final Loss: 1.6565 | Final Train Acc: 53.25%
2025-08-23 23:03:15,309 - client_100 - INFO - [Client 3] Completed local epoch 1/8 | Final Loss: 1.5910 | Final Train Acc: 55.68%
2025-08-23 23:04:08,656 - client_100 - INFO - [Client 3] Completed local epoch 2/8 | Final Loss: 1.5797 | Final Train Acc: 56.38%
2025-08-23 23:05:04,082 - client_100 - INFO - [Client 3] Completed local epoch 3/8 | Final Loss: 1.6025 | Final Train Acc: 54.31%
2025-08-23 23:05:58,423 - client_100 - INFO - [Client 3] Completed local epoch 4/8 | Final Loss: 1.6683 | Final Train Acc: 53.27%
2025-08-23 23:06:52,400 - client_100 - INFO - [Client 3] Completed local epoch 5/8 | Final Loss: 1.7560 | Final Train Acc: 50.62%
2025-08-23 23:07:47,571 - client_100 - INFO - [Client 3] Completed local epoch 6/8 | Final Loss: 1.7064 | Final Train Acc: 52.60%
2025-08-23 23:08:40,794 - client_100 - INFO - [Client 3] Completed local epoch 7/8 | Final Loss: 1.7035 | Final Train Acc: 52.13%
2025-08-23 23:09:36,688 - client_100 - INFO - [Client 3] Completed local epoch 8/8 | Final Loss: 1.6830 | Final Train Acc: 52.64%
2025-08-23 23:09:57,134 - client_100 - INFO - --- Round 13/18 (tau = 8) ---
2025-08-23 23:10:31,452 - client_100 - INFO - [Client 0] Completed local epoch 1/8 | Final Loss: 1.5516 | Final Train Acc: 56.72%
2025-08-23 23:11:25,297 - client_100 - INFO - [Client 0] Completed local epoch 2/8 | Final Loss: 1.5581 | Final Train Acc: 56.15%
2025-08-23 23:12:20,535 - client_100 - INFO - [Client 0] Completed local epoch 3/8 | Final Loss: 1.5822 | Final Train Acc: 56.22%
2025-08-23 23:13:13,642 - client_100 - INFO - [Client 0] Completed local epoch 4/8 | Final Loss: 1.6291 | Final Train Acc: 54.78%
2025-08-23 23:14:08,702 - client_100 - INFO - [Client 0] Completed local epoch 5/8 | Final Loss: 1.6933 | Final Train Acc: 52.67%
2025-08-23 23:15:03,389 - client_100 - INFO - [Client 0] Completed local epoch 6/8 | Final Loss: 1.7149 | Final Train Acc: 51.90%
2025-08-23 23:15:57,256 - client_100 - INFO - [Client 0] Completed local epoch 7/8 | Final Loss: 1.6634 | Final Train Acc: 53.23%
2025-08-23 23:16:52,301 - client_100 - INFO - [Client 0] Completed local epoch 8/8 | Final Loss: 1.6632 | Final Train Acc: 52.94%
2025-08-23 23:17:45,811 - client_100 - INFO - [Client 1] Completed local epoch 1/8 | Final Loss: 1.5838 | Final Train Acc: 56.06%
2025-08-23 23:18:41,297 - client_100 - INFO - [Client 1] Completed local epoch 2/8 | Final Loss: 1.5700 | Final Train Acc: 56.43%
2025-08-23 23:19:35,329 - client_100 - INFO - [Client 1] Completed local epoch 3/8 | Final Loss: 1.5893 | Final Train Acc: 55.32%
2025-08-23 23:20:29,548 - client_100 - INFO - [Client 1] Completed local epoch 4/8 | Final Loss: 1.6468 | Final Train Acc: 53.84%
2025-08-23 23:21:24,464 - client_100 - INFO - [Client 1] Completed local epoch 5/8 | Final Loss: 1.7386 | Final Train Acc: 51.34%
2025-08-23 23:22:18,039 - client_100 - INFO - [Client 1] Completed local epoch 6/8 | Final Loss: 1.7159 | Final Train Acc: 51.53%
2025-08-23 23:23:12,603 - client_100 - INFO - [Client 1] Completed local epoch 7/8 | Final Loss: 1.7039 | Final Train Acc: 52.17%
2025-08-23 23:24:06,483 - client_100 - INFO - [Client 1] Completed local epoch 8/8 | Final Loss: 1.6702 | Final Train Acc: 52.31%
2025-08-23 23:25:00,968 - client_100 - INFO - [Client 2] Completed local epoch 1/8 | Final Loss: 1.5620 | Final Train Acc: 56.62%
2025-08-23 23:25:56,203 - client_100 - INFO - [Client 2] Completed local epoch 2/8 | Final Loss: 1.5376 | Final Train Acc: 56.72%
2025-08-23 23:26:49,300 - client_100 - INFO - [Client 2] Completed local epoch 3/8 | Final Loss: 1.5579 | Final Train Acc: 55.72%
2025-08-23 23:27:44,169 - client_100 - INFO - [Client 2] Completed local epoch 4/8 | Final Loss: 1.6034 | Final Train Acc: 55.16%
2025-08-23 23:28:37,583 - client_100 - INFO - [Client 2] Completed local epoch 5/8 | Final Loss: 1.6922 | Final Train Acc: 52.49%
2025-08-23 23:29:31,789 - client_100 - INFO - [Client 2] Completed local epoch 6/8 | Final Loss: 1.6991 | Final Train Acc: 52.30%
2025-08-23 23:30:27,129 - client_100 - INFO - [Client 2] Completed local epoch 7/8 | Final Loss: 1.6749 | Final Train Acc: 53.18%
2025-08-23 23:31:20,348 - client_100 - INFO - [Client 2] Completed local epoch 8/8 | Final Loss: 1.6597 | Final Train Acc: 52.63%
2025-08-23 23:32:15,520 - client_100 - INFO - [Client 3] Completed local epoch 1/8 | Final Loss: 1.5683 | Final Train Acc: 56.20%
2025-08-23 23:33:08,947 - client_100 - INFO - [Client 3] Completed local epoch 2/8 | Final Loss: 1.5701 | Final Train Acc: 55.89%
2025-08-23 23:34:03,191 - client_100 - INFO - [Client 3] Completed local epoch 3/8 | Final Loss: 1.5895 | Final Train Acc: 55.33%
2025-08-23 23:34:59,257 - client_100 - INFO - [Client 3] Completed local epoch 4/8 | Final Loss: 1.6187 | Final Train Acc: 53.97%
2025-08-23 23:35:52,634 - client_100 - INFO - [Client 3] Completed local epoch 5/8 | Final Loss: 1.7040 | Final Train Acc: 52.33%
2025-08-23 23:36:48,104 - client_100 - INFO - [Client 3] Completed local epoch 6/8 | Final Loss: 1.6924 | Final Train Acc: 52.59%
2025-08-23 23:37:41,948 - client_100 - INFO - [Client 3] Completed local epoch 7/8 | Final Loss: 1.6773 | Final Train Acc: 52.32%
2025-08-23 23:38:36,753 - client_100 - INFO - [Client 3] Completed local epoch 8/8 | Final Loss: 1.6257 | Final Train Acc: 53.82%
2025-08-23 23:38:56,894 - client_100 - INFO - --- Round 14/18 (tau = 8) ---
2025-08-23 23:39:31,845 - client_100 - INFO - [Client 0] Completed local epoch 1/8 | Final Loss: 1.5264 | Final Train Acc: 57.58%
2025-08-23 23:40:25,368 - client_100 - INFO - [Client 0] Completed local epoch 2/8 | Final Loss: 1.5007 | Final Train Acc: 57.99%
2025-08-23 23:41:20,849 - client_100 - INFO - [Client 0] Completed local epoch 3/8 | Final Loss: 1.5587 | Final Train Acc: 56.07%
2025-08-23 23:42:14,553 - client_100 - INFO - [Client 0] Completed local epoch 4/8 | Final Loss: 1.6030 | Final Train Acc: 54.82%
2025-08-23 23:43:09,832 - client_100 - INFO - [Client 0] Completed local epoch 5/8 | Final Loss: 1.6866 | Final Train Acc: 52.98%
2025-08-23 23:44:05,120 - client_100 - INFO - [Client 0] Completed local epoch 6/8 | Final Loss: 1.6791 | Final Train Acc: 52.76%
2025-08-23 23:44:58,305 - client_100 - INFO - [Client 0] Completed local epoch 7/8 | Final Loss: 1.6534 | Final Train Acc: 53.88%
2025-08-23 23:45:53,231 - client_100 - INFO - [Client 0] Completed local epoch 8/8 | Final Loss: 1.6708 | Final Train Acc: 53.01%
2025-08-23 23:46:46,482 - client_100 - INFO - [Client 1] Completed local epoch 1/8 | Final Loss: 1.5283 | Final Train Acc: 57.68%
2025-08-23 23:47:41,780 - client_100 - INFO - [Client 1] Completed local epoch 2/8 | Final Loss: 1.5303 | Final Train Acc: 56.49%
2025-08-23 23:48:35,905 - client_100 - INFO - [Client 1] Completed local epoch 3/8 | Final Loss: 1.5538 | Final Train Acc: 56.34%
2025-08-23 23:49:29,881 - client_100 - INFO - [Client 1] Completed local epoch 4/8 | Final Loss: 1.6146 | Final Train Acc: 54.30%
2025-08-23 23:50:24,824 - client_100 - INFO - [Client 1] Completed local epoch 5/8 | Final Loss: 1.6924 | Final Train Acc: 52.96%
2025-08-23 23:51:18,260 - client_100 - INFO - [Client 1] Completed local epoch 6/8 | Final Loss: 1.6771 | Final Train Acc: 52.77%
2025-08-23 23:52:13,509 - client_100 - INFO - [Client 1] Completed local epoch 7/8 | Final Loss: 1.6643 | Final Train Acc: 53.25%
2025-08-23 23:53:08,153 - client_100 - INFO - [Client 1] Completed local epoch 8/8 | Final Loss: 1.6652 | Final Train Acc: 53.47%
2025-08-23 23:54:02,703 - client_100 - INFO - [Client 2] Completed local epoch 1/8 | Final Loss: 1.5066 | Final Train Acc: 57.92%
2025-08-23 23:54:57,956 - client_100 - INFO - [Client 2] Completed local epoch 2/8 | Final Loss: 1.5204 | Final Train Acc: 57.34%
2025-08-23 23:55:51,380 - client_100 - INFO - [Client 2] Completed local epoch 3/8 | Final Loss: 1.5472 | Final Train Acc: 56.75%
2025-08-23 23:56:46,545 - client_100 - INFO - [Client 2] Completed local epoch 4/8 | Final Loss: 1.6013 | Final Train Acc: 55.32%
2025-08-23 23:57:41,089 - client_100 - INFO - [Client 2] Completed local epoch 5/8 | Final Loss: 1.6595 | Final Train Acc: 53.49%
2025-08-23 23:58:35,494 - client_100 - INFO - [Client 2] Completed local epoch 6/8 | Final Loss: 1.6631 | Final Train Acc: 53.17%
2025-08-23 23:59:30,631 - client_100 - INFO - [Client 2] Completed local epoch 7/8 | Final Loss: 1.6347 | Final Train Acc: 53.20%
2025-08-24 00:00:24,094 - client_100 - INFO - [Client 2] Completed local epoch 8/8 | Final Loss: 1.6374 | Final Train Acc: 53.85%
2025-08-24 00:01:19,614 - client_100 - INFO - [Client 3] Completed local epoch 1/8 | Final Loss: 1.5164 | Final Train Acc: 57.64%
2025-08-24 00:02:14,544 - client_100 - INFO - [Client 3] Completed local epoch 2/8 | Final Loss: 1.5244 | Final Train Acc: 56.93%
2025-08-24 00:03:10,023 - client_100 - INFO - [Client 3] Completed local epoch 3/8 | Final Loss: 1.5644 | Final Train Acc: 55.63%
2025-08-24 00:04:05,330 - client_100 - INFO - [Client 3] Completed local epoch 4/8 | Final Loss: 1.5790 | Final Train Acc: 54.98%
2025-08-24 00:04:58,947 - client_100 - INFO - [Client 3] Completed local epoch 5/8 | Final Loss: 1.7075 | Final Train Acc: 52.04%
2025-08-24 00:05:54,268 - client_100 - INFO - [Client 3] Completed local epoch 6/8 | Final Loss: 1.6590 | Final Train Acc: 53.09%
2025-08-24 00:06:48,253 - client_100 - INFO - [Client 3] Completed local epoch 7/8 | Final Loss: 1.6455 | Final Train Acc: 53.63%
2025-08-24 00:07:42,541 - client_100 - INFO - [Client 3] Completed local epoch 8/8 | Final Loss: 1.5986 | Final Train Acc: 54.29%
2025-08-24 00:08:03,625 - client_100 - INFO - --- Round 15/18 (tau = 8) ---
2025-08-24 00:08:37,920 - client_100 - INFO - [Client 0] Completed local epoch 1/8 | Final Loss: 1.5036 | Final Train Acc: 57.96%
2025-08-24 00:09:31,083 - client_100 - INFO - [Client 0] Completed local epoch 2/8 | Final Loss: 1.4891 | Final Train Acc: 58.37%
2025-08-24 00:10:25,961 - client_100 - INFO - [Client 0] Completed local epoch 3/8 | Final Loss: 1.5021 | Final Train Acc: 57.95%
2025-08-24 00:11:19,874 - client_100 - INFO - [Client 0] Completed local epoch 4/8 | Final Loss: 1.5644 | Final Train Acc: 55.67%
2025-08-24 00:12:14,015 - client_100 - INFO - [Client 0] Completed local epoch 5/8 | Final Loss: 1.6718 | Final Train Acc: 52.61%
2025-08-24 00:13:08,830 - client_100 - INFO - [Client 0] Completed local epoch 6/8 | Final Loss: 1.6093 | Final Train Acc: 54.10%
2025-08-24 00:14:02,569 - client_100 - INFO - [Client 0] Completed local epoch 7/8 | Final Loss: 1.5956 | Final Train Acc: 55.35%
2025-08-24 00:14:57,828 - client_100 - INFO - [Client 0] Completed local epoch 8/8 | Final Loss: 1.5798 | Final Train Acc: 55.35%
2025-08-24 00:15:50,846 - client_100 - INFO - [Client 1] Completed local epoch 1/8 | Final Loss: 1.5214 | Final Train Acc: 58.11%
2025-08-24 00:16:46,141 - client_100 - INFO - [Client 1] Completed local epoch 2/8 | Final Loss: 1.5058 | Final Train Acc: 57.82%
2025-08-24 00:17:39,569 - client_100 - INFO - [Client 1] Completed local epoch 3/8 | Final Loss: 1.5160 | Final Train Acc: 56.73%
2025-08-24 00:18:34,430 - client_100 - INFO - [Client 1] Completed local epoch 4/8 | Final Loss: 1.6265 | Final Train Acc: 54.38%
2025-08-24 00:19:29,929 - client_100 - INFO - [Client 1] Completed local epoch 5/8 | Final Loss: 1.6667 | Final Train Acc: 53.14%
2025-08-24 00:20:22,912 - client_100 - INFO - [Client 1] Completed local epoch 6/8 | Final Loss: 1.6685 | Final Train Acc: 53.17%
2025-08-24 00:21:17,547 - client_100 - INFO - [Client 1] Completed local epoch 7/8 | Final Loss: 1.6415 | Final Train Acc: 53.78%
2025-08-24 00:22:10,721 - client_100 - INFO - [Client 1] Completed local epoch 8/8 | Final Loss: 1.6118 | Final Train Acc: 54.37%
2025-08-24 00:23:05,801 - client_100 - INFO - [Client 2] Completed local epoch 1/8 | Final Loss: 1.5071 | Final Train Acc: 58.27%
2025-08-24 00:24:00,609 - client_100 - INFO - [Client 2] Completed local epoch 2/8 | Final Loss: 1.4832 | Final Train Acc: 58.78%
2025-08-24 00:24:54,348 - client_100 - INFO - [Client 2] Completed local epoch 3/8 | Final Loss: 1.5018 | Final Train Acc: 57.49%
2025-08-24 00:25:49,170 - client_100 - INFO - [Client 2] Completed local epoch 4/8 | Final Loss: 1.5483 | Final Train Acc: 56.00%
2025-08-24 00:26:41,828 - client_100 - INFO - [Client 2] Completed local epoch 5/8 | Final Loss: 1.6318 | Final Train Acc: 54.47%
2025-08-24 00:27:36,749 - client_100 - INFO - [Client 2] Completed local epoch 6/8 | Final Loss: 1.6268 | Final Train Acc: 53.96%
2025-08-24 00:28:29,926 - client_100 - INFO - [Client 2] Completed local epoch 7/8 | Final Loss: 1.6133 | Final Train Acc: 54.26%
2025-08-24 00:29:24,845 - client_100 - INFO - [Client 2] Completed local epoch 8/8 | Final Loss: 1.6213 | Final Train Acc: 54.33%
2025-08-24 00:30:18,391 - client_100 - INFO - [Client 3] Completed local epoch 1/8 | Final Loss: 1.5047 | Final Train Acc: 58.08%
2025-08-24 00:31:12,106 - client_100 - INFO - [Client 3] Completed local epoch 2/8 | Final Loss: 1.5002 | Final Train Acc: 57.75%
2025-08-24 00:32:06,831 - client_100 - INFO - [Client 3] Completed local epoch 3/8 | Final Loss: 1.4960 | Final Train Acc: 57.77%
2025-08-24 00:32:59,909 - client_100 - INFO - [Client 3] Completed local epoch 4/8 | Final Loss: 1.5854 | Final Train Acc: 55.01%
2025-08-24 00:33:55,110 - client_100 - INFO - [Client 3] Completed local epoch 5/8 | Final Loss: 1.7011 | Final Train Acc: 52.15%
2025-08-24 00:34:48,636 - client_100 - INFO - [Client 3] Completed local epoch 6/8 | Final Loss: 1.6580 | Final Train Acc: 53.58%
2025-08-24 00:35:43,291 - client_100 - INFO - [Client 3] Completed local epoch 7/8 | Final Loss: 1.6159 | Final Train Acc: 54.78%
2025-08-24 00:36:37,041 - client_100 - INFO - [Client 3] Completed local epoch 8/8 | Final Loss: 1.6137 | Final Train Acc: 54.31%
2025-08-24 00:36:57,804 - client_100 - INFO - --- Round 16/18 (tau = 8) ---
2025-08-24 00:37:31,133 - client_100 - INFO - [Client 0] Completed local epoch 1/8 | Final Loss: 1.4751 | Final Train Acc: 58.31%
2025-08-24 00:38:26,341 - client_100 - INFO - [Client 0] Completed local epoch 2/8 | Final Loss: 1.4675 | Final Train Acc: 58.90%
2025-08-24 00:39:20,471 - client_100 - INFO - [Client 0] Completed local epoch 3/8 | Final Loss: 1.4880 | Final Train Acc: 57.88%
2025-08-24 00:40:15,635 - client_100 - INFO - [Client 0] Completed local epoch 4/8 | Final Loss: 1.5248 | Final Train Acc: 57.06%
2025-08-24 00:41:10,192 - client_100 - INFO - [Client 0] Completed local epoch 5/8 | Final Loss: 1.6153 | Final Train Acc: 54.81%
2025-08-24 00:42:03,896 - client_100 - INFO - [Client 0] Completed local epoch 6/8 | Final Loss: 1.6194 | Final Train Acc: 54.60%
2025-08-24 00:42:59,061 - client_100 - INFO - [Client 0] Completed local epoch 7/8 | Final Loss: 1.5988 | Final Train Acc: 54.37%
2025-08-24 00:43:54,177 - client_100 - INFO - [Client 0] Completed local epoch 8/8 | Final Loss: 1.5759 | Final Train Acc: 55.40%
2025-08-24 00:44:48,230 - client_100 - INFO - [Client 1] Completed local epoch 1/8 | Final Loss: 1.5031 | Final Train Acc: 57.86%
2025-08-24 00:45:43,291 - client_100 - INFO - [Client 1] Completed local epoch 2/8 | Final Loss: 1.4764 | Final Train Acc: 58.18%
2025-08-24 00:46:36,450 - client_100 - INFO - [Client 1] Completed local epoch 3/8 | Final Loss: 1.4972 | Final Train Acc: 57.75%
2025-08-24 00:47:31,079 - client_100 - INFO - [Client 1] Completed local epoch 4/8 | Final Loss: 1.5472 | Final Train Acc: 56.41%
2025-08-24 00:48:25,547 - client_100 - INFO - [Client 1] Completed local epoch 5/8 | Final Loss: 1.6519 | Final Train Acc: 53.61%
2025-08-24 00:49:20,129 - client_100 - INFO - [Client 1] Completed local epoch 6/8 | Final Loss: 1.6299 | Final Train Acc: 53.96%
2025-08-24 00:50:15,265 - client_100 - INFO - [Client 1] Completed local epoch 7/8 | Final Loss: 1.6280 | Final Train Acc: 54.10%
2025-08-24 00:51:08,618 - client_100 - INFO - [Client 1] Completed local epoch 8/8 | Final Loss: 1.6058 | Final Train Acc: 54.85%
2025-08-24 00:52:03,437 - client_100 - INFO - [Client 2] Completed local epoch 1/8 | Final Loss: 1.4739 | Final Train Acc: 58.73%
2025-08-24 00:52:56,981 - client_100 - INFO - [Client 2] Completed local epoch 2/8 | Final Loss: 1.4687 | Final Train Acc: 58.52%
2025-08-24 00:53:50,660 - client_100 - INFO - [Client 2] Completed local epoch 3/8 | Final Loss: 1.4859 | Final Train Acc: 57.71%
2025-08-24 00:54:43,059 - client_100 - INFO - [Client 2] Completed local epoch 4/8 | Final Loss: 1.5121 | Final Train Acc: 56.18%
2025-08-24 00:55:38,260 - client_100 - INFO - [Client 2] Completed local epoch 5/8 | Final Loss: 1.6155 | Final Train Acc: 54.10%
2025-08-24 00:56:32,735 - client_100 - INFO - [Client 2] Completed local epoch 6/8 | Final Loss: 1.6297 | Final Train Acc: 54.27%
2025-08-24 00:57:25,438 - client_100 - INFO - [Client 2] Completed local epoch 7/8 | Final Loss: 1.6017 | Final Train Acc: 54.15%
2025-08-24 00:58:20,258 - client_100 - INFO - [Client 2] Completed local epoch 8/8 | Final Loss: 1.5736 | Final Train Acc: 55.72%
2025-08-24 00:59:13,614 - client_100 - INFO - [Client 3] Completed local epoch 1/8 | Final Loss: 1.4678 | Final Train Acc: 59.10%
2025-08-24 01:00:08,716 - client_100 - INFO - [Client 3] Completed local epoch 2/8 | Final Loss: 1.4593 | Final Train Acc: 58.62%
2025-08-24 01:01:02,069 - client_100 - INFO - [Client 3] Completed local epoch 3/8 | Final Loss: 1.4779 | Final Train Acc: 58.07%
2025-08-24 01:01:55,346 - client_100 - INFO - [Client 3] Completed local epoch 4/8 | Final Loss: 1.5441 | Final Train Acc: 56.29%
2025-08-24 01:02:49,704 - client_100 - INFO - [Client 3] Completed local epoch 5/8 | Final Loss: 1.6139 | Final Train Acc: 54.39%
2025-08-24 01:03:42,567 - client_100 - INFO - [Client 3] Completed local epoch 6/8 | Final Loss: 1.5849 | Final Train Acc: 54.65%
2025-08-24 01:04:37,054 - client_100 - INFO - [Client 3] Completed local epoch 7/8 | Final Loss: 1.6035 | Final Train Acc: 54.90%
2025-08-24 01:05:30,219 - client_100 - INFO - [Client 3] Completed local epoch 8/8 | Final Loss: 1.5599 | Final Train Acc: 55.16%
2025-08-24 01:05:52,200 - client_100 - INFO - --- Round 17/18 (tau = 8) ---
2025-08-24 01:06:25,716 - client_100 - INFO - [Client 0] Completed local epoch 1/8 | Final Loss: 1.4420 | Final Train Acc: 59.43%
2025-08-24 01:07:19,813 - client_100 - INFO - [Client 0] Completed local epoch 2/8 | Final Loss: 1.4453 | Final Train Acc: 59.13%
2025-08-24 01:08:14,377 - client_100 - INFO - [Client 0] Completed local epoch 3/8 | Final Loss: 1.4624 | Final Train Acc: 58.75%
2025-08-24 01:09:09,618 - client_100 - INFO - [Client 0] Completed local epoch 4/8 | Final Loss: 1.5467 | Final Train Acc: 56.03%
2025-08-24 01:10:02,794 - client_100 - INFO - [Client 0] Completed local epoch 5/8 | Final Loss: 1.6099 | Final Train Acc: 54.50%
2025-08-24 01:10:57,908 - client_100 - INFO - [Client 0] Completed local epoch 6/8 | Final Loss: 1.6079 | Final Train Acc: 55.00%
2025-08-24 01:11:51,649 - client_100 - INFO - [Client 0] Completed local epoch 7/8 | Final Loss: 1.5861 | Final Train Acc: 55.44%
2025-08-24 01:12:46,268 - client_100 - INFO - [Client 0] Completed local epoch 8/8 | Final Loss: 1.5405 | Final Train Acc: 56.18%
2025-08-24 01:13:40,589 - client_100 - INFO - [Client 1] Completed local epoch 1/8 | Final Loss: 1.4790 | Final Train Acc: 58.40%
2025-08-24 01:14:34,139 - client_100 - INFO - [Client 1] Completed local epoch 2/8 | Final Loss: 1.4538 | Final Train Acc: 58.66%
2025-08-24 01:15:28,827 - client_100 - INFO - [Client 1] Completed local epoch 3/8 | Final Loss: 1.5005 | Final Train Acc: 57.70%
2025-08-24 01:16:21,830 - client_100 - INFO - [Client 1] Completed local epoch 4/8 | Final Loss: 1.5512 | Final Train Acc: 55.84%
2025-08-24 01:17:16,925 - client_100 - INFO - [Client 1] Completed local epoch 5/8 | Final Loss: 1.6228 | Final Train Acc: 53.52%
2025-08-24 01:18:10,242 - client_100 - INFO - [Client 1] Completed local epoch 6/8 | Final Loss: 1.6072 | Final Train Acc: 54.11%
2025-08-24 01:19:04,873 - client_100 - INFO - [Client 1] Completed local epoch 7/8 | Final Loss: 1.5759 | Final Train Acc: 55.35%
2025-08-24 01:19:59,038 - client_100 - INFO - [Client 1] Completed local epoch 8/8 | Final Loss: 1.5608 | Final Train Acc: 55.67%
2025-08-24 01:20:53,014 - client_100 - INFO - [Client 2] Completed local epoch 1/8 | Final Loss: 1.4255 | Final Train Acc: 59.98%
2025-08-24 01:21:47,908 - client_100 - INFO - [Client 2] Completed local epoch 2/8 | Final Loss: 1.4360 | Final Train Acc: 59.39%
2025-08-24 01:22:40,979 - client_100 - INFO - [Client 2] Completed local epoch 3/8 | Final Loss: 1.4459 | Final Train Acc: 58.93%
2025-08-24 01:23:35,940 - client_100 - INFO - [Client 2] Completed local epoch 4/8 | Final Loss: 1.5408 | Final Train Acc: 55.62%
2025-08-24 01:24:29,037 - client_100 - INFO - [Client 2] Completed local epoch 5/8 | Final Loss: 1.5797 | Final Train Acc: 54.94%
2025-08-24 01:25:23,692 - client_100 - INFO - [Client 2] Completed local epoch 6/8 | Final Loss: 1.5905 | Final Train Acc: 54.95%
2025-08-24 01:26:17,741 - client_100 - INFO - [Client 2] Completed local epoch 7/8 | Final Loss: 1.5910 | Final Train Acc: 55.10%
2025-08-24 01:27:11,230 - client_100 - INFO - [Client 2] Completed local epoch 8/8 | Final Loss: 1.5314 | Final Train Acc: 56.20%
2025-08-24 01:28:06,214 - client_100 - INFO - [Client 3] Completed local epoch 1/8 | Final Loss: 1.4661 | Final Train Acc: 59.02%
2025-08-24 01:28:59,701 - client_100 - INFO - [Client 3] Completed local epoch 2/8 | Final Loss: 1.4299 | Final Train Acc: 59.50%
2025-08-24 01:29:55,235 - client_100 - INFO - [Client 3] Completed local epoch 3/8 | Final Loss: 1.4666 | Final Train Acc: 58.10%
2025-08-24 01:30:49,418 - client_100 - INFO - [Client 3] Completed local epoch 4/8 | Final Loss: 1.4975 | Final Train Acc: 56.86%
2025-08-24 01:31:43,628 - client_100 - INFO - [Client 3] Completed local epoch 5/8 | Final Loss: 1.5835 | Final Train Acc: 54.90%
2025-08-24 01:32:38,563 - client_100 - INFO - [Client 3] Completed local epoch 6/8 | Final Loss: 1.6305 | Final Train Acc: 53.94%
2025-08-24 01:33:31,587 - client_100 - INFO - [Client 3] Completed local epoch 7/8 | Final Loss: 1.5891 | Final Train Acc: 55.31%
2025-08-24 01:34:26,128 - client_100 - INFO - [Client 3] Completed local epoch 8/8 | Final Loss: 1.5329 | Final Train Acc: 56.34%
2025-08-24 01:34:45,926 - client_100 - INFO - --- Round 18/18 (tau = 8) ---
2025-08-24 01:35:19,085 - client_100 - INFO - [Client 0] Completed local epoch 1/8 | Final Loss: 1.4247 | Final Train Acc: 60.58%
2025-08-24 01:36:14,410 - client_100 - INFO - [Client 0] Completed local epoch 2/8 | Final Loss: 1.4119 | Final Train Acc: 60.34%
2025-08-24 01:37:08,326 - client_100 - INFO - [Client 0] Completed local epoch 3/8 | Final Loss: 1.4583 | Final Train Acc: 58.56%
2025-08-24 01:38:03,174 - client_100 - INFO - [Client 0] Completed local epoch 4/8 | Final Loss: 1.4778 | Final Train Acc: 58.29%
2025-08-24 01:38:57,814 - client_100 - INFO - [Client 0] Completed local epoch 5/8 | Final Loss: 1.5782 | Final Train Acc: 55.55%
2025-08-24 01:39:50,706 - client_100 - INFO - [Client 0] Completed local epoch 6/8 | Final Loss: 1.5585 | Final Train Acc: 56.44%
2025-08-24 01:40:45,315 - client_100 - INFO - [Client 0] Completed local epoch 7/8 | Final Loss: 1.5585 | Final Train Acc: 55.98%
2025-08-24 01:41:38,475 - client_100 - INFO - [Client 0] Completed local epoch 8/8 | Final Loss: 1.5297 | Final Train Acc: 56.26%
2025-08-24 01:42:33,605 - client_100 - INFO - [Client 1] Completed local epoch 1/8 | Final Loss: 1.4604 | Final Train Acc: 58.66%
2025-08-24 01:43:27,638 - client_100 - INFO - [Client 1] Completed local epoch 2/8 | Final Loss: 1.4351 | Final Train Acc: 59.95%
2025-08-24 01:44:21,571 - client_100 - INFO - [Client 1] Completed local epoch 3/8 | Final Loss: 1.4200 | Final Train Acc: 59.77%
2025-08-24 01:45:16,024 - client_100 - INFO - [Client 1] Completed local epoch 4/8 | Final Loss: 1.5408 | Final Train Acc: 55.84%
2025-08-24 01:46:09,332 - client_100 - INFO - [Client 1] Completed local epoch 5/8 | Final Loss: 1.5994 | Final Train Acc: 55.35%
2025-08-24 01:47:04,545 - client_100 - INFO - [Client 1] Completed local epoch 6/8 | Final Loss: 1.6284 | Final Train Acc: 53.77%
2025-08-24 01:47:58,552 - client_100 - INFO - [Client 1] Completed local epoch 7/8 | Final Loss: 1.6094 | Final Train Acc: 54.54%
2025-08-24 01:48:52,854 - client_100 - INFO - [Client 1] Completed local epoch 8/8 | Final Loss: 1.5701 | Final Train Acc: 54.91%
2025-08-24 01:49:47,702 - client_100 - INFO - [Client 2] Completed local epoch 1/8 | Final Loss: 1.4160 | Final Train Acc: 60.53%
2025-08-24 01:50:40,732 - client_100 - INFO - [Client 2] Completed local epoch 2/8 | Final Loss: 1.4166 | Final Train Acc: 59.86%
2025-08-24 01:51:35,936 - client_100 - INFO - [Client 2] Completed local epoch 3/8 | Final Loss: 1.4359 | Final Train Acc: 59.15%
2025-08-24 01:52:31,003 - client_100 - INFO - [Client 2] Completed local epoch 4/8 | Final Loss: 1.4982 | Final Train Acc: 57.13%
2025-08-24 01:53:27,132 - client_100 - INFO - [Client 2] Completed local epoch 5/8 | Final Loss: 1.5639 | Final Train Acc: 55.86%
2025-08-24 01:54:23,745 - client_100 - INFO - [Client 2] Completed local epoch 6/8 | Final Loss: 1.5651 | Final Train Acc: 55.66%
2025-08-24 01:55:17,158 - client_100 - INFO - [Client 2] Completed local epoch 7/8 | Final Loss: 1.5484 | Final Train Acc: 55.84%
2025-08-24 01:56:12,419 - client_100 - INFO - [Client 2] Completed local epoch 8/8 | Final Loss: 1.5197 | Final Train Acc: 56.12%
2025-08-24 01:57:07,257 - client_100 - INFO - [Client 3] Completed local epoch 1/8 | Final Loss: 1.4316 | Final Train Acc: 59.29%
2025-08-24 01:58:01,025 - client_100 - INFO - [Client 3] Completed local epoch 2/8 | Final Loss: 1.4208 | Final Train Acc: 59.73%
2025-08-24 01:58:55,823 - client_100 - INFO - [Client 3] Completed local epoch 3/8 | Final Loss: 1.4342 | Final Train Acc: 58.99%
2025-08-24 01:59:49,238 - client_100 - INFO - [Client 3] Completed local epoch 4/8 | Final Loss: 1.5149 | Final Train Acc: 57.12%
2025-08-24 02:00:44,615 - client_100 - INFO - [Client 3] Completed local epoch 5/8 | Final Loss: 1.5922 | Final Train Acc: 54.81%
2025-08-24 02:01:39,245 - client_100 - INFO - [Client 3] Completed local epoch 6/8 | Final Loss: 1.5589 | Final Train Acc: 55.45%
2025-08-24 02:02:33,892 - client_100 - INFO - [Client 3] Completed local epoch 7/8 | Final Loss: 1.5275 | Final Train Acc: 56.31%
2025-08-24 02:03:28,793 - client_100 - INFO - [Client 3] Completed local epoch 8/8 | Final Loss: 1.5499 | Final Train Acc: 55.40%
2025-08-24 02:03:48,827 - client_100 - INFO - --- Final round (tau = 6) ---
