2025-05-29 14:41:30,061 - trainer_0 - INFO - Started training experiment: centralized_lars_lr5.0_wd0.0005_20250529_144130
2025-05-29 14:41:30,062 - trainer_0 - INFO - Log file: centralized_lars_lr5.0_wd0.0005/centralized_lars_lr5.0_wd0.0005_20250529_144130.log
2025-05-29 14:41:30,110 - trainer_0 - INFO - Training centralized on device: cuda
2025-05-29 14:41:30,110 - trainer_0 - INFO - Optimizer: LARS, Epochs: 150, LR: 5.0
2025-05-29 14:41:38,799 - trainer_0 - INFO - [DEBUG] Train dataset size: 40000 | Expected batches: 5
2025-05-29 14:41:39,064 - trainer_0 - INFO - Scaled LR using sqrt mode to: 40.0
2025-05-29 14:41:39,065 - trainer_0 - INFO - Checking if there is any checkpoint. Resuming False, Checkpoint path: checkpoint.pth
2025-05-29 14:42:02,380 - trainer_0 - INFO - Epoch 1 completed in 23.31s | Average Loss: 4.6171 | train_acc: 0.9500 | val_loss: 4.6052 | val_acc: 0.9800 | lr: 2.0000
2025-05-29 14:42:24,478 - trainer_0 - INFO - Epoch 2 completed in 22.06s | Average Loss: 4.5552 | train_acc: 2.6550 | val_loss: 4.5688 | val_acc: 4.7000 | lr: 4.0000
2025-05-29 14:42:47,041 - trainer_0 - INFO - Epoch 3 completed in 22.52s | Average Loss: 4.3775 | train_acc: 4.7950 | val_loss: 4.3127 | val_acc: 7.2200 | lr: 6.0000
2025-05-29 14:43:08,636 - trainer_0 - INFO - Epoch 4 completed in 21.56s | Average Loss: 4.1480 | train_acc: 7.0400 | val_loss: 4.0945 | val_acc: 8.5700 | lr: 8.0000
2025-05-29 14:43:31,363 - trainer_0 - INFO - Epoch 5 completed in 22.69s | Average Loss: 3.9471 | train_acc: 9.6050 | val_loss: 4.0981 | val_acc: 7.5900 | lr: 10.0000
2025-05-29 14:43:54,157 - trainer_0 - INFO - Epoch 6 completed in 22.76s | Average Loss: 3.8105 | train_acc: 11.2975 | val_loss: 3.7054 | val_acc: 13.3400 | lr: 12.0000
2025-05-29 14:44:15,611 - trainer_0 - INFO - Epoch 7 completed in 21.42s | Average Loss: 3.6606 | train_acc: 13.6525 | val_loss: 3.6244 | val_acc: 15.0700 | lr: 14.0000
2025-05-29 14:44:38,287 - trainer_0 - INFO - Epoch 8 completed in 22.64s | Average Loss: 3.5285 | train_acc: 15.4475 | val_loss: 3.4524 | val_acc: 17.4600 | lr: 16.0000
2025-05-29 14:45:00,794 - trainer_0 - INFO - Epoch 9 completed in 22.47s | Average Loss: 3.4165 | train_acc: 17.6125 | val_loss: 3.3790 | val_acc: 18.0000 | lr: 18.0000
2025-05-29 14:45:22,382 - trainer_0 - INFO - Epoch 10 completed in 21.54s | Average Loss: 3.3337 | train_acc: 18.7175 | val_loss: 3.6686 | val_acc: 15.2200 | lr: 20.0000
2025-05-29 14:45:45,138 - trainer_0 - INFO - Epoch 11 completed in 22.72s | Average Loss: 3.3054 | train_acc: 19.4075 | val_loss: 3.2242 | val_acc: 21.4500 | lr: 22.0000
2025-05-29 14:46:07,016 - trainer_0 - INFO - Epoch 12 completed in 21.84s | Average Loss: 3.2158 | train_acc: 20.8275 | val_loss: 3.2381 | val_acc: 21.0600 | lr: 24.0000
2025-05-29 14:46:29,499 - trainer_0 - INFO - Epoch 13 completed in 22.44s | Average Loss: 3.1244 | train_acc: 23.0925 | val_loss: 3.3478 | val_acc: 19.9300 | lr: 26.0000
2025-05-29 14:46:52,120 - trainer_0 - INFO - Epoch 14 completed in 22.59s | Average Loss: 3.0766 | train_acc: 23.4000 | val_loss: 3.1165 | val_acc: 23.5800 | lr: 28.0000
2025-05-29 14:47:13,783 - trainer_0 - INFO - Epoch 15 completed in 21.63s | Average Loss: 3.0411 | train_acc: 24.1875 | val_loss: 3.0237 | val_acc: 24.8900 | lr: 30.0000
2025-05-29 14:47:36,304 - trainer_0 - INFO - Epoch 16 completed in 22.48s | Average Loss: 3.0654 | train_acc: 23.7175 | val_loss: 3.2682 | val_acc: 21.5200 | lr: 32.0000
2025-05-29 14:47:58,949 - trainer_0 - INFO - Epoch 17 completed in 22.61s | Average Loss: 3.0378 | train_acc: 24.1250 | val_loss: 3.0656 | val_acc: 24.3000 | lr: 34.0000
2025-05-29 14:48:20,448 - trainer_0 - INFO - Epoch 18 completed in 21.46s | Average Loss: 3.0391 | train_acc: 24.0175 | val_loss: 3.5239 | val_acc: 19.0300 | lr: 36.0000
2025-05-29 14:48:42,846 - trainer_0 - INFO - Epoch 19 completed in 22.36s | Average Loss: 3.0391 | train_acc: 24.2125 | val_loss: 3.2544 | val_acc: 21.7200 | lr: 38.0000
2025-05-29 14:49:05,401 - trainer_0 - INFO - Epoch 20 completed in 22.52s | Average Loss: 3.0485 | train_acc: 24.0475 | val_loss: 3.6784 | val_acc: 17.4700 | lr: 40.0000
2025-05-29 14:49:26,755 - trainer_0 - INFO - Epoch 21 completed in 21.31s | Average Loss: 3.1138 | train_acc: 22.8550 | val_loss: 3.8045 | val_acc: 16.6600 | lr: 39.9942
2025-05-29 14:49:48,991 - trainer_0 - INFO - Epoch 22 completed in 22.19s | Average Loss: 3.1098 | train_acc: 22.8025 | val_loss: 3.4283 | val_acc: 19.9500 | lr: 39.9766
2025-05-29 14:50:11,142 - trainer_0 - INFO - Epoch 23 completed in 22.12s | Average Loss: 3.0867 | train_acc: 23.4775 | val_loss: 3.6677 | val_acc: 17.3600 | lr: 39.9475
2025-05-29 14:50:32,438 - trainer_0 - INFO - Epoch 24 completed in 21.24s | Average Loss: 3.1636 | train_acc: 22.1475 | val_loss: 3.6898 | val_acc: 17.7900 | lr: 39.9066
2025-05-29 14:50:54,688 - trainer_0 - INFO - Epoch 25 completed in 22.22s | Average Loss: 3.1966 | train_acc: 21.7125 | val_loss: 4.3008 | val_acc: 11.9500 | lr: 39.8542
2025-05-29 14:51:16,687 - trainer_0 - INFO - Epoch 26 completed in 21.97s | Average Loss: 3.1455 | train_acc: 22.2975 | val_loss: 4.5564 | val_acc: 10.8700 | lr: 39.7901
2025-05-29 14:51:38,121 - trainer_0 - INFO - Epoch 27 completed in 21.38s | Average Loss: 3.0651 | train_acc: 23.8550 | val_loss: 4.7267 | val_acc: 12.0500 | lr: 39.7145
2025-05-29 14:52:00,673 - trainer_0 - INFO - Epoch 28 completed in 22.52s | Average Loss: 2.9770 | train_acc: 25.8175 | val_loss: 3.2596 | val_acc: 22.4000 | lr: 39.6274
2025-05-29 14:52:22,316 - trainer_0 - INFO - Epoch 29 completed in 21.61s | Average Loss: 2.9336 | train_acc: 26.7425 | val_loss: 3.1349 | val_acc: 25.0400 | lr: 39.5288
2025-05-29 14:52:44,279 - trainer_0 - INFO - Epoch 30 completed in 21.91s | Average Loss: 2.8793 | train_acc: 27.4000 | val_loss: 3.0066 | val_acc: 25.7000 | lr: 39.4188
2025-05-29 14:53:06,985 - trainer_0 - INFO - Epoch 31 completed in 22.67s | Average Loss: 2.8773 | train_acc: 27.3850 | val_loss: 2.8109 | val_acc: 29.5400 | lr: 39.2975
2025-05-29 14:53:28,726 - trainer_0 - INFO - Epoch 32 completed in 21.70s | Average Loss: 2.8070 | train_acc: 29.0725 | val_loss: 3.1894 | val_acc: 23.7200 | lr: 39.1649
2025-05-29 14:53:50,938 - trainer_0 - INFO - Epoch 33 completed in 22.16s | Average Loss: 2.7492 | train_acc: 30.2600 | val_loss: 2.9299 | val_acc: 27.6100 | lr: 39.0211
2025-05-29 14:54:13,781 - trainer_0 - INFO - Epoch 34 completed in 22.81s | Average Loss: 2.8190 | train_acc: 28.7500 | val_loss: 2.9648 | val_acc: 26.6100 | lr: 38.8662
2025-05-29 14:54:35,352 - trainer_0 - INFO - Epoch 35 completed in 21.54s | Average Loss: 2.9490 | train_acc: 26.7650 | val_loss: 3.8459 | val_acc: 15.3500 | lr: 38.7003
2025-05-29 14:54:57,731 - trainer_0 - INFO - Epoch 36 completed in 22.35s | Average Loss: 2.9832 | train_acc: 25.6975 | val_loss: 3.4883 | val_acc: 20.8000 | lr: 38.5235
2025-05-29 14:55:20,667 - trainer_0 - INFO - Epoch 37 completed in 22.90s | Average Loss: 2.8614 | train_acc: 27.9900 | val_loss: 3.4084 | val_acc: 19.8700 | lr: 38.3358
2025-05-29 14:55:42,038 - trainer_0 - INFO - Epoch 38 completed in 21.34s | Average Loss: 2.8503 | train_acc: 28.3150 | val_loss: 3.2935 | val_acc: 23.2500 | lr: 38.1375
2025-05-29 14:56:04,714 - trainer_0 - INFO - Epoch 39 completed in 22.64s | Average Loss: 2.7767 | train_acc: 29.7050 | val_loss: 4.8318 | val_acc: 14.7000 | lr: 37.9285
2025-05-29 14:56:27,125 - trainer_0 - INFO - Epoch 40 completed in 22.38s | Average Loss: 2.7231 | train_acc: 30.6175 | val_loss: 3.0106 | val_acc: 26.5200 | lr: 37.7091
2025-05-29 14:56:48,250 - trainer_0 - INFO - Epoch 41 completed in 21.09s | Average Loss: 2.6774 | train_acc: 31.7575 | val_loss: 2.7333 | val_acc: 31.5400 | lr: 37.4794
2025-05-29 14:57:10,699 - trainer_0 - INFO - Epoch 42 completed in 22.42s | Average Loss: 2.6495 | train_acc: 32.2300 | val_loss: 2.9213 | val_acc: 27.6100 | lr: 37.2394
2025-05-29 14:57:32,707 - trainer_0 - INFO - Epoch 43 completed in 21.98s | Average Loss: 2.5975 | train_acc: 33.2375 | val_loss: 2.8604 | val_acc: 28.8600 | lr: 36.9894
2025-05-29 14:57:53,777 - trainer_0 - INFO - Epoch 44 completed in 21.02s | Average Loss: 2.6216 | train_acc: 32.8900 | val_loss: 2.9917 | val_acc: 25.7400 | lr: 36.7294
2025-05-29 14:58:16,150 - trainer_0 - INFO - Epoch 45 completed in 22.34s | Average Loss: 2.6231 | train_acc: 32.8100 | val_loss: 2.9128 | val_acc: 27.2100 | lr: 36.4597
2025-05-29 14:58:37,634 - trainer_0 - INFO - Epoch 46 completed in 21.45s | Average Loss: 2.5680 | train_acc: 34.1150 | val_loss: 3.5335 | val_acc: 22.0800 | lr: 36.1803
2025-05-29 14:58:59,653 - trainer_0 - INFO - Epoch 47 completed in 21.97s | Average Loss: 2.5745 | train_acc: 33.9450 | val_loss: 2.9499 | val_acc: 28.4300 | lr: 35.8916
2025-05-29 14:59:22,157 - trainer_0 - INFO - Epoch 48 completed in 22.47s | Average Loss: 2.5762 | train_acc: 33.8025 | val_loss: 3.7802 | val_acc: 19.4900 | lr: 35.5935
2025-05-29 14:59:43,387 - trainer_0 - INFO - Epoch 49 completed in 21.20s | Average Loss: 2.5928 | train_acc: 33.3475 | val_loss: 2.7066 | val_acc: 31.2400 | lr: 35.2863
2025-05-29 15:00:05,771 - trainer_0 - INFO - Epoch 50 completed in 22.35s | Average Loss: 2.5672 | train_acc: 33.7700 | val_loss: 2.7058 | val_acc: 31.7200 | lr: 34.9702
2025-05-29 15:00:27,899 - trainer_0 - INFO - Epoch 51 completed in 22.10s | Average Loss: 2.5049 | train_acc: 34.8475 | val_loss: 2.6530 | val_acc: 33.1700 | lr: 34.6454
2025-05-29 15:00:48,723 - trainer_0 - INFO - Epoch 52 completed in 20.77s | Average Loss: 2.4720 | train_acc: 35.7150 | val_loss: 2.7794 | val_acc: 30.2800 | lr: 34.3120
2025-05-29 15:01:11,086 - trainer_0 - INFO - Epoch 53 completed in 22.33s | Average Loss: 2.4418 | train_acc: 36.4200 | val_loss: 2.5527 | val_acc: 35.1300 | lr: 33.9702
2025-05-29 15:01:32,212 - trainer_0 - INFO - Epoch 54 completed in 21.09s | Average Loss: 2.4436 | train_acc: 36.8700 | val_loss: 2.6372 | val_acc: 31.4400 | lr: 33.6203
2025-05-29 15:01:54,374 - trainer_0 - INFO - Epoch 55 completed in 22.11s | Average Loss: 2.4351 | train_acc: 36.5400 | val_loss: 3.2334 | val_acc: 25.0200 | lr: 33.2625
2025-05-29 15:02:16,679 - trainer_0 - INFO - Epoch 56 completed in 22.27s | Average Loss: 2.3839 | train_acc: 37.6475 | val_loss: 2.6396 | val_acc: 33.4700 | lr: 32.8968
2025-05-29 15:02:38,154 - trainer_0 - INFO - Epoch 57 completed in 21.44s | Average Loss: 2.3758 | train_acc: 38.2725 | val_loss: 3.1850 | val_acc: 26.7300 | lr: 32.5237
2025-05-29 15:03:00,671 - trainer_0 - INFO - Epoch 58 completed in 22.48s | Average Loss: 2.3803 | train_acc: 37.8250 | val_loss: 3.1680 | val_acc: 25.1600 | lr: 32.1433
2025-05-29 15:03:22,953 - trainer_0 - INFO - Epoch 59 completed in 22.25s | Average Loss: 2.3466 | train_acc: 38.4025 | val_loss: 2.5822 | val_acc: 35.3700 | lr: 31.7557
2025-05-29 15:03:43,748 - trainer_0 - INFO - Epoch 60 completed in 20.75s | Average Loss: 2.2930 | train_acc: 39.9225 | val_loss: 2.6540 | val_acc: 33.2500 | lr: 31.3613
2025-05-29 15:04:06,129 - trainer_0 - INFO - Epoch 61 completed in 22.35s | Average Loss: 2.2690 | train_acc: 40.1175 | val_loss: 2.4983 | val_acc: 36.0500 | lr: 30.9603
2025-05-29 15:04:27,783 - trainer_0 - INFO - Epoch 62 completed in 21.62s | Average Loss: 2.2532 | train_acc: 40.8125 | val_loss: 3.1472 | val_acc: 27.3000 | lr: 30.5528
2025-05-29 15:04:49,351 - trainer_0 - INFO - Epoch 63 completed in 21.53s | Average Loss: 2.2796 | train_acc: 40.0475 | val_loss: 3.1069 | val_acc: 27.7500 | lr: 30.1392
2025-05-29 15:05:11,974 - trainer_0 - INFO - Epoch 64 completed in 22.59s | Average Loss: 2.2477 | train_acc: 41.1675 | val_loss: 2.5955 | val_acc: 35.1000 | lr: 29.7197
2025-05-29 15:05:33,369 - trainer_0 - INFO - Epoch 65 completed in 21.36s | Average Loss: 2.2442 | train_acc: 40.7900 | val_loss: 2.5230 | val_acc: 35.7300 | lr: 29.2945
2025-05-29 15:05:55,788 - trainer_0 - INFO - Epoch 66 completed in 22.39s | Average Loss: 2.2467 | train_acc: 40.9575 | val_loss: 2.5554 | val_acc: 34.7500 | lr: 28.8638
2025-05-29 15:06:18,034 - trainer_0 - INFO - Epoch 67 completed in 22.21s | Average Loss: 2.2443 | train_acc: 41.0450 | val_loss: 3.1291 | val_acc: 28.4300 | lr: 28.4280
2025-05-29 15:06:39,287 - trainer_0 - INFO - Epoch 68 completed in 21.21s | Average Loss: 2.1955 | train_acc: 41.8600 | val_loss: 2.5941 | val_acc: 34.2400 | lr: 27.9873
2025-05-29 15:07:01,579 - trainer_0 - INFO - Epoch 69 completed in 22.26s | Average Loss: 2.3298 | train_acc: 39.2200 | val_loss: 5.4119 | val_acc: 12.8300 | lr: 27.5419
2025-05-29 15:07:23,818 - trainer_0 - INFO - Epoch 70 completed in 22.20s | Average Loss: 2.3446 | train_acc: 38.5700 | val_loss: 2.5265 | val_acc: 36.2400 | lr: 27.0921
2025-05-29 15:07:45,069 - trainer_0 - INFO - Epoch 71 completed in 21.20s | Average Loss: 2.2654 | train_acc: 40.5450 | val_loss: 2.8661 | val_acc: 30.6600 | lr: 26.6382
2025-05-29 15:08:07,647 - trainer_0 - INFO - Epoch 72 completed in 22.54s | Average Loss: 2.2196 | train_acc: 41.2525 | val_loss: 2.4671 | val_acc: 36.4800 | lr: 26.1803
2025-05-29 15:08:29,728 - trainer_0 - INFO - Epoch 73 completed in 22.05s | Average Loss: 2.1760 | train_acc: 42.2050 | val_loss: 2.4590 | val_acc: 36.4800 | lr: 25.7189
2025-05-29 15:08:51,408 - trainer_0 - INFO - Epoch 74 completed in 21.63s | Average Loss: 2.2023 | train_acc: 41.7275 | val_loss: 3.3470 | val_acc: 24.0600 | lr: 25.2541
2025-05-29 15:09:13,808 - trainer_0 - INFO - Epoch 75 completed in 22.36s | Average Loss: 2.2946 | train_acc: 39.9700 | val_loss: 2.5396 | val_acc: 35.5600 | lr: 24.7863
2025-05-29 15:09:35,361 - trainer_0 - INFO - Epoch 76 completed in 21.52s | Average Loss: 2.2037 | train_acc: 41.8050 | val_loss: 2.3636 | val_acc: 39.8400 | lr: 24.3157
2025-05-29 15:09:57,698 - trainer_0 - INFO - Epoch 77 completed in 22.29s | Average Loss: 2.1299 | train_acc: 43.5250 | val_loss: 2.5136 | val_acc: 35.6500 | lr: 23.8425
2025-05-29 15:10:20,255 - trainer_0 - INFO - Epoch 78 completed in 22.52s | Average Loss: 2.0963 | train_acc: 43.9225 | val_loss: 2.6096 | val_acc: 35.2900 | lr: 23.3671
2025-05-29 15:10:41,672 - trainer_0 - INFO - Epoch 79 completed in 21.38s | Average Loss: 2.0402 | train_acc: 45.2575 | val_loss: 2.3208 | val_acc: 39.2200 | lr: 22.8898
2025-05-29 15:11:04,251 - trainer_0 - INFO - Epoch 80 completed in 22.54s | Average Loss: 1.9797 | train_acc: 46.4575 | val_loss: 2.1237 | val_acc: 44.0100 | lr: 22.4107
2025-05-29 15:11:26,514 - trainer_0 - INFO - Epoch 81 completed in 22.23s | Average Loss: 1.9718 | train_acc: 46.8550 | val_loss: 2.4241 | val_acc: 38.9500 | lr: 21.9303
2025-05-29 15:11:47,509 - trainer_0 - INFO - Epoch 82 completed in 20.95s | Average Loss: 1.9723 | train_acc: 46.7325 | val_loss: 2.2621 | val_acc: 40.3100 | lr: 21.4487
2025-05-29 15:12:09,985 - trainer_0 - INFO - Epoch 83 completed in 22.44s | Average Loss: 1.9282 | train_acc: 47.3850 | val_loss: 2.3694 | val_acc: 38.8400 | lr: 20.9663
2025-05-29 15:12:32,145 - trainer_0 - INFO - Epoch 84 completed in 22.12s | Average Loss: 1.9267 | train_acc: 47.7200 | val_loss: 2.3751 | val_acc: 39.6100 | lr: 20.4833
2025-05-29 15:12:53,102 - trainer_0 - INFO - Epoch 85 completed in 20.91s | Average Loss: 1.8805 | train_acc: 48.8775 | val_loss: 2.1192 | val_acc: 44.4700 | lr: 20.0000
2025-05-29 15:13:15,505 - trainer_0 - INFO - Epoch 86 completed in 22.37s | Average Loss: 1.8644 | train_acc: 49.0050 | val_loss: 2.1605 | val_acc: 43.2400 | lr: 19.5167
2025-05-29 15:13:37,020 - trainer_0 - INFO - Epoch 87 completed in 21.48s | Average Loss: 1.8228 | train_acc: 50.1000 | val_loss: 2.1981 | val_acc: 42.0600 | lr: 19.0337
2025-05-29 15:13:59,095 - trainer_0 - INFO - Epoch 88 completed in 22.03s | Average Loss: 1.7961 | train_acc: 51.0275 | val_loss: 1.9829 | val_acc: 47.3500 | lr: 18.5513
2025-05-29 15:14:21,478 - trainer_0 - INFO - Epoch 89 completed in 22.34s | Average Loss: 1.8275 | train_acc: 49.9700 | val_loss: 2.9469 | val_acc: 33.1800 | lr: 18.0697
2025-05-29 15:14:42,599 - trainer_0 - INFO - Epoch 90 completed in 21.09s | Average Loss: 1.9654 | train_acc: 47.1150 | val_loss: 2.6706 | val_acc: 34.4500 | lr: 17.5893
2025-05-29 15:15:05,118 - trainer_0 - INFO - Epoch 91 completed in 22.49s | Average Loss: 1.9070 | train_acc: 47.9650 | val_loss: 2.3619 | val_acc: 39.9600 | lr: 17.1102
2025-05-29 15:15:27,411 - trainer_0 - INFO - Epoch 92 completed in 22.26s | Average Loss: 1.8974 | train_acc: 48.6775 | val_loss: 2.0960 | val_acc: 44.6500 | lr: 16.6329
2025-05-29 15:15:48,467 - trainer_0 - INFO - Epoch 93 completed in 21.02s | Average Loss: 1.8206 | train_acc: 50.5025 | val_loss: 2.0955 | val_acc: 44.3800 | lr: 16.1575
2025-05-29 15:16:10,803 - trainer_0 - INFO - Epoch 94 completed in 22.30s | Average Loss: 1.7642 | train_acc: 51.4575 | val_loss: 2.2785 | val_acc: 42.0300 | lr: 15.6843
2025-05-29 15:16:33,061 - trainer_0 - INFO - Epoch 95 completed in 22.22s | Average Loss: 1.7410 | train_acc: 52.2600 | val_loss: 2.1101 | val_acc: 44.5000 | lr: 15.2137
2025-05-29 15:16:54,027 - trainer_0 - INFO - Epoch 96 completed in 20.92s | Average Loss: 1.8652 | train_acc: 49.4875 | val_loss: 2.5517 | val_acc: 38.1100 | lr: 14.7459
2025-05-29 15:17:16,383 - trainer_0 - INFO - Epoch 97 completed in 22.32s | Average Loss: 1.8529 | train_acc: 49.3375 | val_loss: 2.3492 | val_acc: 39.4400 | lr: 14.2811
2025-05-29 15:17:37,856 - trainer_0 - INFO - Epoch 98 completed in 21.43s | Average Loss: 1.7762 | train_acc: 51.2700 | val_loss: 1.9585 | val_acc: 47.2300 | lr: 13.8197
2025-05-29 15:17:59,964 - trainer_0 - INFO - Epoch 99 completed in 22.06s | Average Loss: 1.7573 | train_acc: 51.5775 | val_loss: 2.4697 | val_acc: 38.6000 | lr: 13.3618
2025-05-29 15:18:22,635 - trainer_0 - INFO - Epoch 100 completed in 22.64s | Average Loss: 1.7814 | train_acc: 51.1550 | val_loss: 1.9467 | val_acc: 48.4800 | lr: 12.9079
2025-05-29 15:18:44,002 - trainer_0 - INFO - Epoch 101 completed in 21.33s | Average Loss: 1.7368 | train_acc: 52.2850 | val_loss: 2.0274 | val_acc: 46.6200 | lr: 12.4581
2025-05-29 15:19:06,741 - trainer_0 - INFO - Epoch 102 completed in 22.71s | Average Loss: 1.7276 | train_acc: 52.0400 | val_loss: 1.9818 | val_acc: 47.2600 | lr: 12.0127
2025-05-29 15:19:29,108 - trainer_0 - INFO - Epoch 103 completed in 22.33s | Average Loss: 1.6780 | train_acc: 53.6000 | val_loss: 1.9143 | val_acc: 48.7300 | lr: 11.5720
2025-05-29 15:19:50,224 - trainer_0 - INFO - Epoch 104 completed in 21.08s | Average Loss: 1.6214 | train_acc: 54.8725 | val_loss: 1.9045 | val_acc: 48.3600 | lr: 11.1362
2025-05-29 15:20:12,591 - trainer_0 - INFO - Epoch 105 completed in 22.33s | Average Loss: 1.6313 | train_acc: 54.6150 | val_loss: 1.8783 | val_acc: 49.2400 | lr: 10.7055
2025-05-29 15:20:34,795 - trainer_0 - INFO - Epoch 106 completed in 22.17s | Average Loss: 1.6201 | train_acc: 54.7700 | val_loss: 2.2242 | val_acc: 43.8000 | lr: 10.2803
2025-05-29 15:20:55,928 - trainer_0 - INFO - Epoch 107 completed in 21.09s | Average Loss: 1.5851 | train_acc: 55.7000 | val_loss: 1.9700 | val_acc: 48.0400 | lr: 9.8608
2025-05-29 15:21:18,583 - trainer_0 - INFO - Epoch 108 completed in 22.62s | Average Loss: 1.5566 | train_acc: 56.4925 | val_loss: 1.8569 | val_acc: 50.1600 | lr: 9.4472
2025-05-29 15:21:40,540 - trainer_0 - INFO - Epoch 109 completed in 21.92s | Average Loss: 1.5378 | train_acc: 57.0275 | val_loss: 1.8641 | val_acc: 49.5800 | lr: 9.0397
2025-05-29 15:22:02,822 - trainer_0 - INFO - Epoch 110 completed in 22.24s | Average Loss: 1.5273 | train_acc: 57.0925 | val_loss: 1.9604 | val_acc: 47.8300 | lr: 8.6387
2025-05-29 15:22:25,327 - trainer_0 - INFO - Epoch 111 completed in 22.47s | Average Loss: 1.5363 | train_acc: 57.1400 | val_loss: 1.8578 | val_acc: 49.3400 | lr: 8.2443
2025-05-29 15:22:46,598 - trainer_0 - INFO - Epoch 112 completed in 21.24s | Average Loss: 1.5068 | train_acc: 57.5475 | val_loss: 1.8801 | val_acc: 49.3000 | lr: 7.8567
2025-05-29 15:23:09,561 - trainer_0 - INFO - Epoch 113 completed in 22.93s | Average Loss: 1.4718 | train_acc: 58.7025 | val_loss: 1.7556 | val_acc: 51.8600 | lr: 7.4763
2025-05-29 15:23:32,015 - trainer_0 - INFO - Epoch 114 completed in 22.42s | Average Loss: 1.4378 | train_acc: 59.3825 | val_loss: 1.8391 | val_acc: 50.6900 | lr: 7.1032
2025-05-29 15:23:53,494 - trainer_0 - INFO - Epoch 115 completed in 21.45s | Average Loss: 1.4349 | train_acc: 59.3650 | val_loss: 1.7076 | val_acc: 53.5100 | lr: 6.7375
2025-05-29 15:24:16,199 - trainer_0 - INFO - Epoch 116 completed in 22.67s | Average Loss: 1.4347 | train_acc: 59.3200 | val_loss: 1.7181 | val_acc: 53.3200 | lr: 6.3797
2025-05-29 15:24:38,618 - trainer_0 - INFO - Epoch 117 completed in 22.39s | Average Loss: 1.4435 | train_acc: 59.1650 | val_loss: 1.8194 | val_acc: 50.5500 | lr: 6.0298
2025-05-29 15:24:59,881 - trainer_0 - INFO - Epoch 118 completed in 21.23s | Average Loss: 1.4489 | train_acc: 59.1150 | val_loss: 1.7322 | val_acc: 53.7900 | lr: 5.6880
2025-05-29 15:25:22,236 - trainer_0 - INFO - Epoch 119 completed in 22.32s | Average Loss: 1.4067 | train_acc: 60.3400 | val_loss: 1.7668 | val_acc: 51.7700 | lr: 5.3546
2025-05-29 15:25:43,951 - trainer_0 - INFO - Epoch 120 completed in 21.68s | Average Loss: 1.3817 | train_acc: 60.7700 | val_loss: 1.6796 | val_acc: 54.2500 | lr: 5.0298
2025-05-29 15:26:06,094 - trainer_0 - INFO - Epoch 121 completed in 22.09s | Average Loss: 1.3647 | train_acc: 60.9725 | val_loss: 1.6614 | val_acc: 54.1900 | lr: 4.7137
2025-05-29 15:26:28,910 - trainer_0 - INFO - Epoch 122 completed in 22.78s | Average Loss: 1.3552 | train_acc: 61.6425 | val_loss: 1.6818 | val_acc: 53.8900 | lr: 4.4065
2025-05-29 15:26:50,418 - trainer_0 - INFO - Epoch 123 completed in 21.48s | Average Loss: 1.3485 | train_acc: 61.8275 | val_loss: 1.6379 | val_acc: 55.5100 | lr: 4.1084
2025-05-29 15:27:12,491 - trainer_0 - INFO - Epoch 124 completed in 22.02s | Average Loss: 1.3298 | train_acc: 62.1475 | val_loss: 1.6435 | val_acc: 54.8800 | lr: 3.8197
2025-05-29 15:27:34,976 - trainer_0 - INFO - Epoch 125 completed in 22.45s | Average Loss: 1.3123 | train_acc: 62.5250 | val_loss: 1.6610 | val_acc: 54.9500 | lr: 3.5403
2025-05-29 15:27:56,346 - trainer_0 - INFO - Epoch 126 completed in 21.33s | Average Loss: 1.3097 | train_acc: 62.8350 | val_loss: 1.7206 | val_acc: 53.5800 | lr: 3.2706
2025-05-29 15:28:18,920 - trainer_0 - INFO - Epoch 127 completed in 22.54s | Average Loss: 1.3184 | train_acc: 62.1350 | val_loss: 1.6383 | val_acc: 54.9100 | lr: 3.0106
2025-05-29 15:28:41,582 - trainer_0 - INFO - Epoch 128 completed in 22.63s | Average Loss: 1.2967 | train_acc: 62.9375 | val_loss: 1.6245 | val_acc: 54.9900 | lr: 2.7606
2025-05-29 15:29:03,208 - trainer_0 - INFO - Epoch 129 completed in 21.59s | Average Loss: 1.2807 | train_acc: 63.2925 | val_loss: 1.6144 | val_acc: 55.7400 | lr: 2.5206
2025-05-29 15:29:25,638 - trainer_0 - INFO - Epoch 130 completed in 22.39s | Average Loss: 1.2636 | train_acc: 63.6950 | val_loss: 1.6040 | val_acc: 55.9800 | lr: 2.2909
2025-05-29 15:29:47,811 - trainer_0 - INFO - Epoch 131 completed in 22.14s | Average Loss: 1.2588 | train_acc: 63.8750 | val_loss: 1.5915 | val_acc: 56.3500 | lr: 2.0715
2025-05-29 15:30:09,138 - trainer_0 - INFO - Epoch 132 completed in 21.28s | Average Loss: 1.2494 | train_acc: 64.1075 | val_loss: 1.5664 | val_acc: 56.5200 | lr: 1.8625
2025-05-29 15:30:31,722 - trainer_0 - INFO - Epoch 133 completed in 22.55s | Average Loss: 1.2326 | train_acc: 64.4600 | val_loss: 1.5486 | val_acc: 57.4700 | lr: 1.6642
2025-05-29 15:30:54,017 - trainer_0 - INFO - Epoch 134 completed in 22.26s | Average Loss: 1.2250 | train_acc: 64.7975 | val_loss: 1.5399 | val_acc: 57.5000 | lr: 1.4765
2025-05-29 15:31:15,830 - trainer_0 - INFO - Epoch 135 completed in 21.76s | Average Loss: 1.2211 | train_acc: 64.9125 | val_loss: 1.5406 | val_acc: 57.0000 | lr: 1.2997
2025-05-29 15:31:38,296 - trainer_0 - INFO - Epoch 136 completed in 22.43s | Average Loss: 1.2070 | train_acc: 65.2300 | val_loss: 1.5520 | val_acc: 57.5000 | lr: 1.1338
2025-05-29 15:31:59,941 - trainer_0 - INFO - Epoch 137 completed in 21.61s | Average Loss: 1.2007 | train_acc: 65.6425 | val_loss: 1.5215 | val_acc: 57.1800 | lr: 0.9789
2025-05-29 15:32:22,237 - trainer_0 - INFO - Epoch 138 completed in 22.24s | Average Loss: 1.2003 | train_acc: 65.2700 | val_loss: 1.5277 | val_acc: 58.0500 | lr: 0.8351
2025-05-29 15:32:44,893 - trainer_0 - INFO - Epoch 139 completed in 22.62s | Average Loss: 1.1989 | train_acc: 65.5350 | val_loss: 1.5135 | val_acc: 57.0400 | lr: 0.7025
2025-05-29 15:33:06,230 - trainer_0 - INFO - Epoch 140 completed in 21.30s | Average Loss: 1.1959 | train_acc: 65.4600 | val_loss: 1.5368 | val_acc: 57.8800 | lr: 0.5812
2025-05-29 15:33:28,498 - trainer_0 - INFO - Epoch 141 completed in 22.23s | Average Loss: 1.1872 | train_acc: 65.9950 | val_loss: 1.5055 | val_acc: 57.7900 | lr: 0.4712
2025-05-29 15:33:50,607 - trainer_0 - INFO - Epoch 142 completed in 22.07s | Average Loss: 1.1857 | train_acc: 65.8000 | val_loss: 1.5332 | val_acc: 57.9500 | lr: 0.3726
2025-05-29 15:34:11,802 - trainer_0 - INFO - Epoch 143 completed in 21.14s | Average Loss: 1.1736 | train_acc: 66.3150 | val_loss: 1.5229 | val_acc: 58.3300 | lr: 0.2855
2025-05-29 15:34:34,170 - trainer_0 - INFO - Epoch 144 completed in 22.33s | Average Loss: 1.1827 | train_acc: 66.1175 | val_loss: 1.5188 | val_acc: 57.7100 | lr: 0.2099
2025-05-29 15:34:55,472 - trainer_0 - INFO - Epoch 145 completed in 21.27s | Average Loss: 1.1728 | train_acc: 66.2800 | val_loss: 1.4992 | val_acc: 58.1000 | lr: 0.1458
2025-05-29 15:35:18,092 - trainer_0 - INFO - Epoch 146 completed in 22.57s | Average Loss: 1.1675 | train_acc: 66.3450 | val_loss: 1.4943 | val_acc: 57.6700 | lr: 0.0934
2025-05-29 15:35:40,533 - trainer_0 - INFO - Epoch 147 completed in 22.41s | Average Loss: 1.1690 | train_acc: 66.3925 | val_loss: 1.4984 | val_acc: 58.3600 | lr: 0.0525
2025-05-29 15:36:01,826 - trainer_0 - INFO - Epoch 148 completed in 21.26s | Average Loss: 1.1745 | train_acc: 65.9975 | val_loss: 1.5003 | val_acc: 57.7600 | lr: 0.0234
2025-05-29 15:36:24,537 - trainer_0 - INFO - Epoch 149 completed in 22.68s | Average Loss: 1.1678 | train_acc: 66.3350 | val_loss: 1.5115 | val_acc: 58.0600 | lr: 0.0058
2025-05-29 15:36:46,924 - trainer_0 - INFO - Epoch 150 completed in 22.35s | Average Loss: 1.1721 | train_acc: 66.1375 | val_loss: 1.5015 | val_acc: 58.1100 | lr: 0.0000
2025-05-29 15:36:46,957 - trainer_0 - INFO - Training completed in 3307.89 seconds.
2025-05-29 15:36:46,957 - trainer_0 - INFO - Average throughput: 1813.84 Images/sec
2025-05-29 15:36:46,957 - trainer_0 - INFO - Total processes: 1
2025-05-29 15:36:46,968 - trainer_0 - INFO - Metrics saved to centralized_lars_lr5.0_wd0.0005/centralized_lars_lr5.0_wd0.0005_20250529_144130_metrics.json
2025-05-29 15:36:46,985 - trainer_0 - INFO - Model saved to model_centralized_lars.pth
2025-05-29 15:36:46,985 - trainer_0 - INFO - Generating training plots...
2025-05-29 15:36:50,003 - trainer_0 - INFO - Training complete. Plots generated.
